el algoritmo 1
limiteCortesClique 0
limiteCortesCiclo 0
limiteCortesIter 0
Default row names c1, c2 ... being created.
son 1 cliques y 1 ciclos
creo todos los cortes
Clique table members: 17827.
MIP emphasis: balance optimality and feasibility.
MIP search method: traditional branch-and-cut.
Parallel mode: none, using 1 thread.
Root relaxation solution time =    0.13 sec.

        Nodes                                         Cuts/
   Node  Left     Objective  IInf  Best Integer    Best Bound    ItCnt     Gap

      0     0      225.0000   450                    225.0000      719         
      0     2      225.0000   450                    225.0000      719         
Elapsed real time =   2.51 sec. (tree size =  0.01 MB, solutions = 0)
      1     3      175.5000   349                    225.0000     1157         
      2     4      142.5000   281                    225.0000     1386         
      3     5      113.0000   220                    225.0000     1563         
