el algoritmo 1
limiteCortesClique 0
limiteCortesCiclo 0
limiteCortesIter 0
la cantidad de cortes que pasaron por parametros es mayor a la cantidad total de cliques que encontre
hago 250 cliques

el conjunto independiente: 
157
26
236
89
60
249
142
31
23
219
en total tiene 10 nodos.
TA TODO BIEN
Default row names c1, c2 ... being created.
son 1 cliques y 1 ciclos
el corte 1 empieza en 0
el rhs es 0
creo todos los cortes
Clique table members: 15668.
MIP emphasis: balance optimality and feasibility.
MIP search method: traditional branch-and-cut.
Parallel mode: none, using 1 thread.
Root relaxation solution time =    0.13 sec.

        Nodes                                         Cuts/
   Node  Left     Objective  IInf  Best Integer    Best Bound    ItCnt     Gap

      0     0      125.0000   250                    125.0000      393         
      0     2      125.0000   250                    124.5000      393         
Elapsed real time =   0.75 sec. (tree size =  0.01 MB, solutions = 0)
      3     5       16.0000    26                    124.5000      964         
*     5     4      integral     0        7.0000      124.5000      987     --- 
*    11     4      integral     0        8.0000      124.5000     1051     --- 
*    13     4      integral     0        9.0000      124.5000     1075     --- 
     18     4       15.0000    25        9.0000      124.5000     1152     --- 
     23     5       15.0000    24        9.0000      124.5000     1250     --- 
*    24     4      integral     0       10.0000      124.5000     1269     --- 
     31     4       28.0000    52       10.0000      124.5000     1363     --- 
     36     4       14.5000    24       10.0000      124.5000     1474     --- 
     62     4       23.5000    43       10.0000      124.5000     1901     --- 
Elapsed real time =   9.01 sec. (tree size =  0.01 MB, solutions = 4)
     87     4       19.0000    34       10.0000      124.5000     2250     --- 
    113     4       28.5000    53       10.0000      124.5000     2743     --- 
    137     4       24.5000    45       10.0000      124.5000     3213     --- 
    164     4       19.0000    34       10.0000      124.5000     3584     --- 
    183     4       16.0000    27       10.0000      124.5000     3934     --- 
    205     4       14.5000    24       10.0000      124.5000     4316     --- 
    227     4       11.5000    18       10.0000      124.5000     4788     --- 
    253     4       21.5000    39       10.0000      124.5000     5207     --- 
    279     4       16.5000    29       10.0000      124.5000     5504     --- 
    305     4       25.5000    47       10.0000      124.5000     6023     --- 
Elapsed real time =  27.05 sec. (tree size =  0.01 MB, solutions = 4)
    330     4       21.0000    38       10.0000      124.5000     6440     --- 
    355     4       12.5000    20       10.0000      124.5000     6853     --- 
    377     4       14.5000    24       10.0000      124.5000     7262     --- 
    402     4       14.5000    24       10.0000      124.5000     7790     --- 
    426     4       14.0000    23       10.0000      124.5000     8201     --- 
    452     4       12.5000    20       10.0000      124.5000     8590     --- 
    477     3       14.0000    25       10.0000      124.5000     8844     --- 
    500     4       21.5000    39       10.0000      124.5000     9308     --- 
    525     4       16.0000    27       10.0000      124.5000     9809     --- 
    549     4       27.5000    51       10.0000      124.5000    10277     --- 
Elapsed real time =  46.35 sec. (tree size =  0.01 MB, solutions = 4)
    573     4       23.5000    43       10.0000      124.5000    10771     --- 
    599     3       17.5000    32       10.0000      124.5000    11141     --- 
    620     3       22.0000    41       10.0000      124.5000    11473     --- 
    646     3       57.5000   113       10.0000      124.5000    11782     --- 
    672     4       24.0000    44       10.0000      124.5000    12345     --- 
    697     3       18.5000    34       10.0000      124.5000    12744     --- 
    718     4       11.5000    18       10.0000      124.5000    13181     --- 
    743     4       12.0000    19       10.0000      124.5000    13651     --- 
    769     4       22.5000    41       10.0000      124.5000    14089     --- 
    797     3       17.0000    31       10.0000      124.5000    14465     --- 
Elapsed real time =  65.15 sec. (tree size =  0.01 MB, solutions = 4)
    819     4       27.5000    51       10.0000      124.5000    14925     --- 
    844     4       13.0000    21       10.0000      124.5000    15391     --- 
    874     3       17.0000    31       10.0000      124.5000    15757     --- 
    898     4       11.5000    18       10.0000      124.5000    16266     --- 
    923     4       12.5000    20       10.0000      124.5000    16686     --- 
    947     3       15.5000    28       10.0000      124.5000    16951     --- 
    971     4       12.0000    19       10.0000      124.5000    17452     --- 
   1002     4       11.5000    17       10.0000      124.5000    17864     --- 
   1025     4       13.0000    21       10.0000      124.5000    18229     --- 
   1049     4       28.0000    52       10.0000      124.5000    18685     --- 
Elapsed real time =  84.44 sec. (tree size =  0.01 MB, solutions = 4)
   1075     4       12.0000    19       10.0000      124.5000    19158     --- 
   1100     5       12.5000    19       10.0000      124.5000    19537     --- 
*  1101     4      integral     0       11.0000      124.5000    19550     --- 
   1131     4       27.5000    51       11.0000      124.5000    20004     --- 
   1157     4       22.5000    41       11.0000      124.5000    20396     --- 
   1182     4       14.0000    23       11.0000      124.5000    20840     --- 
   1207     3       18.0000    33       11.0000      124.5000    21175     --- 
   1229     4       26.5000    49       11.0000      124.5000    21592     --- 
   1254     4       13.0000    21       11.0000      124.5000    22015     --- 
   1276     4       12.0000    19       11.0000      124.5000    22421     --- 
Elapsed real time = 100.39 sec. (tree size =  0.01 MB, solutions = 5)
   1304     3       16.0000    29       11.0000      124.5000    22833     --- 
   1331     3       20.0000    37       11.0000      124.5000    23310     --- 
   1356     4       26.5000    49       11.0000      124.5000    23802     --- 
   1383     4       22.0000    40       11.0000      124.5000    24286     --- 
   1407     4       26.0000    48       11.0000      124.5000    24740     --- 
   1434     4       20.5000    37       11.0000      124.5000    25171     --- 
   1459     4       24.5000    45       11.0000      124.5000    25582     --- 
   1484     4       25.0000    46       11.0000      124.5000    26002     --- 
   1511     4       12.0000    19       11.0000      124.5000    26450     --- 
   1535     4       13.5000    22       11.0000      124.5000    26960     --- 
Elapsed real time = 119.56 sec. (tree size =  0.01 MB, solutions = 5)
   1561     4       22.0000    40       11.0000      124.5000    27366     --- 
   1586     4       28.5000    53       11.0000      124.5000    27719     --- 
   1614     4       13.0000    21       11.0000      124.5000    28286     --- 
   1640     3       19.5000    36       11.0000      124.5000    28690     --- 
   1663     4       26.0000    48       11.0000      124.5000    29178     --- 
   1690     4       20.5000    37       11.0000      124.5000    29663     --- 
   1715     4       12.5000    20       11.0000      124.5000    30094     --- 
   1740     3       47.0000    92       11.0000      124.5000    30441     --- 
   1760     4       21.5000    39       11.0000      124.5000    30905     --- 
   1783     4       21.5000    39       11.0000      124.5000    31233     --- 
Elapsed real time = 133.97 sec. (tree size =  0.01 MB, solutions = 5)
   1810     3       21.5000    40       11.0000      124.5000    31663     --- 
   1831     3       14.0000    25       11.0000      124.5000    31983     --- 
   1854     4       12.5000    20       11.0000      124.5000    32356     --- 
   1874     3       17.0000    31       11.0000      124.5000    32611     --- 
   1896     3       18.0000    33       11.0000      124.5000    32987     --- 
   1918     3       14.0000    25       11.0000      124.5000    33451     --- 
   1939     3       21.5000    40       11.0000      124.5000    33837     --- 
   1962     3       18.5000    34       11.0000      124.5000    34167     --- 
   1983     3       35.0000    68       11.0000      124.5000    34446     --- 
   2004     3       20.5000    38       11.0000      124.5000    34783     --- 
Elapsed real time = 150.37 sec. (tree size =  0.01 MB, solutions = 5)
   2025     3       15.5000    28       11.0000      124.5000    35143     --- 
   2049     3       28.0000    54       11.0000      124.5000    35609     --- 
   2076     2       22.5000    44       11.0000      124.5000    36172     --- 
   2098     2      124.5000   249       11.0000      124.0000    36422     --- 
   2117     4       31.0000    58       11.0000      124.0000    37230     --- 
   2139     4       14.5000    24       11.0000      124.0000    37700     --- 
   2165     4       23.5000    43       11.0000      124.0000    38162     --- 
   2194     3       17.0000    31       11.0000      124.0000    38592     --- 
   2217     4       26.5000    49       11.0000      124.0000    39103     --- 
   2313     4       26.0000    48       11.0000      124.0000    40834     --- 
Elapsed real time = 176.49 sec. (tree size =  0.01 MB, solutions = 5)
   2415     4       31.0000    58       11.0000      124.0000    42732     --- 
   2512     4       15.0000    25       11.0000      124.0000    44629     --- 
   2608     4       24.0000    44       11.0000      124.0000    46390     --- 
   2712     4       22.5000    41       11.0000      124.0000    48327     --- 
   2814     4       14.0000    23       11.0000      124.0000    50207     --- 
   2909     4       24.5000    45       11.0000      124.0000    51846     --- 
   3018     4       20.5000    37       11.0000      124.0000    53812     --- 
   3119     4       20.5000    37       11.0000      124.0000    55516     --- 
   3222     4       24.0000    44       11.0000      124.0000    57397     --- 
   3323     4       25.0000    46       11.0000      124.0000    59114     --- 
Elapsed real time = 249.30 sec. (tree size =  0.01 MB, solutions = 5)
   3423     4       19.0000    34       11.0000      124.0000    60894     --- 
   3524     3       23.0000    43       11.0000      124.0000    62643     --- 
   3617     4       25.5000    47       11.0000      124.0000    64134     --- 
   3718     4       13.5000    22       11.0000      124.0000    65799     --- 
   3819     4       20.5000    37       11.0000      124.0000    67323     --- 
   3922     3       24.5000    46       11.0000      124.0000    68892     --- 
   4017     4       23.5000    43       11.0000      124.0000    70377     --- 
   4115     4       23.0000    42       11.0000      124.0000    71996     --- 
   4214     3       40.0000    78       11.0000      124.0000    73566     --- 
   4306     3       15.0000    27       11.0000      124.0000    75488     --- 
Elapsed real time = 300.11 sec. (tree size =  0.01 MB, solutions = 5)
   4401     4       32.0000    60       11.0000      123.5000    77399     --- 
   4498     4       13.5000    22       11.0000      123.5000    79342     --- 
   4600     4       26.5000    49       11.0000      123.5000    81342     --- 
   4704     4       14.0000    23       11.0000      123.5000    83186     --- 
   4806     4       27.0000    50       11.0000      123.5000    84955     --- 
   4901     4       24.5000    45       11.0000      123.5000    86631     --- 
   4997     4       24.0000    44       11.0000      123.5000    88251     --- 
   5092     4       21.0000    38       11.0000      123.5000    89672     --- 
   5185     3       20.5000    38       11.0000      123.5000    91101     --- 
   5270     3       15.5000    28       11.0000      123.5000    92608     --- 
Elapsed real time = 358.50 sec. (tree size =  0.01 MB, solutions = 5)
   5352     3       37.0000    72       11.0000      123.5000    94193     --- 
   5444     2        cutoff             11.0000      123.5000    96065     --- 
   5541     4       29.5000    55       11.0000      123.0000    98159     --- 
   5651     4       20.0000    36       11.0000      123.0000   100080     --- 
   5750     4       23.5000    43       11.0000      123.0000   101833     --- 
   5846     4       13.5000    22       11.0000      123.0000   103572     --- 
   5947     4       27.0000    50       11.0000      123.0000   105326     --- 
   6043     4       23.5000    43       11.0000      123.0000   106932     --- 
   6143     3       16.0000    29       11.0000      123.0000   108634     --- 
   6235     4       27.0000    50       11.0000      123.0000   110298     --- 
Elapsed real time = 436.78 sec. (tree size =  0.01 MB, solutions = 5)
   6329     3       18.0000    33       11.0000      123.0000   111981     --- 
   6425     3       14.5000    26       11.0000      123.0000   113561     --- 
   6522     4       22.0000    40       11.0000      123.0000   115373     --- 
   6610     3       36.0000    70       11.0000      123.0000   116975     --- 
   6707     3       20.5000    39       11.0000      123.0000   118949     --- 
   6805     4       29.0000    54       11.0000      122.5000   121184     --- 
   6903     4       13.0000    21       11.0000      122.5000   123066     --- 
   7007     3       19.5000    36       11.0000      122.5000   124727     --- 
   7109     4       13.0000    21       11.0000      122.5000   126749     --- 
   7207     4       12.5000    20       11.0000      122.5000   128536     --- 
Elapsed real time = 502.56 sec. (tree size =  0.01 MB, solutions = 5)
   7310     4       12.5000    20       11.0000      122.5000   130418     --- 
   7405     4       15.5000    26       11.0000      122.5000   131923     --- 
   7509     3       15.0000    27       11.0000      122.5000   133627     --- 
   7607     4       24.5000    45       11.0000      122.5000   135447     --- 
   7701     4       12.0000    19       11.0000      122.5000   136965     --- 
   7792     4       19.0000    34       11.0000      122.5000   138424     --- 
   7874     3       21.0000    39       11.0000      122.5000   139589     --- 
   7956     3       15.0000    27       11.0000      122.5000   140912     --- 
   8043     3       33.5000    65       11.0000      122.5000   142518     --- 
   8134     4       36.0000    68       11.0000      122.0000   144506     --- 
Elapsed real time = 558.58 sec. (tree size =  0.01 MB, solutions = 5)
   8233     4       21.0000    38       11.0000      122.0000   146297     --- 
   8335     4       12.5000    20       11.0000      122.0000   148258     --- 
   8427     3       21.5000    40       11.0000      122.0000   150017     --- 
   8519     4       13.5000    22       11.0000      122.0000   151767     --- 
   8627     4       12.5000    20       11.0000      122.0000   153592     --- 
   8728     4       25.0000    46       11.0000      122.0000   155347     --- 
   8826     4       27.5000    51       11.0000      122.0000   157072     --- 
   8921     3       53.5000   105       11.0000      122.0000   158668     --- 
   9016     3       22.0000    41       11.0000      122.0000   160487     --- 
   9115     3       22.5000    42       11.0000      122.0000   162187     --- 
Elapsed real time = 615.52 sec. (tree size =  0.01 MB, solutions = 5)
   9217     3       20.0000    37       11.0000      122.0000   163866     --- 
   9311     3       27.0000    51       11.0000      122.0000   165458     --- 
   9405     3       23.5000    44       11.0000      122.0000   167042     --- 
   9491     4       21.5000    39       11.0000      122.0000   168688     --- 
   9575     2        cutoff             11.0000      122.0000   170164     --- 
   9666     4       14.5000    24       11.0000      121.5000   172405     --- 
   9761     4       25.0000    46       11.0000      121.5000   174122     --- 
   9859     4       32.0000    60       11.0000      121.5000   175939     --- 
   9958     4       29.0000    54       11.0000      121.5000   177925     --- 
  10051     4       23.0000    42       11.0000      121.5000   179549     --- 
Elapsed real time = 694.81 sec. (tree size =  0.01 MB, solutions = 5)
  10159     3       24.5000    46       11.0000      121.5000   181521     --- 
  10259     4       12.5000    20       11.0000      121.5000   183312     --- 
  10361     4       31.0000    58       11.0000      121.5000   185091     --- 
  10461     4       12.5000    20       11.0000      121.5000   186964     --- 
  10557     4       12.5000    20       11.0000      121.5000   188629     --- 
  10664     4       23.0000    42       11.0000      121.5000   190466     --- 
  10760     4       22.5000    41       11.0000      121.5000   192104     --- 
  10857     3       47.5000    93       11.0000      121.5000   193608     --- 
  10946     3       22.0000    41       11.0000      121.5000   195166     --- 
  11027     4       23.5000    43       11.0000      121.5000   196482     --- 
Elapsed real time = 773.11 sec. (tree size =  0.01 MB, solutions = 5)
  11119     3       20.0000    37       11.0000      121.5000   198254     --- 
  11210     4       13.5000    22       11.0000      121.0000   200310     --- 
  11308     4       13.5000    22       11.0000      121.0000   202270     --- 
  11404     4       26.5000    49       11.0000      121.0000   203902     --- 
  11501     4       14.0000    23       11.0000      121.0000   205606     --- 
  11599     4       24.5000    45       11.0000      121.0000   207406     --- 
  11696     3       15.5000    28       11.0000      121.0000   209017     --- 
  11798     3       19.0000    35       11.0000      121.0000   210839     --- 
  11896     3       18.0000    33       11.0000      121.0000   212458     --- 
  11986     3       19.5000    36       11.0000      121.0000   213942     --- 
Elapsed real time = 852.17 sec. (tree size =  0.01 MB, solutions = 5)
  12076     4       21.5000    39       11.0000      121.0000   215531     --- 
  12177     3       22.0000    41       11.0000      121.0000   217137     --- 
  12266     3       22.5000    42       11.0000      121.0000   218637     --- 
  12354     3       19.0000    35       11.0000      121.0000   220174     --- 
  12439     3       30.0000    58       11.0000      121.0000   221769     --- 
  12533     4       29.5000    55       11.0000      120.5000   223698  995.45%
  12639     3       20.5000    38       11.0000      120.5000   225522  995.45%
  12739     3       23.0000    43       11.0000      120.5000   227212  995.45%
  12845     4       13.0000    21       11.0000      120.5000   229017  995.45%
  12945     4       13.5000    22       11.0000      120.5000   230687  995.45%
Elapsed real time = 929.97 sec. (tree size =  0.01 MB, solutions = 5)
  13044     4       20.5000    37       11.0000      120.5000   232365  995.45%
  13143     4       12.5000    20       11.0000      120.5000   234001  995.45%
  13233     3       45.5000    89       11.0000      120.5000   235171  995.45%
  13332     3       41.5000    81       11.0000      120.5000   236747  995.45%
  13424     3       18.0000    33       11.0000      120.5000   238055  995.45%
  13507     3       31.5000    61       11.0000      120.5000   239526  995.45%
  13609     4       29.5000    55       11.0000      120.0000   241823  990.91%
  13716     4       27.0000    50       11.0000      120.0000   243822  990.91%
  13815     4       21.5000    39       11.0000      120.0000   245588  990.91%
  13917     4       12.0000    19       11.0000      120.0000   247491  990.91%
Elapsed real time = 997.14 sec. (tree size =  0.01 MB, solutions = 5)
  14015     4       14.5000    24       11.0000      120.0000   249329  990.91%
  14118     3       16.5000    30       11.0000      120.0000   250936  990.91%
  14214     3       19.5000    36       11.0000      120.0000   252622  990.91%
  14313     4       13.5000    22       11.0000      120.0000   254272  990.91%
  14413     3       12.5000    21       11.0000      120.0000   255841  990.91%
  14512     4       24.5000    45       11.0000      120.0000   257713  990.91%
  14605     3       22.0000    41       11.0000      120.0000   259197  990.91%
  14698     4       23.5000    43       11.0000      120.0000   260610  990.91%
  14796     4       23.0000    42       11.0000      120.0000   262217  990.91%
  14889     3        cutoff             11.0000      120.0000   263806  990.91%
Elapsed real time = 1068.99 sec. (tree size =  0.01 MB, solutions = 5)
  14978     4       13.5000    22       11.0000      120.0000   265254  990.91%
  15077     3       17.5000    32       11.0000      120.0000   266801  990.91%
  15168     3       18.5000    34       11.0000      120.0000   268160  990.91%
  15257     3       14.5000    26       11.0000      120.0000   269851  990.91%
  15357     4       13.0000    21       11.0000      119.5000   271965  986.36%
  15454     4       21.5000    39       11.0000      119.5000   273488  986.36%
  15539     4       14.0000    23       11.0000      119.5000   275066  986.36%
  15646     4       12.0000    19       11.0000      119.5000   276801  986.36%
  15737     3       24.0000    45       11.0000      119.5000   278055  986.36%
  15824     3       39.5000    77       11.0000      119.5000   279448  986.36%
Elapsed real time = 1145.24 sec. (tree size =  0.01 MB, solutions = 5)
  15910     3       31.5000    61       11.0000      119.5000   281167  986.36%
  16004     3       19.0000    35       11.0000      119.0000   283046  981.82%
  16104     4       25.0000    46       11.0000      119.0000   285104  981.82%
  16203     3       17.0000    31       11.0000      119.0000   286982  981.82%
  16295     4       13.0000    21       11.0000      119.0000   288886  981.82%
  16391     4       15.5000    26       11.0000      119.0000   290479  981.82%
  16494     4       21.0000    38       11.0000      119.0000   292397  981.82%
  16587     4       21.0000    38       11.0000      119.0000   294087  981.82%
  16686     4       22.5000    41       11.0000      119.0000   295817  981.82%
  16782     3       18.5000    34       11.0000      119.0000   297411  981.82%
Elapsed real time = 1196.60 sec. (tree size =  0.01 MB, solutions = 5)
  16875     3       19.5000    36       11.0000      119.0000   299008  981.82%
  16970     4       25.0000    46       11.0000      119.0000   300541  981.82%
  17064     4       12.0000    19       11.0000      119.0000   302060  981.82%
  17158     3       19.0000    35       11.0000      119.0000   303654  981.82%
  17245     3       18.5000    34       11.0000      119.0000   305168  981.82%
  17332     3       17.0000    31       11.0000      119.0000   307136  981.82%
  17430     4       25.5000    47       11.0000      118.5000   309251  977.27%
  17533     4       26.0000    48       11.0000      118.5000   311129  977.27%
  17633     4       15.0000    25       11.0000      118.5000   312925  977.27%
  17728     4       12.5000    19       11.0000      118.5000   314628  977.27%
Elapsed real time = 1244.33 sec. (tree size =  0.01 MB, solutions = 5)
  17820     4       22.0000    40       11.0000      118.5000   316239  977.27%
  17920     3       15.0000    27       11.0000      118.5000   317847  977.27%
  18027     3       49.5000    97       11.0000      118.5000   319694  977.27%
  18115     4       12.5000    20       11.0000      118.5000   321259  977.27%
  18209     3       23.0000    43       11.0000      118.5000   322681  977.27%
  18307     3       12.5000    22       11.0000      118.5000   324426  977.27%
  18396     3       30.0000    58       11.0000      118.5000   326385  977.27%
  18489     3       55.5000   109       11.0000      118.0000   328240  972.73%
  18585     3       20.0000    37       11.0000      118.0000   330078  972.73%
  18678     4       15.5000    26       11.0000      118.0000   331804  972.73%
Elapsed real time = 1292.73 sec. (tree size =  0.01 MB, solutions = 5)
  18772     4       25.5000    47       11.0000      118.0000   333587  972.73%
  18875     4       23.0000    42       11.0000      118.0000   335357  972.73%
  18972     4       24.5000    45       11.0000      118.0000   337076  972.73%
  19074     3       19.0000    35       11.0000      118.0000   338869  972.73%
  19167     3       13.5000    24       11.0000      118.0000   340381  972.73%
  19260     4       26.0000    48       11.0000      118.0000   341991  972.73%
  19351     3       20.0000    37       11.0000      118.0000   343708  972.73%
  19440     3       28.0000    54       11.0000      118.0000   345683  972.73%
  19535     4       24.0000    44       11.0000      117.5000   347728  968.18%
  19633     3       18.0000    33       11.0000      117.5000   349425  968.18%
Elapsed real time = 1340.93 sec. (tree size =  0.01 MB, solutions = 5)
  19731     4       28.5000    53       11.0000      117.5000   351372  968.18%
  19832     4       15.0000    25       11.0000      117.5000   353279  968.18%
  19933     4       28.5000    53       11.0000      117.5000   355086  968.18%
  20029     4       26.0000    48       11.0000      117.5000   356945  968.18%
  20124     4       22.0000    40       11.0000      117.5000   358773  968.18%
  20226     4       26.5000    49       11.0000      117.5000   360743  968.18%
  20324     4       15.5000    26       11.0000      117.5000   362454  968.18%
  20421     4       12.0000    19       11.0000      117.5000   364268  968.18%
  20519     4       12.0000    19       11.0000      117.5000   366090  968.18%
  20618     4       27.0000    50       11.0000      117.5000   367759  968.18%
Elapsed real time = 1389.07 sec. (tree size =  0.01 MB, solutions = 5)
  20717     4       25.5000    47       11.0000      117.5000   369512  968.18%
  20816     4       13.0000    21       11.0000      117.5000   371229  968.18%
  20915     4       13.0000    21       11.0000      117.5000   372803  968.18%
  21011     4       21.0000    38       11.0000      117.5000   374226  968.18%
  21098     3       19.0000    35       11.0000      117.5000   375551  968.18%
  21190     3       13.5000    24       11.0000      117.5000   377014  968.18%
  21278     3       31.5000    61       11.0000      117.5000   378596  968.18%
  21376     3       19.0000    35       11.0000      117.0000   380648  963.64%
  21471     4       15.0000    25       11.0000      117.0000   382550  963.64%
  21568     3       19.0000    35       11.0000      117.0000   384195  963.64%
Elapsed real time = 1437.20 sec. (tree size =  0.01 MB, solutions = 5)
  21655     4       16.0000    27       11.0000      117.0000   385884  963.64%
  21754     4       23.0000    42       11.0000      117.0000   387622  963.64%
  21854     3       18.5000    34       11.0000      117.0000   389454  963.64%
  21957     3       19.5000    36       11.0000      117.0000   391294  963.64%
  22053     4       26.5000    49       11.0000      117.0000   393163  963.64%
  22157     3       19.5000    36       11.0000      117.0000   394929  963.64%
  22259     4       26.0000    48       11.0000      117.0000   396694  963.64%
  22356     4       13.0000    21       11.0000      117.0000   398412  963.64%
  22458     3       48.5000    95       11.0000      117.0000   400034  963.64%
  22550     4       22.5000    41       11.0000      117.0000   401619  963.64%
Elapsed real time = 1485.32 sec. (tree size =  0.01 MB, solutions = 5)
  22648     4       20.5000    37       11.0000      117.0000   403206  963.64%
  22741     3       40.5000    79       11.0000      117.0000   404675  963.64%
  22828     3       31.5000    61       11.0000      117.0000   406463  963.64%
  22928     4       29.0000    54       11.0000      116.5000   408681  959.09%
  23028     4       14.0000    23       11.0000      116.5000   410492  959.09%
  23132     3       18.0000    33       11.0000      116.5000   412246  959.09%
  23229     4       29.0000    54       11.0000      116.5000   414109  959.09%
  23340     4       19.5000    35       11.0000      116.5000   415937  959.09%
  23438     3       22.5000    42       11.0000      116.5000   417712  959.09%
  23529     4       13.0000    21       11.0000      116.5000   419009  959.09%
Elapsed real time = 1533.99 sec. (tree size =  0.01 MB, solutions = 5)
  23626     4       27.0000    50       11.0000      116.5000   420569  959.09%
  23727     4       19.0000    34       11.0000      116.5000   422189  959.09%
  23824     4       23.5000    43       11.0000      116.5000   423803  959.09%
  23928     3       20.0000    37       11.0000      116.5000   425421  959.09%
  24020     3       17.5000    32       11.0000      116.5000   426994  959.09%
  24108     3       34.5000    67       11.0000      116.5000   428481  959.09%
  24207     2       16.0000    31       11.0000      116.5000   430297  959.09%
  24300     4       33.5000    63       11.0000      116.0000   432414  954.55%
  24395     4       16.5000    28       11.0000      116.0000   434335  954.55%
  24494     4       28.5000    53       11.0000      116.0000   436274  954.55%
Elapsed real time = 1587.03 sec. (tree size =  0.01 MB, solutions = 5)
  24594     4       24.5000    45       11.0000      116.0000   438205  954.55%
  24692     4       22.5000    41       11.0000      116.0000   440008  954.55%
  24789     3       18.5000    34       11.0000      116.0000   441775  954.55%
  24882     4       23.0000    42       11.0000      116.0000   443569  954.55%
  24988     4       26.5000    49       11.0000      116.0000   445439  954.55%
  25084     4       22.0000    40       11.0000      116.0000   447265  954.55%
  25186     4       26.0000    48       11.0000      116.0000   449115  954.55%
  25287     3       24.5000    46       11.0000      116.0000   451056  954.55%
  25384     3       19.0000    35       11.0000      116.0000   452718  954.55%
  25481     3       19.5000    36       11.0000      116.0000   454553  954.55%
Elapsed real time = 1638.57 sec. (tree size =  0.01 MB, solutions = 5)
  25576     3       15.0000    27       11.0000      116.0000   456058  954.55%
  25683     3       20.0000    37       11.0000      116.0000   457900  954.55%
  25774     4       13.0000    21       11.0000      116.0000   459478  954.55%
  25874     4       25.5000    47       11.0000      116.0000   461091  954.55%
  25971     3       19.0000    35       11.0000      116.0000   462674  954.55%
  26050     3       34.5000    67       11.0000      116.0000   464117  954.55%
  26147     4       29.0000    54       11.0000      115.5000   466219  950.00%
  26245     4       23.0000    42       11.0000      115.5000   468054  950.00%
  26346     4       29.0000    54       11.0000      115.5000   469806  950.00%
  26443     4       28.0000    52       11.0000      115.5000   471581  950.00%
Elapsed real time = 1689.86 sec. (tree size =  0.01 MB, solutions = 5)
  26544     4       12.5000    20       11.0000      115.5000   473389  950.00%
  26641     4       30.0000    56       11.0000      115.5000   475131  950.00%
  26745     3       18.5000    34       11.0000      115.5000   477007  950.00%
  26840     4       27.5000    51       11.0000      115.5000   478853  950.00%
  26943     4       27.0000    50       11.0000      115.5000   480628  950.00%
  27042     3       52.0000   102       11.0000      115.5000   482223  950.00%
  27141     4       14.5000    24       11.0000      115.5000   483956  950.00%
  27236     3       16.0000    29       11.0000      115.5000   485419  950.00%
  27329     3       18.0000    33       11.0000      115.5000   486834  950.00%
  27423     4       17.5000    31       11.0000      115.5000   488340  950.00%
Elapsed real time = 1737.88 sec. (tree size =  0.01 MB, solutions = 5)
  27505     3       19.0000    35       11.0000      115.5000   489687  950.00%
  27597     3       31.5000    61       11.0000      115.5000   491479  950.00%
  27689     4       30.0000    56       11.0000      115.0000   493554  945.45%
  27790     4       25.0000    46       11.0000      115.0000   495366  945.45%
  27885     4       25.5000    47       11.0000      115.0000   497190  945.45%
  27990     3       20.0000    37       11.0000      115.0000   499047  945.45%
  28086     4       31.0000    58       11.0000      115.0000   500822  945.45%
  28184     4       13.0000    21       11.0000      115.0000   502731  945.45%
  28284     3        cutoff             11.0000      115.0000   504540  945.45%
  28388     4       24.5000    45       11.0000      115.0000   506483  945.45%
Elapsed real time = 1790.49 sec. (tree size =  0.01 MB, solutions = 5)
  28491     4       23.5000    43       11.0000      115.0000   508218  945.45%
  28591     4       27.5000    51       11.0000      115.0000   509946  945.45%
  28692     4       20.5000    37       11.0000      115.0000   511783  945.45%
  28791     4       22.5000    41       11.0000      115.0000   513591  945.45%
  28894     4       25.0000    46       11.0000      115.0000   515363  945.45%
  28995     3       23.5000    44       11.0000      115.0000   517074  945.45%
  29100     3       21.5000    40       11.0000      115.0000   518877  945.45%
  29204     3       20.5000    38       11.0000      115.0000   520568  945.45%
  29298     4       12.5000    20       11.0000      115.0000   522090  945.45%
  29394     3       45.0000    88       11.0000      115.0000   523504  945.45%
Elapsed real time = 1838.58 sec. (tree size =  0.01 MB, solutions = 5)
  29486     4       19.0000    34       11.0000      115.0000   525001  945.45%
  29584     3       14.5000    26       11.0000      115.0000   526593  945.45%
  29674     3       15.0000    27       11.0000      115.0000   528466  945.45%
  29766     4       22.5000    41       11.0000      114.5000   530427  940.91%
  29850     3       26.5000    50       11.0000      114.5000   531799  940.91%
  29950     4       21.0000    38       11.0000      114.5000   533464  940.91%
  30038     3       18.0000    33       11.0000      114.5000   534913  940.91%
  30122     2        cutoff             11.0000      114.5000   536665  940.91%
  30213     4       16.5000    28       11.0000      114.0000   538728  936.36%
  30312     4       14.0000    23       11.0000      114.0000   540558  936.36%
Elapsed real time = 1888.04 sec. (tree size =  0.01 MB, solutions = 5)
  30418     3       61.0000   120       11.0000      114.0000   542346  936.36%
  30515     4       12.5000    20       11.0000      114.0000   544189  936.36%
  30613     4       24.5000    45       11.0000      114.0000   546053  936.36%
  30717     4       19.5000    35       11.0000      114.0000   548039  936.36%
  30819     4       28.5000    53       11.0000      114.0000   549972  936.36%
  30918     3       17.5000    32       11.0000      114.0000   551692  936.36%
  31024     3       19.5000    36       11.0000      114.0000   553622  936.36%
  31123     3       12.5000    22       11.0000      114.0000   555360  936.36%
  31225     4       24.0000    44       11.0000      114.0000   557211  936.36%
  31324     3       22.5000    42       11.0000      114.0000   559045  936.36%
Elapsed real time = 1936.17 sec. (tree size =  0.01 MB, solutions = 5)
  31429     4       28.0000    52       11.0000      114.0000   560966  936.36%
  31533     4       24.0000    44       11.0000      114.0000   562752  936.36%
  31641     4       22.0000    40       11.0000      114.0000   564588  936.36%
  31742     3       17.0000    31       11.0000      114.0000   566059  936.36%
  31854     3       18.5000    34       11.0000      114.0000   567957  936.36%
  31954     3       21.5000    40       11.0000      114.0000   569625  936.36%
  32053     3       22.0000    41       11.0000      114.0000   571268  936.36%
  32137     3       19.5000    36       11.0000      114.0000   572451  936.36%
  32237     3       18.0000    33       11.0000      114.0000   574060  936.36%
  32328     3       13.5000    24       11.0000      114.0000   576080  936.36%
Elapsed real time = 1985.35 sec. (tree size =  0.01 MB, solutions = 5)
  32421     4       14.0000    23       11.0000      113.5000   578161  931.82%
  32517     4       13.5000    22       11.0000      113.5000   579853  931.82%
  32617     4       30.5000    57       11.0000      113.5000   581640  931.82%
  32721     3       56.0000   110       11.0000      113.5000   583425  931.82%
  32822     3       54.5000   107       11.0000      113.5000   585265  931.82%
  32921     4       25.0000    46       11.0000      113.5000   587151  931.82%
  33026     4       20.5000    37       11.0000      113.5000   589036  931.82%
  33125     4       27.0000    50       11.0000      113.5000   590799  931.82%
  33232     4       25.0000    46       11.0000      113.5000   592687  931.82%
  33329     3       21.0000    39       11.0000      113.5000   594380  931.82%
Elapsed real time = 2034.19 sec. (tree size =  0.01 MB, solutions = 5)
  33427     4       23.0000    42       11.0000      113.5000   596049  931.82%
  33521     3       18.5000    34       11.0000      113.5000   597562  931.82%
  33612     3       15.5000    28       11.0000      113.5000   599300  931.82%
  33701     3       28.0000    54       11.0000      113.5000   601278  931.82%
  33801     4       13.0000    21       11.0000      113.0000   603448  927.27%
  33898     4       25.0000    46       11.0000      113.0000   604980  927.27%
  33993     4       23.5000    43       11.0000      113.0000   606432  927.27%
  34084     4       25.0000    46       11.0000      113.0000   607819  927.27%
  34169     3       44.0000    86       11.0000      113.0000   609175  927.27%
  34253     3       40.5000    79       11.0000      113.0000   610411  927.27%
Elapsed real time = 2083.87 sec. (tree size =  0.01 MB, solutions = 5)
  34346     3       32.0000    62       11.0000      113.0000   612310  927.27%
  34440     4       25.0000    46       11.0000      112.5000   614365  922.73%
  34535     4       14.5000    24       11.0000      112.5000   616055  922.73%
  34631     4       26.5000    49       11.0000      112.5000   617906  922.73%
  34726     4       27.0000    50       11.0000      112.5000   619544  922.73%
  34826     3       56.5000   111       11.0000      112.5000   621297  922.73%
  34934     4       13.5000    22       11.0000      112.5000   623267  922.73%
  35040     3       19.0000    35       11.0000      112.5000   625076  922.73%
  35141     4       13.0000    21       11.0000      112.5000   626988  922.73%
  35237     4       23.0000    42       11.0000      112.5000   628520  922.73%
Elapsed real time = 2132.01 sec. (tree size =  0.01 MB, solutions = 5)
  35341     4       22.0000    40       11.0000      112.5000   630282  922.73%
  35434     3       22.5000    42       11.0000      112.5000   631975  922.73%
  35536     3       23.0000    43       11.0000      112.5000   633787  922.73%
  35642     3       19.0000    35       11.0000      112.5000   635361  922.73%
  35743     4       12.0000    19       11.0000      112.5000   637047  922.73%
  35850     4       12.0000    18       11.0000      112.5000   638791  922.73%
  35937     3       15.0000    27       11.0000      112.5000   640173  922.73%
  36029     3       15.5000    28       11.0000      112.5000   641861  922.73%
  36125     4       32.5000    61       11.0000      112.0000   643852  918.18%
  36226     4       22.0000    40       11.0000      112.0000   645632  918.18%
Elapsed real time = 2179.91 sec. (tree size =  0.01 MB, solutions = 5)
  36323     4       25.5000    47       11.0000      112.0000   647603  918.18%
  36421     4       24.0000    44       11.0000      112.0000   649411  918.18%
  36521     4       25.5000    47       11.0000      112.0000   651077  918.18%
  36615     3       24.5000    46       11.0000      112.0000   652654  918.18%
  36708     4       12.0000    19       11.0000      112.0000   654424  918.18%
  36804     3       49.0000    96       11.0000      112.0000   656032  918.18%
  36896     3       22.5000    42       11.0000      112.0000   657595  918.18%
  36989     4       19.0000    34       11.0000      112.0000   659100  918.18%
  37079     3       23.0000    43       11.0000      112.0000   660616  918.18%
  37168     3       32.0000    62       11.0000      112.0000   662325  918.18%
Elapsed real time = 2234.82 sec. (tree size =  0.01 MB, solutions = 5)
  37269     4       27.5000    51       11.0000      111.5000   664514  913.64%
  37370     3       19.0000    35       11.0000      111.5000   666206  913.64%
  37460     3       48.0000    94       11.0000      111.5000   667597  913.64%
  37558     4       19.5000    35       11.0000      111.5000   669201  913.64%
  37658     3       24.0000    45       11.0000      111.5000   670837  913.64%
  37749     3       21.0000    39       11.0000      111.5000   672265  913.64%
  37833     3       32.0000    62       11.0000      111.5000   673908  913.64%
  37927     4       13.0000    21       11.0000      111.0000   675917  909.09%
  38023     4       24.5000    45       11.0000      111.0000   677617  909.09%
  38122     4       12.0000    19       11.0000      111.0000   679402  909.09%
Elapsed real time = 2282.80 sec. (tree size =  0.01 MB, solutions = 5)
  38223     4       25.5000    47       11.0000      111.0000   681101  909.09%
  38326     3       18.0000    33       11.0000      111.0000   682730  909.09%
  38428     4       21.0000    38       11.0000      111.0000   684586  909.09%
  38526     4       28.0000    52       11.0000      111.0000   686317  909.09%
  38630     4       23.5000    43       11.0000      111.0000   688163  909.09%
  38732     3       20.0000    37       11.0000      111.0000   689821  909.09%
  38833     3       47.5000    93       11.0000      111.0000   691389  909.09%
  38923     3       15.0000    27       11.0000      111.0000   692833  909.09%
  39019     3       23.0000    43       11.0000      111.0000   694495  909.09%
  39104     3       21.0000    39       11.0000      111.0000   695845  909.09%
Elapsed real time = 2330.21 sec. (tree size =  0.01 MB, solutions = 5)
  39192     3       15.0000    27       11.0000      111.0000   697578  909.09%
  39292     4       21.5000    39       11.0000      110.5000   699664  904.55%
  39391     4       21.0000    38       11.0000      110.5000   701275  904.55%
  39483     4       23.0000    42       11.0000      110.5000   702734  904.55%
  39581     3       20.5000    38       11.0000      110.5000   704206  904.55%
* 39650     3      integral     0       12.0000      110.5000   705445  820.83%
  39747     2       22.0000    43       12.0000      110.5000   707500  820.83%
  39835     4       14.0000    23       12.0000      110.0000   709488  816.67%
  39936     4       23.0000    42       12.0000      110.0000   711418  816.67%
  40031     3       16.5000    30       12.0000      110.0000   713033  816.67%
Elapsed real time = 2377.23 sec. (tree size =  0.01 MB, solutions = 6)
  40116     4       16.5000    28       12.0000      110.0000   714814  816.67%
  40214     4       14.0000    23       12.0000      110.0000   716602  816.67%
  40307     3       20.0000    37       12.0000      110.0000   718239  816.67%
  40406     4       22.5000    41       12.0000      110.0000   720196  816.67%
  40508     4       21.0000    38       12.0000      110.0000   721968  816.67%
  40603     3       51.0000   100       12.0000      110.0000   723630  816.67%
  40687     4       25.5000    47       12.0000      110.0000   725152  816.67%
  40775     4       24.0000    44       12.0000      110.0000   726703  816.67%
  40861     3       19.0000    35       12.0000      110.0000   728210  816.67%
  40956     3       13.5000    24       12.0000      110.0000   730408  816.67%
Elapsed real time = 2457.92 sec. (tree size =  0.01 MB, solutions = 6)
  41041     4       26.5000    49       12.0000      109.5000   732289  812.50%
  41130     3       22.0000    41       12.0000      109.5000   733899  812.50%
  41213     3       42.5000    83       12.0000      109.5000   735438  812.50%
  41299     3       35.0000    68       12.0000      109.5000   737161  812.50%
  41399     3        cutoff             12.0000      109.0000   739456  808.33%
  41495     4       23.5000    43       12.0000      109.0000   741267  808.33%
  41595     4       28.0000    52       12.0000      109.0000   743109  808.33%
  41686     4       13.5000    22       12.0000      109.0000   744990  808.33%
  41771     3       44.0000    86       12.0000      109.0000   746733  808.33%
  41855     3       18.0000    33       12.0000      109.0000   748705  808.33%
Elapsed real time = 2537.66 sec. (tree size =  0.01 MB, solutions = 6)
  41956     4       15.5000    26       12.0000      108.5000   751041  804.17%
  42056     3       26.5000    50       12.0000      108.5000   752970  804.17%
  42144     3       19.5000    36       12.0000      108.5000   754480  804.17%
  42228     3       46.5000    91       12.0000      108.5000   756114  804.17%
  42311     3       40.0000    78       12.0000      108.5000   757888  804.17%
  42408     3       15.5000    28       12.0000      108.5000   760075  804.17%
  42508     4       26.5000    49       12.0000      108.0000   762170  800.00%
  42608     4       31.0000    58       12.0000      108.0000   763953  800.00%
  42709     3       24.0000    45       12.0000      108.0000   766059  800.00%
  42801     4       24.5000    45       12.0000      108.0000   767941  800.00%
Elapsed real time = 2618.83 sec. (tree size =  0.01 MB, solutions = 6)
  42896     3       21.0000    39       12.0000      108.0000   769864  800.00%
  42997     4       26.0000    48       12.0000      108.0000   771829  800.00%
  43091     3       23.0000    43       12.0000      108.0000   773481  800.00%
  43173     3       17.5000    32       12.0000      108.0000   774996  800.00%
  43261     3       39.5000    77       12.0000      108.0000   776769  800.00%
  43354     3       31.5000    61       12.0000      108.0000   778585  800.00%
  43450     4       27.0000    50       12.0000      107.5000   780645  795.83%
  43544     4       23.0000    42       12.0000      107.5000   782262  795.83%
  43641     3       14.5000    26       12.0000      107.5000   784025  795.83%
  43727     4       22.5000    41       12.0000      107.5000   785588  795.83%
Elapsed real time = 2698.24 sec. (tree size =  0.01 MB, solutions = 6)
  43820     3       43.5000    85       12.0000      107.5000   787412  795.83%
  43906     3       34.0000    66       12.0000      107.5000   789355  795.83%
  43999     4       26.0000    48       12.0000      107.0000   791463  791.67%
  44096     3       16.0000    29       12.0000      107.0000   793151  791.67%
  44199     4       25.0000    46       12.0000      107.0000   795027  791.67%
  44294     3       20.0000    37       12.0000      107.0000   796600  791.67%
  44384     3       23.0000    43       12.0000      107.0000   798425  791.67%
  44472     3       41.5000    81       12.0000      107.0000   799869  791.67%
  44558     3       13.5000    24       12.0000      107.0000   801771  791.67%
  44660     3       21.0000    39       12.0000      106.5000   803824  787.50%
Elapsed real time = 2774.35 sec. (tree size =  0.01 MB, solutions = 6)
  44760     4       23.0000    42       12.0000      106.5000   805721  787.50%
  44853     4       14.5000    24       12.0000      106.5000   807496  787.50%
  44952     3       23.5000    44       12.0000      106.5000   809294  787.50%
  45044     3       21.5000    40       12.0000      106.5000   810904  787.50%
  45140     3       21.0000    39       12.0000      106.5000   812629  787.50%
  45226     3       40.5000    79       12.0000      106.5000   814113  787.50%
  45317     3       16.5000    30       12.0000      106.5000   816198  787.50%
  45414     3       14.5000    26       12.0000      106.0000   818107  783.33%
  45508     3       23.5000    44       12.0000      106.0000   819886  783.33%
  45592     3       24.5000    46       12.0000      106.0000   821588  783.33%
Elapsed real time = 2849.30 sec. (tree size =  0.01 MB, solutions = 6)
  45674     3       21.5000    40       12.0000      106.0000   822960  783.33%
  45764     3       21.0000    39       12.0000      106.0000   824708  783.33%
  45849     3       36.0000    70       12.0000      106.0000   826537  783.33%
  45933     3       22.5000    42       12.0000      105.5000   828593  779.17%
  46016     3       16.0000    29       12.0000      105.5000   830295  779.17%
  46097     3       44.0000    86       12.0000      105.5000   831844  779.17%
  46183     3       17.0000    31       12.0000      105.5000   833690  779.17%
  46281     3       23.0000    43       12.0000      105.0000   835915  775.00%
  46362     3       37.5000    73       12.0000      105.0000   837651  775.00%
  46456     3       23.5000    45       12.0000      105.0000   839680  775.00%
Elapsed real time = 2926.06 sec. (tree size =  0.01 MB, solutions = 6)
  46552     3       16.5000    30       12.0000      104.5000   841843  770.83%
  46639     4       14.0000    23       12.0000      104.5000   843536  770.83%
  46732     3       40.0000    78       12.0000      104.5000   845505  770.83%
  46825     3       14.0000    25       12.0000      104.5000   847707  770.83%
  46910     4       14.0000    23       12.0000      104.0000   849444  766.67%
  46998     3       16.0000    29       12.0000      104.0000   850999  766.67%
  47085     3       37.5000    73       12.0000      104.0000   852930  766.67%
  47179     3       52.0000   102       12.0000      103.5000   855206  762.50%
  47262     4       15.0000    25       12.0000      103.5000   856852  762.50%
  47353     3       19.0000    35       12.0000      103.5000   858365  762.50%
Elapsed real time = 3002.27 sec. (tree size =  0.01 MB, solutions = 6)
  47446     3       20.5000    38       12.0000      103.5000   860078  762.50%
  47530     3       38.5000    75       12.0000      103.5000   861554  762.50%
  47632     3       23.0000    44       12.0000      103.5000   863813  762.50%
  47725     3       22.5000    42       12.0000      103.0000   865646  758.33%
  47821     3       25.5000    48       12.0000      103.0000   867385  758.33%
  47916     4       13.5000    22       12.0000      103.0000   869010  758.33%
  48009     3       17.5000    32       12.0000      103.0000   870468  758.33%
  48093     4       23.5000    43       12.0000      103.0000   871981  758.33%
  48177     3       22.0000    41       12.0000      103.0000   873608  758.33%
  48264     3       18.0000    33       12.0000      103.0000   875580  758.33%
Elapsed real time = 3073.85 sec. (tree size =  0.01 MB, solutions = 6)
  48361     3       21.0000    39       12.0000      102.5000   877774  754.17%
  48456     4       14.0000    23       12.0000      102.5000   879553  754.17%
  48543     3       19.0000    35       12.0000      102.5000   881315  754.17%
  48640     3       24.0000    46       12.0000      102.5000   883456  754.17%
  48717     3       18.0000    33       12.0000      102.0000   885134  750.00%
  48814     3       28.5000    55       12.0000      102.0000   887408  750.00%
  48905     3       19.5000    36       12.0000      101.5000   889689  745.83%
  49004     2       19.0000    37       12.0000      101.5000   891756  745.83%
  49100     4       27.5000    51       12.0000      101.0000   893654  741.67%
  49193     3       22.5000    42       12.0000      101.0000   895279  741.67%
Elapsed real time = 3147.34 sec. (tree size =  0.01 MB, solutions = 6)
  49287     3       13.5000    24       12.0000      101.0000   897181  741.67%
  49375     3       41.5000    81       12.0000      101.0000   898845  741.67%
  49467     3       16.5000    30       12.0000      101.0000   901073  741.67%
  49562     4       19.0000    34       12.0000      100.5000   902972  737.50%
  49654     3       18.5000    34       12.0000      100.5000   904653  737.50%
  49754     4       23.5000    43       12.0000      100.5000   906522  737.50%
  49851     3       22.5000    42       12.0000      100.5000   908281  737.50%
  49954     3       23.0000    43       12.0000      100.5000   909957  737.50%
  50052     3       22.0000    41       12.0000      100.5000   911618  737.50%
  50150     4       25.5000    47       12.0000      100.5000   913465  737.50%
Elapsed real time = 3201.42 sec. (tree size =  0.01 MB, solutions = 6)
  50233     3       22.5000    42       12.0000      100.5000   915008  737.50%
  50322     3       14.0000    25       12.0000      100.5000   917005  737.50%
  50417     4       13.5000    22       12.0000      100.0000   919089  733.33%
  50513     3       13.5000    24       12.0000      100.0000   920805  733.33%
  50605     4       26.0000    48       12.0000      100.0000   922750  733.33%
  50701     3       21.0000    39       12.0000      100.0000   924429  733.33%
  50784     3       20.5000    38       12.0000      100.0000   926005  733.33%
  50876     3       14.0000    25       12.0000      100.0000   928065  733.33%
  50968     4       27.0000    50       12.0000       99.5000   929918  729.17%
  51052     3       18.5000    34       12.0000       99.5000   931551  729.17%
Elapsed real time = 3260.83 sec. (tree size =  0.01 MB, solutions = 6)
  51139     3       31.5000    61       12.0000       99.5000   933564  729.17%
  51232     3       18.5000    34       12.0000       99.0000   935486  725.00%
  51322     3       19.0000    35       12.0000       99.0000   937167  725.00%
  51404     3       38.0000    74       12.0000       99.0000   938885  725.00%
  51500     2       22.0000    43       12.0000       99.0000   940874  725.00%
  51585     3       34.5000    67       12.0000       98.5000   943076  720.83%
  51678     4       14.0000    23       12.0000       98.0000   945288  716.67%
  51780     4       23.5000    43       12.0000       98.0000   947250  716.67%
  51864     3       14.5000    26       12.0000       98.0000   948707  716.67%
  51949     3       25.0000    47       12.0000       98.0000   950373  716.67%
Elapsed real time = 3307.73 sec. (tree size =  0.01 MB, solutions = 6)
  52032     3       15.0000    27       12.0000       98.0000   951963  716.67%
  52120     3       40.0000    78       12.0000       98.0000   953384  716.67%
  52214     3       15.0000    27       12.0000       98.0000   955589  716.67%
  52308     3       20.0000    37       12.0000       97.5000   957420  712.50%
  52403     4       27.0000    50       12.0000       97.5000   959165  712.50%
  52497     3       18.5000    34       12.0000       97.5000   960855  712.50%
  52580     3       26.5000    50       12.0000       97.5000   962621  712.50%
  52663     4       21.5000    39       12.0000       97.5000   964220  712.50%
  52755     3       14.5000    26       12.0000       97.5000   966310  712.50%
  52839     3       23.0000    43       12.0000       97.0000   968151  708.33%
Elapsed real time = 3354.97 sec. (tree size =  0.01 MB, solutions = 6)
  52927     3       29.0000    56       12.0000       97.0000   970137  708.33%
  53017     4       29.0000    54       12.0000       96.5000   972176  704.17%
  53109     3       45.0000    88       12.0000       96.5000   973992  704.17%
  53196     3       18.0000    33       12.0000       96.5000   976145  704.17%
  53288     3       18.0000    33       12.0000       96.0000   978103  700.00%
  53368     3       39.0000    76       12.0000       96.0000   979834  700.00%
  53466     3       23.0000    44       12.0000       96.0000   982046  700.00%
  53559     4       14.0000    23       12.0000       95.5000   984040  695.83%
  53648     3       14.0000    25       12.0000       95.5000   985462  695.83%
  53726     3       19.5000    36       12.0000       95.5000   987011  695.83%
Elapsed real time = 3402.44 sec. (tree size =  0.01 MB, solutions = 6)
  53808     3       36.5000    71       12.0000       95.5000   988687  695.83%
  53902     3       23.0000    44       12.0000       95.5000   990532  695.83%
  53988     3       15.5000    28       12.0000       95.0000   992608  691.67%
  54088     3       48.5000    95       12.0000       94.5000   994838  687.50%
  54172     3       24.0000    45       12.0000       94.5000   996439  687.50%
  54256     3       15.0000    27       12.0000       94.5000   998282  687.50%
  54361     3       48.5000    95       12.0000       94.0000  1000622  683.33%
  54439     3       23.5000    44       12.0000       94.0000  1002537  683.33%
  54525     3       31.5000    61       12.0000       94.0000  1004306  683.33%
  54609     3       42.0000    82       12.0000       93.5000  1006171  679.17%
Elapsed real time = 3449.91 sec. (tree size =  0.01 MB, solutions = 6)
  54691     3       34.5000    67       12.0000       93.5000  1007852  679.17%
  54787     3       13.5000    24       12.0000       93.0000  1009879  675.00%
  54876     3       30.5000    59       12.0000       93.0000  1011892  675.00%
  54968     3       23.0000    43       12.0000       92.5000  1013987  670.83%
  55052     3       16.0000    29       12.0000       92.5000  1015843  670.83%
  55148     4       28.5000    53       12.0000       92.0000  1017929  666.67%
  55235     3       20.0000    37       12.0000       92.0000  1019690  666.67%
  55322     3       15.0000    27       12.0000       92.0000  1021618  666.67%
  55420     3       18.0000    33       12.0000       91.5000  1023609  662.50%
  55507     3       14.0000    25       12.0000       91.5000  1025729  662.50%
Elapsed real time = 3495.95 sec. (tree size =  0.01 MB, solutions = 6)
  55604     3       44.5000    87       12.0000       91.0000  1027818  658.33%
  55693     3       18.5000    34       12.0000       91.0000  1029512  658.33%
  55789     3       27.0000    52       12.0000       91.0000  1031638  658.33%
  55891     3       22.0000    41       12.0000       90.5000  1033768  654.17%
  55984     3       21.5000    40       12.0000       90.5000  1035388  654.17%
  56084     3       15.0000    27       12.0000       90.5000  1037096  654.17%
  56174     3       43.5000    85       12.0000       90.5000  1038740  654.17%
  56264     3       13.0000    23       12.0000       90.5000  1040287  654.17%
  56355     3       29.0000    56       12.0000       90.5000  1042284  654.17%
  56452     4       22.5000    41       12.0000       90.0000  1044336  650.00%
Elapsed real time = 3541.78 sec. (tree size =  0.01 MB, solutions = 6)
  56539     3       22.0000    41       12.0000       90.0000  1045819  650.00%
  56634     4       25.0000    46       12.0000       90.0000  1047553  650.00%
  56718     3       20.0000    37       12.0000       90.0000  1048941  650.00%
  56799     3       37.0000    72       12.0000       90.0000  1050427  650.00%
  56900     2       18.5000    36       12.0000       90.0000  1052490  650.00%
  56981     3       41.5000    81       12.0000       89.5000  1054232  645.83%
  57074     3       29.5000    57       12.0000       89.5000  1056305  645.83%
  57161     3       18.0000    33       12.0000       89.0000  1058185  641.67%
  57259     2       17.5000    34       12.0000       89.0000  1060218  641.67%
  57343     3       33.5000    65       12.0000       88.5000  1062428  637.50%
Elapsed real time = 3597.48 sec. (tree size =  0.01 MB, solutions = 6)

Root node processing (before b&c):
  Real time             =    0.75
Sequential b&c:
  Real time             = 3599.26
                          -------
Total (root+branch&cut) = 3600.00 sec.
Datos de la resolucion: 	12	3600
