el algoritmo 1
limiteCortesClique 0
limiteCortesCiclo 0
limiteCortesIter 0
Default row names c1, c2 ... being created.
son 1 cliques y 1 ciclos
creo todos los cortes
Clique table members: 17827.
MIP emphasis: balance optimality and feasibility.
MIP search method: traditional branch-and-cut.
Parallel mode: none, using 1 thread.
Root relaxation solution time =    0.05 sec.

        Nodes                                         Cuts/
   Node  Left     Objective  IInf  Best Integer    Best Bound    ItCnt     Gap

      0     0      225.0000   450                    225.0000      719         
      0     2      225.0000   450                    225.0000      719         
Elapsed real time =   0.70 sec. (tree size =  0.01 MB, solutions = 0)
      1     3      175.5000   349                    225.0000     1157         
      2     4      142.5000   281                    225.0000     1386         
      3     5      113.0000   220                    225.0000     1563         
      5     7       76.5000   143                    225.0000     1786         
*    16    15      integral     0       20.0000      225.0000     2058     --- 
*    18    14      integral     0       21.0000      225.0000     2061  971.43%
     90    13       22.5000    21       21.0000      225.0000     2316  971.43%
    167    11       22.0000    12       21.0000      225.0000     2623  971.43%
    245    13       22.5000    23       21.0000      225.0000     3006  971.43%
*   412    11      integral     0       22.0000      225.0000     3639  922.73%
Elapsed real time =   2.92 sec. (tree size =  0.44 MB, solutions = 3)
*   706    11      integral     0       23.0000      225.0000     4930  878.26%
    996    12       26.0000    30       23.0000      225.0000     6455  878.26%
   1291    11        cutoff             23.0000      225.0000     7958  878.26%
   1587    13       24.5000    25       23.0000      225.0000     9801  878.26%
   1888    12       25.0000    26       23.0000      225.0000    11236  878.26%
   2186     9        cutoff             23.0000      225.0000    12887  878.26%
   2491    13       24.5000    21       23.0000      225.0000    14364  878.26%
   2789    13       25.0000    26       23.0000      225.0000    15940  878.26%
   3091    10       24.0000    24       23.0000      225.0000    17368  878.26%
   3392    11        cutoff             23.0000      225.0000    18946  878.26%
Elapsed real time =   9.07 sec. (tree size =  0.44 MB, solutions = 4)
   3696    11       27.0000    36       23.0000      225.0000    20478  878.26%
   3999    12       24.5000    19       23.0000      225.0000    22008  878.26%
   4300    11       25.5000    31       23.0000      225.0000    23472  878.26%
   4604    12       24.5000    27       23.0000      225.0000    24969  878.26%
   4910    12       25.0000    30       23.0000      225.0000    26572  878.26%
   5215    11        cutoff             23.0000      225.0000    28085  878.26%
   5516    10       24.0000    26       23.0000      225.0000    29860  878.26%
   5820    11       24.0000    20       23.0000      225.0000    31499  878.26%
   6122    11        cutoff             23.0000      225.0000    32855  878.26%
   6421    11       25.5000    33       23.0000      225.0000    34176  878.26%
Elapsed real time =  15.19 sec. (tree size =  0.44 MB, solutions = 4)
   6726    11       25.0000    30       23.0000      225.0000    35552  878.26%
   7031    11       29.0000    40       23.0000      225.0000    37104  878.26%
   7331    11       26.5000    33       23.0000      225.0000    38846  878.26%
   7630    11       26.0000    34       23.0000      225.0000    40291  878.26%
   7934    10        cutoff             23.0000      225.0000    41898  878.26%
   8235    11       27.5000    35       23.0000      225.0000    43557  878.26%
   8534    12       24.0000    22       23.0000      225.0000    45095  878.26%
   8832    10       26.0000    34       23.0000      225.0000    46659  878.26%
   9143    11        cutoff             23.0000      225.0000    48026  878.26%
   9446     9        cutoff             23.0000      225.0000    49554  878.26%
Elapsed real time =  21.33 sec. (tree size =  0.44 MB, solutions = 4)
   9752    10        cutoff             23.0000      225.0000    50909  878.26%
  10057    10       25.0000    34       23.0000      225.0000    52264  878.26%
  10365    13       24.5000    27       23.0000      225.0000    53763  878.26%
  10667    14       24.5000    19       23.0000      225.0000    55173  878.26%
* 10864    13      integral     0       24.0000      225.0000    55993  837.50%
  11175    11        cutoff             24.0000      225.0000    57248  837.50%
  11487    11        cutoff             24.0000      225.0000    58771  837.50%
  11796    10       25.0000    26       24.0000      225.0000    60049  837.50%
  12096    10       30.5000    45       24.0000      225.0000    61378  837.50%
  12399    12       25.5000    27       24.0000      225.0000    62826  837.50%
Elapsed real time =  27.20 sec. (tree size =  0.44 MB, solutions = 5)
  12702    13       25.5000    29       24.0000      225.0000    64195  837.50%
  13007    11       26.5000    35       24.0000      225.0000    65379  837.50%
  13315    11       25.0000    30       24.0000      225.0000    66755  837.50%
  13624    12       26.0000    32       24.0000      225.0000    68210  837.50%
  13921    12       26.0000    30       24.0000      225.0000    70264  837.50%
  14216    11        cutoff             24.0000      225.0000    72143  837.50%
  14516    12       26.0000    32       24.0000      225.0000    73881  837.50%
  14821    12       26.0000    32       24.0000      225.0000    75608  837.50%
  15124    10       38.5000    61       24.0000      225.0000    77198  837.50%
  15431    12       25.5000    31       24.0000      225.0000    78926  837.50%
Elapsed real time =  33.31 sec. (tree size =  0.44 MB, solutions = 5)
  15736    11       29.5000    41       24.0000      225.0000    80362  837.50%
  16043    10       28.5000    41       24.0000      225.0000    81881  837.50%
  16340    11       25.0000    28       24.0000      225.0000    83598  837.50%
  16638    12       26.5000    29       24.0000      225.0000    85387  837.50%
  16944    11       27.0000    36       24.0000      225.0000    86869  837.50%
  17245    12       26.5000    33       24.0000      225.0000    88646  837.50%
  17552    12       25.5000    31       24.0000      225.0000    90394  837.50%
  17859    11       25.0000    32       24.0000      225.0000    91959  837.50%
  18156    11       29.5000    39       24.0000      225.0000    93624  837.50%
  18462    12       26.0000    32       24.0000      225.0000    95242  837.50%
Elapsed real time =  39.44 sec. (tree size =  0.44 MB, solutions = 5)
  18766    11        cutoff             24.0000      225.0000    96748  837.50%
  19070    10        cutoff             24.0000      225.0000    98253  837.50%
  19376    11       27.5000    35       24.0000      225.0000    99636  837.50%
  19681    11        cutoff             24.0000      225.0000   101151  837.50%
  19985    13       25.0000    20       24.0000      225.0000   102748  837.50%
  20292    11       25.0000    24       24.0000      225.0000   104321  837.50%
  20599    10       25.0000    30       24.0000      225.0000   105708  837.50%
  20906    13       25.0000    26       24.0000      225.0000   107334  837.50%
  21217    11       27.5000    35       24.0000      225.0000   108786  837.50%
  21526    11       27.5000    37       24.0000      225.0000   110338  837.50%
Elapsed real time =  45.53 sec. (tree size =  0.44 MB, solutions = 5)
  21830    12       26.5000    33       24.0000      225.0000   111877  837.50%
  22128    13       25.5000    29       24.0000      225.0000   113511  837.50%
  22444    11        cutoff             24.0000      225.0000   114900  837.50%
  22756    14       25.0000    18       24.0000      225.0000   116201  837.50%
  23069    10        cutoff             24.0000      225.0000   117227  837.50%
  23374    12       25.0000    22       24.0000      225.0000   118832  837.50%
  23689    12       25.0000    30       24.0000      225.0000   120398  837.50%
  23994    10       37.0000    58       24.0000      225.0000   121773  837.50%
  24302    12        cutoff             24.0000      225.0000   123096  837.50%
  24613    11        cutoff             24.0000      225.0000   124294  837.50%
Elapsed real time =  51.59 sec. (tree size =  0.44 MB, solutions = 5)
  24925    12       25.5000    31       24.0000      225.0000   125606  837.50%
  25241    12       26.0000    32       24.0000      225.0000   126902  837.50%
  25552    12       25.0000    22       24.0000      225.0000   128252  837.50%
  25860    10        cutoff             24.0000      225.0000   129770  837.50%
  26170    11       27.5000    37       24.0000      225.0000   131273  837.50%
  26475    11       28.0000    36       24.0000      225.0000   132710  837.50%
  26785    11       25.5000    33       24.0000      225.0000   133933  837.50%
  27093    12       25.5000    31       24.0000      225.0000   135239  837.50%
  27406    10        cutoff             24.0000      225.0000   136599  837.50%
  28626    12       25.0000    26       24.0000      225.0000   142170  837.50%
Elapsed real time =  59.47 sec. (tree size =  0.44 MB, solutions = 5)
  29874    11       26.5000    35       24.0000      225.0000   147156  837.50%
  31097    10        cutoff             24.0000      225.0000   153004  837.50%
  32316    11        cutoff             24.0000      225.0000   158694  837.50%
  33554     9        cutoff             24.0000      225.0000   164351  837.50%
  34792     9       25.0000    32       24.0000      225.0000   169605  837.50%
  36001     9        cutoff             24.0000      225.0000   175642  837.50%
  37219    11       26.0000    34       24.0000      225.0000   181636  837.50%
  38421    11       25.0000    30       24.0000      225.0000   188691  837.50%
  39624    11       25.0000    32       24.0000      225.0000   195564  837.50%
  40836    11       27.0000    34       24.0000      225.0000   201857  837.50%
Elapsed real time =  84.05 sec. (tree size =  0.44 MB, solutions = 5)
  42034    10        cutoff             24.0000      225.0000   208331  837.50%
  43250    12       26.5000    33       24.0000      225.0000   214189  837.50%
  44477    11       25.5000    33       24.0000      225.0000   219865  837.50%
  45688    11       29.5000    41       24.0000      225.0000   225792  837.50%
  46892    11        cutoff             24.0000      225.0000   232646  837.50%
  48093    11       29.5000    41       24.0000      225.0000   239522  837.50%
  49274    11        cutoff             24.0000      225.0000   246875  837.50%
  50470    12       25.0000    30       24.0000      225.0000   253742  837.50%
  51672    11       27.5000    37       24.0000      225.0000   260411  837.50%
  52879    11       25.0000    26       24.0000      225.0000   267101  837.50%
Elapsed real time = 108.80 sec. (tree size =  0.44 MB, solutions = 5)
  54089    11       28.0000    38       24.0000      225.0000   273559  837.50%
  55301    10        cutoff             24.0000      225.0000   280102  837.50%
  56506    10       27.0000    38       24.0000      225.0000   286639  837.50%
  57717    11       27.5000    37       24.0000      225.0000   293153  837.50%
  58925    12       26.0000    30       24.0000      225.0000   299217  837.50%
  60150    12       25.5000    29       24.0000      225.0000   304871  837.50%
  61363     9       33.0000    52       24.0000      225.0000   310533  837.50%
  62579    11       25.5000    33       24.0000      225.0000   317150  837.50%
  63799    11        cutoff             24.0000      225.0000   323119  837.50%
  64996    11       27.0000    34       24.0000      225.0000   329262  837.50%
Elapsed real time = 133.40 sec. (tree size =  0.44 MB, solutions = 5)
  66210     7       25.0000    34       24.0000      225.0000   335322  837.50%
  67401    12       26.0000    32       24.0000      225.0000   342270  837.50%
  68609    11       29.5000    41       24.0000      225.0000   349066  837.50%
  69807    11       26.5000    33       24.0000      225.0000   355874  837.50%
  71013    10       30.5000    45       24.0000      225.0000   362056  837.50%
  72225    10       30.0000    42       24.0000      225.0000   368229  837.50%
  73442     9        cutoff             24.0000      225.0000   374553  837.50%
  74656    11       25.5000    33       24.0000      225.0000   380744  837.50%
  75870    13       25.0000    28       24.0000      225.0000   386507  837.50%
  77079    11       26.5000    35       24.0000      225.0000   392335  837.50%
Elapsed real time = 158.05 sec. (tree size =  0.44 MB, solutions = 5)
  78280    11       25.5000    29       24.0000      225.0000   398412  837.50%
  79495    11       26.5000    35       24.0000      225.0000   404741  837.50%
  80713     9       35.0000    56       24.0000      225.0000   410696  837.50%
  81929    12       25.5000    31       24.0000      225.0000   416348  837.50%
  83150    11        cutoff             24.0000      225.0000   421890  837.50%
  84373    11       28.0000    38       24.0000      225.0000   427086  837.50%
  85592     9       25.0000    32       24.0000      225.0000   432293  837.50%
  86791     9       37.5000    61       24.0000      225.0000   438494  837.50%
  87994    11       26.0000    34       24.0000      225.0000   444731  837.50%
  89206    10       31.5000    47       24.0000      225.0000   450821  837.50%
Elapsed real time = 182.62 sec. (tree size =  0.44 MB, solutions = 5)
  90414    11       27.0000    36       24.0000      225.0000   457303  837.50%
  91624    11       25.5000    33       24.0000      225.0000   463363  837.50%
  92833    10        cutoff             24.0000      225.0000   469490  837.50%
  94039     9        cutoff             24.0000      225.0000   476045  837.50%
  95251    11        cutoff             24.0000      225.0000   482400  837.50%
  96471    11       26.0000    34       24.0000      225.0000   488705  837.50%
  97686    10       26.5000    35       24.0000      225.0000   494727  837.50%
  98904    11        cutoff             24.0000      225.0000   500368  837.50%
 100109    11        cutoff             24.0000      225.0000   506448  837.50%
 101320    11       27.0000    36       24.0000      225.0000   512911  837.50%
Elapsed real time = 207.25 sec. (tree size =  0.44 MB, solutions = 5)
 102530     8        cutoff             24.0000      225.0000   518540  837.50%
 103744    10        cutoff             24.0000      225.0000   524750  837.50%
 104963    11       26.0000    34       24.0000      225.0000   530380  837.50%
 106166    11       26.0000    34       24.0000      225.0000   536233  837.50%
 107386     9       29.0000    44       24.0000      225.0000   541749  837.50%
 108603    10        cutoff             24.0000      225.0000   547828  837.50%
 109821    10        cutoff             24.0000      225.0000   554020  837.50%
 111040     9        cutoff             24.0000      225.0000   560180  837.50%
 112246     9       34.0000    54       24.0000      225.0000   566668  837.50%
 113455    11       26.5000    33       24.0000      225.0000   572671  837.50%
Elapsed real time = 231.75 sec. (tree size =  0.44 MB, solutions = 5)
 114670    11       25.5000    33       24.0000      225.0000   578923  837.50%
 115894     9        cutoff             24.0000      225.0000   584527  837.50%
 117110    11        cutoff             24.0000      225.0000   590258  837.50%
 118353    11       25.0000    30       24.0000      225.0000   596385  837.50%
 119581    11       27.5000    37       24.0000      225.0000   602098  837.50%
 120822    10       25.0000    32       24.0000      225.0000   607043  837.50%
 122046    11       26.5000    35       24.0000      225.0000   612271  837.50%
 123262    11       25.5000    33       24.0000      225.0000   618542  837.50%
 124476     9        cutoff             24.0000      225.0000   624847  837.50%
 125709    11       26.5000    35       24.0000      225.0000   630386  837.50%
Elapsed real time = 256.26 sec. (tree size =  0.44 MB, solutions = 5)
 126928    11       26.5000    35       24.0000      225.0000   636022  837.50%
 128163    10        cutoff             24.0000      225.0000   641069  837.50%
 129377    11       27.0000    36       24.0000      225.0000   646948  837.50%
 130610    12       25.5000    29       24.0000      225.0000   652803  837.50%
 131840    10       25.0000    32       24.0000      225.0000   658284  837.50%
 133063    10       25.0000    32       24.0000      225.0000   664092  837.50%
 134299     9        cutoff             24.0000      225.0000   669751  837.50%
 135536    10       26.5000    37       24.0000      225.0000   675599  837.50%
 136786     9        cutoff             24.0000      225.0000   681059  837.50%
 138019    11        cutoff             24.0000      225.0000   686706  837.50%
Elapsed real time = 280.78 sec. (tree size =  0.24 MB, solutions = 5)
 139218    13       25.0000    28       24.0000      225.0000   693094  837.50%
 140442    10        cutoff             24.0000      225.0000   699108  837.50%
 141663    10       26.0000    36       24.0000      225.0000   705126  837.50%
 142882    11        cutoff             24.0000      225.0000   711034  837.50%
 144094    11        cutoff             24.0000      225.0000   717274  837.50%
 145288    12       29.0000    36       24.0000      225.0000   723667  837.50%
 146494    11       25.0000    24       24.0000      225.0000   730008  837.50%
 147705    11       32.0000    46       24.0000      225.0000   735956  837.50%
 148920    12       25.0000    30       24.0000      225.0000   742774  837.50%
 150124    10        cutoff             24.0000      225.0000   749674  837.50%
Elapsed real time = 305.37 sec. (tree size =  0.23 MB, solutions = 5)
 151336    11       25.5000    31       24.0000      225.0000   756255  837.50%
 152575    12       25.0000    26       24.0000      225.0000   761608  837.50%
 153787    10       25.5000    31       24.0000      225.0000   767659  837.50%
 155008    12       26.5000    31       24.0000      225.0000   773892  837.50%
 156226    10       25.0000    32       24.0000      225.0000   780127  837.50%
 157434    10       30.0000    44       24.0000      225.0000   785990  837.50%
 158649    10       31.5000    45       24.0000      225.0000   792612  837.50%
 159866    11       28.0000    38       24.0000      225.0000   798918  837.50%
 161084    10       25.0000    30       24.0000      225.0000   804988  837.50%
 162309    11       26.0000    32       24.0000      225.0000   810520  837.50%
Elapsed real time = 329.97 sec. (tree size =  0.23 MB, solutions = 5)
 163527    10        cutoff             24.0000      225.0000   816442  837.50%
 164747    10        cutoff             24.0000      225.0000   822480  837.50%
 165955    11       26.0000    32       24.0000      225.0000   828632  837.50%
 167170     9        cutoff             24.0000      225.0000   834858  837.50%
 168383     9        cutoff             24.0000      225.0000   841140  837.50%
 169597    11       27.5000    37       24.0000      225.0000   847686  837.50%
 170811     9        cutoff             24.0000      225.0000   853604  837.50%
 172019    11       26.0000    34       24.0000      225.0000   859726  837.50%
 173223    10       29.0000    42       24.0000      225.0000   866018  837.50%
 174426     9        cutoff             24.0000      225.0000   872255  837.50%
Elapsed real time = 354.56 sec. (tree size =  0.23 MB, solutions = 5)
 175630     9        cutoff             24.0000      225.0000   878615  837.50%
 176828    10        cutoff             24.0000      225.0000   884825  837.50%
 178039    11       26.5000    33       24.0000      225.0000   891075  837.50%
 179254    11        cutoff             24.0000      225.0000   897315  837.50%
 180468     9        cutoff             24.0000      225.0000   903694  837.50%
 181680    10        cutoff             24.0000      225.0000   910196  837.50%
 182891    11       27.0000    32       24.0000      225.0000   916516  837.50%
 184113    10       25.0000    28       24.0000      225.0000   922541  837.50%
 185336     9       25.0000    32       24.0000      225.0000   928999  837.50%
 186542    10       25.0000    32       24.0000      225.0000   935084  837.50%
Elapsed real time = 379.14 sec. (tree size =  0.23 MB, solutions = 5)
 187757    11       25.5000    31       24.0000      225.0000   941424  837.50%
 188966    11       27.0000    36       24.0000      225.0000   947381  837.50%
 190178    10        cutoff             24.0000      225.0000   953312  837.50%
 191395    11        cutoff             24.0000      225.0000   959077  837.50%
 192619    10       25.0000    28       24.0000      225.0000   965319  837.50%
 193833    10        cutoff             24.0000      225.0000   971641  837.50%
 195046    11       28.0000    38       24.0000      225.0000   977878  837.50%
 196263    11       25.5000    31       24.0000      225.0000   984071  837.50%
 197469    10        cutoff             24.0000      225.0000   990548  837.50%
 198699    11       25.5000    33       24.0000      225.0000   996279  837.50%
Elapsed real time = 403.73 sec. (tree size =  0.23 MB, solutions = 5)
 199918    13       25.5000    25       24.0000      225.0000  1002448  837.50%
 201138    12       27.5000    33       24.0000      225.0000  1008707  837.50%
 202364    10       25.0000    26       24.0000      225.0000  1014720  837.50%
 203581    11       25.0000    26       24.0000      225.0000  1020986  837.50%
 204793    10        cutoff             24.0000      225.0000  1027162  837.50%
 206004    11       26.0000    32       24.0000      225.0000  1033408  837.50%
 207216    10       25.0000    30       24.0000      225.0000  1039522  837.50%
 208436    11       26.5000    33       24.0000      225.0000  1045611  837.50%
 209651    12       26.5000    31       24.0000      225.0000  1051370  837.50%
 210866    11       29.5000    41       24.0000      225.0000  1057729  837.50%
Elapsed real time = 428.31 sec. (tree size =  0.23 MB, solutions = 5)
 212085    10       28.5000    41       24.0000      225.0000  1064363  837.50%
 213305    11       25.0000    24       24.0000      225.0000  1070784  837.50%
 214521     8       25.0000    32       24.0000      225.0000  1076986  837.50%
 215717    10        cutoff             24.0000      225.0000  1084062  837.50%
 216934    10       25.0000    30       24.0000      225.0000  1090480  837.50%
 218150    10       28.5000    41       24.0000      225.0000  1096638  837.50%
 219367    10        cutoff             24.0000      225.0000  1102987  837.50%
 220583    11       25.5000    31       24.0000      225.0000  1109586  837.50%
 221791    12       27.0000    34       24.0000      225.0000  1115951  837.50%
 223005    10        cutoff             24.0000      225.0000  1122438  837.50%
Elapsed real time = 452.99 sec. (tree size =  0.23 MB, solutions = 5)
 224210    10       30.0000    44       24.0000      225.0000  1128985  837.50%
 225417     9        cutoff             24.0000      225.0000  1135646  837.50%
 226631    11        cutoff             24.0000      225.0000  1142328  837.50%
 227840     9        cutoff             24.0000      225.0000  1149018  837.50%
 229047    10       25.0000    30       24.0000      225.0000  1155565  837.50%
 230271    11       26.5000    31       24.0000      225.0000  1161919  837.50%
 231489    11       29.0000    38       24.0000      225.0000  1168256  837.50%
 232705    10        cutoff             24.0000      225.0000  1174360  837.50%
 233916    10        cutoff             24.0000      225.0000  1180947  837.50%
 235135    10        cutoff             24.0000      225.0000  1187190  837.50%
Elapsed real time = 477.65 sec. (tree size =  0.23 MB, solutions = 5)
 236374    10       25.0000    32       24.0000      225.0000  1192982  837.50%
 237601    11       26.0000    32       24.0000      225.0000  1198690  837.50%
 238827    11       25.5000    31       24.0000      225.0000  1204510  837.50%
 240058    10       25.5000    33       24.0000      225.0000  1209499  837.50%
 241277    10        cutoff             24.0000      225.0000  1215901  837.50%
 242492    10        cutoff             24.0000      225.0000  1222052  837.50%
 243707    13       26.0000    30       24.0000      225.0000  1227833  837.50%
 244922    10       26.0000    34       24.0000      225.0000  1233923  837.50%
 246132    11       25.5000    33       24.0000      225.0000  1240249  837.50%
 247341    10       25.5000    35       24.0000      225.0000  1246301  837.50%
Elapsed real time = 502.19 sec. (tree size =  0.23 MB, solutions = 5)
 248577     9       25.0000    34       24.0000      225.0000  1251808  837.50%
 249803    11       25.5000    25       24.0000      225.0000  1257411  837.50%
 251032    11       25.5000    31       24.0000      225.0000  1262929  837.50%
 252252    11       27.0000    36       24.0000      225.0000  1268597  837.50%
 253474     9        cutoff             24.0000      225.0000  1274043  837.50%
 254678    11       27.5000    37       24.0000      225.0000  1280710  837.50%
 255869    11       26.0000    34       24.0000      225.0000  1287554  837.50%
 257064    10        cutoff             24.0000      225.0000  1294381  837.50%
 258263    11       26.5000    35       24.0000      225.0000  1301091  837.50%
 259466     9       25.0000    32       24.0000      225.0000  1307621  837.50%
Elapsed real time = 526.80 sec. (tree size =  0.23 MB, solutions = 5)
 260673    11       26.5000    33       24.0000      225.0000  1313911  837.50%
 261883     9        cutoff             24.0000      225.0000  1320096  837.50%
 263088    11       27.5000    37       24.0000      225.0000  1326317  837.50%
 264299    12       25.5000    31       24.0000      225.0000  1332103  837.50%
 265508    11        cutoff             24.0000      225.0000  1338670  837.50%
 266706    12       25.5000    27       24.0000      225.0000  1345061  837.50%
 267920    12       27.5000    35       24.0000      225.0000  1351169  837.50%
 269124     9        cutoff             24.0000      225.0000  1357430  837.50%
 270321    12       25.5000    31       24.0000      225.0000  1364097  837.50%
 271539    11        cutoff             24.0000      225.0000  1370109  837.50%
Elapsed real time = 551.40 sec. (tree size =  0.24 MB, solutions = 5)
*272111    11      integral     0       25.0000      225.0000  1373002  800.00%
 273302    11       26.0000    32       25.0000      225.0000  1379842  800.00%
 274497    10        cutoff             25.0000      225.0000  1386422  800.00%
 275706    10        cutoff             25.0000      225.0000  1393021  800.00%
 276921    10       29.0000    42       25.0000      225.0000  1399308  800.00%
 278122     9        cutoff             25.0000      225.0000  1405600  800.00%
 279316    10        cutoff             25.0000      225.0000  1412493  800.00%
 280518     9        cutoff             25.0000      225.0000  1419109  800.00%
 281720     9        cutoff             25.0000      225.0000  1425579  800.00%
 282923    10       28.0000    40       25.0000      225.0000  1432284  800.00%
Elapsed real time = 574.80 sec. (tree size =  0.23 MB, solutions = 6)
 284125    10        cutoff             25.0000      225.0000  1438720  800.00%
 285337    11       27.5000    37       25.0000      225.0000  1445135  800.00%
 286558    11       26.5000    35       25.0000      225.0000  1451273  800.00%
 287759    11       27.5000    37       25.0000      225.0000  1458265  800.00%
 288965     8       26.0000    38       25.0000      225.0000  1464916  800.00%
 290173     8        cutoff             25.0000      225.0000  1471496  800.00%
 291373    10       29.5000    43       25.0000      225.0000  1478235  800.00%
 292578    10       27.0000    38       25.0000      225.0000  1485260  800.00%
 293785    10       26.5000    37       25.0000      225.0000  1491920  800.00%
 294981    11        cutoff             25.0000      225.0000  1499292  800.00%
Elapsed real time = 599.56 sec. (tree size =  0.24 MB, solutions = 6)
 296175    11       30.5000    43       25.0000      225.0000  1506278  800.00%
 297365    11       26.0000    34       25.0000      225.0000  1513161  800.00%
 298565    11       28.0000    38       25.0000      225.0000  1520199  800.00%
 299773    10        cutoff             25.0000      225.0000  1526521  800.00%
 300970    12       26.0000    28       25.0000      225.0000  1533189  800.00%
 302170    10       29.0000    42       25.0000      225.0000  1539646  800.00%
 303376    10        cutoff             25.0000      225.0000  1545790  800.00%
 304573    10       31.0000    46       25.0000      225.0000  1552334  800.00%
 305775    12       26.5000    31       25.0000      225.0000  1558659  800.00%
 306967    10       33.5000    51       25.0000      225.0000  1565199  800.00%
Elapsed real time = 624.28 sec. (tree size =  0.23 MB, solutions = 6)
 308178    10        cutoff             25.0000      225.0000  1572090  800.00%
 309394    10        cutoff             25.0000      225.0000  1578458  800.00%
 310600    10        cutoff             25.0000      225.0000  1584695  800.00%
 311809    10        cutoff             25.0000      225.0000  1590950  800.00%
 313029    11       26.5000    35       25.0000      225.0000  1597308  800.00%
 314253     9        cutoff             25.0000      225.0000  1603301  800.00%
 315468    11       30.0000    42       25.0000      225.0000  1609456  800.00%
 316680    10       26.5000    37       25.0000      225.0000  1615686  800.00%
 317885    12       26.5000    33       25.0000      225.0000  1622371  800.00%
 319085    10        cutoff             25.0000      225.0000  1629222  800.00%
Elapsed real time = 1559.50 sec. (tree size =  0.23 MB, solutions = 6)
 320289    12       28.5000    37       25.0000      225.0000  1636185  800.00%
 321490    10       26.5000    37       25.0000      225.0000  1643027  800.00%
 322700     8       26.0000    34       25.0000      225.0000  1649156  800.00%
 323917    11       27.0000    34       25.0000      225.0000  1655305  800.00%
 325117    11       26.0000    32       25.0000      225.0000  1662180  800.00%
 326330    11       26.5000    35       25.0000      225.0000  1668801  800.00%
 327535    10       26.0000    36       25.0000      225.0000  1675441  800.00%
 328767    11       26.0000    32       25.0000      225.0000  1681135  800.00%
 329989     8        cutoff             25.0000      225.0000  1686829  800.00%
 331199    10        cutoff             25.0000      225.0000  1693416  800.00%
Elapsed real time = 1584.49 sec. (tree size =  0.23 MB, solutions = 6)
 332411    10        cutoff             25.0000      225.0000  1699822  800.00%
 333630     9        cutoff             25.0000      225.0000  1706234  800.00%
 334841    11       27.0000    36       25.0000      225.0000  1712279  800.00%
 336069    12       27.5000    35       25.0000      225.0000  1718313  800.00%
 337268     9       34.5000    55       25.0000      225.0000  1724637  800.00%
 338473    11       26.5000    33       25.0000      225.0000  1731271  800.00%
 339686    11       26.0000    32       25.0000      225.0000  1737496  800.00%
 340900     9        cutoff             25.0000      225.0000  1744194  800.00%
 342113    10        cutoff             25.0000      225.0000  1750765  800.00%
 343331    13       26.5000    31       25.0000      225.0000  1757193  800.00%
Elapsed real time = 1609.46 sec. (tree size =  0.24 MB, solutions = 6)
 344559    10       26.0000    36       25.0000      225.0000  1762701  800.00%
 345760    10        cutoff             25.0000      225.0000  1769137  800.00%
 346972    10       29.0000    42       25.0000      225.0000  1775059  800.00%
 348187    10        cutoff             25.0000      225.0000  1781600  800.00%
 349397     9        cutoff             25.0000      225.0000  1787925  800.00%
 350604    10        cutoff             25.0000      225.0000  1794657  800.00%
 351802    10       29.5000    43       25.0000      225.0000  1801839  800.00%
 352999     9        cutoff             25.0000      225.0000  1809019  800.00%
 354204    10       32.0000    48       25.0000      225.0000  1815714  800.00%
 355422     9        cutoff             25.0000      225.0000  1821986  800.00%
Elapsed real time = 1636.10 sec. (tree size =  0.23 MB, solutions = 6)
 356642    10        cutoff             25.0000      225.0000  1828208  800.00%
 357830    11       26.5000    35       25.0000      225.0000  1835520  800.00%
 359026    10       26.5000    37       25.0000      225.0000  1842797  800.00%
 360226    11        cutoff             25.0000      225.0000  1849914  800.00%
 361430    10        cutoff             25.0000      225.0000  1856968  800.00%
 362628    10        cutoff             25.0000      225.0000  1864392  800.00%
 363835    11       27.0000    34       25.0000      225.0000  1871142  800.00%
 365041    10        cutoff             25.0000      225.0000  1877863  800.00%
 366252    11       28.0000    38       25.0000      225.0000  1884058  800.00%
 367456    10       29.0000    42       25.0000      225.0000  1891558  800.00%
Elapsed real time = 1665.93 sec. (tree size =  0.23 MB, solutions = 6)
 368642    11       26.5000    35       25.0000      225.0000  1899151  800.00%
 369832     9        cutoff             25.0000      225.0000  1906436  800.00%
 371028    10       29.5000    43       25.0000      225.0000  1913778  800.00%
 372232    12       26.5000    33       25.0000      225.0000  1920679  800.00%
 373439    11       27.5000    35       25.0000      225.0000  1927488  800.00%
 374646    10       26.0000    26       25.0000      225.0000  1934405  800.00%
 375842    11       28.0000    36       25.0000      225.0000  1940907  800.00%
 377033    11       28.5000    39       25.0000      225.0000  1948672  800.00%
 378222    11       28.0000    36       25.0000      225.0000  1956233  800.00%
 379408    12       28.0000    36       25.0000      225.0000  1963918  800.00%
Elapsed real time = 1698.39 sec. (tree size =  0.24 MB, solutions = 6)
 380605    12       26.5000    33       25.0000      225.0000  1970900  800.00%
 381800    11       27.5000    37       25.0000      225.0000  1978455  800.00%
 382997    12       27.5000    35       25.0000      225.0000  1986029  800.00%
 384187    11        cutoff             25.0000      225.0000  1993762  800.00%
 385391    10        cutoff             25.0000      225.0000  2001079  800.00%
 386586    11       26.5000    33       25.0000      225.0000  2008046  800.00%
 387796    11       26.0000    32       25.0000      225.0000  2014762  800.00%
 389001    10        cutoff             25.0000      225.0000  2021938  800.00%
 390206    11       28.0000    38       25.0000      225.0000  2028871  800.00%
 391414    11        cutoff             25.0000      225.0000  2035824  800.00%
Elapsed real time = 1730.73 sec. (tree size =  0.24 MB, solutions = 6)
 392622    10       28.5000    41       25.0000      225.0000  2042826  800.00%
 393830    11       27.5000    37       25.0000      225.0000  2049558  800.00%
 395038    11       27.0000    36       25.0000      225.0000  2056185  800.00%
 396232    12       26.0000    32       25.0000      225.0000  2063936  800.00%
 397431    10        cutoff             25.0000      225.0000  2071717  800.00%
 398621    12       27.0000    34       25.0000      225.0000  2079466  800.00%
 399826    11       26.0000    24       25.0000      225.0000  2086404  800.00%
 401031    11       27.0000    36       25.0000      225.0000  2093212  800.00%
 402244    10        cutoff             25.0000      225.0000  2100147  800.00%
 403441    11       27.5000    35       25.0000      225.0000  2107230  800.00%
Elapsed real time = 1762.94 sec. (tree size =  0.23 MB, solutions = 6)
 404661    11       27.5000    37       25.0000      225.0000  2113805  800.00%
 405874    10       27.5000    39       25.0000      225.0000  2120127  800.00%
 407068     7        cutoff             25.0000      225.0000  2127227  800.00%
 408281    11       26.5000    33       25.0000      225.0000  2134163  800.00%
 409502    10       29.5000    43       25.0000      225.0000  2140482  800.00%
 410707    11       27.0000    36       25.0000      225.0000  2148040  800.00%
 411908    11       27.5000    35       25.0000      225.0000  2155076  800.00%
 413106     9        cutoff             25.0000      225.0000  2161918  800.00%
 414298    10       30.5000    45       25.0000      225.0000  2169378  800.00%
 415491    12       26.5000    31       25.0000      225.0000  2176764  800.00%
Elapsed real time = 1795.67 sec. (tree size =  0.24 MB, solutions = 6)
 416694     9       26.0000    30       25.0000      225.0000  2183595  800.00%
 417896    10        cutoff             25.0000      225.0000  2190472  800.00%
 419102    12       26.5000    33       25.0000      225.0000  2197614  800.00%
 420305     9        cutoff             25.0000      225.0000  2204261  800.00%
 421521    10       26.0000    32       25.0000      225.0000  2211004  800.00%
 422738    11       28.0000    38       25.0000      225.0000  2217363  800.00%
 423954    12       27.0000    28       25.0000      225.0000  2223582  800.00%
 425173    10       26.5000    37       25.0000      225.0000  2229753  800.00%
 426383    11        cutoff             25.0000      225.0000  2237163  800.00%
 427603     9        cutoff             25.0000      225.0000  2243420  800.00%
Elapsed real time = 1828.06 sec. (tree size =  0.23 MB, solutions = 6)
 428811    11        cutoff             25.0000      225.0000  2250187  800.00%
 430023    11       26.5000    35       25.0000      225.0000  2256934  800.00%
 431219    11       28.5000    39       25.0000      225.0000  2264557  800.00%
 432426     8       26.0000    34       25.0000      225.0000  2271866  800.00%
 433627    11       26.0000    32       25.0000      225.0000  2278594  800.00%
 434834    11       27.5000    37       25.0000      225.0000  2285064  800.00%
 436037     9        cutoff             25.0000      225.0000  2292043  800.00%
 437245    10       35.5000    55       25.0000      225.0000  2298896  800.00%
 438451    10       26.0000    32       25.0000      225.0000  2305884  800.00%
 439659    11       26.5000    33       25.0000      225.0000  2312128  800.00%
Elapsed real time = 1860.37 sec. (tree size =  0.23 MB, solutions = 6)
 440867    11       26.0000    34       25.0000      225.0000  2319008  800.00%
 442070    10       28.5000    41       25.0000      225.0000  2326179  800.00%
 443276    11       28.0000    36       25.0000      225.0000  2332798  800.00%
 444484    10        cutoff             25.0000      225.0000  2339382  800.00%
 445704    12       26.5000    29       25.0000      225.0000  2345766  800.00%
 446926    11       26.0000    32       25.0000      225.0000  2351808  800.00%
 448132     8        cutoff             25.0000      225.0000  2358233  800.00%
 449342    11       28.5000    39       25.0000      225.0000  2364589  800.00%
 450547    11       27.0000    36       25.0000      225.0000  2371174  800.00%
 451760    11       27.5000    37       25.0000      225.0000  2377569  800.00%
Elapsed real time = 1892.94 sec. (tree size =  0.23 MB, solutions = 6)
 452971    11       27.5000    37       25.0000      225.0000  2383586  800.00%
 454189    11       28.5000    35       25.0000      225.0000  2389495  800.00%
 455391    12       26.5000    29       25.0000      225.0000  2396012  800.00%
 456617    11       29.0000    40       25.0000      225.0000  2401699  800.00%
 457844     9       26.0000    36       25.0000      225.0000  2407369  800.00%
 459062    10       33.5000    51       25.0000      225.0000  2413691  800.00%
 460286     9        cutoff             25.0000      225.0000  2419920  800.00%
 461523     9       35.0000    56       25.0000      225.0000  2425776  800.00%
 462747    11       30.5000    43       25.0000      225.0000  2432476  800.00%
 463950    10        cutoff             25.0000      225.0000  2439777  800.00%
Elapsed real time = 1925.41 sec. (tree size =  0.23 MB, solutions = 6)
 465160    12       26.0000    28       25.0000      225.0000  2446432  800.00%
 466378    10       27.0000    38       25.0000      225.0000  2452809  800.00%
 467603     9        cutoff             25.0000      225.0000  2459609  800.00%
 468808    11       27.5000    37       25.0000      225.0000  2466328  800.00%
 470016     9        cutoff             25.0000      225.0000  2472984  800.00%
 471231    11       29.5000    41       25.0000      225.0000  2479108  800.00%
 472448     9        cutoff             25.0000      225.0000  2485449  800.00%
 473669    10        cutoff             25.0000      225.0000  2491831  800.00%
 474877     9       30.5000    47       25.0000      225.0000  2498262  800.00%
 476073    10        cutoff             25.0000      225.0000  2505511  800.00%
Elapsed real time = 1957.76 sec. (tree size =  0.23 MB, solutions = 6)
 477272    10        cutoff             25.0000      225.0000  2512343  800.00%
 478484    11       28.5000    37       25.0000      225.0000  2518766  800.00%
 479706    11       28.5000    39       25.0000      225.0000  2524776  800.00%
 480933    11       27.5000    37       25.0000      225.0000  2530507  800.00%
 482135    11       27.0000    36       25.0000      225.0000  2536931  800.00%
 483332    10       29.5000    43       25.0000      225.0000  2543633  800.00%
 484541    11       27.0000    34       25.0000      225.0000  2550460  800.00%
 485745    10       34.5000    53       25.0000      225.0000  2557387  800.00%
 486949    11        cutoff             25.0000      225.0000  2564232  800.00%
 488173    10       29.0000    42       25.0000      225.0000  2570400  800.00%
Elapsed real time = 1989.87 sec. (tree size =  0.23 MB, solutions = 6)
 489412     9       26.0000    34       25.0000      225.0000  2576325  800.00%
 490629    11       26.5000    31       25.0000      225.0000  2582797  800.00%
 491850    11       27.0000    36       25.0000      225.0000  2589083  800.00%
 493079     9        cutoff             25.0000      225.0000  2595080  800.00%
 494298     9        cutoff             25.0000      225.0000  2600807  800.00%
 495541    11       27.0000    36       25.0000      225.0000  2606350  800.00%
 496774    10       29.5000    43       25.0000      225.0000  2612049  800.00%
 498001    11       29.0000    38       25.0000      225.0000  2617979  800.00%
 499215     9        cutoff             25.0000      225.0000  2624100  800.00%
 500429    11       27.0000    36       25.0000      225.0000  2630327  800.00%
Elapsed real time = 2022.11 sec. (tree size =  0.23 MB, solutions = 6)
 501659    10        cutoff             25.0000      225.0000  2635850  800.00%
 502885    10       28.5000    41       25.0000      225.0000  2641865  800.00%
 504116    10        cutoff             25.0000      225.0000  2647884  800.00%
 505354    12       26.0000    30       25.0000      225.0000  2653611  800.00%
 506580    11       26.0000    32       25.0000      225.0000  2659716  800.00%
 507818     9       26.0000    34       25.0000      225.0000  2665458  800.00%
 509041     9       26.0000    34       25.0000      225.0000  2671326  800.00%
 510263    11       26.0000    32       25.0000      225.0000  2677629  800.00%
 511474    12       27.5000    33       25.0000      225.0000  2684430  800.00%
 512680    11       26.5000    33       25.0000      225.0000  2691306  800.00%
Elapsed real time = 2054.12 sec. (tree size =  0.23 MB, solutions = 6)
 513878    10       26.0000    34       25.0000      225.0000  2698083  800.00%
 515079    10        cutoff             25.0000      225.0000  2704875  800.00%
 516275    12       26.5000    31       25.0000      225.0000  2711874  800.00%
 517477     9       32.0000    50       25.0000      225.0000  2718612  800.00%
 518670    11       29.5000    41       25.0000      225.0000  2725833  800.00%
 519873    11        cutoff             25.0000      225.0000  2732985  800.00%
 521081    11        cutoff             25.0000      225.0000  2740157  800.00%
 522284     9        cutoff             25.0000      225.0000  2747194  800.00%
 523492    10       29.0000    42       25.0000      225.0000  2754025  800.00%
 524692    10        cutoff             25.0000      225.0000  2761086  800.00%
Elapsed real time = 2087.24 sec. (tree size =  0.23 MB, solutions = 6)
 525893    11        cutoff             25.0000      225.0000  2767981  800.00%
 527094    10       35.0000    54       25.0000      225.0000  2774625  800.00%
 528289    10       29.0000    42       25.0000      225.0000  2781451  800.00%
 529487    10       26.5000    35       25.0000      225.0000  2787889  800.00%
 530689    10       26.0000    34       25.0000      225.0000  2794630  800.00%
 531900     9       35.0000    56       25.0000      225.0000  2801103  800.00%
 533108    10       27.5000    39       25.0000      225.0000  2807806  800.00%
 534305    10        cutoff             25.0000      225.0000  2814752  800.00%
 535506     9       26.0000    34       25.0000      225.0000  2821559  800.00%
 536717    10       27.0000    38       25.0000      225.0000  2828199  800.00%
Elapsed real time = 2133.13 sec. (tree size =  0.23 MB, solutions = 6)
 537923    11       26.0000    34       25.0000      225.0000  2834957  800.00%
 539120     9        cutoff             25.0000      225.0000  2842250  800.00%
 540304    10        cutoff             25.0000      225.0000  2849282  800.00%
 541510    11       26.5000    35       25.0000      225.0000  2856092  800.00%
 542710    11       29.0000    36       25.0000      225.0000  2863131  800.00%
 543906    11       27.5000    35       25.0000      225.0000  2869757  800.00%
 545105    10       26.5000    37       25.0000      225.0000  2876645  800.00%
 546311     9        cutoff             25.0000      225.0000  2883477  800.00%
 547524    10       27.0000    38       25.0000      225.0000  2889680  800.00%
 548726    10       30.5000    45       25.0000      225.0000  2896375  800.00%
Elapsed real time = 2166.76 sec. (tree size =  0.23 MB, solutions = 6)
 549943    11       26.5000    35       25.0000      225.0000  2902672  800.00%
 551163    10       26.5000    35       25.0000      225.0000  2908668  800.00%
 552357    10        cutoff             25.0000      225.0000  2915164  800.00%
 553561    11        cutoff             25.0000      225.0000  2921307  800.00%
 554767    10        cutoff             25.0000      225.0000  2927889  800.00%
 555981     9        cutoff             25.0000      225.0000  2934291  800.00%
 557208    10       32.0000    48       25.0000      225.0000  2940581  800.00%
 558427    12       26.5000    31       25.0000      225.0000  2946753  800.00%
 559634    11       27.0000    34       25.0000      225.0000  2953343  800.00%
 560839     9        cutoff             25.0000      225.0000  2959568  800.00%
Elapsed real time = 2199.57 sec. (tree size =  0.23 MB, solutions = 6)
 562056    11       26.5000    35       25.0000      225.0000  2967046  800.00%
 563272    10       26.0000    36       25.0000      225.0000  2973939  800.00%
 564481    10       29.5000    43       25.0000      225.0000  2980650  800.00%
 565679    11       26.5000    33       25.0000      225.0000  2987515  800.00%
 566879    12       28.5000    37       25.0000      225.0000  2994981  800.00%
 568084    10       31.0000    46       25.0000      225.0000  3002327  800.00%
 569281    12       26.5000    33       25.0000      225.0000  3009372  800.00%
 570482    10        cutoff             25.0000      225.0000  3016322  800.00%
 571687    11       26.5000    33       25.0000      225.0000  3023184  800.00%
 572895    11       29.0000    38       25.0000      225.0000  3030236  800.00%
Elapsed real time = 2235.12 sec. (tree size =  0.23 MB, solutions = 6)
 574095    10        cutoff             25.0000      225.0000  3037240  800.00%
 575293    11       26.0000    32       25.0000      225.0000  3044456  800.00%
 576479     9        cutoff             25.0000      225.0000  3051893  800.00%
 577670     8       26.0000    36       25.0000      225.0000  3059156  800.00%
 578858    10       26.0000    34       25.0000      225.0000  3066159  800.00%
 580059    10       28.5000    41       25.0000      225.0000  3072863  800.00%
 581256    10       30.5000    45       25.0000      225.0000  3079729  800.00%
 582448    10       29.5000    43       25.0000      225.0000  3087059  800.00%
 583650     9        cutoff             25.0000      225.0000  3094354  800.00%
 584849     9       26.0000    34       25.0000      225.0000  3101370  800.00%
Elapsed real time = 2269.91 sec. (tree size =  0.23 MB, solutions = 6)
 586042    10       28.0000    36       25.0000      225.0000  3108563  800.00%
 587247     9        cutoff             25.0000      225.0000  3115819  800.00%
 588443    11       27.5000    35       25.0000      225.0000  3123039  800.00%
 589646    12       27.0000    30       25.0000      225.0000  3129762  800.00%
 590846    12       26.5000    33       25.0000      225.0000  3136450  800.00%
 592045    11       27.0000    36       25.0000      225.0000  3143488  800.00%
 593235    10       26.0000    30       25.0000      225.0000  3150708  800.00%
 594435    12       26.0000    28       25.0000      225.0000  3157678  800.00%
 595644    10       26.0000    30       25.0000      225.0000  3164191  800.00%
 596854     9       26.0000    34       25.0000      225.0000  3171123  800.00%
Elapsed real time = 2304.12 sec. (tree size =  0.23 MB, solutions = 6)
 598055    12       27.0000    34       25.0000      225.0000  3178075  800.00%
 599259    11       29.0000    40       25.0000      225.0000  3185081  800.00%
 600453    12       28.0000    36       25.0000      225.0000  3192410  800.00%
 601662    12       26.0000    32       25.0000      225.0000  3199238  800.00%
 602868    11       30.0000    40       25.0000      225.0000  3206332  800.00%
 604077     9       26.0000    36       25.0000      225.0000  3212375  800.00%
 605285     9        cutoff             25.0000      225.0000  3219432  800.00%
 606485     9        cutoff             25.0000      225.0000  3226235  800.00%
 607685    11       28.0000    34       25.0000      225.0000  3233139  800.00%
 608882     9       26.5000    37       25.0000      225.0000  3240297  800.00%
Elapsed real time = 2341.86 sec. (tree size =  0.23 MB, solutions = 6)
 610079    10       26.5000    37       25.0000      225.0000  3247486  800.00%
 611282    10       30.0000    44       25.0000      225.0000  3254159  800.00%
 612489    11       26.0000    34       25.0000      225.0000  3260851  800.00%
 613680     9       28.0000    42       25.0000      225.0000  3268096  800.00%
 614885     8        cutoff             25.0000      225.0000  3275120  800.00%
 616092    10        cutoff             25.0000      225.0000  3282027  800.00%
 617287    11       27.5000    37       25.0000      225.0000  3289512  800.00%
 618495    10        cutoff             25.0000      225.0000  3296956  800.00%
 619699    11       28.0000    32       25.0000      225.0000  3304108  800.00%
 620904    10        cutoff             25.0000      225.0000  3311062  800.00%
Elapsed real time = 2379.11 sec. (tree size =  0.23 MB, solutions = 6)
 622111    12       27.0000    32       25.0000      225.0000  3318238  800.00%
 623312    12       26.5000    33       25.0000      225.0000  3325565  800.00%
 624518    10        cutoff             25.0000      225.0000  3332869  800.00%
 625715    11       29.5000    41       25.0000      225.0000  3339753  800.00%
 626923    11       26.0000    28       25.0000      225.0000  3346328  800.00%
 628131    11       26.5000    33       25.0000      225.0000  3352854  800.00%
 629331    11       27.0000    36       25.0000      225.0000  3360228  800.00%
 630548    10       26.0000    26       25.0000      225.0000  3367138  800.00%
 631761    11       28.5000    39       25.0000      225.0000  3373769  800.00%
 632980    10        cutoff             25.0000      225.0000  3380135  800.00%
Elapsed real time = 2428.54 sec. (tree size =  0.23 MB, solutions = 6)
 634193    10        cutoff             25.0000      225.0000  3386717  800.00%
 635408    11       27.5000    37       25.0000      225.0000  3393479  800.00%
 636614    11       27.0000    36       25.0000      225.0000  3400260  800.00%
 637820    12       27.0000    34       25.0000      225.0000  3406627  800.00%
 639035    12       28.0000    34       25.0000      225.0000  3413136  800.00%
 640247    11       27.5000    35       25.0000      225.0000  3419618  800.00%
 641454     9       30.5000    45       25.0000      225.0000  3426008  800.00%
 642671    10        cutoff             25.0000      225.0000  3432766  800.00%
 643881    10       26.0000    34       25.0000      225.0000  3439029  800.00%
 645095    11       26.5000    35       25.0000      225.0000  3445574  800.00%
Elapsed real time = 2477.68 sec. (tree size =  0.23 MB, solutions = 6)
 646302    10        cutoff             25.0000      225.0000  3452314  800.00%
 647520    10       27.0000    38       25.0000      225.0000  3458820  800.00%
 648723    10       28.5000    41       25.0000      225.0000  3465710  800.00%
 649956    11       26.0000    32       25.0000      225.0000  3471914  800.00%
 651182    10       27.0000    38       25.0000      225.0000  3478524  800.00%
 652404     9       33.0000    52       25.0000      225.0000  3484883  800.00%
 653635     9       29.0000    44       25.0000      225.0000  3491019  800.00%
 654848    11       27.0000    34       25.0000      225.0000  3497808  800.00%
 656066     9        cutoff             25.0000      225.0000  3504462  800.00%
 657269    11       27.5000    37       25.0000      225.0000  3511222  800.00%
Elapsed real time = 2541.29 sec. (tree size =  0.23 MB, solutions = 6)
 658481     9        cutoff             25.0000      225.0000  3517996  800.00%
 659688    11       27.0000    36       25.0000      225.0000  3524935  800.00%
 660909    10       27.0000    38       25.0000      225.0000  3531323  800.00%
 662106    11       27.0000    36       25.0000      225.0000  3538679  800.00%
 663302    10       27.0000    38       25.0000      225.0000  3545651  800.00%
 664505    10       29.0000    38       25.0000      225.0000  3552697  800.00%
 665723    10       28.5000    39       25.0000      225.0000  3559492  800.00%
 666932    10       27.0000    36       25.0000      225.0000  3566420  800.00%
 668149    10       29.5000    43       25.0000      225.0000  3573121  800.00%
 669359    10       27.0000    36       25.0000      225.0000  3579793  800.00%
Elapsed real time = 2608.05 sec. (tree size =  0.23 MB, solutions = 6)
 670565     9       31.5000    49       25.0000      225.0000  3586405  800.00%
 671773     9       31.0000    46       25.0000      225.0000  3593389  800.00%
 672974    11       26.5000    35       25.0000      225.0000  3600206  800.00%
 674171    11       31.5000    43       25.0000      225.0000  3607199  800.00%
 675377    10       27.0000    38       25.0000      225.0000  3613682  800.00%
 676596    10        cutoff             25.0000      225.0000  3620520  800.00%
 677815     8       52.5000    93       25.0000      225.0000  3626809  800.00%
 679034    11       26.5000    35       25.0000      225.0000  3633535  800.00%
 680241    10       29.5000    43       25.0000      225.0000  3640537  800.00%
 681453    11       30.0000    42       25.0000      225.0000  3647642  800.00%
Elapsed real time = 2673.38 sec. (tree size =  0.23 MB, solutions = 6)
 682662     8       26.0000    34       25.0000      225.0000  3654183  800.00%
 683874    12       26.5000    33       25.0000      225.0000  3661342  800.00%
 685078    11       26.5000    35       25.0000      225.0000  3668088  800.00%
 686291    11       26.0000    34       25.0000      225.0000  3675028  800.00%
 687499    11       26.0000    34       25.0000      225.0000  3681429  800.00%
 688709    10        cutoff             25.0000      225.0000  3688226  800.00%
 689906    10       26.0000    36       25.0000      225.0000  3695423  800.00%
 691100    10        cutoff             25.0000      225.0000  3702800  800.00%
 692313     9       33.5000    53       25.0000      225.0000  3709441  800.00%
 693530    10       28.5000    39       25.0000      225.0000  3716322  800.00%
Elapsed real time = 2740.29 sec. (tree size =  0.23 MB, solutions = 6)
 694740    11       26.5000    35       25.0000      225.0000  3723327  800.00%
 695959    10        cutoff             25.0000      225.0000  3729884  800.00%
 697171    10       27.0000    36       25.0000      225.0000  3736493  800.00%
 698382    11       27.0000    36       25.0000      225.0000  3742566  800.00%
 699598    10        cutoff             25.0000      225.0000  3748614  800.00%
 700817     9        cutoff             25.0000      225.0000  3754607  800.00%
 702035    10       26.0000    36       25.0000      225.0000  3760785  800.00%
 703261    10       29.0000    42       25.0000      225.0000  3766970  800.00%
 704491    10       27.5000    39       25.0000      225.0000  3772377  800.00%
 705701    11       28.0000    38       25.0000      225.0000  3778608  800.00%
Elapsed real time = 2789.66 sec. (tree size =  0.23 MB, solutions = 6)
 706897    10        cutoff             25.0000      225.0000  3785664  800.00%
 708093    11       28.0000    38       25.0000      225.0000  3792655  800.00%
 709288    12       26.5000    31       25.0000      225.0000  3800208  800.00%
 710495    12       28.0000    36       25.0000      225.0000  3807039  800.00%
 711701    10       29.0000    36       25.0000      225.0000  3813959  800.00%
 712896    11       27.5000    37       25.0000      225.0000  3821433  800.00%
 714100    12       26.0000    32       25.0000      225.0000  3828607  800.00%
 715295    10       26.5000    35       25.0000      225.0000  3835773  800.00%
 716494    11       26.5000    35       25.0000      225.0000  3843102  800.00%
 717698    11       29.5000    35       25.0000      225.0000  3849847  800.00%
Elapsed real time = 2834.54 sec. (tree size =  0.23 MB, solutions = 6)
 718908    11       28.0000    38       25.0000      225.0000  3856799  800.00%
 720110    10        cutoff             25.0000      225.0000  3863858  800.00%
 721320    11       27.0000    34       25.0000      225.0000  3870716  800.00%
 722532    12       26.5000    27       25.0000      225.0000  3877351  800.00%
 723755    10       26.0000    30       25.0000      225.0000  3884191  800.00%
 724971    11       27.5000    37       25.0000      225.0000  3890766  800.00%
 726175    11       28.5000    39       25.0000      225.0000  3897839  800.00%
 727370    10       26.0000    34       25.0000      225.0000  3905159  800.00%
 728573    10        cutoff             25.0000      225.0000  3912400  800.00%
 729773    12       27.0000    32       25.0000      225.0000  3920108  800.00%
Elapsed real time = 2900.39 sec. (tree size =  0.24 MB, solutions = 6)
 730981    10       27.0000    38       25.0000      225.0000  3927134  800.00%
 732178    10        cutoff             25.0000      225.0000  3934771  800.00%
 733369    11       27.5000    37       25.0000      225.0000  3942278  800.00%
 734564     9        cutoff             25.0000      225.0000  3949481  800.00%
 735758    10        cutoff             25.0000      225.0000  3956709  800.00%
 736968    10       27.0000    34       25.0000      225.0000  3963607  800.00%
 738173    10       29.5000    41       25.0000      225.0000  3970339  800.00%
 739375    11       27.0000    36       25.0000      225.0000  3977484  800.00%
 740579    11       28.5000    39       25.0000      225.0000  3984580  800.00%
 741787    10       26.5000    37       25.0000      225.0000  3991487  800.00%
Elapsed real time = 2966.26 sec. (tree size =  0.23 MB, solutions = 6)
 743002    11       27.0000    36       25.0000      225.0000  3998375  800.00%
 744212    10        cutoff             25.0000      225.0000  4005273  800.00%
 745408    10       30.0000    44       25.0000      225.0000  4012787  800.00%
 746607    11       26.0000    32       25.0000      225.0000  4019984  800.00%
 747808    10       31.5000    47       25.0000      225.0000  4027214  800.00%
 749010    11       27.0000    36       25.0000      225.0000  4034617  800.00%
 750215    10       31.5000    47       25.0000      225.0000  4042182  800.00%
 751430    10        cutoff             25.0000      225.0000  4048999  800.00%
 752635    11       30.0000    42       25.0000      225.0000  4056348  800.00%
 753826    10       30.5000    45       25.0000      225.0000  4064144  800.00%
Elapsed real time = 3012.24 sec. (tree size =  0.23 MB, solutions = 6)
 755026    10        cutoff             25.0000      225.0000  4071556  800.00%
 756221    10       34.0000    50       25.0000      225.0000  4078860  800.00%
 757417    11       26.0000    32       25.0000      225.0000  4085982  800.00%
 758629    10       29.5000    43       25.0000      225.0000  4092716  800.00%
 759828    10       27.5000    39       25.0000      225.0000  4099719  800.00%
 761032    11       28.0000    38       25.0000      225.0000  4106924  800.00%
 762240    10       26.0000    34       25.0000      225.0000  4113681  800.00%
 763443    11       28.0000    38       25.0000      225.0000  4121357  800.00%
 764644     8        cutoff             25.0000      225.0000  4128653  800.00%
 765859    10       28.0000    40       25.0000      225.0000  4135608  800.00%
Elapsed real time = 3054.47 sec. (tree size =  0.23 MB, solutions = 6)
 767076    10       27.0000    38       25.0000      225.0000  4142215  800.00%
 768296    10        cutoff             25.0000      225.0000  4148955  800.00%
 769508    10       29.0000    40       25.0000      225.0000  4155070  800.00%
 770717    11       26.0000    34       25.0000      225.0000  4162037  800.00%
 771931    10        cutoff             25.0000      225.0000  4168768  800.00%
 773148    10       28.5000    41       25.0000      225.0000  4175337  800.00%
 774367    10       28.0000    40       25.0000      225.0000  4182368  800.00%
 775575    11       26.5000    35       25.0000      225.0000  4188815  800.00%
 776780    10       28.5000    41       25.0000      225.0000  4195647  800.00%
 777989    10        cutoff             25.0000      225.0000  4202364  800.00%
Elapsed real time = 3114.24 sec. (tree size =  0.23 MB, solutions = 6)
 779214    10       27.5000    39       25.0000      225.0000  4208512  800.00%
 780429    10       27.5000    39       25.0000      225.0000  4214806  800.00%
 781631    10       27.5000    39       25.0000      225.0000  4221171  800.00%
 782835    10       27.0000    36       25.0000      225.0000  4227492  800.00%
 784046    11       27.0000    36       25.0000      225.0000  4233638  800.00%
 785269     8       26.0000    36       25.0000      225.0000  4239318  800.00%
 786472    10       27.5000    39       25.0000      225.0000  4246431  800.00%
 787670    12       27.0000    32       25.0000      225.0000  4253685  800.00%
 788863    10        cutoff             25.0000      225.0000  4260771  800.00%
 790063    10        cutoff             25.0000      225.0000  4268054  800.00%
Elapsed real time = 3176.32 sec. (tree size =  0.23 MB, solutions = 6)
 791264    11       26.5000    35       25.0000      225.0000  4275345  800.00%
 792463    10       28.5000    41       25.0000      225.0000  4282410  800.00%
 793662     9       26.0000    34       25.0000      225.0000  4289504  800.00%
 794865     9        cutoff             25.0000      225.0000  4296427  800.00%
 796065     8        cutoff             25.0000      225.0000  4303997  800.00%
 797264    11       28.5000    39       25.0000      225.0000  4311240  800.00%
 798464    10       28.5000    41       25.0000      225.0000  4318439  800.00%
 799672    10       27.5000    39       25.0000      225.0000  4325867  800.00%
 800888    10        cutoff             25.0000      225.0000  4332873  800.00%
 802094    11       26.5000    35       25.0000      225.0000  4339494  800.00%
Elapsed real time = 3242.69 sec. (tree size =  0.23 MB, solutions = 6)
 803295    11       27.5000    35       25.0000      225.0000  4346170  800.00%
 804502    10        cutoff             25.0000      225.0000  4352814  800.00%
 805717    10        cutoff             25.0000      225.0000  4359180  800.00%
 806936    10       26.0000    30       25.0000      225.0000  4365585  800.00%
 808146     9        cutoff             25.0000      225.0000  4371894  800.00%
 809373    12       28.0000    36       25.0000      225.0000  4378170  800.00%
 810585    11       28.0000    38       25.0000      225.0000  4384449  800.00%
 811802     9        cutoff             25.0000      225.0000  4390909  800.00%
 813000    12       26.5000    31       25.0000      225.0000  4397680  800.00%
 814208     9        cutoff             25.0000      225.0000  4404188  800.00%
Elapsed real time = 3310.78 sec. (tree size =  0.23 MB, solutions = 6)
 815420     8       26.0000    36       25.0000      225.0000  4410717  800.00%
 816629    11       26.5000    35       25.0000      225.0000  4417896  800.00%
 817843    11       27.0000    36       25.0000      225.0000  4424522  800.00%
 819057    10       26.0000    30       25.0000      225.0000  4431117  800.00%
 820265     9       27.0000    38       25.0000      225.0000  4437793  800.00%
 821482    11       28.0000    38       25.0000      225.0000  4444499  800.00%
 822698     9        cutoff             25.0000      225.0000  4451096  800.00%
 823906    11       29.5000    41       25.0000      225.0000  4458219  800.00%
 825107    12       27.0000    32       25.0000      225.0000  4464984  800.00%
 826317    10       27.0000    38       25.0000      225.0000  4471882  800.00%
Elapsed real time = 3383.04 sec. (tree size =  0.23 MB, solutions = 6)
 827525    10       33.5000    51       25.0000      225.0000  4479075  800.00%
 828732    12       27.0000    34       25.0000      225.0000  4486137  800.00%
 829947    10       27.5000    37       25.0000      225.0000  4492791  800.00%
 831156    11       29.0000    40       25.0000      225.0000  4499716  800.00%
 832382     9       31.0000    48       25.0000      225.0000  4505986  800.00%
 833606    11       26.5000    33       25.0000      225.0000  4512591  800.00%
 834822    11       27.0000    36       25.0000      225.0000  4519248  800.00%
 836028     9       29.5000    45       25.0000      225.0000  4525919  800.00%
 837239    12       26.0000    32       25.0000      225.0000  4532661  800.00%
 838449    10       31.5000    47       25.0000      225.0000  4539451  800.00%
Elapsed real time = 3452.83 sec. (tree size =  0.23 MB, solutions = 6)
 839666    10       27.0000    38       25.0000      225.0000  4545626  800.00%
 840881     9        cutoff             25.0000      225.0000  4551911  800.00%
 842094    11       26.0000    34       25.0000      225.0000  4558384  800.00%
 843308     9       26.0000    34       25.0000      225.0000  4564643  800.00%
 844517    10       26.0000    34       25.0000      225.0000  4571218  800.00%
 845736    10       26.0000    36       25.0000      225.0000  4577626  800.00%
 846951    11       30.5000    43       25.0000      225.0000  4584224  800.00%
 848155    10       26.5000    37       25.0000      225.0000  4590926  800.00%
 849366    10        cutoff             25.0000      225.0000  4597851  800.00%
 850586    10       30.0000    44       25.0000      225.0000  4604494  800.00%
Elapsed real time = 3517.48 sec. (tree size =  0.23 MB, solutions = 6)
 851789    10       29.5000    43       25.0000      225.0000  4611590  800.00%
 852998    11       26.5000    27       25.0000      225.0000  4618476  800.00%
 854215    10        cutoff             25.0000      225.0000  4625314  800.00%
 855430    11       26.0000    34       25.0000      225.0000  4632502  800.00%
 856630    10       31.0000    44       25.0000      225.0000  4639962  800.00%
 857839     9       27.0000    36       25.0000      225.0000  4646770  800.00%
 859053    10        cutoff             25.0000      225.0000  4653747  800.00%
 860281     9        cutoff             25.0000      225.0000  4660193  800.00%
 861503    10       26.0000    32       25.0000      225.0000  4667010  800.00%
 862731     9        cutoff             25.0000      225.0000  4673357  800.00%
Elapsed real time = 3581.97 sec. (tree size =  0.23 MB, solutions = 6)
 863929    10       35.5000    55       25.0000      225.0000  4679979  800.00%
 865148    10       31.0000    46       25.0000      225.0000  4686281  800.00%

Root node processing (before b&c):
  Real time             =    0.70
Sequential b&c:
  Real time             = 3599.31
                          -------
Total (root+branch&cut) = 3600.01 sec.
Datos de la resolucion: 	25	3600.01
