el algoritmo 1
limiteCortesClique 0
limiteCortesCiclo 0
limiteCortesIter 0
Default row names c1, c2 ... being created.
son 1 cliques y 1 ciclos
creo todos los cortes
Clique table members: 17827.
MIP emphasis: balance optimality and feasibility.
MIP search method: traditional branch-and-cut.
Parallel mode: none, using 1 thread.
Root relaxation solution time =    0.05 sec.

        Nodes                                         Cuts/
   Node  Left     Objective  IInf  Best Integer    Best Bound    ItCnt     Gap

      0     0      225.0000   450                    225.0000      719         
      0     2      225.0000   450                    224.5000      719         
Elapsed real time =   0.26 sec. (tree size =  0.01 MB, solutions = 0)
      3     5      223.5000   447                    224.5000      753         
      5     7      222.5000   445                    224.5000      760         
      7     9      221.5000   443                    224.5000      772         
      9    11      220.5000   441                    224.5000      786         
     12    14      219.0000   438                    224.5000      801         
     14    16      218.0000   436                    224.5000      808         
     16    18      217.0000   434                    224.5000      822         
     19    21      215.5000   431                    224.5000      832         
     22    24      214.0000   428                    224.5000      846         
     30    32      210.0000   420                    224.5000      918         
Elapsed real time =   4.81 sec. (tree size =  0.28 MB, solutions = 0)
     39    41      205.5000   411                    224.5000      989         
     49    51      200.5000   401                    224.5000     1048         
     58    60      196.0000   392                    224.5000     1098         
     68    70      191.0000   382                    224.5000     1136         
     79    81      185.5000   371                    224.5000     1183         
     90    92      180.0000   360                    224.5000     1265         
    100   102      175.0000   350                    224.5000     1319         
    111   113      169.5000   339                    224.5000     1377         
    123   125      163.5000   327                    224.5000     1420         
    134   136      158.0000   316                    224.5000     1476         
Elapsed real time =  16.50 sec. (tree size =  0.54 MB, solutions = 0)
    143   145      153.5000   307                    224.5000     1543         
    155   157      147.5000   295                    224.5000     1618         
    167   169      141.5000   283                    224.5000     1655         
    180   182      135.0000   270                    224.5000     1699         
    192   194      129.0000   258                    224.5000     1763         
    205   207      122.5000   245                    224.5000     1806         
    218   220      116.0000   232                    224.5000     1851         
    230   232      110.0000   220                    224.5000     1919         
    244   246      103.0000   206                    224.5000     1986         
    258   260       96.0000   192                    224.5000     2044         
Elapsed real time =  27.17 sec. (tree size =  0.85 MB, solutions = 0)
    272   274       89.0000   178                    224.5000     2103         
    285   287       82.5000   165                    224.5000     2163         
    299   301       75.5000   151                    224.5000     2227         
    314   316       68.0000   136                    224.5000     2281         
    329   331       60.5000   121                    224.5000     2338         
    345   347       52.5000   105                    224.5000     2400         
    363   365       43.5000    87                    224.5000     2470         
    381   383       34.5000    69                    224.5000     2552         
    401   403       24.5000    45                    224.5000     2629         
*   410   405      integral     0       20.0000      224.5000     2651     --- 
Elapsed real time =  35.22 sec. (tree size =  1.20 MB, solutions = 1)
*   428   400      integral     0       21.0000      224.5000     2718  969.05%
    471   398       25.0000    48       21.0000      224.5000     2974  969.05%
    511   396       25.0000    48       21.0000      224.5000     3197  969.05%
    547   394       22.5000    42       21.0000      224.5000     3394  969.05%
    579   393       23.0000    43       21.0000      224.5000     3578  969.05%
    614   393       24.0000    44       21.0000      224.5000     3783  969.05%
    654   393       23.5000    37       21.0000      224.5000     4001  969.05%
    691   392       23.0000    43       21.0000      224.5000     4191  969.05%
    727   391       27.5000    51       21.0000      224.5000     4395  969.05%
    756   394       23.5000    38       21.0000      224.5000     4551  969.05%
Elapsed real time =  42.46 sec. (tree size =  1.17 MB, solutions = 2)
    793   393       23.0000    39       21.0000      224.5000     4775  969.05%
    834   389       22.5000    34       21.0000      224.5000     4997  969.05%
    865   395       22.5000    26       21.0000      224.5000     5166  969.05%
    900   391       23.0000    35       21.0000      224.5000     5387  969.05%
    942   386       23.0000    39       21.0000      224.5000     5630  969.05%
    969   393       22.5000    40       21.0000      224.5000     5796  969.05%
   1004   390       22.0000    39       21.0000      224.5000     5962  969.05%
   1033   392       22.0000    39       21.0000      224.5000     6087  969.05%
   1070   388       28.5000    53       21.0000      224.5000     6287  969.05%
   1102   391       23.0000    39       21.0000      224.5000     6446  969.05%
Elapsed real time =  50.47 sec. (tree size =  1.16 MB, solutions = 2)
   1139   390       22.5000    37       21.0000      224.5000     6638  969.05%
   1176   387        cutoff             21.0000      224.5000     6876  969.05%
   1213   387       29.0000    56       21.0000      224.5000     7098  969.05%
   1243   391       22.5000    42       21.0000      224.5000     7244  969.05%
   1286   391       24.5000    41       21.0000      224.5000     7457  969.05%
   1327   388       22.5000    28       21.0000      224.5000     7751  969.05%
   1364   386       24.0000    36       21.0000      224.5000     7958  969.05%
   1399   389       27.5000    51       21.0000      224.5000     8192  969.05%
   1431   387       26.0000    46       21.0000      224.5000     8415  969.05%
   1467   387       25.5000    45       21.0000      224.5000     8632  969.05%
Elapsed real time =  58.41 sec. (tree size =  1.15 MB, solutions = 2)
   1500   383       22.0000    35       21.0000      224.5000     8842  969.05%
   1529   389       27.5000    51       21.0000      224.5000     9044  969.05%
   1565   390       23.0000    41       21.0000      224.5000     9209  969.05%
   1598   385       24.5000    44       21.0000      224.5000     9423  969.05%
   1633   386       23.0000    39       21.0000      224.5000     9583  969.05%
   1667   384       26.5000    47       21.0000      224.5000     9815  969.05%
   1699   384       29.5000    53       21.0000      224.5000    10034  969.05%
   1728   390       24.5000    31       21.0000      224.5000    10150  969.05%
   1765   386       25.0000    38       21.0000      224.5000    10376  969.05%
   1799   387       25.5000    39       21.0000      224.5000    10562  969.05%
Elapsed real time =  66.25 sec. (tree size =  1.15 MB, solutions = 2)
   1832   388       23.5000    38       21.0000      224.5000    10763  969.05%
   1868   384       23.5000    30       21.0000      224.5000    10989  969.05%
   1902   384       22.5000    30       21.0000      224.5000    11215  969.05%
   1929   391       25.5000    47       21.0000      224.5000    11370  969.05%
   1964   388       23.5000    42       21.0000      224.5000    11604  969.05%
   2000   386       24.5000    43       21.0000      224.5000    11860  969.05%
   2035   383       26.0000    44       21.0000      224.5000    12116  969.05%
   2068   379        cutoff             21.0000      224.5000    12278  969.05%
   2098   382       28.5000    55       21.0000      224.5000    12541  969.05%
   2136   384       25.0000    46       21.0000      224.5000    12765  969.05%
Elapsed real time =  74.45 sec. (tree size =  1.14 MB, solutions = 2)
   2182   381       24.0000    43       21.0000      224.5000    13015  969.05%
   2216   379       31.0000    60       21.0000      224.5000    13312  969.05%
   2236   390       22.5000    40       21.0000      224.5000    13392  969.05%
   2269   384       23.0000    43       21.0000      224.5000    13644  969.05%
   2301   386        cutoff             21.0000      224.5000    13823  969.05%
   2339   380       23.0000    41       21.0000      224.5000    14055  969.05%
   2371   381       24.0000    44       21.0000      224.5000    14289  969.05%
   2402   379       24.0000    41       21.0000      224.5000    14476  969.05%
   2429   386       28.5000    55       21.0000      224.5000    14641  969.05%
   2556   385       26.5000    49       21.0000      224.5000    15451  969.05%
Elapsed real time =  84.99 sec. (tree size =  1.15 MB, solutions = 2)
   2701   382        cutoff             21.0000      224.5000    16279  969.05%
   2825   380       28.0000    52       21.0000      224.5000    16974  969.05%
   2948   386       27.0000    52       21.0000      224.5000    17751  969.05%
   3087   385       24.0000    44       21.0000      224.5000    18594  969.05%
   3213   383       23.5000    39       21.0000      224.5000    19410  969.05%
   3347   383       24.5000    43       21.0000      224.5000    20206  969.05%
   3475   384       24.5000    44       21.0000      224.5000    21098  969.05%
   3607   380       25.5000    43       21.0000      224.5000    22000  969.05%
   3734   377       24.5000    39       21.0000      224.5000    22870  969.05%
   3862   382       25.0000    46       21.0000      224.5000    23722  969.05%
Elapsed real time = 117.66 sec. (tree size =  1.14 MB, solutions = 2)
   3991   383       24.0000    40       21.0000      224.5000    24578  969.05%
   4118   377       25.0000    44       21.0000      224.5000    25458  969.05%
   4230   391       24.5000    43       21.0000      224.5000    26138  969.05%
   4351   385       22.5000    39       21.0000      224.5000    26949  969.05%
   4487   385       26.0000    48       21.0000      224.5000    27816  969.05%
   4620   379       24.0000    42       21.0000      224.5000    28708  969.05%
   4752   377       22.5000    34       21.0000      224.5000    29453  969.05%
   4882   372        cutoff             21.0000      224.5000    30234  969.05%
   4997   385       24.0000    41       21.0000      224.5000    30874  969.05%
   5136   380       22.0000    35       21.0000      224.5000    31844  969.05%
Elapsed real time = 151.88 sec. (tree size =  1.14 MB, solutions = 2)
   5275   383       25.0000    42       21.0000      224.5000    32745  969.05%
   5421   382       22.5000    38       21.0000      224.5000    33866  969.05%
   5554   378       29.5000    55       21.0000      224.5000    34858  969.05%
   5681   385       26.0000    46       21.0000      224.5000    35725  969.05%
   5809   386       25.0000    46       21.0000      224.5000    36719  969.05%
   5927   381       24.5000    41       21.0000      224.5000    37504  969.05%
   6060   378       24.5000    44       21.0000      224.5000    38442  969.05%
   6181   378       26.0000    46       21.0000      224.5000    39239  969.05%
   6296   384       23.5000    37       21.0000      224.5000    39976  969.05%
   6424   379       24.0000    45       21.0000      224.5000    40872  969.05%
Elapsed real time = 188.14 sec. (tree size =  1.13 MB, solutions = 2)
   6547   379       23.0000    39       21.0000      224.5000    41746  969.05%
   6671   383       25.5000    45       21.0000      224.5000    42605  969.05%
   6808   371       26.5000    45       21.0000      224.5000    43592  969.05%
   6920   382       22.5000    40       21.0000      224.5000    44324  969.05%
   7046   381       22.5000    38       21.0000      224.5000    45195  969.05%
   7176   378       26.0000    48       21.0000      224.5000    46184  969.05%
   7303   372       22.5000    38       21.0000      224.5000    47184  969.05%
   7422   382       24.5000    43       21.0000      224.5000    47908  969.05%
   7548   390       25.5000    49       21.0000      224.5000    48665  969.05%
   7688   383       22.5000    36       21.0000      224.5000    49576  969.05%
Elapsed real time = 222.67 sec. (tree size =  1.14 MB, solutions = 2)
   7833   379       26.0000    40       21.0000      224.5000    50452  969.05%
   7970   375       29.0000    52       21.0000      224.5000    51224  969.05%
   8097   385       23.0000    22       21.0000      224.5000    51991  969.05%
   8247   375       28.0000    52       21.0000      224.5000    52841  969.05%
   8376   382       23.5000    39       21.0000      224.5000    53577  969.05%
   8528   372       26.0000    46       21.0000      224.5000    54373  969.05%
   8660   373       25.0000    40       21.0000      224.5000    55249  969.05%
   8793   369       22.5000    38       21.0000      224.5000    56202  969.05%
   8925   375       22.5000    38       21.0000      224.5000    57059  969.05%
   9052   373       33.5000    65       21.0000      224.5000    58004  969.05%
Elapsed real time = 256.56 sec. (tree size =  1.12 MB, solutions = 2)
   9185   381       22.5000    40       21.0000      224.5000    58713  969.05%
   9321   378       27.0000    50       21.0000      224.5000    59627  969.05%
   9446   377       27.0000    50       21.0000      224.5000    60355  969.05%
   9578   373       24.5000    44       21.0000      224.5000    61253  969.05%
   9708   374       24.5000    33       21.0000      224.5000    62104  969.05%
   9841   376       24.0000    38       21.0000      224.5000    63088  969.05%
   9967   376       24.0000    42       21.0000      224.5000    63909  969.05%
  10101   368       29.5000    55       21.0000      224.5000    64830  969.05%
  10207   389       24.5000    46       21.0000      224.5000    65522  969.05%
  10336   380        cutoff             21.0000      224.5000    66412  969.05%
Elapsed real time = 290.02 sec. (tree size =  1.14 MB, solutions = 2)
  10456   385       24.0000    45       21.0000      224.5000    67197  969.05%
  10587   377       25.0000    42       21.0000      224.5000    68100  969.05%
  10721   375       24.5000    41       21.0000      224.5000    68923  969.05%
  10854   374       30.5000    57       21.0000      224.5000    69739  969.05%
  10979   374       23.0000    39       21.0000      224.5000    70607  969.05%
  11108   379       24.5000    41       21.0000      224.5000    71303  969.05%
  11248   371       30.0000    54       21.0000      224.5000    72167  969.05%
  11379   372       29.0000    54       21.0000      224.5000    72969  969.05%
  11511   370       22.5000    36       21.0000      224.5000    73628  969.05%
  11643   374       22.5000    34       21.0000      224.5000    74439  969.05%
Elapsed real time = 323.88 sec. (tree size =  1.12 MB, solutions = 2)
  11774   373       30.0000    54       21.0000      224.5000    75258  969.05%
  11912   371       24.5000    40       21.0000      224.5000    76136  969.05%
  12048   372       23.0000    37       21.0000      224.5000    77008  969.05%
  12166   376       25.5000    43       21.0000      224.5000    77776  969.05%
  12303   372       25.5000    43       21.0000      224.5000    78717  969.05%
  12413   388        cutoff             21.0000      224.5000    79381  969.05%
  12544   381       26.0000    46       21.0000      224.5000    80304  969.05%
  12675   381       23.0000    41       21.0000      224.5000    81147  969.05%
  12808   381       24.5000    43       21.0000      224.5000    82063  969.05%
  12940   377       23.5000    36       21.0000      224.5000    82905  969.05%
Elapsed real time = 357.18 sec. (tree size =  1.13 MB, solutions = 2)
  13074   378       28.0000    52       21.0000      224.5000    83736  969.05%
  13203   375       26.0000    44       21.0000      224.5000    84504  969.05%
  13341   374       26.5000    47       21.0000      224.5000    85377  969.05%
  13459   378       24.5000    43       21.0000      224.5000    86154  969.05%
  13587   375       22.5000    38       21.0000      224.5000    86954  969.05%
  13717   377       22.5000    34       21.0000      224.5000    87781  969.05%
  13835   375       23.0000    37       21.0000      224.5000    88668  969.05%
  13960   371       27.5000    49       21.0000      224.5000    89635  969.05%
  14073   378       25.0000    46       21.0000      224.5000    90518  969.05%
  14196   380       23.0000    41       21.0000      224.5000    91266  969.05%
Elapsed real time = 390.46 sec. (tree size =  1.14 MB, solutions = 2)
  14323   374       23.0000    41       21.0000      224.5000    92178  969.05%
  14453   372       30.0000    58       21.0000      224.5000    93101  969.05%
  14585   368       28.5000    53       21.0000      224.5000    94068  969.05%
  14706   366       24.5000    44       21.0000      224.5000    95028  969.05%
  14827   365       22.5000    38       21.0000      224.5000    96011  969.05%
  14944   383       23.0000    41       21.0000      224.5000    96704  969.05%
  15085   378       24.5000    43       21.0000      224.5000    97683  969.05%
  15226   378       24.5000    39       21.0000      224.5000    98618  969.05%
  15356   379       25.5000    45       21.0000      224.5000    99466  969.05%
  15500   375       23.5000    40       21.0000      224.5000   100329  969.05%
Elapsed real time = 423.96 sec. (tree size =  1.13 MB, solutions = 2)
  15617   379       22.5000    38       21.0000      224.5000   101057  969.05%
  15762   371       23.5000    40       21.0000      224.5000   102040  969.05%
  15889   373       26.5000    47       21.0000      224.5000   102873  969.05%
  16030   376       22.5000    35       21.0000      224.5000   103771  969.05%
  16168   375       25.5000    43       21.0000      224.5000   104691  969.05%
  16299   379       22.5000    36       21.0000      224.5000   105462  969.05%
  16434   374       24.5000    42       21.0000      224.5000   106311  969.05%
  16562   370       24.0000    41       21.0000      224.5000   107080  969.05%
  16692   367       24.0000    37       21.0000      224.5000   107834  969.05%
  16823   374        cutoff             21.0000      224.5000   108577  969.05%
Elapsed real time = 457.06 sec. (tree size =  1.12 MB, solutions = 2)
  16952   372       29.5000    55       21.0000      224.5000   109326  969.05%
  17078   372       25.5000    43       21.0000      224.5000   110301  969.05%
  17203   375       25.5000    45       21.0000      224.5000   111070  969.05%
  17343   374       23.5000    41       21.0000      224.5000   111908  969.05%
  17484   367       24.5000    39       21.0000      224.5000   112874  969.05%
  17609   369       23.0000    39       21.0000      224.5000   113777  969.05%
  17736   374       25.0000    44       21.0000      224.5000   114701  969.05%
  17862   364       28.5000    51       21.0000      224.5000   115734  969.05%
  17983   384       25.0000    42       21.0000      224.5000   116497  969.05%
  18115   377       26.0000    48       21.0000      224.5000   117296  969.05%
Elapsed real time = 490.59 sec. (tree size =  1.13 MB, solutions = 2)
  18254   374       23.5000    42       21.0000      224.5000   118261  969.05%
  18378   373       26.5000    45       21.0000      224.5000   119150  969.05%
  18503   374       27.5000    49       21.0000      224.5000   119951  969.05%
  18624   373       27.5000    51       21.0000      224.5000   120774  969.05%
  18749   372       23.5000    41       21.0000      224.5000   121715  969.05%
  18875   372       22.5000    40       21.0000      224.5000   122574  969.05%
  18994   371       22.5000    38       21.0000      224.5000   123419  969.05%
  19120   364       24.5000    43       21.0000      224.5000   124358  969.05%
  19235   370       23.0000    39       21.0000      224.5000   125060  969.05%
  19369   362       23.0000    39       21.0000      224.5000   125953  969.05%
Elapsed real time = 525.45 sec. (tree size =  1.09 MB, solutions = 2)
  19473   383       24.5000    45       21.0000      224.5000   126620  969.05%
  19607   386       23.0000    41       21.0000      224.5000   127547  969.05%
  19746   373       23.5000    40       21.0000      224.5000   128546  969.05%
  19874   374        cutoff             21.0000      224.5000   129411  969.05%
  19993   379       24.5000    43       21.0000      224.5000   130270  969.05%
  20117   378       23.0000    41       21.0000      224.5000   131147  969.05%
  20242   374       28.5000    53       21.0000      224.5000   132050  969.05%
  20374   370       26.5000    47       21.0000      224.5000   132950  969.05%
  20506   374       23.0000    39       21.0000      224.5000   133774  969.05%
  20636   369       27.5000    49       21.0000      224.5000   134710  969.05%
Elapsed real time = 561.30 sec. (tree size =  1.11 MB, solutions = 2)
  20771   377       25.0000    40       21.0000      224.5000   135513  969.05%
  20913   380       22.5000    36       21.0000      224.5000   136313  969.05%
  21073   369       26.5000    47       21.0000      224.5000   137212  969.05%
  21196   372       23.0000    37       21.0000      224.5000   138083  969.05%
  21325   368       23.0000    35       21.0000      224.5000   139116  969.05%
  21446   375       24.5000    43       21.0000      224.5000   139888  969.05%
  21597   367       26.0000    44       21.0000      224.5000   140838  969.05%
  21720   372       22.5000    34       21.0000      224.5000   141651  969.05%
  21852   366       26.5000    47       21.0000      224.5000   142532  969.05%
  21983   373       23.5000    39       21.0000      224.5000   143401  969.05%
Elapsed real time = 597.12 sec. (tree size =  1.12 MB, solutions = 2)
  22123   370       28.5000    51       21.0000      224.5000   144311  969.05%
  22249   368       23.0000    37       21.0000      224.5000   145091  969.05%
  22373   375       24.0000    43       21.0000      224.5000   145930  969.05%
  22502   365       23.0000    39       21.0000      224.5000   146921  969.05%
  22620   363       25.0000    42       21.0000      224.5000   147830  969.05%
  22730   380       25.0000    46       21.0000      224.5000   148585  969.05%
  22861   381       24.0000    43       21.0000      224.5000   149553  969.05%
  22992   374       22.5000    36       21.0000      224.5000   150469  969.05%
  23112   372       24.5000    41       21.0000      224.5000   151297  969.05%
  23244   372       28.0000    50       21.0000      224.5000   152174  969.05%
Elapsed real time = 633.36 sec. (tree size =  1.12 MB, solutions = 2)
  23385   372       24.0000    38       21.0000      224.5000   153157  969.05%
  23518   368       25.5000    45       21.0000      224.5000   154223  969.05%
  23638   365       23.0000    35       21.0000      224.5000   155108  969.05%
  23748   372       23.5000    36       21.0000      224.5000   155821  969.05%
  23875   371       22.5000    36       21.0000      224.5000   156608  969.05%
  23994   377       25.5000    47       21.0000      224.5000   157487  969.05%
  24124   364       25.0000    40       21.0000      224.5000   158553  969.05%
  24247   375       24.0000    42       21.0000      224.5000   159312  969.05%
  24378   360       23.0000    37       21.0000      224.5000   160427  969.05%
  24476   390       23.0000    42       21.0000      224.5000   161074  969.05%
Elapsed real time = 670.74 sec. (tree size =  1.16 MB, solutions = 2)
  24619   377        cutoff             21.0000      224.5000   161839  969.05%
  24751   378       22.5000    38       21.0000      224.5000   162663  969.05%
  24887   379       26.0000    46       21.0000      224.5000   163444  969.05%
  25021   376       23.5000    42       21.0000      224.5000   164303  969.05%
  25155   373       23.5000    42       21.0000      224.5000   165081  969.05%
  25281   374       24.5000    41       21.0000      224.5000   165828  969.05%
  25425   369       26.0000    44       21.0000      224.5000   166679  969.05%
  25561   371       24.5000    39       21.0000      224.5000   167426  969.05%
  25697   367       30.5000    57       21.0000      224.5000   168318  969.05%
  25829   367       22.5000    36       21.0000      224.5000   169220  969.05%
Elapsed real time = 708.55 sec. (tree size =  1.11 MB, solutions = 2)
  25964   367       26.5000    45       21.0000      224.5000   170131  969.05%
  26092   370       23.0000    39       21.0000      224.5000   170948  969.05%
  26229   364       31.5000    59       21.0000      224.5000   171904  969.05%
  26356   367       26.5000    47       21.0000      224.5000   172629  969.05%
  26493   364       26.5000    47       21.0000      224.5000   173479  969.05%
  26626   366       23.0000    37       21.0000      224.5000   174241  969.05%
  26764   362       27.5000    49       21.0000      224.5000   175107  969.05%
  26890   364       22.5000    38       21.0000      224.5000   175930  969.05%
  27015   373       28.5000    53       21.0000      224.5000   176690  969.05%
  27152   369       23.0000    39       21.0000      224.5000   177588  969.05%
Elapsed real time = 745.89 sec. (tree size =  1.11 MB, solutions = 2)
  27281   371       25.0000    38       21.0000      224.5000   178391  969.05%
  27408   373       25.5000    41       21.0000      224.5000   179149  969.05%
  27545   361       27.5000    49       21.0000      224.5000   180090  969.05%
  27673   359       22.5000    34       21.0000      224.5000   180897  969.05%
  27809   358       24.0000    35       21.0000      224.5000   181734  969.05%
  27929   374       24.5000    44       21.0000      224.5000   182486  969.05%
  28067   370       28.5000    53       21.0000      224.5000   183381  969.05%
  28190   375       23.0000    41       21.0000      224.5000   184149  969.05%
  28320   372       22.5000    36       21.0000      224.5000   184910  969.05%
  28451   376       22.0000    39       21.0000      224.5000   185640  969.05%
Elapsed real time = 782.38 sec. (tree size =  1.13 MB, solutions = 2)
  28584   370       23.5000    40       21.0000      224.5000   186468  969.05%
  28715   368       28.0000    52       21.0000      224.5000   187347  969.05%
  28841   363       24.5000    37       21.0000      224.5000   188079  969.05%
  28968   366       26.5000    43       21.0000      224.5000   188877  969.05%
  29089   367       22.5000    38       21.0000      224.5000   189645  969.05%
  29215   363       24.5000    37       21.0000      224.5000   190371  969.05%
  29342   368       23.0000    39       21.0000      224.5000   191113  969.05%
  29479   363       22.5000    37       21.0000      224.5000   192049  969.05%
  29603   361       25.5000    43       21.0000      224.5000   192760  969.05%
  29729   367       22.5000    36       21.0000      224.5000   193469  969.05%
Elapsed real time = 818.69 sec. (tree size =  1.11 MB, solutions = 2)
  29858   364       26.5000    47       21.0000      224.5000   194272  969.05%
  29979   367       22.5000    38       21.0000      224.5000   195047  969.05%
  30113   362       24.5000    43       21.0000      224.5000   195922  969.05%
  30225   383       23.0000    24       21.0000      224.5000   196515  969.05%
  30372   378       23.5000    27       21.0000      224.5000   197355  969.05%
  30515   370       22.5000    34       21.0000      224.5000   198092  969.05%
  30645   369       23.0000    37       21.0000      224.5000   198868  969.05%
  30775   369        cutoff             21.0000      224.5000   199675  969.05%
  30916   363       22.5000    34       21.0000      224.5000   200624  969.05%
  31045   370       23.0000    39       21.0000      224.5000   201422  969.05%
Elapsed real time = 853.73 sec. (tree size =  1.11 MB, solutions = 2)
  31191   367       22.5000    38       21.0000      224.5000   202222  969.05%
  31319   366       28.5000    51       21.0000      224.5000   203085  969.05%
  31454   364       23.0000    35       21.0000      224.5000   203885  969.05%
  31573   378       23.0000    17       21.0000      224.5000   204616  969.05%
  31718   366       23.0000    39       21.0000      224.5000   205471  969.05%
  31848   364       23.0000    39       21.0000      224.5000   206327  969.05%
  31978   373       26.0000    48       21.0000      224.5000   207118  969.05%
  32113   369       23.0000    39       21.0000      224.5000   207943  969.05%
  32248   361       28.0000    50       21.0000      224.5000   208878  969.05%
  32374   372       23.5000    19       21.0000      224.5000   209565  969.05%
Elapsed real time = 888.62 sec. (tree size =  1.12 MB, solutions = 2)
  32519   361       22.5000    30       21.0000      224.5000   210489  969.05%
  32651   360       23.5000    40       21.0000      224.5000   211447  969.05%
  32774   379       26.0000    44       21.0000      224.5000   212251  969.05%
  32917   372       27.5000    49       21.0000      224.5000   213261  969.05%
  33050   378       25.0000    44       21.0000      224.5000   214032  969.05%
  33186   370       22.0000    35       21.0000      224.5000   214913  969.05%
  33316   372       25.5000    43       21.0000      224.5000   215769  969.05%
  33435   375       27.0000    50       21.0000      224.5000   216591  969.05%
  33574   369       24.0000    40       21.0000      224.5000   217612  969.05%
  33703   373       22.5000    36       21.0000      224.5000   218453  969.05%
Elapsed real time = 924.00 sec. (tree size =  1.12 MB, solutions = 2)
  33833   380       22.0000    37       21.0000      224.5000   219267  969.05%
  33965   369       24.0000    40       21.0000      224.5000   220106  969.05%
  34096   370       24.5000    41       21.0000      224.5000   220901  969.05%
  34233   371       28.5000    53       21.0000      224.5000   221680  969.05%
  34369   370       26.0000    46       21.0000      224.5000   222577  969.05%
  34495   363       24.0000    39       21.0000      224.5000   223402  969.05%
  34638   361       23.0000    35       21.0000      224.5000   224357  969.05%
  34775   370       24.0000    42       21.0000      224.5000   225241  969.05%
  34915   362       27.5000    49       21.0000      224.5000   226196  969.05%
  35036   366       25.0000    44       21.0000      224.5000   227055  969.05%
Elapsed real time = 959.50 sec. (tree size =  1.10 MB, solutions = 2)
  35172   357       23.0000    39       21.0000      224.5000   227991  969.05%
  35287   371       23.0000    39       21.0000      224.5000   228608  969.05%
  35419   370       22.5000    38       21.0000      224.5000   229461  969.05%
  35554   358       30.0000    54       21.0000      224.5000   230317  969.05%
  35662   378       24.5000    43       21.0000      224.5000   230977  969.05%
  35796   364       22.5000    36       21.0000      224.5000   231941  969.05%
  35931   360       22.0000    35       21.0000      224.5000   232973  969.05%
  36043   361       36.0000    70       21.0000      224.5000   233866  969.05%
  36159   375       25.5000    46       21.0000      224.5000   234614  969.05%
  36288   370       27.5000    49       21.0000      224.5000   235565  969.05%
Elapsed real time = 995.14 sec. (tree size =  1.11 MB, solutions = 2)
  36420   366       24.0000    39       21.0000      224.5000   236494  969.05%
  36538   368       23.5000    42       21.0000      224.5000   237250  969.05%
  36656   366       26.5000    47       21.0000      224.5000   238145  969.05%
  36776   370       27.0000    50       21.0000      224.5000   239043  969.05%
  36897   363       30.0000    56       21.0000      224.5000   240000  969.05%
  37007   360       31.0000    58       21.0000      224.5000   240774  969.05%
  37126   365       25.5000    47       21.0000      224.5000   241583  969.05%
  37255   363       25.0000    44       21.0000      224.5000   242486  969.05%
  37372   367       24.0000    43       21.0000      224.5000   243276  969.05%
  37504   364       23.0000    41       21.0000      224.5000   244326  969.05%
Elapsed real time = 1030.86 sec. (tree size =  1.10 MB, solutions = 2)
  37629   363       23.0000    41       21.0000      224.5000   245281  969.05%
  37750   360       24.5000    42       21.0000      224.5000   246174  969.05%
  37850   378       23.0000    43       21.0000      224.5000   246938  969.05%
  37971   375       23.5000    35       21.0000      224.5000   247828  969.05%
  38097   372       28.0000    52       21.0000      224.5000   248825  969.05%
  38234   377       25.0000    46       21.0000      224.5000   249774  969.05%
  38378   366       30.0000    56       21.0000      224.5000   250731  969.05%
  38497   369       22.5000    36       21.0000      224.5000   251525  969.05%
  38626   366       22.5000    36       21.0000      224.5000   252410  969.05%
  38743   367       22.5000    36       21.0000      224.5000   253233  969.05%
Elapsed real time = 1066.86 sec. (tree size =  1.11 MB, solutions = 2)
  38860   378       24.0000    40       21.0000      224.5000   254002  969.05%
  38998   363       28.5000    51       21.0000      224.5000   255036  969.05%
  39120   366       22.5000    38       21.0000      224.5000   255733  969.05%
  39241   372       24.0000    42       21.0000      224.5000   256506  969.05%
  39375   364       27.5000    49       21.0000      224.5000   257344  969.05%
  39497   372       25.5000    47       21.0000      224.5000   258149  969.05%
  39621   369       23.0000    41       21.0000      224.5000   258906  969.05%
  39753   371       24.0000    38       21.0000      224.5000   259754  969.05%
  39894   364       22.5000    32       21.0000      224.5000   260588  969.05%
  40034   360       23.5000    40       21.0000      224.5000   261436  969.05%
Elapsed real time = 1101.85 sec. (tree size =  1.09 MB, solutions = 2)
  40152   364       23.5000    42       21.0000      224.5000   262179  969.05%
  40272   360       32.0000    60       21.0000      224.5000   263250  969.05%
  40405   363       23.0000    39       21.0000      224.5000   264068  969.05%
  40529   363       26.0000    46       21.0000      224.5000   264934  969.05%
  40654   366       29.0000    54       21.0000      224.5000   265861  969.05%
  40775   363       23.5000    37       21.0000      224.5000   266684  969.05%
  40904   359       29.0000    52       21.0000      224.5000   267625  969.05%
  41030   362       24.5000    44       21.0000      224.5000   268519  969.05%
  41154   362       25.0000    44       21.0000      224.5000   269304  969.05%
  41294   355       22.5000    36       21.0000      224.5000   270295  969.05%
Elapsed real time = 1137.61 sec. (tree size =  1.08 MB, solutions = 2)
  41405   383       22.5000    40       21.0000      224.5000   270929  969.05%
  41546   374       23.0000    31       21.0000      224.5000   271847  969.05%
  41670   372       23.5000    40       21.0000      224.5000   272643  969.05%
  41794   375       24.0000    42       21.0000      224.5000   273425  969.05%
  41925   370       22.5000    36       21.0000      224.5000   274244  969.05%
  42048   369       26.5000    47       21.0000      224.5000   275059  969.05%
  42170   373       23.5000    37       21.0000      224.5000   275844  969.05%
  42306   366       28.5000    49       21.0000      224.5000   276714  969.05%
  42446   371       22.0000    37       21.0000      224.5000   277543  969.05%
  42575   365       26.5000    45       21.0000      224.5000   278380  969.05%
Elapsed real time = 1172.78 sec. (tree size =  1.10 MB, solutions = 2)
  42695   369       24.5000    41       21.0000      224.5000   279187  969.05%
  42818   367       24.5000    43       21.0000      224.5000   280049  969.05%
  42956   362       24.0000    39       21.0000      224.5000   281045  969.05%
  43080   363       26.5000    47       21.0000      224.5000   281885  969.05%
  43201   372       24.5000    41       21.0000      224.5000   282667  969.05%
  43338   363       25.5000    43       21.0000      224.5000   283679  969.05%
  43467   370       22.5000    38       21.0000      224.5000   284570  969.05%
  43600   361       22.5000    34       21.0000      224.5000   285323  969.05%
  43734   363       23.0000    37       21.0000      224.5000   286146  969.05%
  43862   362       26.0000    46       21.0000      224.5000   286988  969.05%
Elapsed real time = 1207.81 sec. (tree size =  1.09 MB, solutions = 2)
  43980   363       23.0000    39       21.0000      224.5000   287773  969.05%
  44103   368       25.0000    42       21.0000      224.5000   288621  969.05%
  44233   365       23.0000    39       21.0000      224.5000   289543  969.05%
  44353   365       23.0000    31       21.0000      224.5000   290377  969.05%
  44487   358       25.5000    41       21.0000      224.5000   291475  969.05%
  44611   364       22.5000    38       21.0000      224.5000   292297  969.05%
  44726   374       23.0000    43       21.0000      224.5000   293068  969.05%
  44858   364       22.5000    37       21.0000      224.5000   293832  969.05%
  44988   367       23.0000    41       21.0000      224.5000   294612  969.05%
  45122   356       23.0000    39       21.0000      224.5000   295613  969.05%
Elapsed real time = 1243.45 sec. (tree size =  1.08 MB, solutions = 2)
  45237   367       25.0000    44       21.0000      224.5000   296343  969.05%
  45356   366       22.5000    40       21.0000      224.5000   297113  969.05%
  45482   362       26.0000    46       21.0000      224.5000   297928  969.05%
  45606   362       23.5000    42       21.0000      224.5000   298746  969.05%
  45739   360        cutoff             21.0000      224.5000   299713  969.05%
  45868   357       27.0000    48       21.0000      224.5000   300644  969.05%
  45985   353       24.5000    41       21.0000      224.5000   301407  969.05%
  46092   374       23.5000    41       21.0000      224.5000   302058  969.05%
  46214   373       25.0000    46       21.0000      224.5000   302861  969.05%
  46346   369       26.0000    48       21.0000      224.5000   303679  969.05%
Elapsed real time = 1278.76 sec. (tree size =  1.11 MB, solutions = 2)
  46469   369       28.0000    52       21.0000      224.5000   304465  969.05%
  46598   367       23.0000    39       21.0000      224.5000   305281  969.05%
  46720   361       23.0000    41       21.0000      224.5000   306134  969.05%
  46845   368       24.0000    42       21.0000      224.5000   306864  969.05%
  46967   372       22.5000    38       21.0000      224.5000   307722  969.05%
  47094   368       28.0000    52       21.0000      224.5000   308612  969.05%
  47217   365       25.0000    44       21.0000      224.5000   309425  969.05%
  47352   360       32.0000    60       21.0000      224.5000   310402  969.05%
  47477   363       27.5000    49       21.0000      224.5000   311253  969.05%
  47602   356       33.5000    63       21.0000      224.5000   312187  969.05%
Elapsed real time = 1313.92 sec. (tree size =  1.08 MB, solutions = 2)
  47731   368       22.5000    36       21.0000      224.5000   312960  969.05%
  47858   359       26.5000    47       21.0000      224.5000   313856  969.05%
  47975   365       23.0000    37       21.0000      224.5000   314652  969.05%
  48097   366       22.5000    40       21.0000      224.5000   315489  969.05%
  48223   361       22.5000    36       21.0000      224.5000   316263  969.05%
  48363   359       25.5000    45       21.0000      224.5000   317209  969.05%
  48488   363       22.5000    38       21.0000      224.5000   318080  969.05%
  48615   358       23.5000    38       21.0000      224.5000   318894  969.05%
  48732   359       23.5000    40       21.0000      224.5000   319654  969.05%
  48860   360       23.0000    39       21.0000      224.5000   320448  969.05%
Elapsed real time = 1349.46 sec. (tree size =  1.09 MB, solutions = 2)
  49001   358       26.0000    46       21.0000      224.5000   321346  969.05%
  49128   357       23.5000    40       21.0000      224.5000   322258  969.05%
  49234   383       22.5000    40       21.0000      224.5000   322912  969.05%
  49361   379       24.0000    42       21.0000      224.5000   323640  969.05%
  49494   371       22.5000    40       21.0000      224.5000   324465  969.05%
  49615   371       26.5000    49       21.0000      224.5000   325274  969.05%
  49740   370       24.5000    41       21.0000      224.5000   325987  969.05%
  49857   369       25.0000    45       21.0000      224.5000   326759  969.05%
  49988   362       22.5000    30       21.0000      224.5000   327663  969.05%
  50110   362       32.5000    61       21.0000      224.5000   328407  969.05%
Elapsed real time = 1385.41 sec. (tree size =  1.09 MB, solutions = 2)
  50234   372       25.0000    44       21.0000      224.5000   329134  969.05%
  50367   367       27.0000    48       21.0000      224.5000   330069  969.05%
  50483   367       29.0000    54       21.0000      224.5000   330781  969.05%
  50606   364       27.0000    48       21.0000      224.5000   331731  969.05%
  50729   369       22.5000    38       21.0000      224.5000   332641  969.05%
  50860   363       22.5000    36       21.0000      224.5000   333599  969.05%
  50976   367       26.0000    46       21.0000      224.5000   334404  969.05%
  51098   366       30.0000    56       21.0000      224.5000   335216  969.05%
  51224   362       28.0000    50       21.0000      224.5000   336188  969.05%
  51338   363       23.0000    37       21.0000      224.5000   337092  969.05%
Elapsed real time = 1421.43 sec. (tree size =  1.10 MB, solutions = 2)
  51456   366       23.5000    40       21.0000      224.5000   337923  969.05%
  51583   363       22.5000    36       21.0000      224.5000   338789  969.05%
  51709   368       23.5000    39       21.0000      224.5000   339665  969.05%
  51855   359       26.5000    43       21.0000      224.5000   340618  969.05%
  51992   360       24.5000    40       21.0000      224.5000   341434  969.05%
  52112   365       24.5000    44       21.0000      224.5000   342114  969.05%
  52241   360        cutoff             21.0000      224.5000   342894  969.05%
  52361   367       22.5000    32       21.0000      224.5000   343689  969.05%
  52496   355       26.0000    42       21.0000      224.5000   344675  969.05%
  52613   363       22.5000    34       21.0000      224.5000   345415  969.05%
Elapsed real time = 1456.92 sec. (tree size =  1.10 MB, solutions = 2)
  52735   360       22.5000    38       21.0000      224.5000   346332  969.05%
  52852   366       24.5000    43       21.0000      224.5000   347192  969.05%
  52990   363       27.0000    50       21.0000      224.5000   348065  969.05%
  53125   359       24.5000    43       21.0000      224.5000   348940  969.05%
  53244   366       26.5000    49       21.0000      224.5000   349710  969.05%
  53384   358       23.5000    39       21.0000      224.5000   350540  969.05%
  53510   362       24.0000    40       21.0000      224.5000   351452  969.05%
  53638   362       36.0000    70       21.0000      224.5000   352381  969.05%
  53755   379       23.0000    38       21.0000      224.5000   353107  969.05%
  53880   372       29.0000    54       21.0000      224.5000   353982  969.05%
Elapsed real time = 1494.21 sec. (tree size =  1.12 MB, solutions = 2)
  54013   375       26.5000    49       21.0000      224.5000   354965  969.05%
  54156   370       24.0000    43       21.0000      224.5000   355949  969.05%
  54288   367       24.0000    43       21.0000      224.5000   356890  969.05%
  54408   372       22.5000    30       21.0000      224.5000   357707  969.05%
  54540   364       23.5000    36       21.0000      224.5000   358547  969.05%
  54660   368       28.5000    53       21.0000      224.5000   359363  969.05%
  54788   363       22.5000    38       21.0000      224.5000   360228  969.05%
  54914   368       24.5000    35       21.0000      224.5000   361052  969.05%
  55048   364       23.0000    39       21.0000      224.5000   361998  969.05%
  55177   371        cutoff             21.0000      224.5000   362879  969.05%
Elapsed real time = 1530.22 sec. (tree size =  1.12 MB, solutions = 2)
  55310   370       22.5000    40       21.0000      224.5000   363811  969.05%
  55436   369       25.5000    43       21.0000      224.5000   364681  969.05%
  55559   365       22.5000    36       21.0000      224.5000   365548  969.05%
  55684   367       24.0000    40       21.0000      224.5000   366386  969.05%
  55805   371       24.5000    43       21.0000      224.5000   367181  969.05%
  55939   368       23.5000    34       21.0000      224.5000   368259  969.05%
  56058   364       25.5000    41       21.0000      224.5000   369162  969.05%
  56184   367       24.0000    41       21.0000      224.5000   369988  969.05%
  56327   359       28.0000    50       21.0000      224.5000   370957  969.05%
  56454   359       24.5000    39       21.0000      224.5000   371942  969.05%
Elapsed real time = 1566.22 sec. (tree size =  1.08 MB, solutions = 2)
  56589   362       26.5000    47       21.0000      224.5000   372842  969.05%
  56715   365       24.5000    43       21.0000      224.5000   373708  969.05%
  56833   373       22.5000    34       21.0000      224.5000   374573  969.05%
  56980   364       23.0000    37       21.0000      224.5000   375270  969.05%
  57107   363       22.5000    34       21.0000      224.5000   375982  969.05%
  57258   359       22.5000    34       21.0000      224.5000   376777  969.05%
  57388   360       31.5000    59       21.0000      224.5000   377490  969.05%
  57531   361       27.5000    47       21.0000      224.5000   378300  969.05%
  57665   359       24.5000    39       21.0000      224.5000   379073  969.05%
  57787   364       22.5000    34       21.0000      224.5000   379839  969.05%
Elapsed real time = 1601.69 sec. (tree size =  1.10 MB, solutions = 2)
  57926   358       25.5000    37       21.0000      224.5000   380722  969.05%
  58057   364       24.5000    43       21.0000      224.5000   381536  969.05%
  58191   359       26.5000    43       21.0000      224.5000   382458  969.05%
  58317   358       25.0000    42       21.0000      224.5000   383263  969.05%
  58443   352       25.0000    43       21.0000      224.5000   384003  969.05%
  58563   367       23.0000    37       21.0000      224.5000   384699  969.05%
  58696   356       27.0000    48       21.0000      224.5000   385518  969.05%
  58823   355       26.0000    42       21.0000      224.5000   386328  969.05%
  58955   360       22.5000    36       21.0000      224.5000   387091  969.05%
  59095   350       34.0000    64       21.0000      224.5000   388059  969.05%
Elapsed real time = 1637.88 sec. (tree size =  1.06 MB, solutions = 2)
  59216   357       23.0000    35       21.0000      224.5000   388799  969.05%
  59344   355       28.0000    48       21.0000      224.5000   389739  969.05%
  59482   354       23.0000    39       21.0000      224.5000   390683  969.05%
  59608   362       35.0000    68       21.0000      224.5000   391589  969.05%
  59725   371       26.5000    47       21.0000      224.5000   392431  969.05%
  59848   377       23.5000    40       21.0000      224.5000   393204  969.05%
  59991   367       24.0000    41       21.0000      224.5000   394187  969.05%
  60116   369       26.5000    49       21.0000      224.5000   395071  969.05%
  60248   365       22.5000    34       21.0000      224.5000   395979  969.05%
  60382   362        cutoff             21.0000      224.5000   396777  969.05%
Elapsed real time = 1674.31 sec. (tree size =  1.09 MB, solutions = 2)
  60505   364       22.0000    35       21.0000      224.5000   397757  969.05%
  60630   367       24.0000    43       21.0000      224.5000   398703  969.05%
  60758   361       23.0000    37       21.0000      224.5000   399523  969.05%
  60888   366       26.0000    44       21.0000      224.5000   400336  969.05%
  61025   364       23.0000    39       21.0000      224.5000   401272  969.05%
  61148   363       25.5000    43       21.0000      224.5000   402106  969.05%
  61280   357       24.0000    41       21.0000      224.5000   403086  969.05%
  61394   371       22.5000    38       21.0000      224.5000   403856  969.05%
  61523   362       23.5000    40       21.0000      224.5000   404789  969.05%
  61633   361       23.0000    39       21.0000      224.5000   405654  969.05%
Elapsed real time = 1711.52 sec. (tree size =  1.09 MB, solutions = 2)
  61751   365       24.5000    43       21.0000      224.5000   406480  969.05%
  61879   361       22.5000    38       21.0000      224.5000   407355  969.05%
  62009   363       27.0000    48       21.0000      224.5000   408338  969.05%
  62131   364       25.5000    45       21.0000      224.5000   409211  969.05%
  62243   357       26.5000    45       21.0000      224.5000   410079  969.05%
  62355   367       25.5000    45       21.0000      224.5000   410820  969.05%
  62484   360       26.5000    47       21.0000      224.5000   411717  969.05%
  62610   356       23.5000    40       21.0000      224.5000   412639  969.05%
  62735   359       26.0000    46       21.0000      224.5000   413494  969.05%
  62855   370       23.5000    41       21.0000      224.5000   414329  969.05%
Elapsed real time = 1748.76 sec. (tree size =  1.11 MB, solutions = 2)
  62989   362       27.0000    48       21.0000      224.5000   415268  969.05%
  63110   361       23.0000    39       21.0000      224.5000   416161  969.05%
  63230   359       23.0000    39       21.0000      224.5000   416922  969.05%
  63364   360       23.5000    40       21.0000      224.5000   417848  969.05%
  63499   356       22.5000    30       21.0000      224.5000   418820  969.05%
  63619   354       27.0000    44       21.0000      224.5000   419606  969.05%
  63741   363       22.5000    40       21.0000      224.5000   420363  969.05%
  63886   351       29.0000    52       21.0000      224.5000   421373  969.05%
  64004   364       24.5000    43       21.0000      224.5000   422063  969.05%
  64134   358       25.5000    45       21.0000      224.5000   422944  969.05%
Elapsed real time = 1785.88 sec. (tree size =  1.08 MB, solutions = 2)
  64257   352       22.5000    34       21.0000      224.5000   423736  969.05%
  64385   353       27.5000    49       21.0000      224.5000   424628  969.05%
  64505   363       23.5000    40       21.0000      224.5000   425346  969.05%
  64650   355       27.0000    48       21.0000      224.5000   426368  969.05%
  64769   354       22.5000    33       21.0000      224.5000   427196  969.05%
  64879   362       23.0000    35       21.0000      224.5000   427865  969.05%
  64987   385       26.0000    50       21.0000      224.5000   428579  969.05%
  65128   380       23.0000    39       21.0000      224.5000   429426  969.05%
  65264   378       23.5000    42       21.0000      224.5000   430439  969.05%
  65399   379       24.0000    40       21.0000      224.5000   431261  969.05%
Elapsed real time = 1822.30 sec. (tree size =  1.13 MB, solutions = 2)
  65528   379       26.0000    48       21.0000      224.5000   432002  969.05%
  65671   369       29.5000    55       21.0000      224.5000   432993  969.05%
  65802   371       25.0000    45       21.0000      224.5000   433805  969.05%
  65936   373        cutoff             21.0000      224.5000   434604  969.05%
  66073   371       25.0000    44       21.0000      224.5000   435423  969.05%
  66201   368       22.5000    38       21.0000      224.5000   436236  969.05%
  66328   377       26.5000    45       21.0000      224.5000   436956  969.05%
  66465   370       25.5000    43       21.0000      224.5000   437892  969.05%
  66595   365       24.5000    40       21.0000      224.5000   438707  969.05%
  66728   365       23.5000    34       21.0000      224.5000   439499  969.05%
Elapsed real time = 1858.03 sec. (tree size =  1.10 MB, solutions = 2)
  66852   372       24.0000    40       21.0000      224.5000   440326  969.05%
  66978   382       24.5000    43       21.0000      224.5000   441192  969.05%
  67111   375       25.0000    42       21.0000      224.5000   442138  969.05%
  67245   370       23.5000    40       21.0000      224.5000   442977  969.05%
  67378   368       27.0000    48       21.0000      224.5000   443872  969.05%
  67511   366       24.5000    41       21.0000      224.5000   444802  969.05%
  67636   370       22.5000    38       21.0000      224.5000   445598  969.05%
  67770   365       27.0000    48       21.0000      224.5000   446402  969.05%
  67891   364       23.0000    39       21.0000      224.5000   447096  969.05%
  68014   367       23.5000    40       21.0000      224.5000   447814  969.05%
Elapsed real time = 1894.26 sec. (tree size =  1.11 MB, solutions = 2)
  68135   370       22.5000    36       21.0000      224.5000   448569  969.05%
  68281   365       27.5000    51       21.0000      224.5000   449504  969.05%
  68397   358       22.5000    38       21.0000      224.5000   450269  969.05%
  68522   367       22.5000    34       21.0000      224.5000   451170  969.05%
  68650   364        cutoff             21.0000      224.5000   452058  969.05%
  68777   361       30.0000    54       21.0000      224.5000   453015  969.05%
  68904   358       22.5000    35       21.0000      224.5000   453888  969.05%
  69037   367       29.5000    53       21.0000      224.5000   454765  969.05%
  69168   367       23.5000    38       21.0000      224.5000   455643  969.05%
  69303   362       23.5000    38       21.0000      224.5000   456433  969.05%
Elapsed real time = 1930.36 sec. (tree size =  1.09 MB, solutions = 2)
  69432   360        cutoff             21.0000      224.5000   457195  969.05%
  69540   374       22.5000    38       21.0000      224.5000   457843  969.05%
  69672   372       24.0000    42       21.0000      224.5000   458683  969.05%
  69806   367       25.5000    45       21.0000      224.5000   459538  969.05%
  69935   364       25.5000    45       21.0000      224.5000   460304  969.05%
  70062   363       26.5000    45       21.0000      224.5000   461158  969.05%
  70196   358       24.0000    39       21.0000      224.5000   461939  969.05%
  70313   371       25.0000    44       21.0000      224.5000   462649  969.05%
  70448   367       24.0000    36       21.0000      224.5000   463417  969.05%
  70585   361       24.5000    39       21.0000      224.5000   464277  969.05%
Elapsed real time = 1966.21 sec. (tree size =  1.09 MB, solutions = 2)
  70712   358       23.5000    38       21.0000      224.5000   465147  969.05%
  70848   358       23.5000    40       21.0000      224.5000   465975  969.05%
  70972   368       23.5000    39       21.0000      224.5000   466709  969.05%
  71120   360       22.0000    35       21.0000      224.5000   467509  969.05%
  71236   372       25.5000    47       21.0000      224.5000   468165  969.05%
  71362   364       23.0000    37       21.0000      224.5000   468955  969.05%
  71488   361       22.5000    34       21.0000      224.5000   469778  969.05%
  71621   359       22.5000    34       21.0000      224.5000   470609  969.05%
  71746   357       24.0000    39       21.0000      224.5000   471427  969.05%
  71864   367       23.0000    37       21.0000      224.5000   472079  969.05%
Elapsed real time = 2002.76 sec. (tree size =  1.11 MB, solutions = 2)
  72002   368       27.5000    51       21.0000      224.5000   472845  969.05%
  72129   362       22.5000    36       21.0000      224.5000   473703  969.05%
  72265   364       23.5000    37       21.0000      224.5000   474551  969.05%
  72406   360       23.0000    37       21.0000      224.5000   475389  969.05%
  72544   357       28.0000    50       21.0000      224.5000   476321  969.05%
  72673   363       23.0000    27       21.0000      224.5000   477027  969.05%
  72814   353       28.0000    48       21.0000      224.5000   477960  969.05%
  72935   369       22.5000    36       21.0000      224.5000   478632  969.05%
  73070   366       27.5000    49       21.0000      224.5000   479443  969.05%
  73189   367       22.5000    38       21.0000      224.5000   480197  969.05%
Elapsed real time = 2038.75 sec. (tree size =  1.11 MB, solutions = 2)
  73328   366       22.5000    38       21.0000      224.5000   481022  969.05%
  73473   365       26.0000    46       21.0000      224.5000   481881  969.05%
  73606   362       24.5000    37       21.0000      224.5000   482639  969.05%
  73739   363       23.0000    37       21.0000      224.5000   483356  969.05%
  73863   360       22.5000    32       21.0000      224.5000   484124  969.05%
  74004   357       28.5000    51       21.0000      224.5000   485051  969.05%
  74132   356       22.5000    32       21.0000      224.5000   485772  969.05%
  74266   357       22.5000    28       21.0000      224.5000   486568  969.05%
  74376   376       22.5000    32       21.0000      224.5000   487141  969.05%
  74516   372       23.0000    38       21.0000      224.5000   487919  969.05%
Elapsed real time = 2074.33 sec. (tree size =  1.12 MB, solutions = 2)
  74647   368       24.5000    43       21.0000      224.5000   488670  969.05%
  74789   367       24.0000    40       21.0000      224.5000   489452  969.05%
  74913   361       22.5000    34       21.0000      224.5000   490159  969.05%
  75036   365       25.5000    43       21.0000      224.5000   490927  969.05%
  75167   358       23.5000    40       21.0000      224.5000   491646  969.05%
  75295   360       26.0000    46       21.0000      224.5000   492339  969.05%
  75420   356       27.0000    46       21.0000      224.5000   493101  969.05%
  75545   355       25.0000    42       21.0000      224.5000   493875  969.05%
  75671   360       25.5000    45       21.0000      224.5000   494661  969.05%
  75794   357       24.5000    44       21.0000      224.5000   495393  969.05%
Elapsed real time = 2109.61 sec. (tree size =  1.08 MB, solutions = 2)
  75926   356       24.0000    40       21.0000      224.5000   496162  969.05%
  76066   358       25.5000    45       21.0000      224.5000   497097  969.05%
  76199   350       26.0000    45       21.0000      224.5000   497986  969.05%
  76325   361       24.5000    43       21.0000      224.5000   498815  969.05%
  76456   357       22.5000    37       21.0000      224.5000   499688  969.05%
  76585   354       23.0000    37       21.0000      224.5000   500498  969.05%
  76685   385       26.0000    48       21.0000      224.5000   501099  969.05%
  76822   377       25.5000    47       21.0000      224.5000   502106  969.05%
  76945   371       31.5000    59       21.0000      224.5000   503125  969.05%
  77071   373       24.0000    41       21.0000      224.5000   503998  969.05%
Elapsed real time = 2145.61 sec. (tree size =  1.12 MB, solutions = 2)
  77205   372       22.5000    38       21.0000      224.5000   504973  969.05%
  77328   371       24.5000    42       21.0000      224.5000   505868  969.05%
  77450   373       23.0000    39       21.0000      224.5000   506811  969.05%
  77575   367        cutoff             21.0000      224.5000   507812  969.05%
  77712   373       25.0000    40       21.0000      224.5000   508656  969.05%
  77839   373       25.5000    45       21.0000      224.5000   509411  969.05%
  77966   377       24.0000    40       21.0000      224.5000   510174  969.05%
  78112   370       25.5000    43       21.0000      224.5000   511142  969.05%
  78246   370       23.0000    39       21.0000      224.5000   512034  969.05%
  78361   377       23.5000    41       21.0000      224.5000   512941  969.05%
Elapsed real time = 2181.44 sec. (tree size =  1.13 MB, solutions = 2)
  78484   376       24.5000    43       21.0000      224.5000   513791  969.05%
  78615   365       22.5000    38       21.0000      224.5000   514772  969.05%
  78748   366       22.5000    36       21.0000      224.5000   515670  969.05%
  78860   379       23.5000    42       21.0000      224.5000   516359  969.05%
  78998   372       24.0000    38       21.0000      224.5000   517363  969.05%
  79126   369       22.5000    38       21.0000      224.5000   518318  969.05%
  79250   369       25.0000    42       21.0000      224.5000   519131  969.05%
  79372   374       28.0000    52       21.0000      224.5000   519863  969.05%
  79495   372       25.0000    43       21.0000      224.5000   520742  969.05%
  79637   370       23.5000    38       21.0000      224.5000   521606  969.05%
Elapsed real time = 2217.70 sec. (tree size =  1.11 MB, solutions = 2)
  79758   366       23.0000    35       21.0000      224.5000   522427  969.05%
  79878   366       23.5000    38       21.0000      224.5000   523239  969.05%
  79999   374       25.5000    45       21.0000      224.5000   524001  969.05%
  80130   372       23.0000    37       21.0000      224.5000   524874  969.05%
  80267   365       28.5000    51       21.0000      224.5000   525840  969.05%
  80393   361       29.5000    53       21.0000      224.5000   526803  969.05%
  80531   364       23.0000    37       21.0000      224.5000   527653  969.05%
  80661   374       22.5000    36       21.0000      224.5000   528306  969.05%
  80800   366       23.0000    39       21.0000      224.5000   529108  969.05%
  80940   361       24.5000    40       21.0000      224.5000   529954  969.05%
Elapsed real time = 2253.35 sec. (tree size =  1.09 MB, solutions = 2)
  81062   363       25.0000    42       21.0000      224.5000   530677  969.05%
  81198   365       26.0000    46       21.0000      224.5000   531577  969.05%
  81329   363       23.5000    40       21.0000      224.5000   532520  969.05%
  81462   368       23.0000    41       21.0000      224.5000   533386  969.05%
  81591   361       23.0000    39       21.0000      224.5000   534218  969.05%
  81719   361       24.5000    41       21.0000      224.5000   535113  969.05%
  81847   365       30.5000    57       21.0000      224.5000   535876  969.05%
  81972   369       23.5000    40       21.0000      224.5000   536564  969.05%
  82101   367       27.0000    46       21.0000      224.5000   537338  969.05%
  82231   367       25.5000    45       21.0000      224.5000   538228  969.05%
Elapsed real time = 2289.55 sec. (tree size =  1.10 MB, solutions = 2)
  82377   359        cutoff             21.0000      224.5000   539226  969.05%
  82507   360       23.0000    35       21.0000      224.5000   540124  969.05%
  82632   369       24.0000    41       21.0000      224.5000   540910  969.05%
  82761   368       23.0000    37       21.0000      224.5000   541716  969.05%
  82896   366       25.0000    38       21.0000      224.5000   542520  969.05%
  83036   361       29.0000    52       21.0000      224.5000   543353  969.05%
  83165   361        cutoff             21.0000      224.5000   544235  969.05%
  83299   367       23.0000    38       21.0000      224.5000   545096  969.05%
  83444   361       23.0000    33       21.0000      224.5000   546002  969.05%
  83572   358       35.0000    66       21.0000      224.5000   546811  969.05%
Elapsed real time = 2324.90 sec. (tree size =  1.08 MB, solutions = 2)
  83683   374       22.5000    36       21.0000      224.5000   547627  969.05%
  83801   374       24.0000    40       21.0000      224.5000   548482  969.05%
  83922   362       23.0000    37       21.0000      224.5000   549418  969.05%
  84047   366       26.5000    43       21.0000      224.5000   550279  969.05%
  84179   361       25.0000    42       21.0000      224.5000   551128  969.05%
  84307   362       25.0000    38       21.0000      224.5000   551990  969.05%
  84441   365       22.5000    34       21.0000      224.5000   552947  969.05%
  84575   363       24.0000    38       21.0000      224.5000   553815  969.05%
  84712   364       24.5000    41       21.0000      224.5000   554606  969.05%
  84848   356       25.0000    38       21.0000      224.5000   555462  969.05%
Elapsed real time = 2360.99 sec. (tree size =  1.08 MB, solutions = 2)
  84968   365       22.5000    38       21.0000      224.5000   556158  969.05%
  85103   362       22.5000    36       21.0000      224.5000   557049  969.05%
  85233   359       26.5000    47       21.0000      224.5000   557933  969.05%
  85362   355       25.0000    42       21.0000      224.5000   558703  969.05%
  85481   373       25.0000    44       21.0000      224.5000   559401  969.05%
  85610   366       25.5000    41       21.0000      224.5000   560217  969.05%
  85733   366       23.5000    40       21.0000      224.5000   560990  969.05%
  85867   361       26.0000    44       21.0000      224.5000   561795  969.05%
  86008   364       25.0000    42       21.0000      224.5000   562586  969.05%
  86139   365       24.0000    40       21.0000      224.5000   563281  969.05%
Elapsed real time = 2397.44 sec. (tree size =  1.10 MB, solutions = 2)
  86273   363       24.5000    37       21.0000      224.5000   564047  969.05%
  86407   364       23.5000    39       21.0000      224.5000   564802  969.05%
  86539   363       22.5000    38       21.0000      224.5000   565764  969.05%
  86660   355       25.5000    43       21.0000      224.5000   566531  969.05%
  86785   357       23.0000    35       21.0000      224.5000   567278  969.05%
  86908   358       26.5000    45       21.0000      224.5000   568015  969.05%
  87031   353       22.5000    34       21.0000      224.5000   568768  969.05%
  87153   368       22.5000    32       21.0000      224.5000   569637  969.05%
  87284   363       28.5000    51       21.0000      224.5000   570550  969.05%
  87412   365       23.0000    33       21.0000      224.5000   571390  969.05%
Elapsed real time = 2433.65 sec. (tree size =  1.10 MB, solutions = 2)
  87547   359       28.5000    51       21.0000      224.5000   572375  969.05%
  87667   356       28.0000    48       21.0000      224.5000   573297  969.05%
  87789   355       26.5000    43       21.0000      224.5000   574117  969.05%
  87917   358       23.0000    39       21.0000      224.5000   574941  969.05%
  88051   355       24.0000    39       21.0000      224.5000   575894  969.05%
  88162   368       24.0000    43       21.0000      224.5000   576633  969.05%
  88290   359       29.0000    52       21.0000      224.5000   577424  969.05%
  88417   356       30.5000    55       21.0000      224.5000   578307  969.05%
  88541   365       23.5000    42       21.0000      224.5000   579076  969.05%
  88660   357       28.0000    50       21.0000      224.5000   579993  969.05%
Elapsed real time = 2469.93 sec. (tree size =  1.08 MB, solutions = 2)
  88786   360       24.0000    35       21.0000      224.5000   580739  969.05%
  88916   355       25.0000    42       21.0000      224.5000   581542  969.05%
  89031   360       24.5000    41       21.0000      224.5000   582235  969.05%
  89158   354       24.5000    37       21.0000      224.5000   582963  969.05%
  89288   362       26.5000    47       21.0000      224.5000   583702  969.05%
  89412   359       24.0000    38       21.0000      224.5000   584469  969.05%
  89543   372       24.5000    43       21.0000      224.5000   585306  969.05%
  89699   367       23.0000    37       21.0000      224.5000   586176  969.05%
  89846   366       26.0000    44       21.0000      224.5000   587042  969.05%
  89974   366       23.5000    33       21.0000      224.5000   587767  969.05%
Elapsed real time = 2506.34 sec. (tree size =  1.10 MB, solutions = 2)
  90118   360       25.0000    38       21.0000      224.5000   588664  969.05%
  90258   366       25.5000    45       21.0000      224.5000   589458  969.05%
  90419   363       22.5000    34       21.0000      224.5000   590270  969.05%
  90562   353       31.5000    57       21.0000      224.5000   591216  969.05%
  90692   354       22.5000    32       21.0000      224.5000   591997  969.05%
  90825   357       22.5000    32       21.0000      224.5000   592791  969.05%
  90956   361       22.5000    36       21.0000      224.5000   593661  969.05%
  91102   350       23.5000    38       21.0000      224.5000   594503  969.05%
  91246   352       25.5000    41       21.0000      224.5000   595361  969.05%
  91374   359       24.0000    41       21.0000      224.5000   596194  969.05%
Elapsed real time = 2541.86 sec. (tree size =  1.09 MB, solutions = 2)
  91524   354       25.5000    41       21.0000      224.5000   597233  969.05%
  91638   366       22.5000    35       21.0000      224.5000   598033  969.05%
  91752   365       22.5000    40       21.0000      224.5000   598855  969.05%
  91892   359       23.5000    40       21.0000      224.5000   599746  969.05%
  92029   355       23.5000    38       21.0000      224.5000   600645  969.05%
  92154   358       24.5000    44       21.0000      224.5000   601505  969.05%
  92296   353       23.5000    37       21.0000      224.5000   602403  969.05%
  92412   359       23.0000    39       21.0000      224.5000   603150  969.05%
  92552   356       23.5000    40       21.0000      224.5000   604149  969.05%
  92672   368       23.0000    41       21.0000      224.5000   605007  969.05%
Elapsed real time = 2577.95 sec. (tree size =  1.11 MB, solutions = 2)
  92796   365       24.5000    41       21.0000      224.5000   605748  969.05%
  92934   356       23.5000    38       21.0000      224.5000   606531  969.05%
  93050   361       24.5000    44       21.0000      224.5000   607237  969.05%
  93184   355       24.0000    38       21.0000      224.5000   608019  969.05%
  93303   357       24.0000    41       21.0000      224.5000   608684  969.05%
  93428   357       22.5000    36       21.0000      224.5000   609493  969.05%
  93569   347       31.0000    56       21.0000      224.5000   610413  969.05%
  93675   368       37.5000    73       21.0000      224.5000   611052  969.05%
  93784   382       27.5000    49       21.0000      224.5000   611830  969.05%
  93909   380       28.5000    53       21.0000      224.5000   612874  969.05%
Elapsed real time = 2614.90 sec. (tree size =  1.13 MB, solutions = 2)
  94034   383        cutoff             21.0000      224.5000   613851  969.05%
  94165   376       25.5000    45       21.0000      224.5000   614957  969.05%
  94295   379       22.5000    34       21.0000      224.5000   615837  969.05%
  94422   379       26.0000    48       21.0000      224.5000   616794  969.05%
  94542   372       24.0000    40       21.0000      224.5000   617772  969.05%
  94670   370       24.0000    43       21.0000      224.5000   618778  969.05%
  94783   378       23.5000    42       21.0000      224.5000   619537  969.05%
  94907   373       26.0000    46       21.0000      224.5000   620509  969.05%
  95031   375       25.0000    44       21.0000      224.5000   621468  969.05%
  95154   374       24.5000    40       21.0000      224.5000   622470  969.05%
Elapsed real time = 2652.19 sec. (tree size =  1.12 MB, solutions = 2)
  95276   369       22.5000    38       21.0000      224.5000   623371  969.05%
  95394   375       23.0000    39       21.0000      224.5000   624203  969.05%
  95522   364       27.5000    49       21.0000      224.5000   625161  969.05%
  95631   372       22.5000    37       21.0000      224.5000   625990  969.05%
  95769   364       34.5000    65       21.0000      224.5000   627271  969.05%
  95889   372       28.0000    50       21.0000      224.5000   628166  969.05%
  96012   367       22.5000    38       21.0000      224.5000   629056  969.05%
  96134   368       24.5000    42       21.0000      224.5000   630018  969.05%
  96260   370       25.5000    43       21.0000      224.5000   630935  969.05%
  96383   365       23.0000    39       21.0000      224.5000   631880  969.05%
Elapsed real time = 2689.37 sec. (tree size =  1.10 MB, solutions = 2)
  96491   377       22.5000    40       21.0000      224.5000   632668  969.05%
  96624   370       22.5000    34       21.0000      224.5000   633591  969.05%
  96749   363       27.0000    49       21.0000      224.5000   634621  969.05%
  96866   365       25.0000    45       21.0000      224.5000   635542  969.05%
  96972   375       26.0000    48       21.0000      224.5000   636270  969.05%
  97106   363       23.5000    42       21.0000      224.5000   637414  969.05%
  97224   372       24.0000    43       21.0000      224.5000   638334  969.05%
  97360   366       26.5000    47       21.0000      224.5000   639419  969.05%
  97479   361       23.0000    39       21.0000      224.5000   640402  969.05%
  97596   362       23.0000    33       21.0000      224.5000   641222  969.05%
Elapsed real time = 2726.46 sec. (tree size =  1.09 MB, solutions = 2)
  97707   371       22.5000    38       21.0000      224.5000   642058  969.05%
  97827   368       23.0000    39       21.0000      224.5000   642893  969.05%
  97949   361       22.5000    36       21.0000      224.5000   643839  969.05%
  98060   359       30.0000    54       21.0000      224.5000   644771  969.05%
  98165   374       27.0000    50       21.0000      224.5000   645416  969.05%
  98281   370       22.5000    38       21.0000      224.5000   646234  969.05%
  98398   362       23.0000    39       21.0000      224.5000   647233  969.05%
  98514   365       26.0000    46       21.0000      224.5000   648105  969.05%
  98634   359       24.0000    41       21.0000      224.5000   648918  969.05%
  98747   367       24.5000    42       21.0000      224.5000   649739  969.05%
Elapsed real time = 2763.32 sec. (tree size =  1.11 MB, solutions = 2)
  98871   364       23.5000    40       21.0000      224.5000   650669  969.05%
  98991   358       25.0000    43       21.0000      224.5000   651553  969.05%
  99100   368       24.5000    40       21.0000      224.5000   652307  969.05%
  99226   361       22.5000    36       21.0000      224.5000   653237  969.05%
  99351   357       23.0000    39       21.0000      224.5000   654212  969.05%
  99468   364       26.0000    46       21.0000      224.5000   655090  969.05%
  99591   361       23.5000    40       21.0000      224.5000   656031  969.05%
  99711   356       24.0000    41       21.0000      224.5000   656969  969.05%
  99815   381       22.0000    33       21.0000      224.5000   657677  969.05%
  99941   375       25.5000    45       21.0000      224.5000   658577  969.05%
Elapsed real time = 2799.85 sec. (tree size =  1.12 MB, solutions = 2)
 100050   374       25.0000    41       21.0000      224.5000   659425  969.05%
 100176   374       23.0000    39       21.0000      224.5000   660310  969.05%
 100293   372       23.0000    39       21.0000      224.5000   661161  969.05%
 100412   370       23.0000    39       21.0000      224.5000   662045  969.05%
 100548   373       25.5000    43       21.0000      224.5000   663021  969.05%
 100673   368       25.0000    38       21.0000      224.5000   663843  969.05%
 100796   365       26.5000    45       21.0000      224.5000   664693  969.05%
 100921   371       22.5000    34       21.0000      224.5000   665516  969.05%
 101047   372       24.0000    40       21.0000      224.5000   666387  969.05%
 101170   365       23.5000    38       21.0000      224.5000   667328  969.05%
Elapsed real time = 2836.31 sec. (tree size =  1.10 MB, solutions = 2)
 101290   367       27.0000    44       21.0000      224.5000   668113  969.05%
 101411   364       23.0000    35       21.0000      224.5000   668881  969.05%
 101537   371       23.5000    40       21.0000      224.5000   669758  969.05%
 101659   360       28.5000    49       21.0000      224.5000   670635  969.05%
 101772   361       25.0000    40       21.0000      224.5000   671325  969.05%
 101897   366       26.0000    44       21.0000      224.5000   672240  969.05%
 102018   362       26.5000    45       21.0000      224.5000   673165  969.05%
 102139   362       22.5000    36       21.0000      224.5000   674087  969.05%
 102264   362       23.0000    39       21.0000      224.5000   674948  969.05%
 102390   364       22.5000    34       21.0000      224.5000   675775  969.05%
Elapsed real time = 2872.74 sec. (tree size =  1.10 MB, solutions = 2)
 102518   362       23.5000    39       21.0000      224.5000   676725  969.05%
 102656   359       27.0000    46       21.0000      224.5000   677580  969.05%
 102792   356       22.5000    36       21.0000      224.5000   678558  969.05%
 102909   356       26.0000    44       21.0000      224.5000   679448  969.05%
 103016   372       23.5000    42       21.0000      224.5000   680244  969.05%
 103151   366       23.5000    40       21.0000      224.5000   681285  969.05%
 103277   364       24.0000    37       21.0000      224.5000   682276  969.05%
 103398   363       29.0000    52       21.0000      224.5000   683266  969.05%
 103525   363       24.0000    39       21.0000      224.5000   684199  969.05%
 103647   367       23.5000    41       21.0000      224.5000   685083  969.05%
Elapsed real time = 2909.47 sec. (tree size =  1.10 MB, solutions = 2)
 103762   360       23.5000    40       21.0000      224.5000   686068  969.05%
 103890   354        cutoff             21.0000      224.5000   687069  969.05%
 104011   365       23.5000    40       21.0000      224.5000   687860  969.05%
 104154   355       28.0000    48       21.0000      224.5000   688939  969.05%
 104271   364       26.0000    44       21.0000      224.5000   689739  969.05%
 104391   352       30.0000    52       21.0000      224.5000   690769  969.05%
 104513   352       40.5000    77       21.0000      224.5000   691684  969.05%
 104625   374       25.0000    42       21.0000      224.5000   692404  969.05%
 104752   369       24.0000    41       21.0000      224.5000   693392  969.05%
 104878   374       25.5000    43       21.0000      224.5000   694438  969.05%
Elapsed real time = 2946.61 sec. (tree size =  1.12 MB, solutions = 2)
 105006   361       30.5000    55       21.0000      224.5000   695327  969.05%
 105133   359       32.5000    59       21.0000      224.5000   696425  969.05%
 105240   370       23.0000    39       21.0000      224.5000   697282  969.05%
 105377   369       22.5000    32       21.0000      224.5000   698339  969.05%
 105510   366       23.5000    36       21.0000      224.5000   699405  969.05%
 105630   358       23.5000    37       21.0000      224.5000   700230  969.05%
 105750   369       22.5000    34       21.0000      224.5000   700982  969.05%
 105881   362       23.5000    38       21.0000      224.5000   701907  969.05%
 106007   355       23.5000    38       21.0000      224.5000   702955  969.05%
 106130   360       23.0000    39       21.0000      224.5000   703916  969.05%
Elapsed real time = 2983.83 sec. (tree size =  1.09 MB, solutions = 2)
 106249   358       23.0000    37       21.0000      224.5000   704928  969.05%
 106373   352       31.0000    56       21.0000      224.5000   705953  969.05%
 106492   351       22.5000    33       21.0000      224.5000   706752  969.05%
 106601   365       31.0000    58       21.0000      224.5000   707583  969.05%
 106729   367       25.5000    42       21.0000      224.5000   708439  969.05%
 106845   367       25.5000    45       21.0000      224.5000   709208  969.05%
 106967   363       26.0000    44       21.0000      224.5000   710042  969.05%
 107087   361       27.0000    48       21.0000      224.5000   710840  969.05%
 107208   358       23.0000    35       21.0000      224.5000   711724  969.05%
 107328   360       24.5000    41       21.0000      224.5000   712761  969.05%
Elapsed real time = 3020.74 sec. (tree size =  1.09 MB, solutions = 2)
 107464   354       22.5000    32       21.0000      224.5000   713744  969.05%
 107582   353       30.0000    54       21.0000      224.5000   714697  969.05%
 107698   353        cutoff             21.0000      224.5000   715647  969.05%
 107812   370       26.0000    46       21.0000      224.5000   716380  969.05%
 107935   368       23.5000    42       21.0000      224.5000   717241  969.05%
 108061   368       23.5000    35       21.0000      224.5000   718129  969.05%
 108181   364       24.5000    39       21.0000      224.5000   718979  969.05%
 108311   362       24.0000    37       21.0000      224.5000   719947  969.05%
 108437   359       24.5000    42       21.0000      224.5000   720921  969.05%
 108561   357       23.5000    38       21.0000      224.5000   721823  969.05%
Elapsed real time = 3057.26 sec. (tree size =  1.08 MB, solutions = 2)
 108684   357       25.0000    42       21.0000      224.5000   722693  969.05%
 108807   364       22.5000    36       21.0000      224.5000   723594  969.05%
 108947   350       32.5000    59       21.0000      224.5000   724698  969.05%
 109084   351       27.5000    47       21.0000      224.5000   725658  969.05%
 109201   363       24.0000    43       21.0000      224.5000   726499  969.05%
 109326   356       24.5000    41       21.0000      224.5000   727433  969.05%
 109435   364       26.0000    46       21.0000      224.5000   728248  969.05%
 109555   363       23.0000    39       21.0000      224.5000   729148  969.05%
 109673   361       27.0000    48       21.0000      224.5000   730170  969.05%
 109789   356       24.0000    41       21.0000      224.5000   731086  969.05%
Elapsed real time = 3094.34 sec. (tree size =  1.08 MB, solutions = 2)
 109908   358       24.0000    41       21.0000      224.5000   731990  969.05%
 110027   350       24.5000    42       21.0000      224.5000   732969  969.05%
 110147   353       22.5000    34       21.0000      224.5000   733877  969.05%
 110277   354       24.5000    40       21.0000      224.5000   734871  969.05%
 110401   365       23.5000    38       21.0000      224.5000   735818  969.05%
 110534   356       23.5000    40       21.0000      224.5000   736939  969.05%
 110652   356       23.5000    36       21.0000      224.5000   737863  969.05%
 110776   350       22.5000    35       21.0000      224.5000   738887  969.05%
 110892   353       25.0000    42       21.0000      224.5000   739782  969.05%
 111008   356       27.0000    48       21.0000      224.5000   740791  969.05%
Elapsed real time = 3131.14 sec. (tree size =  1.08 MB, solutions = 2)
 111115   363       38.0000    74       21.0000      224.5000   741598  969.05%
 111237   382       22.5000    40       21.0000      224.5000   742352  969.05%
 111365   379       27.0000    50       21.0000      224.5000   743271  969.05%
 111492   377       24.0000    39       21.0000      224.5000   744191  969.05%
 111626   376       28.0000    52       21.0000      224.5000   745157  969.05%
 111758   369       23.5000    40       21.0000      224.5000   746074  969.05%
 111876   373       26.0000    46       21.0000      224.5000   746797  969.05%
 112001   372       23.0000    41       21.0000      224.5000   747667  969.05%
 112126   375       22.5000    34       21.0000      224.5000   748458  969.05%
 112254   370       24.5000    41       21.0000      224.5000   749307  969.05%
Elapsed real time = 3167.43 sec. (tree size =  1.11 MB, solutions = 2)
 112375   370       22.5000    38       21.0000      224.5000   750162  969.05%
 112495   374       23.0000    41       21.0000      224.5000   750986  969.05%
 112641   366       24.0000    41       21.0000      224.5000   751926  969.05%
 112766   369       25.5000    45       21.0000      224.5000   752712  969.05%
 112897   365       29.5000    55       21.0000      224.5000   753572  969.05%
 113022   369       24.0000    42       21.0000      224.5000   754420  969.05%
 113150   375       26.5000    47       21.0000      224.5000   755255  969.05%
 113297   367       28.0000    48       21.0000      224.5000   756201  969.05%
 113422   363       24.5000    38       21.0000      224.5000   756984  969.05%
 113549   367       23.5000    35       21.0000      224.5000   757690  969.05%
Elapsed real time = 3203.27 sec. (tree size =  1.10 MB, solutions = 2)
 113679   371       25.0000    43       21.0000      224.5000   758478  969.05%
 113816   364       27.0000    47       21.0000      224.5000   759294  969.05%
 113937   377       23.5000    38       21.0000      224.5000   760026  969.05%
 114071   375       25.5000    45       21.0000      224.5000   760955  969.05%
 114205   372       25.0000    44       21.0000      224.5000   761981  969.05%
 114330   366       23.0000    39       21.0000      224.5000   762775  969.05%
 114461   363       25.5000    43       21.0000      224.5000   763872  969.05%
 114584   361       27.5000    47       21.0000      224.5000   764766  969.05%
 114705   368       25.5000    41       21.0000      224.5000   765582  969.05%
 114844   362        cutoff             21.0000      224.5000   766494  969.05%
Elapsed real time = 3239.75 sec. (tree size =  1.09 MB, solutions = 2)
 114967   363       23.0000    35       21.0000      224.5000   767294  969.05%
 115101   360       24.5000    35       21.0000      224.5000   768165  969.05%
 115226   370       29.0000    54       21.0000      224.5000   768963  969.05%
 115352   374       22.5000    36       21.0000      224.5000   769689  969.05%
 115476   371       23.5000    42       21.0000      224.5000   770485  969.05%
 115607   364       23.5000    40       21.0000      224.5000   771392  969.05%
 115733   363       24.0000    39       21.0000      224.5000   772220  969.05%
 115846   357       24.0000    39       21.0000      224.5000   773050  969.05%
 115966   359       26.5000    45       21.0000      224.5000   773895  969.05%
 116084   367       28.0000    50       21.0000      224.5000   774684  969.05%
Elapsed real time = 3275.15 sec. (tree size =  1.10 MB, solutions = 2)
 116204   364       26.5000    45       21.0000      224.5000   775576  969.05%
 116324   360       30.0000    54       21.0000      224.5000   776474  969.05%
 116456   360       25.5000    42       21.0000      224.5000   777571  969.05%
 116580   361       25.0000    43       21.0000      224.5000   778399  969.05%
 116695   369       27.0000    50       21.0000      224.5000   779254  969.05%
 116828   363       22.5000    38       21.0000      224.5000   780044  969.05%
 116962   357       23.0000    39       21.0000      224.5000   781001  969.05%
 117081   359       33.5000    63       21.0000      224.5000   781849  969.05%
 117208   365       23.5000    40       21.0000      224.5000   782727  969.05%
 117727   361       24.5000    33       21.0000      224.5000   786435  969.05%
Elapsed real time = 3322.11 sec. (tree size =  1.09 MB, solutions = 2)
 118234   359       28.5000    47       21.0000      224.5000   789826  969.05%
 118718   368       25.0000    44       21.0000      224.5000   793322  969.05%
 119228   362       23.0000    35       21.0000      224.5000   796948  969.05%
 119722   363       26.5000    43       21.0000      224.5000   800500  969.05%
 120265   356       24.5000    42       21.0000      224.5000   804163  969.05%
 120786   356        cutoff             21.0000      224.5000   807731  969.05%
 121294   358       28.5000    51       21.0000      224.5000   811112  969.05%
 121796   358       32.5000    61       21.0000      224.5000   814591  969.05%
 122320   359       23.5000    37       21.0000      224.5000   818220  969.05%
 122843   348       27.5000    47       21.0000      224.5000   821663  969.05%
Elapsed real time = 3465.04 sec. (tree size =  1.06 MB, solutions = 2)
 123334   354       22.5000    36       21.0000      224.5000   825123  969.05%
 123845   354       28.0000    50       21.0000      224.5000   828560  969.05%
 124334   350       24.0000    41       21.0000      224.5000   832030  969.05%
 124875   353        cutoff             21.0000      224.5000   835564  969.05%
 125354   385       23.0000    41       21.0000      224.5000   838664  969.05%
 125874   378       24.0000    34       21.0000      224.5000   842676  969.05%
 126380   379       23.0000    39       21.0000      224.5000   846153  969.05%
 126916   375       23.0000    35       21.0000      224.5000   849617  969.05%
 127468   364       22.5000    34       21.0000      224.5000   853307  969.05%

Root node processing (before b&c):
  Real time             =    0.26
Sequential b&c:
  Real time             = 3599.74
                          -------
Total (root+branch&cut) = 3600.00 sec.
Datos de la resolucion: 	21	3600.01
