el algoritmo 2
limiteCortesClique 100
limiteCortesCiclo 100
limiteCortesIter 5
la cantidad de cortes que pasaron por parametros es mayor a la cantidad total de cliques que encontre
hago 250 cliques

el conjunto independiente: 
157
26
236
89
60
249
142
31
23
219
en total tiene 10 nodos.
TA TODO BIEN
hago 100 cliques
28 26 19  el contador 3
62 65 67 60 63  el contador 5
89 90 92 98 87 86 84  el contador 7
112 109 105  el contador 3
108 113 111 105 112  el contador 5
140 137 132  el contador 3
138 144 134 136 135  el contador 5
153 156 154 150 152  el contador 5
191 190 188  el contador 3
212 210 208  el contador 3
218 220 219 215 214  el contador 5
225 230 228 223 229  el contador 5
la cantidad de cortes que pasaron por parametros es mayor a la cantidad total de ciclos que encontre
Default row names c1, c2 ... being created.
son 100 cliques y 12 ciclos
el corte 100 empieza en 882
el rhs es 7
el corte 101 empieza en 889
el rhs es 5
el corte 102 empieza en 894
el rhs es 5
el corte 103 empieza en 899
el rhs es 5
el corte 104 empieza en 904
el rhs es 5
el corte 105 empieza en 909
el rhs es 5
el corte 106 empieza en 914
el rhs es 5
el corte 107 empieza en 919
el rhs es 3
el corte 108 empieza en 922
el rhs es 3
el corte 109 empieza en 925
el rhs es 3
el corte 110 empieza en 928
el rhs es 3
el corte 111 empieza en 931
el rhs es 3
creo todos los cortes
Clique table members: 15668.
MIP emphasis: balance optimality and feasibility.
MIP search method: traditional branch-and-cut.
Parallel mode: none, using 1 thread.
Root relaxation solution time =    0.10 sec.

        Nodes                                         Cuts/
   Node  Left     Objective  IInf  Best Integer    Best Bound    ItCnt     Gap

      0     0      125.0000   250                    125.0000      393         
el nodo en que voy a cortar es 0 agrego el corte 1
el nodo en que voy a cortar es 0 agrego el corte 2
el nodo en que voy a cortar es 0 agrego el corte 3
el nodo en que voy a cortar es 0 agrego el corte 4
el nodo en que voy a cortar es 0 agrego el corte 5
      0     0      113.0000   226               UserPurge1: 4      470         
el nodo en que voy a cortar es 0 agrego el corte 50
el nodo en que voy a cortar es 0 agrego el corte 52
el nodo en que voy a cortar es 0 agrego el corte 21
el nodo en que voy a cortar es 0 agrego el corte 20
el nodo en que voy a cortar es 0 agrego el corte 61
      0     0      104.0000   208               UserPurge1: 5      552         
el nodo en que voy a cortar es 0 agrego el corte 70
el nodo en que voy a cortar es 0 agrego el corte 65
el nodo en que voy a cortar es 0 agrego el corte 24
el nodo en que voy a cortar es 0 agrego el corte 59
el nodo en que voy a cortar es 0 agrego el corte 10
      0     0       96.5000   193               UserPurge1: 5      645         
el nodo en que voy a cortar es 0 agrego el corte 69
el nodo en que voy a cortar es 0 agrego el corte 49
el nodo en que voy a cortar es 0 agrego el corte 55
el nodo en que voy a cortar es 0 agrego el corte 0
el nodo en que voy a cortar es 0 agrego el corte 44
      0     0       94.5000   189               UserPurge1: 5      685         
el nodo en que voy a cortar es 0 agrego el corte 22
el nodo en que voy a cortar es 0 agrego el corte 23
el nodo en que voy a cortar es 0 agrego el corte 75
el nodo en que voy a cortar es 0 agrego el corte 41
el nodo en que voy a cortar es 0 agrego el corte 86
      0     0       89.5000   179               UserPurge1: 5      750         
el nodo en que voy a cortar es 0 agrego el corte 71
el nodo en que voy a cortar es 0 agrego el corte 29
el nodo en que voy a cortar es 0 agrego el corte 66
el nodo en que voy a cortar es 0 agrego el corte 12
el nodo en que voy a cortar es 0 agrego el corte 87
      0     0       87.0000   174               UserPurge1: 5      782         
el nodo en que voy a cortar es 0 agrego el corte 63
el nodo en que voy a cortar es 0 agrego el corte 91
el nodo en que voy a cortar es 0 agrego el corte 31
el nodo en que voy a cortar es 0 agrego el corte 72
el nodo en que voy a cortar es 0 agrego el corte 81
      0     0       86.5000   173               UserPurge1: 5      810         
el nodo en que voy a cortar es 0 agrego el corte 38
el nodo en que voy a cortar es 0 agrego el corte 85
el nodo en que voy a cortar es 0 agrego el corte 88
el nodo en que voy a cortar es 0 agrego el corte 48
el nodo en que voy a cortar es 0 agrego el corte 107
      0     0       86.0000   172               UserPurge1: 5      850         
el nodo en que voy a cortar es 0 agrego el corte 46
el nodo en que voy a cortar es 0 agrego el corte 6
el nodo en que voy a cortar es 0 agrego el corte 42
el nodo en que voy a cortar es 0 agrego el corte 63
el nodo en que voy a cortar es 0 agrego el corte 14
      0     0       84.7500   173               UserPurge1: 5      875         
el nodo en que voy a cortar es 0 agrego el corte 92
      0     0       84.7500   173               UserPurge1: 1      879         
      0     2       84.7500   172                     84.2500      879         
Elapsed real time =   1.45 sec. (tree size =  0.01 MB, solutions = 0)
el nodo en que voy a cortar es 0x1 agrego el corte 37
el nodo en que voy a cortar es 0x1 agrego el corte 16
el nodo en que voy a cortar es 0x1 agrego el corte 109
el nodo en que voy a cortar es 0x1 agrego el corte 3
el nodo en que voy a cortar es 0x1 agrego el corte 26
el nodo en que voy a cortar es 0x1 agrego el corte 90
el nodo en que voy a cortar es 0x1 agrego el corte 62
el nodo en que voy a cortar es 0x1 agrego el corte 18
el nodo en que voy a cortar es 0x1 agrego el corte 94
el nodo en que voy a cortar es 0x1 agrego el corte 77
el nodo en que voy a cortar es 0x2 agrego el corte 80
el nodo en que voy a cortar es 0x2 agrego el corte 97
      2     4       27.5000    51                     84.2500     1359         
*     5     4      integral     0        8.0000       84.2500     1433  953.12%
     12     5       13.0000    20        8.0000       84.2500     1516  953.12%
*    16     4      integral     0        9.0000       84.2500     1587  836.11%
     21     4       11.5000    18        9.0000       84.2500     1704  836.11%
     26     4       12.0000    19        9.0000       84.2500     1804  836.11%
     32     4       25.5000    47        9.0000       84.2500     1908  836.11%
     38     4       12.5000    20        9.0000       84.2500     2053  836.11%
     44     4       13.0000    21        9.0000       84.2500     2247  836.11%
     65     4       12.0000    19        9.0000       84.2500     2719  836.11%
Elapsed real time =   8.62 sec. (tree size =  0.01 MB, solutions = 2)
el nodo en que voy a cortar es 0x13 agrego el corte 67
el nodo en que voy a cortar es 0x13 agrego el corte 40
el nodo en que voy a cortar es 0x13 agrego el corte 35
el nodo en que voy a cortar es 0x14 agrego el corte 79
     86     4       11.5000    18        9.0000       84.2500     3188  836.11%
    112     3       12.5000    22        9.0000       84.2500     3523  836.11%
    130     4       22.5000    41        9.0000       84.2500     4143  836.11%
    152     4       19.0000    34        9.0000       84.2500     4754  836.11%
el nodo en que voy a cortar es 0x19 agrego el corte 95
el nodo en que voy a cortar es 0x19 agrego el corte 51
el nodo en que voy a cortar es 0x19 agrego el corte 34
el nodo en que voy a cortar es 0x19 agrego el corte 11
    178     3       14.0000    25        9.0000       84.2500     5307  836.11%
el nodo en que voy a cortar es 0x5 agrego el corte 31
el nodo en que voy a cortar es 0x5 agrego el corte 74
el nodo en que voy a cortar es 0x7 agrego el corte 89
el nodo en que voy a cortar es 0x8 agrego el corte 57
    199     4       22.0000    40        9.0000       84.2500     5982  836.11%
el nodo en que voy a cortar es 0xd agrego el corte 69
    218     4       11.5000    18        9.0000       84.2500     6517  836.11%
    246     4       10.0000    15        9.0000       84.2500     7190  836.11%
    267     4       21.0000    38        9.0000       84.2500     7702  836.11%
    294     3       16.0000    29        9.0000       84.2500     8270  836.11%
Elapsed real time =  31.57 sec. (tree size =  0.01 MB, solutions = 2)
    313     4       14.5000    24        9.0000       84.2500     8724  836.11%
    330     4       11.5000    18        9.0000       84.2500     9067  836.11%
el nodo en que voy a cortar es 0xd agrego el corte 98
el nodo en que voy a cortar es 0xd agrego el corte 96
el nodo en que voy a cortar es 0xd agrego el corte 93
el nodo en que voy a cortar es 0xd agrego el corte 84
el nodo en que voy a cortar es 0xd agrego el corte 73
el nodo en que voy a cortar es 0x11 agrego el corte 9
el nodo en que voy a cortar es 0x11 agrego el corte 53
    351     4       23.0000    42        9.0000       84.2500     9620  836.11%
    374     4       12.0000    19        9.0000       84.2500    10194  836.11%
    399     4       15.0000    28        9.0000       84.2500    10694  836.11%
    423     4       15.0000    25        9.0000       84.2500    11277  836.11%
    446     4       21.0000    38        9.0000       84.2500    11813  836.11%
    469     4       11.7500    20        9.0000       84.2500    12373  836.11%
el nodo en que voy a cortar es 0x23 agrego el corte 7
    495     3       14.0000    25        9.0000       84.2500    12750  836.11%
*   501     4      integral     0       10.0000       84.2500    13069  742.50%
Elapsed real time =  52.19 sec. (tree size =  0.01 MB, solutions = 3)
    525     4       21.0000    38       10.0000       84.2500    13738  742.50%
    547     3       17.0000    30       10.0000       84.2500    14246  742.50%
el nodo en que voy a cortar es 0xc agrego el corte 45
el nodo en que voy a cortar es 0xc agrego el corte 28
    568     4       14.0000    23       10.0000       84.2500    14837  742.50%
    596     4       21.0000    38       10.0000       84.2500    15485  742.50%
    623     3       15.5000    28       10.0000       84.2500    15974  742.50%
    644     4       14.5000    24       10.0000       84.2500    16691  742.50%
el nodo en que voy a cortar es 0x12 agrego el corte 36
    666     4       21.5000    39       10.0000       84.2500    17186  742.50%
    689     4       18.0000    32       10.0000       84.2500    17700  742.50%
    712     4       23.0000    42       10.0000       84.2500    18418  742.50%
el nodo en que voy a cortar es 0x14 agrego el corte 60
el nodo en que voy a cortar es 0x14 agrego el corte 43
    737     4       19.0000    34       10.0000       84.2500    19138  742.50%
Elapsed real time =  74.46 sec. (tree size =  0.01 MB, solutions = 3)
    758     4       16.0000    28       10.0000       84.2500    19570  742.50%
    778     4       24.0000    44       10.0000       84.2500    20235  742.50%
    798     4       21.0000    38       10.0000       84.2500    20947  742.50%
    823     3       17.0000    30       10.0000       84.2500    21502  742.50%
    846     4       12.5000    20       10.0000       84.2500    22059  742.50%
el nodo en que voy a cortar es 0x11 agrego el corte 44
el nodo en que voy a cortar es 0x11 agrego el corte 32
el nodo en que voy a cortar es 0x11 agrego el corte 49
    872     3       17.0000    31       10.0000       84.2500    22683  742.50%
    894     4       22.0000    40       10.0000       84.2500    23289  742.50%
el nodo en que voy a cortar es 0x14 agrego el corte 39
    919     4       11.5000    18       10.0000       84.2500    23958  742.50%
    943     4       23.5000    43       10.0000       84.2500    24587  742.50%
    965     4       11.5000    18       10.0000       84.2500    25243  742.50%
Elapsed real time =  97.68 sec. (tree size =  0.01 MB, solutions = 3)
    990     3       15.5000    28       10.0000       84.2500    25826  742.50%
   1011     4       21.5000    39       10.0000       84.2500    26465  742.50%
   1037     3       14.0000    27       10.0000       84.2500    26997  742.50%
   1058     3       16.5000    30       10.0000       84.2500    27605  742.50%
   1080     4       13.0000    21       10.0000       84.2500    28309  742.50%
   1105     4       17.0000    30       10.0000       84.2500    28880  742.50%
   1132     4       24.5000    45       10.0000       84.2500    29627  742.50%
   1154     4       12.5000    20       10.0000       84.2500    30365  742.50%
   1180     4       17.0000    30       10.0000       84.2500    30963  742.50%
   1201     4       23.0000    42       10.0000       84.2500    31572  742.50%
Elapsed real time = 121.21 sec. (tree size =  0.01 MB, solutions = 3)
   1223     4       11.0000    17       10.0000       84.2500    32256  742.50%
   1244     3       36.5000    71       10.0000       84.2500    32624  742.50%
el nodo en que voy a cortar es 0x15 agrego el corte 78
   1262     4       14.0000    23       10.0000       84.2500    33347  742.50%
   1286     4       19.5000    35       10.0000       84.2500    34023  742.50%
   1312     3       35.5000    69       10.0000       84.2500    34507  742.50%
   1335     4       21.5000    39       10.0000       84.2500    35155  742.50%
   1359     4       23.5000    43       10.0000       84.2500    35897  742.50%
   1381     4       12.5000    20       10.0000       84.2500    36698  742.50%
el nodo en que voy a cortar es 0x2b agrego el corte 30
   1406     3       14.5000    26       10.0000       84.2500    37186  742.50%
   1427     4       12.0000    19       10.0000       84.2500    37957  742.50%
Elapsed real time = 144.65 sec. (tree size =  0.01 MB, solutions = 3)
   1451     4       18.5000    33       10.0000       84.2500    38407  742.50%
   1472     4       19.5000    35       10.0000       84.2500    38996  742.50%
   1493     3       33.0000    64       10.0000       84.2500    39548  742.50%
   1516     3       17.0000    31       10.0000       84.2500    40262  742.50%
   1533     3       16.0000    29       10.0000       84.2500    40682  742.50%
   1560     3       16.0000    28       10.0000       84.2500    41282  742.50%
   1584     3       16.5000    29       10.0000       84.2500    41994  742.50%
   1606     4       19.0000    34       10.0000       84.2500    42435  742.50%
el nodo en que voy a cortar es 0x25 agrego el corte 47
   1626     3       17.0000    30       10.0000       84.2500    42944  742.50%
   1647     4       19.0000    36       10.0000       84.2500    43571  742.50%
Elapsed real time = 168.11 sec. (tree size =  0.01 MB, solutions = 3)
   1668     3       12.5000    22       10.0000       84.2500    44031  742.50%
   1687     4       19.0000    34       10.0000       84.2500    44754  742.50%
   1710     4       18.5000    33       10.0000       84.2500    45405  742.50%
   1731     4       20.5000    37       10.0000       84.2500    46006  742.50%
   1753     3       16.5000    30       10.0000       84.2500    46586  742.50%
   1773     4       11.0000    17       10.0000       84.2500    47230  742.50%
   1789     3       16.0000    29       10.0000       84.2500    47642  742.50%
   1809     3       16.0000    29       10.0000       84.2500    48382  742.50%
   1829     3       15.0000    27       10.0000       84.2500    49099  742.50%
   1850     3       21.5000    41       10.0000       84.2500    49907  742.50%
Elapsed real time = 193.41 sec. (tree size =  0.01 MB, solutions = 3)
   1872     3       18.5000    35       10.0000       84.2500    50800  742.50%
   1893     2       15.0000    28       10.0000       84.2500    51563  742.50%
   1909     4       11.0000    17       10.0000       83.7500    52519  737.50%
   1934     4       12.5000    20       10.0000       83.7500    53260  737.50%
   1960     3       15.0000    26       10.0000       83.7500    53714  737.50%
   1978     4       17.5000    30       10.0000       83.7500    54489  737.50%
   1999     4       12.0000    19       10.0000       83.7500    55039  737.50%
   2022     4       14.0000    23       10.0000       83.7500    55596  737.50%
   2047     4       18.5000    33       10.0000       83.7500    56110  737.50%
el nodo en que voy a cortar es 0x1c agrego el corte 76
   2140     4       11.5000    18       10.0000       83.7500    58445  737.50%
Elapsed real time = 220.95 sec. (tree size =  0.01 MB, solutions = 3)
   2233     3       17.5000    31       10.0000       83.7500    60462  737.50%
   2316     4       19.5000    35       10.0000       83.7500    62427  737.50%
   2405     3        cutoff             10.0000       83.7500    64680  737.50%
el nodo en que voy a cortar es 0xa agrego el corte 82
   2489     4       11.5000    18       10.0000       83.7500    66810  737.50%
   2578     4       25.0000    46       10.0000       83.7500    69559  737.50%
   2668     4       14.0000    23       10.0000       83.7500    72257  737.50%
   2754     4       15.0000    25       10.0000       83.7500    74672  737.50%
   2841     4       21.5000    39       10.0000       83.7500    77255  737.50%
   2925     4       12.5000    20       10.0000       83.7500    79724  737.50%
   3018     4       11.0000    17       10.0000       83.7500    82266  737.50%
Elapsed real time = 304.02 sec. (tree size =  0.01 MB, solutions = 3)
   3116     3       40.5000    82       10.0000       83.7500    84344  737.50%
   3205     4       13.5000    22       10.0000       83.7500    86875  737.50%
   3297     3       12.5000    22       10.0000       83.7500    89253  737.50%
   3385     4       21.5000    39       10.0000       83.7500    91667  737.50%
   3472     4       12.5000    20       10.0000       83.7500    94378  737.50%
   3561     4       11.5000    18       10.0000       83.7500    96888  737.50%
   3654     4       18.5000    33       10.0000       83.7500    99188  737.50%
   3748     4       23.0000    42       10.0000       83.7500   101692  737.50%
   3831     3        cutoff             10.0000       83.7500   103835  737.50%
   3916     4       11.5000    18       10.0000       83.7500   105912  737.50%
Elapsed real time = 386.53 sec. (tree size =  0.01 MB, solutions = 3)
   4000     3       18.5000    34       10.0000       83.7500   107987  737.50%
   4077     4       18.5000    33       10.0000       83.7500   110216  737.50%
   4174     4       18.0000    32       10.0000       83.7500   112242  737.50%
   4260     3       13.5000    24       10.0000       83.7500   114740  737.50%
   4344     2       11.7500    24       10.0000       83.7500   117750  737.50%
   4433     4       19.0000    34       10.0000       83.2500   120374  732.50%
   4520     3       48.5000    95       10.0000       83.2500   122488  732.50%
   4605     4       16.0000    27       10.0000       83.2500   125145  732.50%
   4697     4       26.5000    49       10.0000       83.2500   127589  732.50%
   4790     4       17.0000    29       10.0000       83.2500   129926  732.50%
Elapsed real time = 471.25 sec. (tree size =  0.01 MB, solutions = 3)
   4879     4       20.5000    37       10.0000       83.2500   132003  732.50%
   4969     4       18.5000    33       10.0000       83.2500   134100  732.50%
   5056     4       12.5000    20       10.0000       83.2500   136635  732.50%
el nodo en que voy a cortar es 0x11 agrego el corte 1
el nodo en que voy a cortar es 0x11 agrego el corte 5
el nodo en que voy a cortar es 0x11 agrego el corte 8
   5144     4       27.2500    52       10.0000       83.2500   138822  732.50%
   5232     4       13.5000    22       10.0000       83.2500   141042  732.50%
   5327     4       14.5000    24       10.0000       83.2500   143634  732.50%
   5426     3       16.5000    29       10.0000       83.2500   145879  732.50%
   5513     4       21.5000    39       10.0000       83.2500   148287  732.50%
   5601     4       19.0000    34       10.0000       83.2500   150812  732.50%
   5690     4       22.5000    41       10.0000       83.2500   153509  732.50%
Elapsed real time = 553.93 sec. (tree size =  0.01 MB, solutions = 3)
   5781     4       19.5000    35       10.0000       83.2500   155692  732.50%
   5871     4       17.0000    30       10.0000       83.2500   157708  732.50%
   5968     4       20.0000    36       10.0000       83.2500   160317  732.50%
   6056     4       13.5000    22       10.0000       83.2500   162692  732.50%
   6149     4       22.0000    40       10.0000       83.2500   164842  732.50%
   6242     4       19.0000    34       10.0000       83.2500   167239  732.50%
   6336     4       17.5000    31       10.0000       83.2500   169410  732.50%
   6423     3       19.0000    35       10.0000       83.2500   171955  732.50%
   6522     3       13.5000    24       10.0000       83.2500   174298  732.50%
   6602     3       17.0000    31       10.0000       83.2500   176604  732.50%
Elapsed real time = 631.21 sec. (tree size =  0.01 MB, solutions = 3)
   6685     3       14.0000    25       10.0000       83.2500   179230  732.50%
   6768     4       15.0000    25       10.0000       82.7500   182278  727.50%
   6851     4       16.5000    29       10.0000       82.7500   184635  727.50%
   6938     3       17.5000    32       10.0000       82.7500   187011  727.50%
   7019     4       18.5000    33       10.0000       82.7500   189511  727.50%
   7100     4       14.5000    24       10.0000       82.7500   191791  727.50%
   7186     4       12.5000    20       10.0000       82.7500   194106  727.50%
el nodo en que voy a cortar es 0xd agrego el corte 110
   7272     4       19.0000    34       10.0000       82.7500   196593  727.50%
   7357     4       26.0000    48       10.0000       82.7500   199077  727.50%
   7446     4       24.0000    44       10.0000       82.7500   201432  727.50%
Elapsed real time = 682.04 sec. (tree size =  0.01 MB, solutions = 3)
   7527     4       13.5000    22       10.0000       82.7500   204317  727.50%
   7617     4       20.5000    37       10.0000       82.7500   207140  727.50%
el nodo en que voy a cortar es 0x19 agrego el corte 15
el nodo en que voy a cortar es 0x19 agrego el corte 68
el nodo en que voy a cortar es 0x19 agrego el corte 13
el nodo en que voy a cortar es 0x19 agrego el corte 56
   7703     4       26.0000    48       10.0000       82.7500   209600  727.50%
   7789     4       20.0000    36       10.0000       82.7500   212164  727.50%
   7882     4       12.0000    19       10.0000       82.7500   214764  727.50%
el nodo en que voy a cortar es 0x19 agrego el corte 17
   7968     4       22.5000    41       10.0000       82.7500   216958  727.50%
   8052     4       12.5000    20       10.0000       82.7500   219392  727.50%
   8144     4       17.0000    30       10.0000       82.7500   222105  727.50%
   8233     4       12.5000    20       10.0000       82.7500   224716  727.50%
   8324     4       17.0000    30       10.0000       82.7500   227399  727.50%
Elapsed real time = 733.14 sec. (tree size =  0.01 MB, solutions = 3)
   8413     4       12.5000    20       10.0000       82.7500   230142  727.50%
   8505     3       15.5000    27       10.0000       82.7500   232709  727.50%
   8590     4       19.5000    35       10.0000       82.7500   235316  727.50%
   8679     4       17.5000    34       10.0000       82.7500   237856  727.50%
   8765     3       16.0000    29       10.0000       82.7500   240279  727.50%
   8839     3       14.5000    26       10.0000       82.7500   242495  727.50%
   8922     3       16.0000    29       10.0000       82.7500   244966  727.50%
   9000     3       16.5000    30       10.0000       82.7500   247519  727.50%
   9074     3       11.0000    19       10.0000       82.7500   249963  727.50%
   9156     2       14.5000    28       10.0000       82.7500   253227  727.50%
Elapsed real time = 785.77 sec. (tree size =  0.01 MB, solutions = 3)
   9239     3       13.5000    24       10.0000       82.2500   255683  722.50%
el nodo en que voy a cortar es 0x6 agrego el corte 105
   9327     4       18.0000    32       10.0000       82.2500   257969  722.50%
el nodo en que voy a cortar es 0xa agrego el corte 83
   9420     4       18.0000    32       10.0000       82.2500   260297  722.50%
   9510     4       21.5000    39       10.0000       82.2500   262346  722.50%
   9604     4       14.0000    23       10.0000       82.2500   264767  722.50%
*  9609     4      integral     0       11.0000       82.2500   264918  647.73%
   9701     4       13.5000    22       11.0000       82.2500   267338  647.73%
   9792     3       18.0000    32       11.0000       82.2500   269600  647.73%
   9882     4       22.0000    40       11.0000       82.2500   272093  647.73%
   9973     4       15.0000    25       11.0000       82.2500   274255  647.73%
Elapsed real time = 830.26 sec. (tree size =  0.01 MB, solutions = 4)
  10067     4       27.5000    51       11.0000       82.2500   276775  647.73%
  10157     4       23.5000    43       11.0000       82.2500   279451  647.73%
el nodo en que voy a cortar es 0x15 agrego el corte 19
  10247     4       27.0000    50       11.0000       82.2500   281675  647.73%
  10337     3       16.0000    29       11.0000       82.2500   283742  647.73%
  10431     4       13.0000    21       11.0000       82.2500   286413  647.73%
  10521     3       21.5000    40       11.0000       82.2500   288389  647.73%
  10610     4       24.0000    44       11.0000       82.2500   290413  647.73%
  10705     3       19.0000    35       11.0000       82.2500   292752  647.73%
  10792     4       14.0000    23       11.0000       82.2500   294778  647.73%
  10883     3       21.0000    39       11.0000       82.2500   296897  647.73%
Elapsed real time = 878.59 sec. (tree size =  0.01 MB, solutions = 4)
  10974     3       16.5000    30       11.0000       82.2500   299077  647.73%
  11067     3       18.0000    33       11.0000       82.2500   301126  647.73%
  11155     3       30.0000    58       11.0000       82.2500   303008  647.73%
  11233     3       26.5000    51       11.0000       82.2500   305244  647.73%
  11318     3       20.0000    38       11.0000       82.2500   307850  647.73%
  11414     3       15.5000    28       11.0000       81.7500   310525  643.18%
  11503     3       17.5000    31       11.0000       81.7500   313333  643.18%
  11585     4       21.5000    39       11.0000       81.7500   315641  643.18%
  11673     4       27.5000    51       11.0000       81.7500   318205  643.18%
  11761     4       22.5000    41       11.0000       81.7500   320739  643.18%
Elapsed real time = 928.01 sec. (tree size =  0.01 MB, solutions = 4)
  11845     4       21.0000    38       11.0000       81.7500   323377  643.18%
  11926     4       25.5000    47       11.0000       81.7500   326131  643.18%
  12014     4       15.0000    25       11.0000       81.7500   328946  643.18%
  12099     4       13.0000    21       11.0000       81.7500   331730  643.18%
  12187     4       14.0000    23       11.0000       81.7500   333936  643.18%
* 12262     2      integral     0       12.0000       81.7500   335688  581.25%
  12354     4       20.5000    37       12.0000       81.7500   338486  581.25%
  12444     3       22.5000    42       12.0000       81.7500   341344  581.25%
  12532     4       22.5000    41       12.0000       81.7500   344061  581.25%
  12619     4       22.5000    41       12.0000       81.7500   346644  581.25%
Elapsed real time = 977.42 sec. (tree size =  0.01 MB, solutions = 5)
  12700     4       24.0000    44       12.0000       81.7500   349408  581.25%
  12789     4       21.5000    39       12.0000       81.7500   352357  581.25%
  12875     3       18.0000    33       12.0000       81.7500   355354  581.25%
  12955     3       21.5000    40       12.0000       81.7500   358200  581.25%
  13026     3       19.5000    36       12.0000       81.7500   361170  581.25%
  13104     3       18.6667    47       12.0000       81.7500   364560  581.25%
  13184     3       21.0000    39       12.0000       81.2500   367683  577.08%
  13263     3       21.5000    39       12.0000       81.2500   370736  577.08%
  13338     4       14.5000    24       12.0000       81.2500   373134  577.08%
  13426     4       20.0000    36       12.0000       81.2500   375715  577.08%
Elapsed real time = 1032.78 sec. (tree size =  0.01 MB, solutions = 5)
  13506     4       13.5000    22       12.0000       81.2500   378437  577.08%
  13587     3       20.0000    37       12.0000       81.2500   381016  577.08%
  13663     3       20.0000    37       12.0000       81.2500   383538  577.08%
  13750     3       22.0000    42       12.0000       81.2500   386581  577.08%
el nodo en que voy a cortar es 0x9 agrego el corte 99
  13832     4       24.5000    45       12.0000       80.7500   389586  572.92%
  13919     4       23.5000    43       12.0000       80.7500   392310  572.92%
  14007     4       20.5000    37       12.0000       80.7500   394640  572.92%
  14097     4       22.0000    40       12.0000       80.7500   397093  572.92%
  14180     4       13.0000    21       12.0000       80.7500   399316  572.92%
  14270     3       20.5000    37       12.0000       80.7500   401758  572.92%
Elapsed real time = 1084.70 sec. (tree size =  0.01 MB, solutions = 5)
  14354     4       22.5000    41       12.0000       80.7500   404407  572.92%
  14435     4       22.0000    40       12.0000       80.7500   406820  572.92%
  14519     4       13.5000    22       12.0000       80.7500   409123  572.92%
  14604     4       13.0000    21       12.0000       80.7500   411682  572.92%
  14686     3       18.0000    33       12.0000       80.7500   414464  572.92%
  14765     4       17.0000    29       12.0000       80.2500   417476  568.75%
  14852     4       24.0000    44       12.0000       80.2500   420196  568.75%
  14942     4       26.0000    48       12.0000       80.2500   422533  568.75%
el nodo en que voy a cortar es 0xf agrego el corte 108
  15025     4       26.0000    48       12.0000       80.2500   425340  568.75%
  15106     4       14.0000    23       12.0000       80.2500   427890  568.75%
Elapsed real time = 1136.95 sec. (tree size =  0.01 MB, solutions = 5)
  15187     4       25.0000    46       12.0000       80.2500   430074  568.75%
  15276     3        cutoff             12.0000       80.2500   432485  568.75%
  15362     3       21.0000    39       12.0000       80.2500   434939  568.75%
  15440     3       19.0000    35       12.0000       80.2500   436854  568.75%
  15518     4       23.5000    43       12.0000       80.2500   439175  568.75%
  15594     3        cutoff             12.0000       80.2500   441252  568.75%
  15680     3       13.0000    23       12.0000       80.2500   443946  568.75%
  15763     4       23.0000    42       12.0000       79.7500   446801  564.58%
  15843     4       24.5000    45       12.0000       79.7500   448972  564.58%
  15927     4       26.5000    49       12.0000       79.7500   451325  564.58%
Elapsed real time = 1188.73 sec. (tree size =  0.01 MB, solutions = 5)
  16012     4       13.5000    22       12.0000       79.7500   454048  564.58%
  16095     4       23.5000    43       12.0000       79.7500   456453  564.58%
  16179     4       15.0000    25       12.0000       79.7500   459105  564.58%
  16271     4       13.5000    22       12.0000       79.7500   461811  564.58%
  16347     4       13.0000    21       12.0000       79.7500   464079  564.58%
  16422     3       15.0000    27       12.0000       79.7500   466326  564.58%
  16506     2       18.0000    35       12.0000       79.7500   468900  564.58%
  16579     4       25.0000    46       12.0000       79.2500   472173  560.42%
  16659     4       14.0000    23       12.0000       79.2500   475416  560.42%
  16746     3       18.0000    33       12.0000       79.2500   478531  560.42%
Elapsed real time = 1241.99 sec. (tree size =  0.01 MB, solutions = 5)
  16829     4       24.5000    45       12.0000       79.2500   481547  560.42%
  16919     3       19.5000    35       12.0000       79.2500   484386  560.42%
  16998     4       14.0000    23       12.0000       79.2500   487470  560.42%
  17088     4       14.0000    23       12.0000       79.2500   490522  560.42%
  17178     4       23.5000    43       12.0000       79.2500   493401  560.42%
  17266     4       21.0000    38       12.0000       79.2500   495978  560.42%
  17358     3       21.0000    39       12.0000       79.2500   499083  560.42%
  17443     3       14.0000    25       12.0000       79.2500   501655  560.42%
  17534     4       22.0000    40       12.0000       79.2500   504520  560.42%
  17620     3       22.0000    41       12.0000       79.2500   506878  560.42%
Elapsed real time = 1294.66 sec. (tree size =  0.01 MB, solutions = 5)
  17707     4       20.5000    37       12.0000       79.2500   509346  560.42%
  17792     3       19.0000    35       12.0000       79.2500   511616  560.42%
  17872     4       23.0000    42       12.0000       79.2500   514042  560.42%
  17954     3       19.5000    36       12.0000       79.2500   517131  560.42%
  18029     3       18.0000    33       12.0000       79.2500   520176  560.42%
  18104     4       26.0000    48       12.0000       78.7500   523568  556.25%
  18196     3       19.5000    36       12.0000       78.7500   526128  556.25%
  18274     4       13.5000    22       12.0000       78.7500   528957  556.25%
  18350     4       22.0000    40       12.0000       78.7500   531205  556.25%
  18426     3       30.5000    59       12.0000       78.7500   533544  556.25%
Elapsed real time = 1356.98 sec. (tree size =  0.01 MB, solutions = 5)
  18512     3       13.5000    24       12.0000       78.7500   536783  556.25%
  18588     4       24.0000    44       12.0000       78.2500   539765  552.08%
  18677     4       25.5000    47       12.0000       78.2500   542012  552.08%
  18771     4       22.5000    41       12.0000       78.2500   544488  552.08%
  18854     4       15.0000    25       12.0000       78.2500   546580  552.08%
  18941     4       23.5000    43       12.0000       78.2500   548988  552.08%
  19030     3       22.0000    40       12.0000       78.2500   551361  552.08%
  19107     3       34.0000    66       12.0000       78.2500   553315  552.08%
  19187     3       19.5000    36       12.0000       78.2500   555373  552.08%
  19267     3       26.0000    50       12.0000       78.2500   557915  552.08%
Elapsed real time = 1447.63 sec. (tree size =  0.01 MB, solutions = 5)
  19341     3       16.5000    30       12.0000       77.7500   561087  547.92%
  19430     4       13.5000    22       12.0000       77.7500   563734  547.92%
  19510     3       19.0000    35       12.0000       77.7500   566136  547.92%
  19595     4       24.5000    45       12.0000       77.7500   569183  547.92%
  19684     4       22.5000    41       12.0000       77.7500   572072  547.92%
  19761     3       19.0000    35       12.0000       77.7500   574539  547.92%
  19851     4       22.5000    41       12.0000       77.7500   577492  547.92%
  19933     3       17.0000    31       12.0000       77.7500   579955  547.92%
  20002     3       28.5000    55       12.0000       77.7500   582403  547.92%
  20084     2       18.0000    35       12.0000       77.7500   585783  547.92%
Elapsed real time = 1539.70 sec. (tree size =  0.01 MB, solutions = 5)
el nodo en que voy a cortar es 0xf agrego el corte 104
  20167     4       28.0000    52       12.0000       77.2500   588819  543.75%
  20254     4       20.5000    37       12.0000       77.2500   591939  543.75%
  20344     4       24.5000    45       12.0000       77.2500   594578  543.75%
  20430     4       14.0000    23       12.0000       77.2500   597819  543.75%
  20517     3       24.0000    44       12.0000       77.2500   600382  543.75%
  20606     3       21.5000    39       12.0000       77.2500   602962  543.75%
  20696     4       13.0000    21       12.0000       77.2500   605552  543.75%
  20780     4       13.5000    22       12.0000       77.2500   608701  543.75%
  20869     4       23.5000    43       12.0000       77.2500   611120  543.75%
  20955     3       20.0000    37       12.0000       77.2500   614064  543.75%
Elapsed real time = 1626.21 sec. (tree size =  0.01 MB, solutions = 5)
  21033     3       18.0000    33       12.0000       77.2500   616797  543.75%
  21116     3       18.5000    34       12.0000       77.2500   619524  543.75%
  21188     3       18.5000    34       12.0000       77.2500   622581  543.75%
  21272     2       16.5000    32       12.0000       77.2500   625910  543.75%
  21354     4       24.0000    44       12.0000       76.7500   628744  539.58%
  21443     3       42.0000    82       12.0000       76.7500   631106  539.58%
  21523     4       14.0000    23       12.0000       76.7500   633383  539.58%
  21611     3       19.0000    34       12.0000       76.7500   635827  539.58%
  21688     3       35.5000    69       12.0000       76.7500   637665  539.58%
  21763     3       15.0000    27       12.0000       76.7500   640062  539.58%
Elapsed real time = 1713.24 sec. (tree size =  0.01 MB, solutions = 5)
  21850     4       21.0000    38       12.0000       76.2500   643331  535.42%
  21935     3       21.5000    40       12.0000       76.2500   645640  535.42%
  22017     4       24.5000    45       12.0000       76.2500   648077  535.42%
  22106     3       21.5000    40       12.0000       76.2500   650280  535.42%
  22190     3       37.5000    73       12.0000       76.2500   652232  535.42%
  22279     3       18.5000    34       12.0000       76.2500   654672  535.42%
  22357     3       28.0000    54       12.0000       76.2500   657208  535.42%
  22443     4       29.0000    54       12.0000       75.7500   660215  531.25%
  22533     4       24.0000    44       12.0000       75.7500   662552  531.25%
  22624     3       48.5000    95       12.0000       75.7500   664833  531.25%
Elapsed real time = 1797.98 sec. (tree size =  0.01 MB, solutions = 5)
  22716     4       26.0000    48       12.0000       75.7500   667442  531.25%
  22798     4       14.0000    23       12.0000       75.7500   669687  531.25%
  22887     4       24.0000    44       12.0000       75.7500   671939  531.25%
  22977     4       24.5000    45       12.0000       75.7500   674420  531.25%
  23062     4       22.5000    41       12.0000       75.7500   676595  531.25%
  23154     3       19.5000    36       12.0000       75.7500   678836  531.25%
  23239     4       14.5000    24       12.0000       75.7500   680729  531.25%
  23323     3       20.5000    38       12.0000       75.7500   682718  531.25%
  23401     4       20.5000    37       12.0000       75.7500   684688  531.25%
  23483     3       16.0000    29       12.0000       75.7500   687217  531.25%
Elapsed real time = 1882.33 sec. (tree size =  0.01 MB, solutions = 5)
  23571     4       23.0000    42       12.0000       75.2500   690356  527.08%
  23656     3       43.5000    85       12.0000       75.2500   692989  527.08%
  23742     3       19.5000    36       12.0000       75.2500   695866  527.08%
  23818     3       17.0000    31       12.0000       75.2500   698540  527.08%
  23899     3       18.0000    33       12.0000       75.2500   701350  527.08%
  23975     3       35.0000    68       12.0000       75.2500   704050  527.08%
  24045     3       13.0000    23       12.0000       75.2500   706741  527.08%
  24128     2       17.0000    32       12.0000       75.2500   710064  527.08%
el nodo en que voy a cortar es 0x14 agrego el corte 111
  24210     3       20.5000    38       12.0000       74.7500   713300  522.92%
  24293     4       13.5000    22       12.0000       74.7500   715950  522.92%
Elapsed real time = 1973.64 sec. (tree size =  0.01 MB, solutions = 5)
  24383     3       18.0000    33       12.0000       74.7500   718481  522.92%
  24466     4       22.0000    40       12.0000       74.7500   721202  522.92%
  24551     4       21.5000    39       12.0000       74.7500   723970  522.92%
  24639     4       15.5000    26       12.0000       74.7500   726850  522.92%
  24719     4       26.0000    50       12.0000       74.7500   729199  522.92%
  24799     3       39.0000    81       12.0000       74.7500   731564  522.92%
  24883     4       24.5000    45       12.0000       74.7500   734376  522.92%
  24964     3       21.0000    39       12.0000       74.7500   737015  522.92%
  25033     3       31.5000    61       12.0000       74.7500   739264  522.92%
  25110     3       18.0000    33       12.0000       74.7500   741701  522.92%
Elapsed real time = 2063.83 sec. (tree size =  0.01 MB, solutions = 5)
  25192     2       17.5000    33       12.0000       74.7500   745208  522.92%
  25278     3       22.0000    41       12.0000       74.2500   747964  518.75%
  25359     4       23.0000    42       12.0000       74.2500   750263  518.75%
  25442     4       24.5000    45       12.0000       74.2500   753049  518.75%
  25529     4       26.0000    48       12.0000       74.2500   755899  518.75%
  25614     4       23.0000    42       12.0000       74.2500   758523  518.75%
  25689     3       15.5000    28       12.0000       74.2500   760545  518.75%
  25768     3       17.0000    31       12.0000       74.2500   763698  518.75%
  25853     4       13.0000    21       12.0000       73.7500   767158  514.58%
  25940     4       14.0000    23       12.0000       73.7500   769694  514.58%
Elapsed real time = 2153.11 sec. (tree size =  0.01 MB, solutions = 5)
  26030     4       23.5000    43       12.0000       73.7500   772363  514.58%
  26114     3       18.0000    33       12.0000       73.7500   774773  514.58%
  26200     4       19.0000    34       12.0000       73.7500   777171  514.58%
  26283     3       38.5000    75       12.0000       73.7500   779817  514.58%
  26367     3       22.0000    40       12.0000       73.7500   781854  514.58%
  26444     3       18.5000    33       12.0000       73.7500   784197  514.58%
  26520     4       22.5000    41       12.0000       73.7500   786488  514.58%
  26601     3       26.5000    51       12.0000       73.7500   789070  514.58%
  26683     3       20.5000    38       12.0000       73.2500   792008  510.42%
  26772     3       17.0000    31       12.0000       73.2500   794465  510.42%
Elapsed real time = 2240.47 sec. (tree size =  0.01 MB, solutions = 5)
  26866     3       19.5000    36       12.0000       73.2500   797560  510.42%
  26956     4       23.5000    43       12.0000       73.2500   800266  510.42%
  27045     4       27.5000    51       12.0000       73.2500   802604  510.42%
  27137     4       22.0000    40       12.0000       73.2500   805384  510.42%
  27225     4       27.0000    50       12.0000       73.2500   807687  510.42%
  27317     3       18.5000    34       12.0000       73.2500   810276  510.42%
  27410     3       41.0000    80       12.0000       73.2500   812938  510.42%
  27502     4       21.0000    38       12.0000       73.2500   815662  510.42%
  27580     3       20.5000    38       12.0000       73.2500   817816  510.42%
  27658     3       17.0000    31       12.0000       73.2500   820464  510.42%
Elapsed real time = 2325.62 sec. (tree size =  0.01 MB, solutions = 5)
  27749     2       20.0000    39       12.0000       73.2500   823414  510.42%
  27832     3       24.0000    45       12.0000       72.7500   826276  506.25%
  27914     3       17.5000    32       12.0000       72.7500   828898  506.25%
  28000     3       17.5000    32       12.0000       72.7500   831470  506.25%
el nodo en que voy a cortar es 0x21 agrego el corte 103
  28085     4       22.5000    41       12.0000       72.7500   834185  506.25%
  28160     4       24.5000    45       12.0000       72.7500   836494  506.25%
  28237     3       17.0000    31       12.0000       72.7500   839264  506.25%
  28320     3       22.0000    42       12.0000       72.7500   842132  506.25%
  28402     4       14.5000    24       12.0000       72.2500   845284  502.08%
  28502     3       20.5000    38       12.0000       72.2500   847853  502.08%
Elapsed real time = 2400.63 sec. (tree size =  0.01 MB, solutions = 5)
  28583     4       13.5000    22       12.0000       72.2500   850081  502.08%
  28678     3       21.5000    40       12.0000       72.2500   852645  502.08%
  28757     4       16.5000    28       12.0000       72.2500   854855  502.08%
  28847     4       23.0000    42       12.0000       72.2500   857486  502.08%
  28936     4       23.5000    43       12.0000       72.2500   860076  502.08%
  29030     3       39.5000    77       12.0000       72.2500   862172  502.08%
  29118     4       14.5000    24       12.0000       72.2500   864730  502.08%
  29203     3       18.0000    33       12.0000       72.2500   866805  502.08%
  29281     4       13.0000    20       12.0000       72.2500   869011  502.08%
  29360     3       16.5000    30       12.0000       72.2500   871890  502.08%
Elapsed real time = 2452.54 sec. (tree size =  0.01 MB, solutions = 5)
  29448     3       13.5000    24       12.0000       72.2500   874932  502.08%
  29528     4       13.0000    21       12.0000       71.7500   877787  497.92%
  29620     4       21.0000    38       12.0000       71.7500   880633  497.92%
  29706     3       14.0000    25       12.0000       71.7500   883075  497.92%
  29796     3       19.0000    35       12.0000       71.7500   885570  497.92%
  29883     4       21.5000    39       12.0000       71.7500   888134  497.92%
  29974     4       23.5000    43       12.0000       71.7500   890577  497.92%
  30061     3       16.5000    30       12.0000       71.7500   892906  497.92%
  30147     4       22.0000    40       12.0000       71.7500   895435  497.92%
  30227     3       20.0000    37       12.0000       71.7500   898123  497.92%
Elapsed real time = 2523.40 sec. (tree size =  0.01 MB, solutions = 5)
  30308     4       23.0000    42       12.0000       71.7500   900231  497.92%
  30395     3       17.5000    32       12.0000       71.7500   902982  497.92%
  30469     3       32.7500    69       12.0000       71.7500   904937  497.92%
  30547     3       24.2500    48       12.0000       71.7500   907609  497.92%
  30627     4       21.0000    38       12.0000       71.2500   910855  493.75%
  30712     4       27.0000    50       12.0000       71.2500   913713  493.75%
  30801     3       21.0000    39       12.0000       71.2500   916591  493.75%
  30885     3       40.5000    79       12.0000       71.2500   919227  493.75%
  30966     4       20.0000    36       12.0000       71.2500   922527  493.75%
  31042     3       19.0000    35       12.0000       71.2500   925031  493.75%
Elapsed real time = 2617.01 sec. (tree size =  0.01 MB, solutions = 5)
  31113     3       14.5000    26       12.0000       71.2500   927787  493.75%
  31192     3       14.5000    26       12.0000       71.2500   930682  493.75%
  31280     4       25.5000    47       12.0000       70.7500   934116  489.58%
  31363     4       25.0000    46       12.0000       70.7500   936677  489.58%
  31455     4       20.5000    37       12.0000       70.7500   939632  489.58%
  31535     4       13.5000    22       12.0000       70.7500   942060  489.58%
  31619     4       13.5000    22       12.0000       70.7500   945041  489.58%
  31707     4       14.0000    23       12.0000       70.7500   947806  489.58%
  31796     4       13.0000    20       12.0000       70.7500   950474  489.58%
  31887     4       25.5000    47       12.0000       70.7500   953487  489.58%
Elapsed real time = 2707.62 sec. (tree size =  0.01 MB, solutions = 5)
  31972     4       23.0000    42       12.0000       70.7500   956175  489.58%
  32052     4       17.0000    29       12.0000       70.7500   958528  489.58%
  32140     3       19.0000    34       12.0000       70.7500   961165  489.58%
  32228     4       22.0000    40       12.0000       70.7500   964101  489.58%
  32311     3       34.0000    66       12.0000       70.7500   966702  489.58%
  32385     3       18.5000    34       12.0000       70.7500   968729  489.58%
  32462     3       16.5000    30       12.0000       70.7500   970844  489.58%
  32547     4       13.5000    21       12.0000       70.2500   974212  485.42%
  32618     3       22.5000    44       12.0000       70.2500   976788  485.42%
  32691     3       20.0000    36       12.0000       70.2500   979388  485.42%
Elapsed real time = 2760.77 sec. (tree size =  0.01 MB, solutions = 5)
  32767     3       24.7500    52       12.0000       70.2500   982262  485.42%
  32848     4       19.0000    34       12.0000       69.7500   985496  481.25%
  32931     4       13.5000    22       12.0000       69.7500   988545  481.25%
  33017     3       40.0000    78       12.0000       69.7500   991196  481.25%
  33095     4       13.5000    22       12.0000       69.7500   993685  481.25%
  33182     3       21.0000    39       12.0000       69.7500   996280  481.25%
  33256     3       17.5000    32       12.0000       69.7500   998507  481.25%
  33336     3       14.5000    26       12.0000       69.7500  1000841  481.25%
  33419     2       15.5000    30       12.0000       69.7500  1003543  481.25%
  33504     3       18.5000    34       12.0000       69.2500  1005974  477.08%
Elapsed real time = 2815.36 sec. (tree size =  0.01 MB, solutions = 5)
  33593     4       23.0000    42       12.0000       69.2500  1008184  477.08%
  33678     3       14.5000    26       12.0000       69.2500  1010376  477.08%
  33748     4       22.5000    41       12.0000       69.2500  1012282  477.08%
  33830     3       16.0000    29       12.0000       69.2500  1014696  477.08%
  33907     4       25.5000    47       12.0000       68.7500  1017472  472.92%
  33988     3       19.0000    35       12.0000       68.7500  1019718  472.92%
  34067     4       23.0000    42       12.0000       68.7500  1022082  472.92%
  34146     3       18.5000    34       12.0000       68.7500  1024065  472.92%
  34224     2        cutoff             12.0000       68.7500  1027022  472.92%
  34308     4       23.0000    42       12.0000       68.2500  1030138  468.75%
Elapsed real time = 2891.58 sec. (tree size =  0.01 MB, solutions = 5)
  34389     4       21.0000    38       12.0000       68.2500  1032843  468.75%
  34476     3       17.5000    32       12.0000       68.2500  1035723  468.75%
  34566     4       26.5000    49       12.0000       68.2500  1038975  468.75%
  34650     3       19.0000    35       12.0000       68.2500  1042108  468.75%
  34732     3       21.0000    38       12.0000       68.2500  1044853  468.75%
  34819     4       22.0000    40       12.0000       68.2500  1047785  468.75%
  34903     3       19.5000    36       12.0000       68.2500  1050574  468.75%
  34979     4       19.5000    35       12.0000       68.2500  1053314  468.75%
  35056     3       22.5000    43       12.0000       68.2500  1056072  468.75%
  35141     3       20.0000    37       12.0000       67.7500  1059305  464.58%
Elapsed real time = 2945.89 sec. (tree size =  0.01 MB, solutions = 5)
  35228     3       41.0000    80       12.0000       67.7500  1061864  464.58%
  35312     4       23.0000    42       12.0000       67.7500  1064547  464.58%
  35393     4       22.0000    40       12.0000       67.7500  1067171  464.58%
  35464     3       34.5000    69       12.0000       67.7500  1069149  464.58%
  35542     4       23.5000    43       12.0000       67.7500  1071693  464.58%
  35632     3       15.0000    27       12.0000       67.7500  1074500  464.58%
  35716     3       38.0000    74       12.0000       67.2500  1077623  460.42%
  35785     3       33.0000    64       12.0000       67.2500  1080457  460.42%
  35859     3       15.0000    27       12.0000       67.2500  1083906  460.42%
  35940     3       16.0000    29       12.0000       66.7500  1087118  456.25%
Elapsed real time = 3000.77 sec. (tree size =  0.01 MB, solutions = 5)
  36027     4       15.0000    25       12.0000       66.7500  1090096  456.25%
  36112     3       40.0000    78       12.0000       66.7500  1092701  456.25%
  36193     3       17.5000    32       12.0000       66.7500  1095431  456.25%
  36274     3       20.5000    38       12.0000       66.7500  1098252  456.25%
  36357     3       18.5000    34       12.0000       66.7500  1100704  456.25%
  36434     3       23.0000    44       12.0000       66.7500  1103624  456.25%
  36517     3       38.7500    80       12.0000       66.2500  1106616  452.08%
  36600     4       13.5000    22       12.0000       66.2500  1109370  452.08%
  36677     3       18.0000    33       12.0000       66.2500  1111332  452.08%
  36757     3       25.2500    54       12.0000       66.2500  1114213  452.08%
Elapsed real time = 3055.20 sec. (tree size =  0.01 MB, solutions = 5)
  36831     3       18.5000    34       12.0000       65.7500  1117038  447.92%
  36899     3       21.5000    40       12.0000       65.7500  1119171  447.92%
  36976     3       20.0000    37       12.0000       65.7500  1121524  447.92%
  37049     3       21.0000    39       12.0000       65.7500  1124014  447.92%
  37129     4       24.0000    44       12.0000       65.2500  1127227  443.75%
  37214     3       19.5000    36       12.0000       65.2500  1129868  443.75%
  37301     3       21.0000    39       12.0000       65.2500  1132380  443.75%
  37389     3       36.5000    71       12.0000       65.2500  1134883  443.75%
  37471     3       33.5000    65       12.0000       65.2500  1137707  443.75%
  37549     3       25.0000    48       12.0000       65.2500  1140489  443.75%
Elapsed real time = 3109.46 sec. (tree size =  0.01 MB, solutions = 5)
  37638     4       14.0000    23       12.0000       64.7500  1143858  439.58%
  37724     3       41.0000    80       12.0000       64.7500  1146525  439.58%
  37809     4       22.5000    41       12.0000       64.7500  1149274  439.58%
  37896     3       36.0000    70       12.0000       64.7500  1151854  439.58%
  37967     3       16.5000    30       12.0000       64.7500  1154542  439.58%
  38051     3       21.5000    41       12.0000       64.7500  1157808  439.58%
  38134     4       25.0000    46       12.0000       64.2500  1161027  435.42%
  38221     3       18.5000    34       12.0000       64.2500  1164111  435.42%
  38308     4       19.0000    34       12.0000       64.2500  1167092  435.42%
  38394     2        cutoff             12.0000       64.2500  1169548  435.42%
Elapsed real time = 3162.84 sec. (tree size =  0.01 MB, solutions = 5)
  38477     4       15.5000    26       12.0000       64.2500  1172647  435.42%
  38561     4       24.5000    45       12.0000       64.2500  1175795  435.42%
  38642     4       21.0000    38       12.0000       64.2500  1178408  435.42%
  38730     4       24.5000    45       12.0000       64.2500  1181135  435.42%
  38811     3       21.0000    38       12.0000       64.2500  1183653  435.42%
  38890     3       34.5000    67       12.0000       64.2500  1185554  435.42%
  38973     4       22.0000    40       12.0000       64.2500  1188276  435.42%
  39052     3       15.0000    27       12.0000       64.2500  1191112  435.42%
  39139     3       13.5000    24       12.0000       64.2500  1194627  435.42%
  39225     4       25.5000    47       12.0000       63.7500  1197679  431.25%
Elapsed real time = 3217.90 sec. (tree size =  0.01 MB, solutions = 5)
  39309     3       35.5000    69       12.0000       63.7500  1200293  431.25%
  39384     3       15.5000    28       12.0000       63.7500  1203127  431.25%
  39469     4       23.5000    43       12.0000       63.2500  1206229  427.08%
  39562     2       13.0000    22       12.0000       63.2500  1208602  427.08%
  39639     4       14.5000    24       12.0000       63.2500  1211428  427.08%
  39719     3       33.5000    65       12.0000       63.2500  1213488  427.08%
  39790     4       21.5000    39       12.0000       63.2500  1216008  427.08%
  39871     3       19.0000    36       12.0000       63.2500  1219150  427.08%
  39951     4       21.0000    38       12.0000       62.7500  1222148  422.92%
  40039     3       36.0000    70       12.0000       62.7500  1224600  422.92%
Elapsed real time = 3271.88 sec. (tree size =  0.01 MB, solutions = 5)
  40112     3       31.0000    60       12.0000       62.7500  1227319  422.92%
  40187     3       17.0000    31       12.0000       62.7500  1230384  422.92%
  40269     3       20.0000    38       12.0000       62.2500  1233569  418.75%
  40338     3       16.5000    30       12.0000       62.2500  1236562  418.75%
  40414     2       16.0000    31       12.0000       62.2500  1240144  418.75%
  40488     3       14.5000    26       12.0000       61.7500  1243156  414.58%
  40568     3       24.5000    47       12.0000       61.7500  1246147  414.58%
  40649     4       26.5000    49       12.0000       61.2500  1249273  410.42%
  40735     3       17.0000    31       12.0000       61.2500  1251533  410.42%
  40813     3       19.5000    36       12.0000       61.2500  1253884  410.42%
Elapsed real time = 3326.44 sec. (tree size =  0.01 MB, solutions = 5)
  40888     3       31.2500    63       12.0000       61.2500  1255953  410.42%
  40964     3       15.5000    28       12.0000       61.2500  1258546  410.42%
  41048     3       20.0000    37       12.0000       60.7500  1261244  406.25%
  41130     4       25.0000    46       12.0000       60.7500  1263620  406.25%
  41222     4       20.0000    36       12.0000       60.7500  1266446  406.25%
  41306     3       23.0000    42       12.0000       60.7500  1268852  406.25%
  41393     3       20.5000    38       12.0000       60.7500  1271131  406.25%
  41480     4       22.0000    40       12.0000       60.7500  1273622  406.25%
  41565     3       21.0000    38       12.0000       60.7500  1275961  406.25%
  41647     3       20.5000    38       12.0000       60.7500  1278418  406.25%
Elapsed real time = 3380.96 sec. (tree size =  0.01 MB, solutions = 5)
  41730     3       26.5000    53       12.0000       60.7500  1281443  406.25%
  41819     4       23.0000    42       12.0000       60.2500  1284434  402.08%
  41904     3       16.5000    30       12.0000       60.2500  1287147  402.08%
  41982     3       19.0000    35       12.0000       60.2500  1289980  402.08%
  42054     3       31.0000    60       12.0000       60.2500  1292154  402.08%
  42133     3       18.5000    34       12.0000       60.2500  1295076  402.08%
  42213     3       20.0000    36       12.0000       59.7500  1298404  397.92%
  42293     4       24.0000    44       12.0000       59.7500  1301134  397.92%
  42378     3       33.5000    65       12.0000       59.7500  1303960  397.92%
  42456     3       28.5000    55       12.0000       59.7500  1306766  397.92%
Elapsed real time = 3435.72 sec. (tree size =  0.01 MB, solutions = 5)
  42536     3       16.0000    29       12.0000       59.7500  1309622  397.92%
  42617     4       23.0000    42       12.0000       59.2500  1312759  393.75%
  42693     4       20.0000    36       12.0000       59.2500  1315655  393.75%
  42764     3       13.5000    24       12.0000       59.2500  1318438  393.75%
  42846     3       22.0000    42       12.0000       59.2500  1321901  393.75%
  42923     3       19.5000    36       12.0000       58.7500  1324729  389.58%
  43002     4       21.0000    38       12.0000       58.7500  1327170  389.58%
  43074     3       17.0000    31       12.0000       58.7500  1329399  389.58%
  43163     3       20.0000    37       12.0000       58.2500  1332925  385.42%
  43233     3       19.5000    36       12.0000       58.2500  1335922  385.42%
Elapsed real time = 3491.14 sec. (tree size =  0.01 MB, solutions = 5)
  43313     3       21.0000    40       12.0000       58.2500  1339690  385.42%
  43392     3       22.0000    40       12.0000       57.7500  1342942  381.25%
  43471     4       21.5000    39       12.0000       57.7500  1345473  381.25%
  43550     3       32.5000    63       12.0000       57.7500  1348085  381.25%
  43627     3       17.5000    32       12.0000       57.7500  1350972  381.25%
  43712     4       25.0000    46       12.0000       57.2500  1353858  377.08%
  43794     4       23.0000    42       12.0000       57.2500  1356218  377.08%
  43871     4       26.0000    48       12.0000       57.2500  1358827  377.08%
  43947     3       34.0000    68       12.0000       57.2500  1361254  377.08%
  44030     3       16.5000    30       12.0000       57.2500  1363843  377.08%
Elapsed real time = 3545.57 sec. (tree size =  0.01 MB, solutions = 5)
  44109     2       19.0000    47       12.0000       57.2500  1367431  377.08%
  44184     3       33.0000    64       12.0000       56.7500  1370526  372.92%
  44257     3       17.0000    31       12.0000       56.7500  1373007  372.92%
  44329     3       14.0000    25       12.0000       56.7500  1376110  372.92%
  44411     3       36.5000    71       12.0000       56.2500  1378994  368.75%
  44488     3       16.5000    30       12.0000       56.2500  1381829  368.75%
  44573     3       20.5000    39       12.0000       56.2500  1385264  368.75%
  44647     3       14.5000    26       12.0000       55.7500  1388525  364.58%
  44731     2       19.0000    36       12.0000       55.7500  1391700  364.58%

User cuts applied:  85

Root node processing (before b&c):
  Real time             =    1.45
Sequential b&c:
  Real time             = 3598.55
                          -------
Total (root+branch&cut) = 3600.00 sec.
Datos de la resolucion: 	12	3600
