el algoritmo 2
limiteCortesClique 2000
limiteCortesCiclo 1000
limiteCortesIter 10
la cantidad de cortes que pasaron por parametros es mayor a la cantidad total de cliques que encontre
hago 300 cliques
la cantidad de cortes que pasaron por parametros es mayor a la cantidad total de ciclos que encontre
hago 163 ciclosImpares
Default row names c1, c2 ... being created.
son 300 cliques y 163 ciclos
creo todos los cortes
Clique table members: 17827.
MIP emphasis: balance optimality and feasibility.
MIP search method: traditional branch-and-cut.
Parallel mode: none, using 1 thread.
Root relaxation solution time =    0.07 sec.

        Nodes                                         Cuts/
   Node  Left     Objective  IInf  Best Integer    Best Bound    ItCnt     Gap

      0     0      225.0000   450                    225.0000      719         
agrego el corte 0
agrego el corte 1
agrego el corte 3
agrego el corte 2
agrego el corte 4
agrego el corte 7
agrego el corte 5
agrego el corte 6
agrego el corte 16
agrego el corte 8
      0     0      214.0000   428               UserPurge1: 10      825         
agrego el corte 21
agrego el corte 23
agrego el corte 15
agrego el corte 10
agrego el corte 24
agrego el corte 25
agrego el corte 26
agrego el corte 28
agrego el corte 30
agrego el corte 33
      0     0      188.0000   380               UserPurge1: 10     1031         
agrego el corte 85
agrego el corte 46
agrego el corte 89
agrego el corte 129
agrego el corte 17
agrego el corte 73
agrego el corte 72
agrego el corte 62
agrego el corte 132
agrego el corte 140
      0     0      172.5000   349               UserPurge1: 10     1176         
agrego el corte 76
agrego el corte 145
agrego el corte 170
agrego el corte 78
agrego el corte 207
agrego el corte 68
agrego el corte 64
agrego el corte 445
agrego el corte 88
agrego el corte 446
      0     0      166.0000   332               UserPurge1: 10     1294         
agrego el corte 131
agrego el corte 168
agrego el corte 172
agrego el corte 442
agrego el corte 215
agrego el corte 441
agrego el corte 212
agrego el corte 288
agrego el corte 198
agrego el corte 303
      0     0      160.5000   321               UserPurge1: 10     1359         
agrego el corte 187
agrego el corte 124
agrego el corte 449
agrego el corte 148
agrego el corte 264
agrego el corte 265
agrego el corte 71
agrego el corte 96
agrego el corte 443
agrego el corte 123
      0     0      154.5000   313               UserPurge1: 10     1453         
agrego el corte 31
agrego el corte 34
agrego el corte 104
agrego el corte 311
agrego el corte 103
agrego el corte 133
agrego el corte 169
agrego el corte 451
agrego el corte 150
agrego el corte 454
      0     0      150.2917   308               UserPurge1: 10     1562         
agrego el corte 461
agrego el corte 460
agrego el corte 107
agrego el corte 457
agrego el corte 228
agrego el corte 75
agrego el corte 100
agrego el corte 146
agrego el corte 174
agrego el corte 321
      0     0      146.6667   300               UserPurge1: 10     1666         
agrego el corte 81
agrego el corte 147
agrego el corte 411
agrego el corte 344
agrego el corte 69
agrego el corte 343
agrego el corte 342
agrego el corte 66
agrego el corte 341
agrego el corte 340
      0     0      144.6667   296               UserPurge1: 10     1703         
agrego el corte 459
agrego el corte 373
agrego el corte 361
agrego el corte 363
agrego el corte 364
agrego el corte 365
agrego el corte 366
agrego el corte 367
agrego el corte 238
agrego el corte 369
      0     0      141.5000   283               UserPurge1: 10     1797         
agrego el corte 60
agrego el corte 2
agrego el corte 82
agrego el corte 91
agrego el corte 6
agrego el corte 447
agrego el corte 268
agrego el corte 118
agrego el corte 201
agrego el corte 143
      0     0      140.3750   288               UserPurge1: 10     1871         
agrego el corte 35
agrego el corte 54
agrego el corte 392
agrego el corte 393
agrego el corte 338
agrego el corte 337
agrego el corte 349
agrego el corte 336
agrego el corte 59
agrego el corte 236
      0     0      137.9583   284               UserPurge1: 10     1935         
agrego el corte 77
agrego el corte 52
agrego el corte 423
agrego el corte 438
agrego el corte 436
agrego el corte 435
agrego el corte 434
agrego el corte 345
agrego el corte 37
agrego el corte 431
      0     0      136.1667   287               UserPurge1: 10     2009         
agrego el corte 13
agrego el corte 274
agrego el corte 278
agrego el corte 426
agrego el corte 353
agrego el corte 354
agrego el corte 444
agrego el corte 292
agrego el corte 356
agrego el corte 357
      0     0      133.5000   275               UserPurge1: 10     2106         
agrego el corte 146
agrego el corte 260
agrego el corte 432
agrego el corte 428
agrego el corte 427
agrego el corte 425
agrego el corte 421
agrego el corte 414
agrego el corte 45
agrego el corte 412
      0     0      131.0000   273               UserPurge1: 10     2135         
agrego el corte 237
agrego el corte 220
agrego el corte 362
agrego el corte 74
agrego el corte 455
agrego el corte 334
agrego el corte 439
agrego el corte 371
agrego el corte 333
agrego el corte 372
      0     0      129.0000   268               UserPurge1: 10     2177         
agrego el corte 453
agrego el corte 328
agrego el corte 452
agrego el corte 378
agrego el corte 379
agrego el corte 370
agrego el corte 411
agrego el corte 450
agrego el corte 251
agrego el corte 448
      0     0      126.0000   262               UserPurge1: 10     2254         
agrego el corte 127
agrego el corte 413
agrego el corte 192
agrego el corte 440
agrego el corte 350
agrego el corte 407
agrego el corte 326
agrego el corte 408
agrego el corte 324
agrego el corte 348
      0     0      124.5000   258               UserPurge1: 10     2296         
agrego el corte 160
agrego el corte 146
agrego el corte 118
agrego el corte 224
agrego el corte 110
agrego el corte 126
agrego el corte 409
agrego el corte 293
agrego el corte 204
agrego el corte 137
      0     0      124.2500   254               UserPurge1: 10     2319         
agrego el corte 91
agrego el corte 217
agrego el corte 58
agrego el corte 22
agrego el corte 181
agrego el corte 245
agrego el corte 458
agrego el corte 131
agrego el corte 95
agrego el corte 195
      0     0      124.2500   251               UserPurge1: 10     2366         
agrego el corte 247
agrego el corte 171
agrego el corte 109
agrego el corte 48
agrego el corte 153
agrego el corte 196
agrego el corte 151
agrego el corte 186
agrego el corte 35
agrego el corte 462
      0     0      123.7500   275               UserPurge1: 10     2449         
agrego el corte 174
agrego el corte 410
agrego el corte 49
agrego el corte 78
agrego el corte 359
agrego el corte 257
agrego el corte 298
agrego el corte 225
agrego el corte 188
agrego el corte 262
      0     0      123.1500   260               UserPurge1: 10     2519         
agrego el corte 44
agrego el corte 218
agrego el corte 25
agrego el corte 158
agrego el corte 232
agrego el corte 19
agrego el corte 119
agrego el corte 456
agrego el corte 121
agrego el corte 2
      0     0      123.1500   253               UserPurge1: 10     2570         
agrego el corte 3
agrego el corte 137
agrego el corte 126
agrego el corte 108
agrego el corte 330
agrego el corte 105
agrego el corte 176
agrego el corte 204
agrego el corte 14
agrego el corte 15
      0     0      122.9625   269               UserPurge1: 10     2628         
agrego el corte 26
agrego el corte 131
agrego el corte 31
agrego el corte 280
agrego el corte 161
      0     0      122.9196   274               UserPurge1: 5     2665         
agrego el corte 389
      0     0      122.8571   267               UserPurge1: 1     2692         
agrego el corte 58
      0     0      122.8571   271               UserPurge1: 1     2693         
      0     2      122.8571   267                    122.3571     2693         
Elapsed real time =   2.85 sec. (tree size =  0.01 MB, solutions = 0)
agrego el corte 424
agrego el corte 125
      3     5      121.3571   264                    122.3571     2710         
agrego el corte 170
agrego el corte 197
agrego el corte 355
agrego el corte 323
agrego el corte 347
agrego el corte 437
agrego el corte 76
agrego el corte 298
agrego el corte 110
agrego el corte 127
agrego el corte 351
agrego el corte 176
agrego el corte 118
      5     7      120.3571   250                    122.3571     3012         
      7     9      119.3571   258                    122.3571     3182         
      8    10      118.8571   257                    122.3571     3185         
      9    11      118.3571   258                    122.3571     3273         
     10    12      117.8571   257                    122.3571     3281         
agrego el corte 288
agrego el corte 29
agrego el corte 339
     12    14      116.8571   255                    122.3571     3546         
agrego el corte 198
     13    15      116.5000   250                    122.3571     3591         
agrego el corte 165
agrego el corte 261
agrego el corte 178
agrego el corte 259
agrego el corte 35
agrego el corte 17
agrego el corte 327
agrego el corte 55
agrego el corte 155
agrego el corte 142
agrego el corte 180
agrego el corte 14
agrego el corte 54
agrego el corte 332
     14    16      116.0000   249                    122.3571     4027         
agrego el corte 39
agrego el corte 256
     18    20      114.0000   245                    122.3571     4109         
Elapsed real time =  12.08 sec. (tree size =  1.29 MB, solutions = 0)
agrego el corte 360
     23    25      111.5000   229                    122.3571     4451         
agrego el corte 28
agrego el corte 283
agrego el corte 200
agrego el corte 128
agrego el corte 56
agrego el corte 159
agrego el corte 172
agrego el corte 117
     29    31      108.8333   244                    122.3571     4574         
agrego el corte 201
agrego el corte 296
agrego el corte 11
agrego el corte 181
agrego el corte 67
agrego el corte 36
agrego el corte 18
agrego el corte 115
agrego el corte 224
agrego el corte 185
agrego el corte 119
agrego el corte 279
agrego el corte 20
     35    37      105.8750   244                    122.3571     4670         
agrego el corte 48
agrego el corte 16
agrego el corte 63
agrego el corte 211
agrego el corte 240
agrego el corte 295
     41    43      102.8750   225                    122.3571     4856         
     46    48      100.3750   228                    122.3571     4960         
agrego el corte 75
agrego el corte 104
     52    54       97.5000   218                    122.3571     5148         
agrego el corte 138
agrego el corte 246
     58    60       94.7500   209                    122.3571     5333         
agrego el corte 216
agrego el corte 149
agrego el corte 152
agrego el corte 273
agrego el corte 210
agrego el corte 199
agrego el corte 196
agrego el corte 394
     63    65       92.2500   205                    122.3571     5713         
     69    71       89.7500   185                    122.3571     5898         
     74    76       87.2500   176                    122.3571     6019         
Elapsed real time =  33.60 sec. (tree size =  6.18 MB, solutions = 0)
agrego el corte 191
agrego el corte 12
agrego el corte 229
agrego el corte 189
agrego el corte 173
agrego el corte 74
agrego el corte 98
agrego el corte 238
agrego el corte 266
agrego el corte 271
     81    83       84.0000   177                    122.3571     6437         
     87    89       84.0000   168                    122.3571     6548         
agrego el corte 233
agrego el corte 135
agrego el corte 114
agrego el corte 93
agrego el corte 6
agrego el corte 82
agrego el corte 79
     93    95       83.0000   166                    122.3571     6719         
agrego el corte 228
agrego el corte 263
agrego el corte 0
agrego el corte 164
     98   100       82.0000   164                    122.3571     7235         
agrego el corte 77
agrego el corte 287
agrego el corte 284
    102   104       80.6364   238                    122.3571     8196         
agrego el corte 147
agrego el corte 166
    108   110       79.0000   181                    122.3571     8644         
    113   115       77.0000   156                    122.3571     8960         
agrego el corte 72
    118   120       70.0000   143                    122.3571     9442         
agrego el corte 187
agrego el corte 175
    124   126       69.0000   140                    122.3571     9700         
    130   132       66.5000   134                    122.3571     9948         
Elapsed real time =  55.78 sec. (tree size =  6.31 MB, solutions = 0)
    136   138       65.8333   135                    122.3571    10119         
agrego el corte 267
agrego el corte 148
    142   144       63.0000   152                    122.3571    10330         
agrego el corte 83
    150   152       60.0000   126                    122.3571    10460         
agrego el corte 50
agrego el corte 99
    158   160       58.5000   117                    122.3571    10701         
    165   167       57.0000   117                    122.3571    10828         
agrego el corte 92
agrego el corte 182
    173   175       55.3333   130                    122.3571    11061         
agrego el corte 109
agrego el corte 245
agrego el corte 1
    180   182       52.0000   147                    122.3571    11356         
    190   192       49.0000   107                    122.3571    11636         
agrego el corte 249
    199   201       47.0000   103                    122.3571    11873         
agrego el corte 27
    209   211       45.0000    88                    122.3571    12183         
Elapsed real time =  75.27 sec. (tree size =  6.51 MB, solutions = 0)
    219   221       42.0000   106                    122.3571    12466         
agrego el corte 243
agrego el corte 86
agrego el corte 242
    230   232       39.0000    76                    122.3571    12564         
    241   243       35.8000    87                    122.3571    12755         
    256   258       32.0000    62                    122.3571    12845         
    270   272       28.0000    54                    122.3571    13099         
    286   288       22.0000    40                    122.3571    13229         
*   296   296      integral     0       17.0000      122.3571    13339  619.75%
    333   291       18.8333    30       17.0000      122.3571    13669  619.75%
*   352   288      integral     0       18.0000      122.3571    13866  579.76%
agrego el corte 97
    378   285       19.0000    42       18.0000      122.3571    14245  579.76%
Elapsed real time =  88.04 sec. (tree size =  6.70 MB, solutions = 2)
    407   284       21.4167    34       18.0000      122.3571    14659  579.76%
    438   280       22.0000    34       18.0000      122.3571    14991  579.76%
    465   280       19.0000    31       18.0000      122.3571    15280  579.76%
    498   277       23.0000    38       18.0000      122.3571    15596  579.76%
    524   276       20.0000    32       18.0000      122.3571    15946  579.76%
    549   278       20.5000    26       18.0000      122.3571    16251  579.76%
agrego el corte 222
    571   287       21.6667    33       18.0000      122.3571    16557  579.76%
    603   284       19.0000    35       18.0000      122.3571    16889  579.76%
    626   283       19.1667    31       18.0000      122.3571    17128  579.76%
    657   279       19.3333    29       18.0000      122.3571    17490  579.76%
Elapsed real time =  99.34 sec. (tree size =  6.69 MB, solutions = 2)
    690   280       22.6667    42       18.0000      122.3571    17835  579.76%
    712   284       19.0000    23       18.0000      122.3571    17994  579.76%
    739   281       20.0000    29       18.0000      122.3571    18302  579.76%
    771   277       22.5000    33       18.0000      122.3571    18774  579.76%
    795   276       21.5000    38       18.0000      122.3571    19169  579.76%
    819   275       20.7500    36       18.0000      122.3571    19402  579.76%
    841   285       24.0000    53       18.0000      122.3571    19711  579.76%
    856   296       19.6667    18       18.0000      122.3571    19858  579.76%
    883   290       21.5000    33       18.0000      122.3571    20345  579.76%
    906   293       20.0000    38       18.0000      122.3571    20691  579.76%
Elapsed real time = 111.50 sec. (tree size =  6.72 MB, solutions = 2)
    930   288       22.0000    47       18.0000      122.3571    21060  579.76%
    955   287       20.5000    34       18.0000      122.3571    21386  579.76%
    981   285       20.5000    33       18.0000      122.3571    21831  579.76%
   1005   288       21.5000    33       18.0000      122.3571    22254  579.76%
   1032   285       20.5000    31       18.0000      122.3571    22736  579.76%
   1056   285       19.5000    16       18.0000      122.3571    23018  579.76%
   1076   290       22.0000    38       18.0000      122.3571    23337  579.76%
   1102   289       19.8000    35       18.0000      122.3571    23880  579.76%
   1130   285       23.0000    44       18.0000      122.3571    24425  579.76%
   1153   286       19.0000    37       18.0000      122.3571    24722  579.76%
Elapsed real time = 124.33 sec. (tree size =  6.70 MB, solutions = 2)
   1182   281       19.0000    27       18.0000      122.3571    25181  579.76%
   1201   284       19.6667    41       18.0000      122.3571    25486  579.76%
agrego el corte 244
   1224   282       19.8000    34       18.0000      122.3571    25942  579.76%
   1249   279       19.0000    28       18.0000      122.3571    26332  579.76%
agrego el corte 150
   1274   284       22.5000    46       18.0000      122.3571    26693  579.76%
   1301   282       21.0000    43       18.0000      122.3571    27130  579.76%
   1322   284       20.0000    31       18.0000      122.3571    27465  579.76%
   1345   282       19.2000    35       18.0000      122.3571    27914  579.76%
   1369   279       20.0000    38       18.0000      122.3571    28376  579.76%
   1394   280       21.0000    32       18.0000      122.3571    28660  579.76%
Elapsed real time = 138.19 sec. (tree size =  6.69 MB, solutions = 2)
   1418   278       22.7500    45       18.0000      122.3571    29051  579.76%
   1442   281       19.7500    28       18.0000      122.3571    29335  579.76%
   1466   280       20.0000    38       18.0000      122.3571    29732  579.76%
   1490   281       21.0000    43       18.0000      122.3571    30058  579.76%
   1516   274       20.7500    40       18.0000      122.3571    30492  579.76%
   1532   286       21.5000    33       18.0000      122.3571    30764  579.76%
   1555   287       19.0000    27       18.0000      122.3571    31027  579.76%
   1588   282       23.0000    47       18.0000      122.3571    31481  579.76%
   1608   289       20.0000    31       18.0000      122.3571    31755  579.76%
   1719   279       20.0000    31       18.0000      122.3571    33308  579.76%
Elapsed real time = 154.86 sec. (tree size =  6.69 MB, solutions = 2)
   1820   281       23.0000    40       18.0000      122.3571    34680  579.76%
   1928   280       21.0000    32       18.0000      122.3571    36124  579.76%
   2029   281       20.0000    38       18.0000      122.3571    37612  579.76%
   2125   280       20.0000    32       18.0000      122.3571    38890  579.76%
   2231   276       22.0000    51       18.0000      122.3571    40474  579.76%
   2323   276       22.7500    47       18.0000      122.3571    41818  579.76%
agrego el corte 156
   2425   273       20.0000    25       18.0000      122.3571    42939  579.76%
   2538   288       20.5000    29       18.0000      122.3571    44007  579.76%
   2662   279       21.0000    35       18.0000      122.3571    45387  579.76%
   2760   284       19.0000    36       18.0000      122.3571    46624  579.76%
Elapsed real time = 200.65 sec. (tree size =  6.70 MB, solutions = 2)
   2865   278       22.8000    48       18.0000      122.3571    47775  579.76%
   2979   271       23.0000    43       18.0000      122.3571    49150  579.76%
   3080   287       19.5714    31       18.0000      122.3571    50233  579.76%
   3185   280       20.0000    29       18.0000      122.3571    51610  579.76%
   3295   278       21.6667    41       18.0000      122.3571    52996  579.76%
   3397   278       20.0000    34       18.0000      122.3571    54113  579.76%
   3518   283       19.5000    28       18.0000      122.3571    55400  579.76%
   3623   275       21.5000    36       18.0000      122.3571    56624  579.76%
   3747   275       21.0000    28       18.0000      122.3571    57927  579.76%
   3841   292       21.0000    39       18.0000      122.3571    58956  579.76%
Elapsed real time = 244.93 sec. (tree size =  6.72 MB, solutions = 2)
   3949   283       20.9000    37       18.0000      122.3571    60476  579.76%
   4074   280       22.0000    28       18.0000      122.3571    61935  579.76%
   4176   281       22.0000    34       18.0000      122.3571    63179  579.76%
   4294   274       26.5000    55       18.0000      122.3571    64604  579.76%
   4389   282       19.0000    27       18.0000      122.3571    65844  579.76%
   4505   282       21.0000    26       18.0000      122.3571    67149  579.76%
   4608   275       21.5000    35       18.0000      122.3571    68613  579.76%
   4712   282       20.0000    21       18.0000      122.3571    69816  579.76%
   4821   280       19.0000     6       18.0000      122.3571    71099  579.76%
   4930   281       22.5000    37       18.0000      122.3571    72406  579.76%
Elapsed real time = 289.43 sec. (tree size =  6.69 MB, solutions = 2)
   5038   284       20.6667    34       18.0000      122.3571    73622  579.76%
   5158   280       20.0000    33       18.0000      122.3571    75043  579.76%
   5271   274       23.5000    41       18.0000      122.3571    76368  579.76%
   5376   282       21.0000    32       18.0000      122.3571    77456  579.76%
   5486   276       20.5000    34       18.0000      122.3571    78784  579.76%
agrego el corte 297
   5597   271       21.2500    33       18.0000      122.3571    80122  579.76%
   5695   272       20.0000    27       18.0000      122.3571    81316  579.76%
   5788   283       19.3750    39       18.0000      122.3571    82669  579.76%
   5896   278       21.0000    34       18.0000      122.3571    84171  579.76%
   5997   275       21.5000    33       18.0000      122.3571    85612  579.76%
Elapsed real time = 333.91 sec. (tree size =  6.68 MB, solutions = 2)
   6085   283       21.0000    32       18.0000      122.3571    86627  579.76%
   6186   279       21.5000    41       18.0000      122.3571    87697  579.76%
   6305   274       19.0000    27       18.0000      122.3571    88923  579.76%
   6411   275       21.5000    39       18.0000      122.3571    90156  579.76%
   6524   276       23.0000    36       18.0000      122.3571    91411  579.76%
   6642   273       22.0000    32       18.0000      122.3571    92800  579.76%
   6757   268       19.5000    28       18.0000      122.3571    93879  579.76%
   6848   279       19.2500    32       18.0000      122.3571    94965  579.76%
   6951   273       22.5000    31       18.0000      122.3571    96267  579.76%
   7061   272       20.5000    28       18.0000      122.3571    97404  579.76%
Elapsed real time = 377.29 sec. (tree size =  6.67 MB, solutions = 2)
   7162   283       21.0000    31       18.0000      122.3571    98560  579.76%
   7279   278       21.8333    43       18.0000      122.3571    99770  579.76%
   7375   274       22.5000    44       18.0000      122.3571   100958  579.76%
   7470   284       19.0000    21       18.0000      122.3571   101982  579.76%
   7583   281       20.6667    33       18.0000      122.3571   103418  579.76%
   7683   277       22.0000    32       18.0000      122.3571   104543  579.76%
   7796   274       20.0000    29       18.0000      122.3571   105570  579.76%
   7904   268       21.0000    24       18.0000      122.3571   106734  579.76%
   8014   269       24.9375    54       18.0000      122.3571   108039  579.76%
   8131   273       19.6667    30       18.0000      122.3571   109382  579.76%
Elapsed real time = 420.57 sec. (tree size =  6.67 MB, solutions = 2)
   8248   267       22.5000    35       18.0000      122.3571   110704  579.76%
   8335   285       19.5000    31       18.0000      122.3571   111596  579.76%
   8449   282       22.0000    41       18.0000      122.3571   112743  579.76%
   8567   280       20.3333    30       18.0000      122.3571   114032  579.76%
   8685   273       25.6667    45       18.0000      122.3571   115101  579.76%
   8780   282       22.0000    36       18.0000      122.3571   116362  579.76%
   8905   276       19.0000    24       18.0000      122.3571   117571  579.76%
   9021   279       22.0000    35       18.0000      122.3571   118723  579.76%
   9143   276       22.0000    37       18.0000      122.3571   119843  579.76%
   9252   271       22.5000    39       18.0000      122.3571   120856  579.76%
Elapsed real time = 463.77 sec. (tree size =  6.66 MB, solutions = 2)
   9361   268       21.5000    34       18.0000      122.3571   122245  579.76%
   9440   280       21.7500    42       18.0000      122.3571   123385  579.76%
   9554   278       19.5000    25       18.0000      122.3571   124662  579.76%
   9657   274       21.0000    43       18.0000      122.3571   125920  579.76%
   9762   270       20.0000    33       18.0000      122.3571   127038  579.76%
   9878   263       19.5714    40       18.0000      122.3571   128419  579.76%
   9973   279       22.5000    45       18.0000      122.3571   129566  579.76%
  10069   275       20.7500    39       18.0000      122.3571   130900  579.76%
  10174   270       21.5000    36       18.0000      122.3571   132228  579.76%
  10267   271       19.0000    23       18.0000      122.3571   133334  579.76%
Elapsed real time = 511.38 sec. (tree size =  6.67 MB, solutions = 2)
  10387   268       23.0000    36       18.0000      122.3571   134872  579.76%
  10483   266       21.5000    29       18.0000      122.3571   136014  579.76%
  10574   282       24.0000    38       18.0000      122.3571   137208  579.76%
  10687   285       20.7500    34       18.0000      122.3571   138239  579.76%
  10819   279       20.5000    26       18.0000      122.3571   139414  579.76%
  10936   278       20.7500    29       18.0000      122.3571   140525  579.76%
  11027   293       19.6667    25       18.0000      122.3571   141481  579.76%
  11161   282       21.5000    29       18.0000      122.3571   142909  579.76%
  11275   277       25.6667    57       18.0000      122.3571   144186  579.76%
  11363   282       19.0000    27       18.0000      122.3571   145443  579.76%
Elapsed real time = 558.41 sec. (tree size =  6.69 MB, solutions = 2)
  11455   281       21.6667    42       18.0000      122.3571   146933  579.76%
  11556   280       23.0000    36       18.0000      122.3571   148310  579.76%
  11676   275       22.0000    38       18.0000      122.3571   149708  579.76%
  11780   277       22.5000    27       18.0000      122.3571   150822  579.76%
  11867   283       21.0000    32       18.0000      122.3571   151800  579.76%
  11963   280       21.2500    34       18.0000      122.3571   153329  579.76%
  12069   280       22.2500    43       18.0000      122.3571   154866  579.76%
  12186   279       19.0000    15       18.0000      122.3571   156183  579.76%
  12301   270       19.0000    23       18.0000      122.3571   157428  579.76%
  12410   280       19.0000    27       18.0000      122.3571   158416  579.76%
Elapsed real time = 606.55 sec. (tree size =  6.69 MB, solutions = 2)
  12529   272       24.2500    37       18.0000      122.3571   159820  579.76%
  12642   280       20.5000    36       18.0000      122.3571   160914  579.76%
  12781   272       21.0000    30       18.0000      122.3571   162158  579.76%
  12918   270       20.0000    14       18.0000      122.3571   163262  579.76%
  13028   272       22.5000    33       18.0000      122.3571   164716  579.76%
  13124   286       19.5000    34       18.0000      122.3571   165906  579.76%
  13226   282       20.1667    37       18.0000      122.3571   167101  579.76%
  13357   277       19.8000    19       18.0000      122.3571   168266  579.76%
  13478   278       19.0000    18       18.0000      122.3571   169241  579.76%
  13584   275       19.0000    31       18.0000      122.3571   170177  579.76%
Elapsed real time = 654.80 sec. (tree size =  6.68 MB, solutions = 2)
  13691   269       21.0000    35       18.0000      122.3571   171342  579.76%
* 13765   276      integral     0       19.0000      122.3571   172133  543.98%
  13871   276       22.0000    46       19.0000      122.3571   173253  543.98%
  13970   280       22.0000    29       19.0000      122.3571   174496  543.98%
  14073   270       22.5000    42       19.0000      122.3571   175979  543.98%
  14171   273       22.5000    35       19.0000      122.3571   177240  543.98%
  14279   267       23.5000    35       19.0000      122.3571   178754  543.98%
  14372   277       20.0000    27       19.0000      122.3571   179881  543.98%
  14480   271       23.0000    36       19.0000      122.3571   181239  543.98%
  14571   274       23.3333    52       19.0000      122.3571   182524  543.98%
Elapsed real time = 704.55 sec. (tree size =  6.67 MB, solutions = 3)
  14672   265       20.0000    28       19.0000      122.3571   183976  543.98%
  14768   272       22.3333    42       19.0000      122.3571   185327  543.98%
  14870   274       20.6667    41       19.0000      122.3571   186589  543.98%
  14980   270       26.0000    52       19.0000      122.3571   188132  543.98%
  15075   274       21.3333    34       19.0000      122.3571   189380  543.98%
  15167   271       24.0000    38       19.0000      122.3571   190624  543.98%
  15255   275       21.0000    36       19.0000      122.3571   191857  543.98%
  15355   273       24.0000    52       19.0000      122.3571   193427  543.98%
  15448   272       20.8000    40       19.0000      122.3571   194996  543.98%
  15540   274       20.0000    31       19.0000      122.3571   196469  543.98%
Elapsed real time = 755.98 sec. (tree size =  6.67 MB, solutions = 3)
  15642   270       21.0000    32       19.0000      122.3571   197957  543.98%
  15750   268       20.5000    19       19.0000      122.3571   199417  543.98%
  15859   265       26.5000    45       19.0000      122.3571   200843  543.98%
  15956   270       22.0000    37       19.0000      122.3571   202235  543.98%
  16054   262       23.5000    41       19.0000      122.3571   203742  543.98%
  16153   266       22.6667    36       19.0000      122.3571   205163  543.98%
  16246   272       22.0000    35       19.0000      122.3571   206510  543.98%
  16337   284       24.0000    50       19.0000      122.3571   207746  543.98%
  16437   285       22.0000    38       19.0000      122.3571   209079  543.98%
  16536   282       20.5000    32       19.0000      122.3571   210609  543.98%
Elapsed real time = 806.13 sec. (tree size =  6.69 MB, solutions = 3)
  16637   276       20.0000    16       19.0000      122.3571   212221  543.98%
  16734   282       21.0000    35       19.0000      122.3571   213568  543.98%
  16838   279       20.5000    26       19.0000      122.3571   214915  543.98%
  16935   272       21.5000    38       19.0000      122.3571   216179  543.98%
  17031   268       21.3750    35       19.0000      122.3571   217598  543.98%
  17131   273       22.0000    31       19.0000      122.3571   219087  543.98%
  17229   268       21.0000    33       19.0000      122.3571   220489  543.98%
  17324   277       20.5000    30       19.0000      122.3571   221599  543.98%
  17439   268       24.0000    36       19.0000      122.3571   223286  543.98%
  17530   279       21.6667    32       19.0000      122.3571   224492  543.98%
Elapsed real time = 854.88 sec. (tree size =  6.69 MB, solutions = 3)
  17620   277       21.0000    32       19.0000      122.3571   226098  543.98%
  17726   274       23.5000    39       19.0000      122.3571   227533  543.98%
  17832   268       20.5000    28       19.0000      122.3571   229017  543.98%
  17925   272       23.0000    36       19.0000      122.3571   230149  543.98%
  18021   270       22.0000    34       19.0000      122.3571   231618  543.98%
  18113   282       21.0000    27       19.0000      122.3571   232790  543.98%
  18206   275       20.0000    30       19.0000      122.3571   234246  543.98%
  18314   269       20.0000    38       19.0000      122.3571   235761  543.98%
  18408   270       21.0000    31       19.0000      122.3571   237267  543.98%
  18504   267       20.6667    30       19.0000      122.3571   238781  543.98%
Elapsed real time = 903.93 sec. (tree size =  6.66 MB, solutions = 3)
  18602   271       20.8333    32       19.0000      122.3571   240055  543.98%
  18702   273       23.0000    39       19.0000      122.3571   241430  543.98%
  18815   271       22.5000    31       19.0000      122.3571   242860  543.98%
  18934   266        cutoff             19.0000      122.3571   244090  543.98%
  19047   275       21.0000    24       19.0000      122.3571   245471  543.98%
  19169   263       20.9167    34       19.0000      122.3571   246817  543.98%
  19266   279       21.0000    20       19.0000      122.3571   247812  543.98%
  19359   276       24.0000    45       19.0000      122.3571   248997  543.98%
  19464   273       20.5000    28       19.0000      122.3571   250244  543.98%
  19577   272       22.0000    40       19.0000      122.3571   251670  543.98%
Elapsed real time = 950.71 sec. (tree size =  6.67 MB, solutions = 3)
  19688   267       20.0000    21       19.0000      122.3571   253107  543.98%
  19783   270       23.0000    37       19.0000      122.3571   254360  543.98%
  19893   267       20.0000    29       19.0000      122.3571   255755  543.98%
  19994   271        cutoff             19.0000      122.3571   257153  543.98%
  20102   266       23.6000    46       19.0000      122.3571   258415  543.98%
* 20109   267      integral     0       20.0000      122.3571   258442  511.79%
  20201   272       22.7500    47       20.0000      122.3571   259849  511.79%
  20309   264       24.0000    36       20.0000      122.3571   261289  511.79%
  20403   273       23.6667    50       20.0000      122.3571   262581  511.79%
  20509   262       21.0000    22       20.0000      122.3571   263986  511.79%
Elapsed real time = 994.05 sec. (tree size =  6.64 MB, solutions = 4)
  20591   275       25.0000    44       20.0000      122.3571   265242  511.79%
  20687   274       22.6000    43       20.0000      122.3571   266563  511.79%
  20791   274       23.0000    39       20.0000      122.3571   267808  511.79%
  20907   263       24.6667    53       20.0000      122.3571   269547  511.79%
  21009   269       22.5000    39       20.0000      122.3571   270755  511.79%
  21123   267       22.0000    33       20.0000      122.3571   272070  511.79%
  21225   266       24.0000    42       20.0000      122.3571   273467  511.79%
  21329   259       23.0000    30       20.0000      122.3571   274807  511.79%
  21422   264       21.0000    31       20.0000      122.3571   275947  511.79%
  21513   267       25.0000    55       20.0000      122.3571   277123  511.79%
Elapsed real time = 1042.14 sec. (tree size =  6.65 MB, solutions = 4)
  21618   261       25.5000    49       20.0000      122.3571   278614  511.79%
  21714   260       24.5000    43       20.0000      122.3571   280095  511.79%
  21804   273       21.0000    29       20.0000      122.3571   281340  511.79%
  21902   266        cutoff             20.0000      122.3571   282897  511.79%
  21989   267       22.0000    35       20.0000      122.3571   284268  511.79%
  22089   262       22.0000    39       20.0000      122.3571   285640  511.79%
  22192   260       23.5000    49       20.0000      122.3571   287176  511.79%
  22287   278       24.0000    48       20.0000      122.3571   288498  511.79%
  22386   272       22.3750    43       20.0000      122.3571   289782  511.79%
  22481   273       24.0000    38       20.0000      122.3571   291069  511.79%
Elapsed real time = 1092.11 sec. (tree size =  6.67 MB, solutions = 4)
  22574   277       21.0000    32       20.0000      122.3571   292582  511.79%
  22669   274       23.0000    36       20.0000      122.3571   294348  511.79%
  22773   271       24.0000    40       20.0000      122.3571   295998  511.79%
  22870   271       21.5000    30       20.0000      122.3571   297450  511.79%
  22967   277       22.0000    35       20.0000      122.3571   298966  511.79%
  23069   269       21.0000    29       20.0000      122.3571   300316  511.79%
  23164   273       21.0000    27       20.0000      122.3571   301585  511.79%
  23259   273       23.0000    41       20.0000      122.3571   303033  511.79%
  23367   268       26.0000    44       20.0000      122.3571   304636  511.79%
  23454   270       22.0000    32       20.0000      122.3571   306027  511.79%
Elapsed real time = 1142.54 sec. (tree size =  6.66 MB, solutions = 4)
  23550   274       21.0000    31       20.0000      122.3571   307403  511.79%
  23644   273       22.5000    27       20.0000      122.3571   308625  511.79%
  23744   266       21.2500    29       20.0000      122.3571   310054  511.79%
  23853   264       27.0000    48       20.0000      122.3571   311743  511.79%
  23944   271       21.0000    20       20.0000      122.3571   312915  511.79%
  24060   265       22.0000    32       20.0000      122.3571   314438  511.79%
  24161   271       23.6667    36       20.0000      122.3571   315682  511.79%
  24277   268       22.5000    33       20.0000      122.3571   317383  511.79%
  24383   265       22.4000    42       20.0000      122.3571   318799  511.79%
  24477   261       23.0000    37       20.0000      122.3571   320174  511.79%
Elapsed real time = 1191.42 sec. (tree size =  6.64 MB, solutions = 4)
  24575   266       24.0000    40       20.0000      122.3571   321441  511.79%
  24674   266       21.5000    24       20.0000      122.3571   322843  511.79%
  24778   263       21.3333    32       20.0000      122.3571   324226  511.79%
  24878   265       22.0000    38       20.0000      122.3571   325495  511.79%
  24981   264       23.0000    36       20.0000      122.3571   326814  511.79%
  25070   265       22.5000    40       20.0000      122.3571   328146  511.79%
  25163   259       24.0000    47       20.0000      122.3571   329266  511.79%
  25265   264       22.0000    35       20.0000      122.3571   330650  511.79%
  25368   263       21.6667    33       20.0000      122.3571   331978  511.79%
  25455   270       24.6667    54       20.0000      122.3571   333224  511.79%
Elapsed real time = 1240.43 sec. (tree size =  6.66 MB, solutions = 4)
  25554   269       23.5000    37       20.0000      122.3571   334396  511.79%
  25659   264       21.0000    23       20.0000      122.3571   335983  511.79%
  25766   260       21.0000    38       20.0000      122.3571   337344  511.79%
  25863   267       24.0000    38       20.0000      122.3571   338671  511.79%
  25957   265       24.0000    44       20.0000      122.3571   340019  511.79%
  26049   269       25.0000    44       20.0000      122.3571   341251  511.79%
  26132   270       23.0000    44       20.0000      122.3571   342466  511.79%
  26231   261       22.6111    36       20.0000      122.3571   343926  511.79%
  26332   262       24.0000    35       20.0000      122.3571   345123  511.79%
  26431   261       25.0000    40       20.0000      122.3571   346563  511.79%
Elapsed real time = 1289.81 sec. (tree size =  6.64 MB, solutions = 4)
  26520   261       22.0000    35       20.0000      122.3571   347807  511.79%
  26629   258       23.5000    39       20.0000      122.3571   349131  511.79%
  26737   262       23.2500    32       20.0000      122.3571   350486  511.79%
  26835   264       22.6667    39       20.0000      122.3571   351894  511.79%
  26925   269       23.0000    36       20.0000      122.3571   353076  511.79%
  27031   262       24.0000    34       20.0000      122.3571   354572  511.79%
  27122   262       21.6667    35       20.0000      122.3571   355974  511.79%
  27220   266       22.0000    34       20.0000      122.3571   357278  511.79%
  27325   257       22.0000    29       20.0000      122.3571   358469  511.79%
  27406   278       23.0000    32       20.0000      122.3571   359573  511.79%
Elapsed real time = 1340.16 sec. (tree size =  6.68 MB, solutions = 4)
  27501   276       21.0000    35       20.0000      122.3571   361025  511.79%
  27596   270       23.6667    44       20.0000      122.3571   362599  511.79%
  27698   266       21.5000    36       20.0000      122.3571   363989  511.79%
  27797   267       21.5000    29       20.0000      122.3571   365438  511.79%
  27902   264        cutoff             20.0000      122.3571   366918  511.79%
  27995   272       22.0000    44       20.0000      122.3571   368094  511.79%
  28098   264       25.6667    55       20.0000      122.3571   369562  511.79%
  28186   264       22.0000    40       20.0000      122.3571   370976  511.79%
  28284   263       21.0000    33       20.0000      122.3571   372470  511.79%
  28371   271       23.0000    34       20.0000      122.3571   373777  511.79%
Elapsed real time = 1391.36 sec. (tree size =  6.66 MB, solutions = 4)
  28462   266       21.6667    30       20.0000      122.3571   375176  511.79%
  28555   260       21.6667    35       20.0000      122.3571   376669  511.79%
  28664   262       25.0000    48       20.0000      122.3571   378241  511.79%
  28770   260       23.5000    37       20.0000      122.3571   379605  511.79%
  28875   261       23.5000    44       20.0000      122.3571   380908  511.79%
  28970   254       23.0000    35       20.0000      122.3571   382401  511.79%
  29070   258       23.0000    32       20.0000      122.3571   383968  511.79%
  29163   252       22.0000    35       20.0000      122.3571   385422  511.79%
  29242   269       23.0000    43       20.0000      122.3571   386745  511.79%
  29327   267       22.5000    39       20.0000      122.3571   388158  511.79%
Elapsed real time = 1444.02 sec. (tree size =  6.66 MB, solutions = 4)
  29426   264       24.0000    42       20.0000      122.3571   389701  511.79%
  29519   265       23.0000    45       20.0000      122.3571   391175  511.79%
  29604   261       22.3333    47       20.0000      122.3571   392508  511.79%
  29706   267       23.0000    38       20.0000      122.3571   393970  511.79%
  29799   262       22.0000    29       20.0000      122.3571   395557  511.79%
  29903   254       22.0000    34       20.0000      122.3571   397314  511.79%
  30000   255       22.5000    37       20.0000      122.3571   398585  511.79%
  30096   257       26.5000    45       20.0000      122.3571   400001  511.79%
  30185   258       22.5000    48       20.0000      122.3571   401744  511.79%
  30270   262       22.5000    37       20.0000      122.3571   402908  511.79%
Elapsed real time = 1495.45 sec. (tree size =  6.64 MB, solutions = 4)
  30361   259       21.0000    32       20.0000      122.3571   404399  511.79%
  30464   257       22.5000    33       20.0000      122.3571   406098  511.79%
  30565   251       22.5000    44       20.0000      122.3571   407476  511.79%
  30643   282       21.0000    38       20.0000      122.3571   408197  511.79%
  30757   271       21.0000    31       20.0000      122.3571   410039  511.79%
  30847   270       23.0000    39       20.0000      122.3571   411581  511.79%
  30947   268       24.5000    37       20.0000      122.3571   413201  511.79%
  31040   272       23.0000    38       20.0000      122.3571   414493  511.79%
  31138   265       23.0000    35       20.0000      122.3571   416164  511.79%
  31222   265       22.0000    46       20.0000      122.3571   417590  511.79%
Elapsed real time = 1546.33 sec. (tree size =  6.65 MB, solutions = 4)
  31318   262       25.5000    45       20.0000      122.3571   419003  511.79%
  31413   262       26.5000    45       20.0000      122.3571   420494  511.79%
  31496   264       23.0000    37       20.0000      122.3571   421724  511.79%
  31599   265       21.0000    19       20.0000      122.3571   423064  511.79%
  31697   261       24.5000    46       20.0000      122.3571   424460  511.79%
  31803   257       23.0000    39       20.0000      122.3571   425603  511.79%
  31890   265       25.8000    52       20.0000      122.3571   426743  511.79%
  31991   261       23.0000    39       20.0000      122.3571   428087  511.79%
  32090   267       22.5000    31       20.0000      122.3571   429212  511.79%
  32213   259       21.0000    40       20.0000      122.3571   430777  511.79%
Elapsed real time = 1595.92 sec. (tree size =  6.64 MB, solutions = 4)
  32308   264       22.0000    28       20.0000      122.3571   431966  511.79%
  32423   260       23.0000    36       20.0000      122.3571   433316  511.79%
  32533   258       25.0000    40       20.0000      122.3571   434764  511.79%
  32625   266       22.0000    33       20.0000      122.3571   435863  511.79%
  32725   261       21.5000    35       20.0000      122.3571   437084  511.79%
  32815   260       25.5000    45       20.0000      122.3571   438350  511.79%
  32919   253       25.0000    38       20.0000      122.3571   439586  511.79%
  33005   262       22.5000    36       20.0000      122.3571   440631  511.79%
  33109   258       22.5000    36       20.0000      122.3571   441740  511.79%
  33206   258       24.0000    40       20.0000      122.3571   442941  511.79%
Elapsed real time = 1643.89 sec. (tree size =  6.63 MB, solutions = 4)
  33310   253       25.5000    45       20.0000      122.3571   444051  511.79%
  33410   257       22.0000    36       20.0000      122.3571   445333  511.79%
  33510   259       22.0000    28       20.0000      122.3571   446585  511.79%
  33615   263       26.2500    48       20.0000      122.3571   447943  511.79%
  33711   264       22.5000    33       20.0000      122.3571   449036  511.79%
  33808   261       21.0000    30       20.0000      122.3571   450411  511.79%
  33927   259       21.5000    37       20.0000      122.3571   451853  511.79%
  34021   257       21.0000    39       20.0000      122.3571   453279  511.79%
  34116   256       22.5000    38       20.0000      122.3571   454648  511.79%
  34216   261       21.7500    39       20.0000      122.3571   456249  511.79%
Elapsed real time = 1693.10 sec. (tree size =  6.64 MB, solutions = 4)
  34316   255       23.6667    41       20.0000      122.3571   457863  511.79%
  34407   261       23.0000    40       20.0000      122.3571   459017  511.79%
  34509   253       25.0000    44       20.0000      122.3571   460369  511.79%
  34598   258       23.0000    38       20.0000      122.3571   461533  511.79%
  34700   255       22.0000    31       20.0000      122.3571   463043  511.79%
  34793   260       24.5000    42       20.0000      122.3571   464463  511.79%
  34896   252       21.6667    38       20.0000      122.3571   465764  511.79%
  34978   278       21.8333    36       20.0000      122.3571   466721  511.79%
  35077   275       22.5000    31       20.0000      122.3571   468045  511.79%
  35179   269       22.5000    41       20.0000      122.3571   469476  511.79%
Elapsed real time = 1745.05 sec. (tree size =  6.66 MB, solutions = 4)
  35282   268       22.0000    39       20.0000      122.3571   470594  511.79%
  35387   276       21.0000    33       20.0000      122.3571   471654  511.79%
  35507   269       23.0000    36       20.0000      122.3571   472959  511.79%
  35622   264       21.5000    33       20.0000      122.3571   474197  511.79%
  35727   267       21.0000    24       20.0000      122.3571   475205  511.79%
  35845   264       22.0000    37       20.0000      122.3571   476331  511.79%
  35963   265       21.5000    28       20.0000      122.3571   477443  511.79%
  36081   272       22.0000    38       20.0000      122.3571   478366  511.79%
  36190   265       22.0000    33       20.0000      122.3571   479452  511.79%
  36310   271       22.0000    34       20.0000      122.3571   480634  511.79%
Elapsed real time = 1791.22 sec. (tree size =  9.36 MB, solutions = 4)
  36416   263       24.0000    43       20.0000      122.3571   481801  511.79%
  36515   263       23.6667    41       20.0000      122.3571   482749  511.79%
  36622   265       23.5000    41       20.0000      122.3571   483855  511.79%
  36717   266       21.5000    36       20.0000      122.3571   484584  511.79%
  36828   263       23.0000    32       20.0000      122.3571   485687  511.79%
  36942   257       28.0000    56       20.0000      122.3571   486854  511.79%
  37047   263       23.5000    40       20.0000      122.3571   487929  511.79%
  37155   262       22.0000    35       20.0000      122.3571   488953  511.79%
  37260   261       21.5000    32       20.0000      122.3571   490100  511.79%
  37367   269       22.0000    36       20.0000      122.3571   491196  511.79%
Elapsed real time = 1837.31 sec. (tree size =  9.77 MB, solutions = 4)
  37480   262       22.0000    35       20.0000      122.3571   492183  511.79%
  37584   259       23.5000    46       20.0000      122.3571   493108  511.79%
  37681   267       23.0000    31       20.0000      122.3571   493979  511.79%
  37787   255       28.0000    50       20.0000      122.3571   495188  511.79%
  37887   269       23.0000    46       20.0000      122.3571   496026  511.79%
  37992   261       22.0000    37       20.0000      122.3571   497141  511.79%
  38112   257       21.3333    41       20.0000      122.3571   498385  511.79%
  38222   255       27.0000    48       20.0000      122.3571   499505  511.79%
  38327   258       21.5000    32       20.0000      122.3571   500497  511.79%
  38449   254       24.5000    44       20.0000      122.3571   501592  511.79%
Elapsed real time = 1883.65 sec. (tree size =  6.83 MB, solutions = 4)
  38557   262       21.0000     8       20.0000      122.3571   502619  511.79%
  38684   259       21.0000    16       20.0000      122.3571   503624  511.79%
  38807   256       21.0000    19       20.0000      122.3571   504669  511.79%
  38925   263       21.0000    23       20.0000      122.3571   505800  511.79%
  39037   259       21.0000    16       20.0000      122.3571   506811  511.79%
  39155   260       23.0000    32       20.0000      122.3571   507734  511.79%
  39286   255       21.5000    30       20.0000      122.3571   508814  511.79%
  39394   261       24.0000    34       20.0000      122.3571   509772  511.79%
  39506   254       22.0000    35       20.0000      122.3571   510901  511.79%
  39620   255       28.5000    53       20.0000      122.3571   512074  511.79%
Elapsed real time = 1928.75 sec. (tree size =  7.87 MB, solutions = 4)
  39716   259       22.0000    44       20.0000      122.3571   513038  511.79%
  39832   254       22.7500    40       20.0000      122.3571   514200  511.79%
  39946   250       26.5000    45       20.0000      122.3571   515345  511.79%
  40051   257       26.5000    47       20.0000      122.3571   516213  511.79%
  40169   257       24.0000    40       20.0000      122.3571   517349  511.79%
  40277   253       23.5000    38       20.0000      122.3571   518400  511.79%
  40392   253       22.5000    40       20.0000      122.3571   519551  511.79%
  40502   250       24.0000    36       20.0000      122.3571   520748  511.79%
  40587   276       21.5000    25       20.0000      122.3571   521472  511.79%
  40690   274       22.6667    38       20.0000      122.3571   522444  511.79%
Elapsed real time = 1975.09 sec. (tree size = 12.48 MB, solutions = 4)
  40806   268       24.3333    41       20.0000      122.3571   523726  511.79%
  40915   268       23.0000    41       20.0000      122.3571   524651  511.79%
  41025   264       21.0000    24       20.0000      122.3571   525702  511.79%
  41139   262       21.5000    34       20.0000      122.3571   526613  511.79%
  41247   263       22.0000    32       20.0000      122.3571   527617  511.79%
  41358   262       22.0000    32       20.0000      122.3571   528797  511.79%
  41465   276       21.0000    26       20.0000      122.3571   529789  511.79%
  41573   275       22.5000    31       20.0000      122.3571   530757  511.79%
  41692   263       21.8333    36       20.0000      122.3571   531825  511.79%
  41807   263       22.0000    35       20.0000      122.3571   532986  511.79%
Elapsed real time = 2020.66 sec. (tree size = 10.17 MB, solutions = 4)
  41925   262       21.3000    29       20.0000      122.3571   534001  511.79%
  42026   264       22.0000    36       20.0000      122.3571   534930  511.79%
  42135   258       23.3333    36       20.0000      122.3571   535942  511.79%
  42240   257       23.6667    43       20.0000      122.3571   537234  511.79%
  42358   255       22.0000    31       20.0000      122.3571   538528  511.79%
  42466   264       21.3333    31       20.0000      122.3571   539553  511.79%
  42605   258       22.0000    25       20.0000      122.3571   540683  511.79%
  42719   260       25.0000    46       20.0000      122.3571   541711  511.79%
  42838   260       22.5000    37       20.0000      122.3571   542724  511.79%
  42944   258       24.0000    40       20.0000      122.3571   543741  511.79%
Elapsed real time = 2066.82 sec. (tree size =  8.91 MB, solutions = 4)
  43048   255       21.0000    25       20.0000      122.3571   544757  511.79%
  43155   259        cutoff             20.0000      122.3571   545705  511.79%
  43263   257       23.0000    41       20.0000      122.3571   546828  511.79%
  43374   257       22.0000    32       20.0000      122.3571   547782  511.79%
  43486   250       24.0000    37       20.0000      122.3571   549003  511.79%
  43592   257       23.0000    46       20.0000      122.3571   549967  511.79%
  43697   262       21.6667    34       20.0000      122.3571   550901  511.79%
  43814   249       21.0000    18       20.0000      122.3571   551972  511.79%
  43907   266       22.5000    32       20.0000      122.3571   552983  511.79%
  44019   261       21.0000    36       20.0000      122.3571   554181  511.79%
Elapsed real time = 2113.23 sec. (tree size =  9.96 MB, solutions = 4)
  44130   259       22.0000    29       20.0000      122.3571   555284  511.79%
  44243   258       23.5000    31       20.0000      122.3571   556553  511.79%
  44346   270       21.6667    41       20.0000      122.3571   557525  511.79%
  44465   261       23.0000    34       20.0000      122.3571   558832  511.79%
  44572   259       21.0000    24       20.0000      122.3571   559989  511.79%
  44683   255       26.5000    45       20.0000      122.3571   561171  511.79%
  44795   261       22.0000    37       20.0000      122.3571   562223  511.79%
  44898   258       21.5000    30       20.0000      122.3571   563332  511.79%
  45011   251       26.5000    48       20.0000      122.3571   564510  511.79%
  45121   258       28.0000    60       20.0000      122.3571   565460  511.79%
Elapsed real time = 2159.54 sec. (tree size =  9.12 MB, solutions = 4)
  45211   268       23.0000    38       20.0000      122.3571   566501  511.79%
  45322   264       25.0000    34       20.0000      122.3571   567850  511.79%
  45427   266       22.0000    40       20.0000      122.3571   569004  511.79%
  45540   261       25.0000    34       20.0000      122.3571   570300  511.79%
  45645   260        cutoff             20.0000      122.3571   571525  511.79%
  45755   265       22.2500    33       20.0000      122.3571   572542  511.79%
  45854   256       21.5000    30       20.0000      122.3571   573950  511.79%
  45958   257       23.0000    35       20.0000      122.3571   575020  511.79%
  46061   256       25.5000    39       20.0000      122.3571   576109  511.79%
  46147   266       21.5000    39       20.0000      122.3571   576949  511.79%
Elapsed real time = 2207.26 sec. (tree size = 11.01 MB, solutions = 4)
  46260   259       21.0000    24       20.0000      122.3571   577965  511.79%
  46394   252        cutoff             20.0000      122.3571   579299  511.79%
  46498   254       21.5000    26       20.0000      122.3571   580455  511.79%
  46581   270       21.5000    37       20.0000      122.3571   581511  511.79%
  46681   267       21.0000    31       20.0000      122.3571   582778  511.79%
  46774   264       22.0000    39       20.0000      122.3571   584133  511.79%
  46869   270       24.0000    45       20.0000      122.3571   585402  511.79%
  46972   267       22.0000    40       20.0000      122.3571   586667  511.79%
  47073   266       21.0000    37       20.0000      122.3571   587998  511.79%
  47168   262       21.0000    28       20.0000      122.3571   589109  511.79%
Elapsed real time = 2257.26 sec. (tree size = 10.17 MB, solutions = 4)
  47257   260       24.0000    34       20.0000      122.3571   590365  511.79%
  47349   269       21.3333    40       20.0000      122.3571   591507  511.79%
  47443   258       24.5000    37       20.0000      122.3571   592832  511.79%
  47548   258       22.0000    37       20.0000      122.3571   594028  511.79%
  47655   267       21.5000    34       20.0000      122.3571   595146  511.79%
  47768   257       23.5000    45       20.0000      122.3571   596426  511.79%
  47883   258       21.0000    33       20.0000      122.3571   597688  511.79%
  47985   258       24.5000    43       20.0000      122.3571   598771  511.79%
  48084   257       25.0000    44       20.0000      122.3571   599993  511.79%
  48192   258       23.6667    49       20.0000      122.3571   601163  511.79%
Elapsed real time = 2305.58 sec. (tree size =  9.33 MB, solutions = 4)
  48298   250       21.5000    31       20.0000      122.3571   602449  511.79%
  48396   257       22.0000    33       20.0000      122.3571   603512  511.79%
  48504   251        cutoff             20.0000      122.3571   604468  511.79%
  48613   251       23.5000    39       20.0000      122.3571   605319  511.79%
  48705   263       23.0000    51       20.0000      122.3571   606239  511.79%
  48815   256       23.0000    30       20.0000      122.3571   607347  511.79%
  48928   258       22.2500    35       20.0000      122.3571   608367  511.79%
  49036   259       22.0000    33       20.0000      122.3571   609636  511.79%
  49146   252       21.5000    34       20.0000      122.3571   610967  511.79%
  49247   256       22.0000    34       20.0000      122.3571   612013  511.79%
Elapsed real time = 2352.38 sec. (tree size =  8.91 MB, solutions = 4)
  49359   249       26.5000    41       20.0000      122.3571   613147  511.79%
  49445   269       22.0000    38       20.0000      122.3571   614018  511.79%
  49549   257       21.8750    26       20.0000      122.3571   615254  511.79%
  49656   252       24.5000    37       20.0000      122.3571   616474  511.79%
  49753   248       22.0000    35       20.0000      122.3571   617656  511.79%
  49841   264       21.0000    27       20.0000      122.3571   618516  511.79%
  49957   253       21.5000    30       20.0000      122.3571   619817  511.79%
  50068   251       23.0000    34       20.0000      122.3571   620951  511.79%
  50165   255       22.4000    43       20.0000      122.3571   621839  511.79%
  50252   266       23.8000    49       20.0000      122.3571   622804  511.79%
Elapsed real time = 2400.34 sec. (tree size = 11.22 MB, solutions = 4)
  50352   258       22.5000    34       20.0000      122.3571   623712  511.79%
  50448   272       22.0000    40       20.0000      122.3571   624556  511.79%
  50548   263       21.6667    36       20.0000      122.3571   625888  511.79%
  50651   259       21.0000    31       20.0000      122.3571   627071  511.79%
  50764   260       24.0000    43       20.0000      122.3571   628267  511.79%
  50864   262       22.0000    29       20.0000      122.3571   629221  511.79%
  50964   257       23.5000    41       20.0000      122.3571   630384  511.79%
  51070   257       21.5000    30       20.0000      122.3571   631502  511.79%
  51160   277       22.0000    36       20.0000      122.3571   632360  511.79%
  51261   269       21.5000    33       20.0000      122.3571   633497  511.79%
Elapsed real time = 2449.74 sec. (tree size = 11.85 MB, solutions = 4)
  51377   264       23.0000    45       20.0000      122.3571   634843  511.79%
  51471   263       21.0000    33       20.0000      122.3571   635790  511.79%
  51582   263       24.6667    53       20.0000      122.3571   637013  511.79%
  51675   262       21.8000    44       20.0000      122.3571   638064  511.79%
  51784   257       21.0000    15       20.0000      122.3571   639088  511.79%
  51892   263       21.0000    31       20.0000      122.3571   640164  511.79%
  51997   259       23.0000    34       20.0000      122.3571   641255  511.79%
  52093   265       24.0000    45       20.0000      122.3571   642490  511.79%
  52197   262       21.0000    31       20.0000      122.3571   643628  511.79%
  52308   264       22.0000    31       20.0000      122.3571   644833  511.79%
Elapsed real time = 2499.38 sec. (tree size = 10.59 MB, solutions = 4)
  52418   257       23.0000    33       20.0000      122.3571   646105  511.79%
  52518   263       21.0000    29       20.0000      122.3571   647210  511.79%
  52617   266       23.0000    36       20.0000      122.3571   648154  511.79%
  52736   257       22.5000    37       20.0000      122.3571   649360  511.79%
  52829   260       23.0000    31       20.0000      122.3571   650445  511.79%
  52923   259       21.7500    32       20.0000      122.3571   651783  511.79%
  53017   261       21.0000    20       20.0000      122.3571   652871  511.79%
  53129   257       22.7500    48       20.0000      122.3571   654169  511.79%
  53229   256       22.0000    37       20.0000      122.3571   655187  511.79%
  53344   262       23.0000    38       20.0000      122.3571   656194  511.79%
Elapsed real time = 2548.17 sec. (tree size = 10.17 MB, solutions = 4)
  53460   253       24.5000    40       20.0000      122.3571   657560  511.79%
  53566   250       21.0000    30       20.0000      122.3571   658629  511.79%
  53665   255       21.5000    37       20.0000      122.3571   659649  511.79%
  53773   258       22.5000    44       20.0000      122.3571   660722  511.79%
  53881   253       26.0000    40       20.0000      122.3571   661770  511.79%
  53983   268       23.5000    39       20.0000      122.3571   662681  511.79%
  54099   258       24.0000    45       20.0000      122.3571   663708  511.79%
  54206   258       21.3333    33       20.0000      122.3571   664695  511.79%
  54309   260       21.5000    22       20.0000      122.3571   665763  511.79%
  54425   253       26.0000    48       20.0000      122.3571   667063  511.79%
Elapsed real time = 2595.51 sec. (tree size =  8.28 MB, solutions = 4)
  54520   261       22.0000    30       20.0000      122.3571   667932  511.79%
  54645   258       24.0000    33       20.0000      122.3571   669133  511.79%
  54766   257       22.0000    30       20.0000      122.3571   670145  511.79%
  54871   258       21.5000    32       20.0000      122.3571   671317  511.79%
  54972   255       23.0000    40       20.0000      122.3571   672336  511.79%
  55075   252       25.5000    43       20.0000      122.3571   673342  511.79%
  55185   252       21.0000    16       20.0000      122.3571   674516  511.79%
  55276   262       22.0000    30       20.0000      122.3571   675324  511.79%
  55390   252        cutoff             20.0000      122.3571   676408  511.79%
  55489   258       23.5000    44       20.0000      122.3571   677376  511.79%
Elapsed real time = 2642.97 sec. (tree size =  9.54 MB, solutions = 4)
  55592   256       21.0000    29       20.0000      122.3571   678456  511.79%
  55696   252       23.0000    36       20.0000      122.3571   679572  511.79%
  55801   254       23.5000    33       20.0000      122.3571   680598  511.79%
  55910   255       25.0000    41       20.0000      122.3571   681570  511.79%
  56016   259       22.0000    32       20.0000      122.3571   682526  511.79%
  56148   251       27.7500    54       20.0000      122.3571   683922  511.79%
  56257   263       21.0000    38       20.0000      122.3571   684814  511.79%
  56380   255       23.5000    43       20.0000      122.3571   685982  511.79%
  56501   259       21.5000    38       20.0000      122.3571   687145  511.79%
  56616   251       23.2500    44       20.0000      122.3571   688403  511.79%
Elapsed real time = 2689.72 sec. (tree size =  8.07 MB, solutions = 4)
  56717   259       24.0000    45       20.0000      122.3571   689386  511.79%
  56840   249       24.0000    41       20.0000      122.3571   690503  511.79%
  56961   251       21.5000    32       20.0000      122.3571   691647  511.79%
  57068   261       22.0000    30       20.0000      122.3571   692626  511.79%
  57173   260       21.5000    36       20.0000      122.3571   693564  511.79%
  57283   256       22.5000    27       20.0000      122.3571   694506  511.79%
  57394   249       22.0000    35       20.0000      122.3571   695718  511.79%
  57505   246       26.5000    45       20.0000      122.3571   696807  511.79%
  57646   245       22.0000    29       20.0000      122.3571   698000  511.79%
  57720   266       25.0000    41       20.0000      122.3571   698931  511.79%
Elapsed real time = 2735.91 sec. (tree size = 11.22 MB, solutions = 4)
  57822   260       21.5000    26       20.0000      122.3571   700139  511.79%
  57929   262       23.5000    40       20.0000      122.3571   701224  511.79%
  58031   263       22.6667    45       20.0000      122.3571   702410  511.79%
  58125   261       21.0000    32       20.0000      122.3571   703476  511.79%
  58220   269       23.7500    51       20.0000      122.3571   704768  511.79%
  58320   263       22.0000    33       20.0000      122.3571   706271  511.79%
  58415   257       26.0000    44       20.0000      122.3571   707556  511.79%
  58512   261       21.0000    38       20.0000      122.3571   708584  511.79%
  58622   254       21.0000    32       20.0000      122.3571   709692  511.79%
  58716   261       22.3333    44       20.0000      122.3571   710744  511.79%
Elapsed real time = 2783.91 sec. (tree size = 10.38 MB, solutions = 4)
  58818   264       22.5000    39       20.0000      122.3571   711916  511.79%
  58923   258       21.5000    38       20.0000      122.3571   713013  511.79%
  59023   263       23.5000    41       20.0000      122.3571   714174  511.79%
  59123   262       21.0000    33       20.0000      122.3571   715330  511.79%
  59238   256       22.5000    30       20.0000      122.3571   716456  511.79%
  59344   253       26.5000    45       20.0000      122.3571   717656  511.79%
  59444   260       23.0000    31       20.0000      122.3571   718722  511.79%
  59544   260       22.0000    33       20.0000      122.3571   719739  511.79%
  59662   253       22.6667    26       20.0000      122.3571   720925  511.79%
  59771   248       24.5000    38       20.0000      122.3571   722119  511.79%
Elapsed real time = 2830.57 sec. (tree size =  7.65 MB, solutions = 4)
  59853   263       22.5000    35       20.0000      122.3571   723060  511.79%
  59964   255       26.0000    56       20.0000      122.3571   724380  511.79%
  60071   257       21.0000    30       20.0000      122.3571   725519  511.79%
  60185   252       24.0000    36       20.0000      122.3571   726658  511.79%
  60287   250       24.5000    36       20.0000      122.3571   727679  511.79%
  60378   257       23.3333    43       20.0000      122.3571   728588  511.79%
  60493   251       21.5000    32       20.0000      122.3571   729484  511.79%
  60595   254       24.0000    42       20.0000      122.3571   730804  511.79%
  60687   249       21.0000    33       20.0000      122.3571   731963  511.79%
  60776   257       23.0000    39       20.0000      122.3571   733084  511.79%
Elapsed real time = 2878.02 sec. (tree size =  9.33 MB, solutions = 4)
  60884   246       30.0000    52       20.0000      122.3571   734360  511.79%
  60971   257       21.0000    45       20.0000      122.3571   735389  511.79%
  61074   255       21.5000    37       20.0000      122.3571   736499  511.79%
  61175   251       23.5000    34       20.0000      122.3571   737716  511.79%
  61278   255       24.0000    40       20.0000      122.3571   738731  511.79%
  61387   252       26.5000    50       20.0000      122.3571   739729  511.79%
  61489   251       22.0000    26       20.0000      122.3571   740756  511.79%
  61589   247       21.3333    27       20.0000      122.3571   741792  511.79%
  61689   264       22.0000    34       20.0000      122.3571   742732  511.79%
  61791   258       23.6250    44       20.0000      122.3571   743962  511.79%
Elapsed real time = 2926.58 sec. (tree size =  9.75 MB, solutions = 4)
  61885   262       22.0000    46       20.0000      122.3571   745030  511.79%
  61985   250       24.0000    32       20.0000      122.3571   746244  511.79%
  62085   253       22.0000    39       20.0000      122.3571   747228  511.79%
  62191   250       23.0000    41       20.0000      122.3571   748567  511.79%
  62302   249       24.0000    42       20.0000      122.3571   749565  511.79%
  62412   249       30.7500    68       20.0000      122.3571   750835  511.79%
  62515   262       24.5000    51       20.0000      122.3571   751960  511.79%
  62624   260       25.0000    46       20.0000      122.3571   753185  511.79%
  62729   256       25.0000    38       20.0000      122.3571   754400  511.79%
  62839   255       24.5000    37       20.0000      122.3571   755509  511.79%
Elapsed real time = 2975.24 sec. (tree size =  9.11 MB, solutions = 4)
  62941   258       22.0000    41       20.0000      122.3571   756623  511.79%
  63044   250       21.5000    34       20.0000      122.3571   757853  511.79%
  63119   267       22.5000    44       20.0000      122.3571   758915  511.79%
  63213   260       25.6667    54       20.0000      122.3571   760235  511.79%
  63321   259       24.0000    50       20.0000      122.3571   761442  511.79%
  63417   254       26.2500    56       20.0000      122.3571   762765  511.79%
  63510   252       27.5000    49       20.0000      122.3571   763775  511.79%
  63602   265       24.0000    46       20.0000      122.3571   764872  511.79%
  63698   258       23.3333    49       20.0000      122.3571   766262  511.79%
  63801   251       22.5000    40       20.0000      122.3571   767587  511.79%
Elapsed real time = 3025.85 sec. (tree size =  8.48 MB, solutions = 4)
  63898   258       21.5000    35       20.0000      122.3571   768755  511.79%
  64008   256       24.0000    40       20.0000      122.3571   769994  511.79%
  64108   258       24.0000    42       20.0000      122.3571   771114  511.79%
  64222   250       23.0000    34       20.0000      122.3571   772440  511.79%
  64330   259       24.7500    48       20.0000      122.3571   773487  511.79%
  64438   256       22.0000    32       20.0000      122.3571   774638  511.79%
  64545   249       23.0000    37       20.0000      122.3571   775786  511.79%
  64651   252       24.5000    41       20.0000      122.3571   777048  511.79%
  64750   252       23.0000    34       20.0000      122.3571   778274  511.79%
  64877   247       26.0000    47       20.0000      122.3571   779642  511.79%
Elapsed real time = 3074.68 sec. (tree size =  7.44 MB, solutions = 4)
  64966   260       21.0000    26       20.0000      122.3571   780640  511.79%
  65076   254       21.0000    34       20.0000      122.3571   781740  511.79%
  65182   255       24.0000    38       20.0000      122.3571   782861  511.79%
  65275   255       21.0000    28       20.0000      122.3571   783866  511.79%
  65373   251       22.5000    33       20.0000      122.3571   785045  511.79%
  65479   253       23.0000    39       20.0000      122.3571   786125  511.79%
  65589   250       24.0000    38       20.0000      122.3571   787228  511.79%
  65691   246       21.6667    37       20.0000      122.3571   788403  511.79%
  65774   274       24.0000    50       20.0000      122.3571   789372  511.79%
  65861   270       23.8571    49       20.0000      122.3571   790433  511.79%
Elapsed real time = 3124.07 sec. (tree size = 12.47 MB, solutions = 4)
  65960   267       21.0000    31       20.0000      122.3571   791827  511.79%
  66053   265       24.4000    52       20.0000      122.3571   793141  511.79%
  66145   268       21.0000    29       20.0000      122.3571   794113  511.79%
  66244   263       21.0000    31       20.0000      122.3571   795256  511.79%
  66356   261       23.5000    48       20.0000      122.3571   796571  511.79%
  66445   265       21.6667    34       20.0000      122.3571   797787  511.79%
  66550   262       23.0000    38       20.0000      122.3571   799186  511.79%
  66651   263       21.8000    39       20.0000      122.3571   800360  511.79%
  66760   258       27.0000    48       20.0000      122.3571   801551  511.79%
  66848   264       24.5000    43       20.0000      122.3571   802541  511.79%
Elapsed real time = 3174.40 sec. (tree size = 11.21 MB, solutions = 4)
  66953   260       21.0000    31       20.0000      122.3571   803762  511.79%
  67046   259       22.5000    32       20.0000      122.3571   804677  511.79%
  67146   265       23.7500    41       20.0000      122.3571   805614  511.79%
  67253   257       21.0000    31       20.0000      122.3571   806677  511.79%
  67356   254        cutoff             20.0000      122.3571   807888  511.79%
  67449   266       23.5000    39       20.0000      122.3571   808914  511.79%
  67548   267       23.6667    41       20.0000      122.3571   809985  511.79%
  67646   270       23.0000    38       20.0000      122.3571   810964  511.79%
  67748   262       23.1667    34       20.0000      122.3571   812141  511.79%
  67844   262       22.5000    41       20.0000      122.3571   813213  511.79%
Elapsed real time = 3223.10 sec. (tree size = 11.00 MB, solutions = 4)
  67950   263       21.0000    27       20.0000      122.3571   814325  511.79%
  68050   262       24.0000    41       20.0000      122.3571   815401  511.79%
  68152   261       23.6667    38       20.0000      122.3571   816191  511.79%
  68266   259       21.0000    38       20.0000      122.3571   817156  511.79%
  68378   257       25.5000    48       20.0000      122.3571   818290  511.79%
  68488   258       23.0000    39       20.0000      122.3571   819252  511.79%
  68606   260       23.0000    34       20.0000      122.3571   820351  511.79%
  68711   262       22.6667    39       20.0000      122.3571   821257  511.79%
  68824   260       24.5000    49       20.0000      122.3571   822330  511.79%
  68945   261       22.0000    26       20.0000      122.3571   823424  511.79%
Elapsed real time = 3269.34 sec. (tree size = 10.58 MB, solutions = 4)
  69070   261       21.0000     8       20.0000      122.3571   824442  511.79%
  69184   257       21.0000    33       20.0000      122.3571   825427  511.79%
  69300   260       23.0000    41       20.0000      122.3571   826394  511.79%
  69422   254       22.5000    30       20.0000      122.3571   827530  511.79%
  69523   263       24.5000    41       20.0000      122.3571   828457  511.79%
  69640   256       21.5000    26       20.0000      122.3571   829730  511.79%
  69757   256       25.1111    48       20.0000      122.3571   830774  511.79%
  69868   260       24.5000    44       20.0000      122.3571   831777  511.79%
  69983   257       24.0000    36       20.0000      122.3571   832671  511.79%
  70108   254       24.5000    44       20.0000      122.3571   833588  511.79%
Elapsed real time = 3314.13 sec. (tree size =  9.11 MB, solutions = 4)
  70221   258       21.0000    23       20.0000      122.3571   834586  511.79%
  70343   254       21.6667    34       20.0000      122.3571   835498  511.79%
  70443   263       21.5000    24       20.0000      122.3571   836186  511.79%
  70550   254       22.5000    28       20.0000      122.3571   837329  511.79%
  70643   259       23.5000    37       20.0000      122.3571   838482  511.79%
  70741   257       22.5000    42       20.0000      122.3571   839456  511.79%
  70849   253       23.0000    33       20.0000      122.3571   840640  511.79%
  70955   252       21.8333    34       20.0000      122.3571   841812  511.79%
  71063   249        cutoff             20.0000      122.3571   842728  511.79%
  71156   257       23.0000    24       20.0000      122.3571   843655  511.79%
Elapsed real time = 3360.87 sec. (tree size =  9.95 MB, solutions = 4)
  71276   251       21.5000    28       20.0000      122.3571   844648  511.79%
  71392   255       23.6667    46       20.0000      122.3571   845711  511.79%
  71502   256       22.5000    44       20.0000      122.3571   846864  511.79%
  71608   258       21.0000    25       20.0000      122.3571   847972  511.79%
  71714   249       24.2500    37       20.0000      122.3571   849211  511.79%
  71822   249       22.0000    35       20.0000      122.3571   850144  511.79%
  71924   259       22.7500    44       20.0000      122.3571   851396  511.79%
  72023   256       21.0000    33       20.0000      122.3571   852826  511.79%
  72145   252       22.0000    34       20.0000      122.3571   854430  511.79%
  72272   251       21.0000    14       20.0000      122.3571   856237  511.79%
Elapsed real time = 3406.34 sec. (tree size =  7.65 MB, solutions = 4)
  72384   263       22.7500    34       20.0000      122.3571   857533  511.79%
  72506   261       22.3333    41       20.0000      122.3571   859006  511.79%
  72630   258       22.5000    36       20.0000      122.3571   860871  511.79%
  72759   252       21.5000    21       20.0000      122.3571   862119  511.79%
  72871   255       21.3333    28       20.0000      122.3571   863193  511.79%
  73016   248       21.7500    15       20.0000      122.3571   864584  511.79%
  73149   246       21.0000    29       20.0000      122.3571   865977  511.79%
  73263   253        cutoff             20.0000      122.3571   867507  511.79%
  73379   248       21.0000    18       20.0000      122.3571   868892  511.79%
  73469   258       21.3333    37       20.0000      122.3571   870647  511.79%
Elapsed real time = 3449.44 sec. (tree size =  7.05 MB, solutions = 4)
  73567   258       22.7500    41       20.0000      122.3571   872280  511.79%
  73672   254       22.7500    42       20.0000      122.3571   874032  511.79%
  73781   251       27.0000    46       20.0000      122.3571   876124  511.79%
  73894   252       21.5000    26       20.0000      122.3571   877774  511.79%
  74005   247       28.0000    52       20.0000      122.3571   879405  511.79%
  74105   254       23.5000    35       20.0000      122.3571   880948  511.79%
  74219   249       22.0000    31       20.0000      122.3571   882780  511.79%
  74334   259       24.7500    47       20.0000      122.3571   884415  511.79%
  74450   256       23.8000    43       20.0000      122.3571   886485  511.79%
  74570   250       23.5000    35       20.0000      122.3571   888070  511.79%
Elapsed real time = 3494.73 sec. (tree size =  7.03 MB, solutions = 4)
  74691   255       21.5833    26       20.0000      122.3571   889550  511.79%
  74812   249       23.0000    31       20.0000      122.3571   891068  511.79%
  74925   253       21.5000    26       20.0000      122.3571   892526  511.79%
  75042   254       22.3333    29       20.0000      122.3571   893970  511.79%
  75145   260       21.6667    32       20.0000      122.3571   895445  511.79%
  75264   251       23.0000    30       20.0000      122.3571   897047  511.79%
  75379   245       22.0000    31       20.0000      122.3571   898420  511.79%
  75490   251        cutoff             20.0000      122.3571   899864  511.79%
  75613   245       22.0000    31       20.0000      122.3571   901528  511.79%
  75715   268       23.0000    42       20.0000      122.3571   903094  511.79%
Elapsed real time = 3538.53 sec. (tree size =  6.86 MB, solutions = 4)
  75839   261       21.0000    30       20.0000      122.3571   904786  511.79%
  75949   260       23.0000    35       20.0000      122.3571   906354  511.79%
  76070   256       21.0000    18       20.0000      122.3571   907869  511.79%
  76196   254       22.3333    29       20.0000      122.3571   909493  511.79%
  76313   254       22.0000    33       20.0000      122.3571   910739  511.79%
  76432   253       26.0000    40       20.0000      122.3571   912191  511.79%
  76551   256       21.0000    14       20.0000      122.3571   913144  511.79%
  76677   250       21.0000    31       20.0000      122.3571   914620  511.79%
  76791   259       22.8000    35       20.0000      122.3571   916051  511.79%
  76912   252       23.0000    35       20.0000      122.3571   917537  511.79%
Elapsed real time = 3577.09 sec. (tree size =  6.83 MB, solutions = 4)
  77031   249       27.0000    56       20.0000      122.3571   919323  511.79%
  77158   247       21.0000    35       20.0000      122.3571   920610  511.79%
  77271   254       21.5000    19       20.0000      122.3571   921821  511.79%
  77393   249       22.0000    29       20.0000      122.3571   923041  511.79%
  77524   244       22.0000    29       20.0000      122.3571   924533  511.79%
  77623   250       23.0000    32       20.0000      122.3571   925916  511.79%
  77741   250       21.5000    32       20.0000      122.3571   927708  511.79%

User cuts applied:  292

Root node processing (before b&c):
  Real time             =    2.85
Sequential b&c:
  Real time             = 3597.15
                          -------
Total (root+branch&cut) = 3600.00 sec.
Datos de la resolucion: 	20	3600
