el algoritmo 2
limiteCortesClique 100
limiteCortesCiclo 100
limiteCortesIter 6
hago 100 cliques
hago 100 ciclosImpares
Default row names c1, c2 ... being created.
son 100 cliques y 100 ciclos
creo todos los cortes
Clique table members: 17827.
MIP emphasis: balance optimality and feasibility.
MIP search method: traditional branch-and-cut.
Parallel mode: none, using 1 thread.
Root relaxation solution time =    0.06 sec.

        Nodes                                         Cuts/
   Node  Left     Objective  IInf  Best Integer    Best Bound    ItCnt     Gap

      0     0      225.0000   450                    225.0000      719         
agrego el corte 0
agrego el corte 1
agrego el corte 2
agrego el corte 3
agrego el corte 7
agrego el corte 5
      0     0      218.0000   436               UserPurge1: 6      774         
agrego el corte 23
agrego el corte 17
agrego el corte 15
agrego el corte 21
agrego el corte 8
agrego el corte 13
      0     0      201.0000   402               UserPurge1: 6      910         
agrego el corte 30
agrego el corte 46
agrego el corte 28
agrego el corte 34
agrego el corte 26
agrego el corte 76
      0     0      189.0000   378               UserPurge1: 6     1003         
agrego el corte 85
agrego el corte 10
agrego el corte 89
agrego el corte 25
agrego el corte 73
agrego el corte 68
      0     0      176.7500   355               UserPurge1: 6     1118         
agrego el corte 43
agrego el corte 103
agrego el corte 52
agrego el corte 24
agrego el corte 31
agrego el corte 59
      0     0      173.7500   349               UserPurge1: 6     1175         
agrego el corte 78
agrego el corte 75
agrego el corte 54
agrego el corte 71
agrego el corte 86
agrego el corte 111
      0     0      168.7500   339               UserPurge1: 6     1225         
agrego el corte 121
agrego el corte 123
agrego el corte 55
agrego el corte 84
agrego el corte 119
agrego el corte 169
      0     0      166.5000   336               UserPurge1: 6     1271         
agrego el corte 60
agrego el corte 137
agrego el corte 148
agrego el corte 147
agrego el corte 170
agrego el corte 145
      0     0      164.2500   330               UserPurge1: 6     1307         
agrego el corte 19
agrego el corte 57
agrego el corte 14
agrego el corte 130
agrego el corte 195
agrego el corte 64
      0     0      163.7500   329               UserPurge1: 6     1331         
agrego el corte 158
agrego el corte 179
agrego el corte 178
agrego el corte 128
agrego el corte 156
agrego el corte 126
      0     0      161.2500   324               UserPurge1: 6     1361         
agrego el corte 36
agrego el corte 154
agrego el corte 161
agrego el corte 160
agrego el corte 168
agrego el corte 189
      0     0      159.0000   321               UserPurge1: 6     1413         
agrego el corte 171
agrego el corte 174
agrego el corte 138
agrego el corte 173
agrego el corte 136
agrego el corte 135
      0     0      157.7500   317               UserPurge1: 6     1445         
agrego el corte 95
agrego el corte 96
agrego el corte 140
agrego el corte 164
agrego el corte 166
agrego el corte 134
      0     0      155.5000   316               UserPurge1: 6     1507         
agrego el corte 74
agrego el corte 124
agrego el corte 133
agrego el corte 192
agrego el corte 172
agrego el corte 193
      0     0      152.7500   307               UserPurge1: 6     1555         
agrego el corte 149
agrego el corte 197
agrego el corte 141
agrego el corte 142
agrego el corte 143
agrego el corte 144
      0     0      150.7500   303               UserPurge1: 6     1611         
agrego el corte 48
agrego el corte 35
agrego el corte 38
agrego el corte 72
agrego el corte 117
agrego el corte 27
      0     0      150.3333   308               UserPurge1: 6     1655         
agrego el corte 80
agrego el corte 157
agrego el corte 153
agrego el corte 163
agrego el corte 150
agrego el corte 162
      0     0      149.1667   305               UserPurge1: 6     1682         
agrego el corte 62
agrego el corte 110
agrego el corte 194
agrego el corte 29
agrego el corte 58
agrego el corte 51
      0     0      148.9167   312               UserPurge1: 6     1726         
agrego el corte 49
agrego el corte 1
agrego el corte 2
agrego el corte 3
agrego el corte 4
agrego el corte 83
      0     0      148.9167   308               UserPurge1: 6     1729         
agrego el corte 45
agrego el corte 94
agrego el corte 59
      0     0      148.6667   303               UserPurge1: 3     1742         
agrego el corte 184
agrego el corte 97
      0     0      148.6667   306               UserPurge1: 2     1745         
      0     2      148.6667   300                    148.6667     1745         
Elapsed real time =   1.76 sec. (tree size =  0.01 MB, solutions = 0)
      1     3      148.1667   299                    147.6667     1774         
      2     4      147.6667   298                    147.6667     1776         
      3     5      147.1667   297                    147.1667     1808         
agrego el corte 14
agrego el corte 19
agrego el corte 44
agrego el corte 46
agrego el corte 57
agrego el corte 3
      5     7      146.1667   297                    146.1667     1917         
agrego el corte 58
agrego el corte 36
agrego el corte 67
agrego el corte 56
agrego el corte 99
agrego el corte 12
agrego el corte 28
agrego el corte 69
agrego el corte 146
     36    38      130.6667   274                    146.1667     2615         
agrego el corte 17
agrego el corte 152
agrego el corte 51
agrego el corte 151
     45    47      126.2500   255                    146.1667     3410         
agrego el corte 6
agrego el corte 22
agrego el corte 70
agrego el corte 16
     75    77      111.5000   227                    146.1667     4056         
agrego el corte 38
agrego el corte 32
agrego el corte 2
agrego el corte 11
agrego el corte 131
agrego el corte 37
agrego el corte 167
agrego el corte 29
     91    93       91.0000   180                    146.1667     5111         
agrego el corte 88
agrego el corte 90
agrego el corte 0
agrego el corte 39
agrego el corte 82
    100   102       48.0000    84                    146.1667     6090         
*   111   110      integral     0       20.0000      146.1667     6376  630.83%
Elapsed real time =   5.45 sec. (tree size =  0.68 MB, solutions = 1)
*   221   120      integral     0       21.0000      146.1667     6872  596.03%
*   242   109      integral     0       22.0000      146.1667     7023  564.39%
    521   116       23.5000    21       22.0000      146.1667     8581  564.39%
    799   121        cutoff             22.0000      146.1667    10136  564.39%
*   825   117      integral     0       23.0000      146.1667    10289  535.51%
   1088   116        cutoff             23.0000      146.1667    12276  535.51%
   1347   116       24.5000    29       23.0000      146.1667    14316  535.51%
   1610   113        cutoff             23.0000      146.1667    16460  535.51%
   1877   115       26.0000    30       23.0000      146.1667    18551  535.51%
   2146   110       25.0000    26       23.0000      146.1667    20411  535.51%
Elapsed real time =  11.68 sec. (tree size =  0.68 MB, solutions = 4)
   2412   110        cutoff             23.0000      146.1667    22450  535.51%
   2688   131        cutoff             23.0000      146.1667    24638  535.51%
   2956   133        cutoff             23.0000      146.1667    26681  535.51%
   3229   131        cutoff             23.0000      146.1667    28590  535.51%
   3503   131       24.0000    24       23.0000      146.1667    30633  535.51%
   3788   123        cutoff             23.0000      146.1667    32811  535.51%
   4085   126        cutoff             23.0000      146.1667    35331  535.51%
   4373   118       24.0000    24       23.0000      146.1667    37870  535.51%
   4678   121        cutoff             23.0000      146.1667    40072  535.51%
   4971   122       25.0000    28       23.0000      146.1667    42278  535.51%
Elapsed real time =  19.86 sec. (tree size =  0.71 MB, solutions = 4)
   5261   117       25.5000    31       23.0000      146.1667    44567  535.51%
   5553   116        cutoff             23.0000      146.1667    46990  535.51%
   5840   118       27.0000    32       23.0000      146.1667    49301  535.51%
   6140   116        cutoff             23.0000      146.1667    51211  535.51%
   6431   116        cutoff             23.0000      146.1667    53762  535.51%
   6724   122        cutoff             23.0000      146.1667    56256  535.51%
   7018   117        cutoff             23.0000      146.1667    58593  535.51%
   7305   119       26.3750    32       23.0000      146.1667    61287  535.51%
   7595   117        cutoff             23.0000      146.1667    63828  535.51%
   7879   109        cutoff             23.0000      146.1667    66893  535.51%
Elapsed real time =  27.99 sec. (tree size =  0.68 MB, solutions = 4)
   8174   124        cutoff             23.0000      146.1667    69629  535.51%
   8460   117        cutoff             23.0000      146.1667    72071  535.51%
   8747   114        cutoff             23.0000      146.1667    74562  535.51%
   9033   110       27.5000    35       23.0000      146.1667    77099  535.51%
   9314   106       25.2500    29       23.0000      146.1667    79596  535.51%
agrego el corte 98
   9603   121       33.5000    53       23.0000      146.1667    81868  535.51%
   9899   134        cutoff             23.0000      146.1667    84131  535.51%
  10193   135       24.5000    29       23.0000      146.1667    86530  535.51%
  10490   138        cutoff             23.0000      146.1667    88836  535.51%
  10785   136        cutoff             23.0000      146.1667    91050  535.51%
Elapsed real time =  35.95 sec. (tree size =  0.75 MB, solutions = 4)
  11078   126        cutoff             23.0000      146.1667    93213  535.51%
  11373   126       24.0000    28       23.0000      146.1667    95356  535.51%
  11664   120        cutoff             23.0000      146.1667    97412  535.51%
  11956   119        cutoff             23.0000      146.1667    99900  535.51%
  12250   130        cutoff             23.0000      146.1667   102413  535.51%
  12533   116       30.5000    45       23.0000      146.1667   104535  535.51%
  12821   114       25.0000    30       23.0000      146.1667   107320  535.51%
  13109   119       29.1667    41       23.0000      146.1667   110241  535.51%
  13397   124        cutoff             23.0000      146.1667   113233  535.51%
  13677   124       28.5000    41       23.0000      146.1667   116411  535.51%
Elapsed real time =  44.21 sec. (tree size =  0.72 MB, solutions = 4)
  13963   122        cutoff             23.0000      146.1667   119445  535.51%
  14240   116        cutoff             23.0000      146.1667   122784  535.51%
  14523   121       25.2500    32       23.0000      146.1667   126005  535.51%
  14807   115        cutoff             23.0000      146.1667   128844  535.51%
  15089   114        cutoff             23.0000      146.1667   131942  535.51%
  15371   113        cutoff             23.0000      146.1667   134958  535.51%
  15659   131        cutoff             23.0000      146.1667   138002  535.51%
  15932   113       24.1667    33       23.0000      146.1667   140982  535.51%
  16213   113       24.5000    29       23.0000      146.1667   143661  535.51%
  16493   112       27.0000    36       23.0000      146.1667   146742  535.51%
Elapsed real time =  53.15 sec. (tree size =  0.69 MB, solutions = 4)
  16779   119        cutoff             23.0000      146.1667   150418  535.51%
  17056   105       24.7500    30       23.0000      146.1667   153177  535.51%
agrego el corte 35
  17368   148        cutoff             23.0000      146.1667   155926  535.51%
agrego el corte 33
  17648   147       27.5000    41       23.0000      146.1667   158737  535.51%
  17934   138       25.0000    33       23.0000      146.1667   161797  535.51%
  18226   140       30.5000    47       23.0000      146.1667   164653  535.51%
  18528   144       25.0000    32       23.0000      146.1667   166677  535.51%
  18809   136       30.0000    46       23.0000      146.1667   169922  535.51%
  19115   142       26.0000    36       23.0000      146.1667   171877  535.51%
  19411   141       24.0000    30       23.0000      146.1667   174321  535.51%
Elapsed real time =  61.12 sec. (tree size =  0.76 MB, solutions = 4)
  19701   146       24.0000    30       23.0000      146.1667   177014  535.51%
  19988   152        cutoff             23.0000      146.1667   179741  535.51%
  20272   129        cutoff             23.0000      146.1667   182334  535.51%
  20567   142        cutoff             23.0000      146.1667   184710  535.51%
  20855   141        cutoff             23.0000      146.1667   187002  535.51%
  21147   138       24.0000    28       23.0000      146.1667   189697  535.51%
  21428   128       25.0000    32       23.0000      146.1667   192655  535.51%
  21724   139        cutoff             23.0000      146.1667   195586  535.51%
  22006   132       25.0000    28       23.0000      146.1667   198156  535.51%
  22293   127        cutoff             23.0000      146.1667   201044  535.51%
Elapsed real time =  69.12 sec. (tree size =  0.72 MB, solutions = 4)
  22583   134        cutoff             23.0000      146.1667   203394  535.51%
  22873   139        cutoff             23.0000      146.1667   205951  535.51%
  23162   131        cutoff             23.0000      146.1667   208170  535.51%
  23451   142       24.0000    30       23.0000      146.1667   211203  535.51%
  23731   130       25.0000    32       23.0000      146.1667   213749  535.51%
  24020   130        cutoff             23.0000      146.1667   216301  535.51%
  24311   146        cutoff             23.0000      146.1667   219133  535.51%
  24597   128        cutoff             23.0000      146.1667   221443  535.51%
  24884   125        cutoff             23.0000      146.1667   224032  535.51%
  26028   122        cutoff             23.0000      146.1667   234145  535.51%
Elapsed real time =  79.44 sec. (tree size =  0.71 MB, solutions = 4)
  27197   139        cutoff             23.0000      146.1667   244982  535.51%
  28352   120       24.5000    29       23.0000      146.1667   254800  535.51%
  29530   128        cutoff             23.0000      146.1667   264786  535.51%
  30685   119        cutoff             23.0000      146.1667   274600  535.51%
  31868   129       24.2500    33       23.0000      146.1667   283397  535.51%
  33045   130        cutoff             23.0000      146.1667   292770  535.51%
  34220   131        cutoff             23.0000      146.1667   302530  535.51%
  35374   146       24.0000    34       23.0000      146.1667   313448  535.51%
  36495   119       24.0000    28       23.0000      146.1667   325701  535.51%
  37663   129        cutoff             23.0000      146.1667   336426  535.51%
Elapsed real time = 111.36 sec. (tree size =  0.73 MB, solutions = 4)
  38817   119       24.0000    26       23.0000      146.1667   346420  535.51%
  39969   129        cutoff             23.0000      146.1667   358164  535.51%
  41125   141       27.0000    38       23.0000      146.1667   369950  535.51%
  42254   131        cutoff             23.0000      146.1667   382059  535.51%
  43406   121        cutoff             23.0000      146.1667   392943  535.51%
  44544   113        cutoff             23.0000      146.1667   405389  535.51%
  45697   124       25.0000    32       23.0000      146.1667   415872  535.51%
  46838   114       29.5000    43       23.0000      146.1667   425844  535.51%
  48005   116        cutoff             23.0000      146.1667   434320  535.51%
  49161   126       25.7500    35       23.0000      146.1667   444531  535.51%
Elapsed real time = 144.81 sec. (tree size =  0.72 MB, solutions = 4)
  50301   117        cutoff             23.0000      146.1667   455579  535.51%
  51449   115       24.2500    30       23.0000      146.1667   467209  535.51%
  52602   119        cutoff             23.0000      146.1667   477141  535.51%
  53762   112        cutoff             23.0000      146.1667   487922  535.51%
  54883   121        cutoff             23.0000      146.1667   498980  535.51%
  56009   112        cutoff             23.0000      146.1667   509561  535.51%
  57135   125       26.0000    32       23.0000      146.1667   521810  535.51%
  58260   113        cutoff             23.0000      146.1667   533606  535.51%
  59410   116       24.5000    27       23.0000      146.1667   544241  535.51%
  60546   129        cutoff             23.0000      146.1667   554942  535.51%
Elapsed real time = 181.45 sec. (tree size =  0.73 MB, solutions = 4)
  61690   124       24.0000    31       23.0000      146.1667   565199  535.51%
  62823   121       24.8333    29       23.0000      146.1667   575372  535.51%
  63966   119       25.0000    30       23.0000      146.1667   585845  535.51%
  65120   121        cutoff             23.0000      146.1667   596841  535.51%
  66264   113        cutoff             23.0000      146.1667   607655  535.51%
  67427   112        cutoff             23.0000      146.1667   619033  535.51%
  68598   117        cutoff             23.0000      146.1667   628380  535.51%
  69739   114        cutoff             23.0000      146.1667   638719  535.51%
  70884   127       24.0000    30       23.0000      146.1667   648970  535.51%
  72062   162       24.0000    34       23.0000      146.1667   658266  535.51%
Elapsed real time = 217.66 sec. (tree size =  0.81 MB, solutions = 4)
  73210   142       26.0000    36       23.0000      146.1667   668893  535.51%
  74370   146        cutoff             23.0000      146.1667   679336  535.51%
  75511   130        cutoff             23.0000      146.1667   690845  535.51%
  76673   138       24.5000    34       23.0000      146.1667   701811  535.51%
  77816   126        cutoff             23.0000      146.1667   712594  535.51%
  78972   126        cutoff             23.0000      146.1667   722455  535.51%
  80132   132        cutoff             23.0000      146.1667   732047  535.51%
  81295   121       28.5000    41       23.0000      146.1667   741137  535.51%
  82449   119        cutoff             23.0000      146.1667   751786  535.51%
  83602   118        cutoff             23.0000      146.1667   762391  535.51%
Elapsed real time = 252.69 sec. (tree size =  0.70 MB, solutions = 4)
  84750   123       24.7500    29       23.0000      146.1667   773709  535.51%
  85893   113        cutoff             23.0000      146.1667   784635  535.51%
  87035   118       28.0000    40       23.0000      146.1667   795604  535.51%
  88173   127        cutoff             23.0000      146.1667   807199  535.51%
  89307   118       25.9000    38       23.0000      146.1667   818219  535.51%
  90448   108       24.0000    28       23.0000      146.1667   828330  535.51%
  91607   122       24.0000    26       23.0000      146.1667   838435  535.51%
  92750   112       24.7500    28       23.0000      146.1667   848491  535.51%
  93897   113        cutoff             23.0000      146.1667   859323  535.51%
  95075   152        cutoff             23.0000      146.1667   869384  535.51%
Elapsed real time = 284.97 sec. (tree size =  0.79 MB, solutions = 4)
  96261   156        cutoff             23.0000      146.1667   877967  535.51%
  97424   146        cutoff             23.0000      146.1667   887777  535.51%
  98581   140        cutoff             23.0000      146.1667   897642  535.51%
  99730   146       25.0000    39       23.0000      146.1667   908564  535.51%
 100888   145       24.0000    30       23.0000      146.1667   919338  535.51%
 102019   141        cutoff             23.0000      146.1667   931381  535.51%
 103156   141       24.0000    28       23.0000      146.1667   942682  535.51%
 104311   138        cutoff             23.0000      146.1667   953237  535.51%
 105461   142        cutoff             23.0000      146.1667   964313  535.51%
 106610   138       24.2500    31       23.0000      146.1667   974127  535.51%
Elapsed real time = 330.44 sec. (tree size =  0.75 MB, solutions = 4)
 107769   138       24.0000    28       23.0000      146.1667   983984  535.51%
 108920   130        cutoff             23.0000      146.1667   995141  535.51%
 110073   137        cutoff             23.0000      146.1667  1006203  535.51%
 111232   142       24.5000    34       23.0000      146.1667  1016787  535.51%
 112412   132       26.5000    37       23.0000      146.1667  1025676  535.51%
 113586   140       24.0000    35       23.0000      146.1667  1035596  535.51%
 114715   140        cutoff             23.0000      146.1667  1047709  535.51%
 115857   138       24.0000    30       23.0000      146.1667  1058718  535.51%
 117015   143       25.5000    37       23.0000      146.1667  1069299  535.51%
 118183   147       24.0000    32       23.0000      146.1667  1079209  535.51%
Elapsed real time = 387.42 sec. (tree size =  0.77 MB, solutions = 4)
 119337   146       24.0000    32       23.0000      146.1667  1089427  535.51%
 120489   134        cutoff             23.0000      146.1667  1100322  535.51%
 121640   138       30.0000    48       23.0000      146.1667  1112178  535.51%
 122771   133        cutoff             23.0000      146.1667  1123841  535.51%
 123919   130       24.0000    30       23.0000      146.1667  1134819  535.51%
 125077   131        cutoff             23.0000      146.1667  1144687  535.51%
 126228   137       24.5000    23       23.0000      146.1667  1155367  535.51%
 127393   133        cutoff             23.0000      146.1667  1165613  535.51%
 128550   132       24.5000    29       23.0000      146.1667  1174946  535.51%
 129709   142        cutoff             23.0000      146.1667  1184768  535.51%
Elapsed real time = 445.29 sec. (tree size =  0.76 MB, solutions = 4)
 130843   130        cutoff             23.0000      146.1667  1194545  535.51%
 132018   142        cutoff             23.0000      146.1667  1204155  535.51%
 133150   139        cutoff             23.0000      146.1667  1215638  535.51%
 134318   145       25.5000    37       23.0000      146.1667  1225234  535.51%
 135507   139        cutoff             23.0000      146.1667  1234430  535.51%
 136687   134       24.7500    31       23.0000      146.1667  1243690  535.51%
 137862   137       24.0000    26       23.0000      146.1667  1252889  535.51%
 139024   128        cutoff             23.0000      146.1667  1261803  535.51%
 140193   130       24.5833    34       23.0000      146.1667  1270921  535.51%
 141358   132       24.0000    22       23.0000      146.1667  1281372  535.51%
Elapsed real time = 502.59 sec. (tree size =  0.73 MB, solutions = 4)
 142504   136        cutoff             23.0000      146.1667  1292204  535.51%
 143639   126        cutoff             23.0000      146.1667  1304231  535.51%
 144769   125        cutoff             23.0000      146.1667  1317400  535.51%
 145909   128        cutoff             23.0000      146.1667  1328944  535.51%
 147044   128        cutoff             23.0000      146.1667  1339911  535.51%
 148179   128       26.3750    42       23.0000      146.1667  1351451  535.51%
 149336   120       25.5000    33       23.0000      146.1667  1362026  535.51%
 150489   125       24.0000    26       23.0000      146.1667  1372932  535.51%
 151661   127       25.5000    35       23.0000      146.1667  1382018  535.51%
 152786   119        cutoff             23.0000      146.1667  1395468  535.51%
Elapsed real time = 561.10 sec. (tree size =  0.71 MB, solutions = 4)
 153948   133        cutoff             23.0000      146.1667  1406394  535.51%
 155107   129        cutoff             23.0000      146.1667  1416008  535.51%
 156269   127        cutoff             23.0000      146.1667  1425281  535.51%
 157437   132       24.2500    34       23.0000      146.1667  1434727  535.51%
 158593   124       34.0000    54       23.0000      146.1667  1444189  535.51%
 159789   133        cutoff             23.0000      146.1667  1451970  535.51%
 160969   125        cutoff             23.0000      146.1667  1460524  535.51%
 162132   127       25.0000    33       23.0000      146.1667  1469586  535.51%
 163312   125       26.0000    34       23.0000      146.1667  1477850  535.51%
 164492   129        cutoff             23.0000      146.1667  1486971  535.51%
Elapsed real time = 610.01 sec. (tree size =  0.73 MB, solutions = 4)
 165643   118        cutoff             23.0000      146.1667  1496762  535.51%
 166805   135       24.5000    33       23.0000      146.1667  1507971  535.51%
 167956   124       24.5000    31       23.0000      146.1667  1518499  535.51%
 169117   124       25.0000    34       23.0000      146.1667  1528844  535.51%
 170262   119       24.0000    28       23.0000      146.1667  1540450  535.51%
 171418   119        cutoff             23.0000      146.1667  1551020  535.51%
 172567   133        cutoff             23.0000      146.1667  1563130  535.51%
 173732   135        cutoff             23.0000      146.1667  1573866  535.51%
 174865   128        cutoff             23.0000      146.1667  1584720  535.51%
 175992   119       26.5000    35       23.0000      146.1667  1597036  535.51%
Elapsed real time = 668.58 sec. (tree size =  0.70 MB, solutions = 4)
 177116   115        cutoff             23.0000      146.1667  1608633  535.51%
 178261   130       24.0000    30       23.0000      146.1667  1620364  535.51%
 179386   123        cutoff             23.0000      146.1667  1632809  535.51%
 180557   132        cutoff             23.0000      146.1667  1642518  535.51%
 181717   121        cutoff             23.0000      146.1667  1651930  535.51%
 182884   119       24.5000    29       23.0000      146.1667  1661267  535.51%
 184043   119       24.5000    31       23.0000      146.1667  1671359  535.51%
 185201   130        cutoff             23.0000      146.1667  1681442  535.51%
 186357   127        cutoff             23.0000      146.1667  1691230  535.51%
 187524   125       24.0000    30       23.0000      146.1667  1700090  535.51%
Elapsed real time = 733.84 sec. (tree size =  0.72 MB, solutions = 4)
 188666   114       25.1667    33       23.0000      146.1667  1710967  535.51%
 189842   122       25.0000    30       23.0000      146.1667  1720708  535.51%
 191019   150        cutoff             23.0000      146.1667  1729920  535.51%
 192118   125        cutoff             23.0000      146.1667  1741691  535.51%
 193237   121        cutoff             23.0000      146.1667  1752903  535.51%
 194360   120       25.4000    35       23.0000      146.1667  1764112  535.51%
 195491   128       24.6786    49       23.0000      146.1667  1775938  535.51%
 196605   135        cutoff             23.0000      146.1667  1788651  535.51%
 197741   124        cutoff             23.0000      146.1667  1799984  535.51%
 198875   117       24.0000    24       23.0000      146.1667  1811179  535.51%
Elapsed real time = 788.17 sec. (tree size =  0.70 MB, solutions = 4)
 200028   125        cutoff             23.0000      146.1667  1821989  535.51%
 201162   118        cutoff             23.0000      146.1667  1833547  535.51%
 202314   130       25.7500    37       23.0000      146.1667  1844567  535.51%
 203455   117        cutoff             23.0000      146.1667  1854947  535.51%
 204595   112        cutoff             23.0000      146.1667  1866495  535.51%
 205732   109       24.1667    27       23.0000      146.1667  1877610  535.51%
 206872   137       25.0000    33       23.0000      146.1667  1888528  535.51%
 208020   125        cutoff             23.0000      146.1667  1899264  535.51%
 209182   133        cutoff             23.0000      146.1667  1908893  535.51%
 210362   123        cutoff             23.0000      146.1667  1917065  535.51%
Elapsed real time = 851.05 sec. (tree size =  0.72 MB, solutions = 4)
 211509   124       24.0000    30       23.0000      146.1667  1927289  535.51%
 212665   130       24.2500    32       23.0000      146.1667  1936646  535.51%
 213821   120       25.0000    34       23.0000      146.1667  1945082  535.51%
 214974   123       24.0000    24       23.0000      146.1667  1955249  535.51%
 216115   118       24.0000    32       23.0000      146.1667  1966674  535.51%
 217261   121       24.5000    31       23.0000      146.1667  1977573  535.51%
 218420   114        cutoff             23.0000      146.1667  1987156  535.51%
 219568   125        cutoff             23.0000      146.1667  1998106  535.51%
 220695   128       24.5000    29       23.0000      146.1667  2008743  535.51%
 221870   121       25.0000    37       23.0000      146.1667  2017424  535.51%
Elapsed real time = 915.15 sec. (tree size =  0.71 MB, solutions = 4)
 223007   113       27.0000    36       23.0000      146.1667  2028450  535.51%
 224167   128       24.0000    30       23.0000      146.1667  2038757  535.51%
 225326   114        cutoff             23.0000      146.1667  2047897  535.51%
 226474   121       24.0000    32       23.0000      146.1667  2058353  535.51%
 227604   113       25.5000    33       23.0000      146.1667  2069498  535.51%
 228744   122        cutoff             23.0000      146.1667  2080660  535.51%
 229894   135        cutoff             23.0000      146.1667  2091274  535.51%
 231035   120       24.0000    28       23.0000      146.1667  2101414  535.51%
 232191   121        cutoff             23.0000      146.1667  2111194  535.51%
 233326   112        cutoff             23.0000      146.1667  2121970  535.51%
Elapsed real time = 983.20 sec. (tree size =  0.69 MB, solutions = 4)
 234487   118       25.1250    33       23.0000      146.1667  2130768  535.51%
 235621   127       24.5000    29       23.0000      146.1667  2141600  535.51%
 236782   111        cutoff             23.0000      146.1667  2150884  535.51%
 237944   116        cutoff             23.0000      146.1667  2160332  535.51%
 239096   105        cutoff             23.0000      146.1667  2170039  535.51%
 240259   117        cutoff             23.0000      146.1667  2179931  535.51%
 241412   117       24.0000    30       23.0000      146.1667  2189422  535.51%
 242567   108        cutoff             23.0000      146.1667  2198076  535.51%
 243731   129        cutoff             23.0000      146.1667  2207956  535.51%
 244886   120        cutoff             23.0000      146.1667  2217402  535.51%
Elapsed real time = 1049.56 sec. (tree size =  0.71 MB, solutions = 4)
 246013   112        cutoff             23.0000      146.1667  2228824  535.51%
 247177   130        cutoff             23.0000      146.1667  2238994  535.51%
 248340   122        cutoff             23.0000      146.1667  2248415  535.51%
 249497   116       24.5000    28       23.0000      146.1667  2258555  535.51%
 250645   106       26.0000    34       23.0000      146.1667  2268697  535.51%
 251794   137        cutoff             23.0000      146.1667  2279536  535.51%
 252962   133       24.0000    28       23.0000      146.1667  2289035  535.51%
 254106   136        cutoff             23.0000      146.1667  2299614  535.51%
 255268   126       24.0000    32       23.0000      146.1667  2308528  535.51%
 256435   125       25.6250    40       23.0000      146.1667  2317084  535.51%
Elapsed real time = 1111.53 sec. (tree size =  0.72 MB, solutions = 4)
 257599   132        cutoff             23.0000      146.1667  2326490  535.51%
 258768   126       25.1667    32       23.0000      146.1667  2334186  535.51%
 259930   126       25.1250    36       23.0000      146.1667  2343180  535.51%
 261063   121       26.5000    37       23.0000      146.1667  2353741  535.51%
 262215   128        cutoff             23.0000      146.1667  2363536  535.51%
 263370   120        cutoff             23.0000      146.1667  2373117  535.51%
 264530   114        cutoff             23.0000      146.1667  2381972  535.51%
 265696   134        cutoff             23.0000      146.1667  2392083  535.51%
 266849   119       26.7500    37       23.0000      146.1667  2400398  535.51%
 268006   129       24.0000    28       23.0000      146.1667  2410149  535.51%
Elapsed real time = 1177.46 sec. (tree size =  0.73 MB, solutions = 4)
 269161   116        cutoff             23.0000      146.1667  2419416  535.51%
 270301   128       24.5000    32       23.0000      146.1667  2430552  535.51%
 271452   119        cutoff             23.0000      146.1667  2440202  535.51%
 272620   129       24.0000    27       23.0000      146.1667  2449429  535.51%
 273768   120       24.0000    24       23.0000      146.1667  2460031  535.51%
 274916   138       26.5000    42       23.0000      146.1667  2470472  535.51%
 276037   121        cutoff             23.0000      146.1667  2481523  535.51%
 277159   122       24.6667    33       23.0000      146.1667  2492192  535.51%
 278298   122       24.4000    30       23.0000      146.1667  2502832  535.51%
 279425   118       25.0000    33       23.0000      146.1667  2513307  535.51%
Elapsed real time = 1246.81 sec. (tree size =  0.70 MB, solutions = 4)
 280554   113        cutoff             23.0000      146.1667  2524293  535.51%
 281709   124       24.2500    30       23.0000      146.1667  2534201  535.51%
 282874   129       24.2500    28       23.0000      146.1667  2542175  535.51%
 284022   113        cutoff             23.0000      146.1667  2551514  535.51%
 285175   121        cutoff             23.0000      146.1667  2561487  535.51%
 286316   109       28.5000    41       23.0000      146.1667  2572054  535.51%
 287472   121        cutoff             23.0000      146.1667  2581744  535.51%
 288617   108        cutoff             23.0000      146.1667  2590470  535.51%
 289763   116       26.5000    33       23.0000      146.1667  2600401  535.51%
 290915   124        cutoff             23.0000      146.1667  2610141  535.51%
Elapsed real time = 1315.38 sec. (tree size =  0.72 MB, solutions = 4)
 292061   120       24.5000    23       23.0000      146.1667  2620652  535.51%
 293223   113       24.0000    28       23.0000      146.1667  2629751  535.51%
agrego el corte 5
agrego el corte 53
agrego el corte 65
agrego el corte 40
 294356   143        cutoff             23.0000      146.1667  2641092  535.51%
 295513   144       24.0000    33       23.0000      146.1667  2650165  535.51%
agrego el corte 18
 296645   130       26.0000    32       23.0000      146.1667  2660954  535.51%
 297799   131        cutoff             23.0000      146.1667  2670445  535.51%
 298947   127        cutoff             23.0000      146.1667  2680542  535.51%
 300104   138       25.5000    35       23.0000      146.1667  2690837  535.51%
 301241   124        cutoff             23.0000      146.1667  2700928  535.51%
 302383   129       27.5000    33       23.0000      146.1667  2710674  535.51%
Elapsed real time = 1380.91 sec. (tree size =  0.73 MB, solutions = 4)
 303529   127       24.0000    20       23.0000      146.1667  2720866  535.51%
agrego el corte 63
 304692   161       25.5000    37       23.0000      146.1667  2730222  535.51%
 305780   152        cutoff             23.0000      146.1667  2744181  535.51%
 306848   149       24.0000    28       23.0000      146.1667  2758724  535.51%
 307938   142       24.0000    33       23.0000      146.1667  2772476  535.51%
 309045   142       24.1667    33       23.0000      146.1667  2786333  535.51%
 310165   149        cutoff             23.0000      146.1667  2798344  535.51%
 311251   139       24.6667    33       23.0000      146.1667  2812064  535.51%
 312383   141        cutoff             23.0000      146.1667  2824151  535.51%
 313518   153        cutoff             23.0000      146.1667  2836026  535.51%
Elapsed real time = 1453.20 sec. (tree size =  0.79 MB, solutions = 4)
 314623   139       28.0000    42       23.0000      146.1667  2847645  535.51%
 315708   139       24.3333    35       23.0000      146.1667  2860792  535.51%
 316820   139        cutoff             23.0000      146.1667  2871772  535.51%
 317926   140       25.0000    34       23.0000      146.1667  2884310  535.51%
 319054   142       24.0000    30       23.0000      146.1667  2896812  535.51%
 320177   141       24.2500    35       23.0000      146.1667  2908335  535.51%
 321319   133        cutoff             23.0000      146.1667  2919128  535.51%
 322440   146       24.5000    33       23.0000      146.1667  2931153  535.51%
 323567   137       25.0000    34       23.0000      146.1667  2942729  535.51%
 324692   128       30.0000    44       23.0000      146.1667  2954217  535.51%
Elapsed real time = 1524.62 sec. (tree size =  0.72 MB, solutions = 4)
 325797   132       24.5000    31       23.0000      146.1667  2966686  535.51%
 326912   142       25.0000    38       23.0000      146.1667  2979871  535.51%
 328011   128       27.0000    38       23.0000      146.1667  2992567  535.51%
 329109   137       25.0000    35       23.0000      146.1667  3005561  535.51%
 330199   129        cutoff             23.0000      146.1667  3019276  535.51%
 331309   154        cutoff             23.0000      146.1667  3032152  535.51%
 332394   135        cutoff             23.0000      146.1667  3045840  535.51%
 333515   135        cutoff             23.0000      146.1667  3057264  535.51%
 334631   132       27.1667    40       23.0000      146.1667  3069560  535.51%
 335728   139       24.0000    32       23.0000      146.1667  3083034  535.51%
Elapsed real time = 1596.13 sec. (tree size =  0.75 MB, solutions = 4)
 336827   135        cutoff             23.0000      146.1667  3095546  535.51%
 337945   143        cutoff             23.0000      146.1667  3107827  535.51%
 339073   135        cutoff             23.0000      146.1667  3118910  535.51%
 340217   142        cutoff             23.0000      146.1667  3129606  535.51%
 341360   132       28.0000    46       23.0000      146.1667  3140064  535.51%
 342513   141        cutoff             23.0000      146.1667  3151562  535.51%
 343651   124       33.0000    52       23.0000      146.1667  3162580  535.51%
 344801   132       24.0000    28       23.0000      146.1667  3173947  535.51%
 345944   131       24.0000    28       23.0000      146.1667  3184362  535.51%
 347100   148       25.0000    34       23.0000      146.1667  3195191  535.51%
Elapsed real time = 1664.70 sec. (tree size =  0.77 MB, solutions = 4)
 348226   138       26.5000    37       23.0000      146.1667  3205605  535.51%
 349372   133        cutoff             23.0000      146.1667  3215875  535.51%
 350496   129        cutoff             23.0000      146.1667  3227613  535.51%
 351643   132       25.7500    38       23.0000      146.1667  3237609  535.51%
 352797   129        cutoff             23.0000      146.1667  3247459  535.51%
 353926   133       26.0000    34       23.0000      146.1667  3258133  535.51%
 355051   132       28.0000    40       23.0000      146.1667  3269198  535.51%
 356186   125       29.7500    47       23.0000      146.1667  3278344  535.51%
 357341   133       25.0000    34       23.0000      146.1667  3287283  535.51%
 358457   135       25.5000    34       23.0000      146.1667  3298354  535.51%
Elapsed real time = 1732.04 sec. (tree size =  0.74 MB, solutions = 4)
 359595   129       27.7500    43       23.0000      146.1667  3309837  535.51%
 360705   131       25.5000    35       23.0000      146.1667  3322079  535.51%
 361827   130        cutoff             23.0000      146.1667  3334473  535.51%
 362956   125        cutoff             23.0000      146.1667  3346019  535.51%
 364076   131        cutoff             23.0000      146.1667  3358140  535.51%
 365206   129        cutoff             23.0000      146.1667  3369225  535.51%
 366338   131       24.5000    27       23.0000      146.1667  3380028  535.51%
 367462   143        cutoff             23.0000      146.1667  3392074  535.51%
 368599   135        cutoff             23.0000      146.1667  3402462  535.51%
 369724   134        cutoff             23.0000      146.1667  3413508  535.51%
Elapsed real time = 1787.90 sec. (tree size =  0.74 MB, solutions = 4)
 370865   137        cutoff             23.0000      146.1667  3423730  535.51%
 371999   130        cutoff             23.0000      146.1667  3433544  535.51%
 373136   129       28.0000    40       23.0000      146.1667  3442999  535.51%
 374259   126        cutoff             23.0000      146.1667  3454472  535.51%
 375406   126       27.5000    38       23.0000      146.1667  3464155  535.51%
 376558   137        cutoff             23.0000      146.1667  3474590  535.51%
 377677   135       24.0000    33       23.0000      146.1667  3486575  535.51%
 378809   142        cutoff             23.0000      146.1667  3498639  535.51%
 379951   128        cutoff             23.0000      146.1667  3509172  535.51%
 381087   126       24.0000    30       23.0000      146.1667  3519913  535.51%
Elapsed real time = 1848.47 sec. (tree size =  0.72 MB, solutions = 4)
 382220   122        cutoff             23.0000      146.1667  3531412  535.51%
 383359   135        cutoff             23.0000      146.1667  3542824  535.51%
 384482   131        cutoff             23.0000      146.1667  3554558  535.51%
 385623   127        cutoff             23.0000      146.1667  3564915  535.51%
 386744   122        cutoff             23.0000      146.1667  3577212  535.51%
 387862   125        cutoff             23.0000      146.1667  3589142  535.51%
 389013   128        cutoff             23.0000      146.1667  3599335  535.51%
 390175   125        cutoff             23.0000      146.1667  3608435  535.51%
 391334   128       25.0000    32       23.0000      146.1667  3617325  535.51%
 392488   117       26.0000    32       23.0000      146.1667  3625817  535.51%
Elapsed real time = 1909.05 sec. (tree size =  0.70 MB, solutions = 4)
 393640   129       26.5000    39       23.0000      146.1667  3635825  535.51%
 394790   127        cutoff             23.0000      146.1667  3645412  535.51%
 395942   129       24.0000    28       23.0000      146.1667  3655150  535.51%
 397080   123        cutoff             23.0000      146.1667  3665131  535.51%
 398190   134       24.0000    32       23.0000      146.1667  3677641  535.51%
 399337   128        cutoff             23.0000      146.1667  3688620  535.51%
 400483   138        cutoff             23.0000      146.1667  3699969  535.51%
 401632   126       24.0000    30       23.0000      146.1667  3710601  535.51%
 402777   130        cutoff             23.0000      146.1667  3722760  535.51%
 403914   118       34.0000    57       23.0000      146.1667  3734153  535.51%
Elapsed real time = 1969.49 sec. (tree size =  0.70 MB, solutions = 4)
 405049   130       24.5000    31       23.0000      146.1667  3746166  535.51%
 406194   131       26.8333    41       23.0000      146.1667  3757812  535.51%
 407346   127        cutoff             23.0000      146.1667  3768508  535.51%
 408467   122        cutoff             23.0000      146.1667  3780422  535.51%
 409592   129       25.0000    32       23.0000      146.1667  3792218  535.51%
 410731   117       26.5000    35       23.0000      146.1667  3803292  535.51%
 411878   115        cutoff             23.0000      146.1667  3813198  535.51%
 413006   121        cutoff             23.0000      146.1667  3825287  535.51%
 414128   129       25.0000    34       23.0000      146.1667  3837765  535.51%
 415239   119       24.2500    30       23.0000      146.1667  3850008  535.51%
Elapsed real time = 2030.09 sec. (tree size =  0.70 MB, solutions = 4)
 416354   129       24.5000    31       23.0000      146.1667  3861623  535.51%
 417503   146        cutoff             23.0000      146.1667  3873610  535.51%
 418640   129       25.5000    29       23.0000      146.1667  3884355  535.51%
 419771   123        cutoff             23.0000      146.1667  3895369  535.51%
 420908   131       25.0000    36       23.0000      146.1667  3906909  535.51%
 422035   120        cutoff             23.0000      146.1667  3917887  535.51%
 423148   119       25.0000    32       23.0000      146.1667  3930584  535.51%
 424266   122        cutoff             23.0000      146.1667  3942669  535.51%
 425387   125        cutoff             23.0000      146.1667  3954955  535.51%
 426522   117        cutoff             23.0000      146.1667  3965795  535.51%
Elapsed real time = 2072.69 sec. (tree size =  0.70 MB, solutions = 4)
 427651   116       24.0000    28       23.0000      146.1667  3977106  535.51%
 428772   141       24.0000    28       23.0000      146.1667  3989339  535.51%
 429912   141       25.5000    36       23.0000      146.1667  4000902  535.51%
 431046   130        cutoff             23.0000      146.1667  4012065  535.51%
 432208   130       25.0000    30       23.0000      146.1667  4022042  535.51%
 433345   127        cutoff             23.0000      146.1667  4032297  535.51%
 434482   130        cutoff             23.0000      146.1667  4043493  535.51%
 435635   141        cutoff             23.0000      146.1667  4054143  535.51%
 436773   123        cutoff             23.0000      146.1667  4064406  535.51%
 437923   126        cutoff             23.0000      146.1667  4075235  535.51%
Elapsed real time = 2111.67 sec. (tree size =  0.72 MB, solutions = 4)
 439068   122       29.5000    47       23.0000      146.1667  4086163  535.51%
 440222   131        cutoff             23.0000      146.1667  4096963  535.51%
 441370   122       24.5000    31       23.0000      146.1667  4108427  535.51%
 442511   116        cutoff             23.0000      146.1667  4119381  535.51%
 443665   130       24.0000    30       23.0000      146.1667  4130757  535.51%
 444794   126        cutoff             23.0000      146.1667  4142412  535.51%
 445923   113        cutoff             23.0000      146.1667  4153942  535.51%
 447045   129        cutoff             23.0000      146.1667  4165575  535.51%
 448161   125        cutoff             23.0000      146.1667  4177827  535.51%
 449325   127       26.0000    32       23.0000      146.1667  4188053  535.51%
Elapsed real time = 2150.99 sec. (tree size =  0.72 MB, solutions = 4)
 450475   125        cutoff             23.0000      146.1667  4198107  535.51%
 451620   124        cutoff             23.0000      146.1667  4209181  535.51%
 452745   120        cutoff             23.0000      146.1667  4219811  535.51%
 453867   134       25.5000    35       23.0000      146.1667  4232843  535.51%
 454987   133       24.5000    35       23.0000      146.1667  4243834  535.51%
 456106   123       24.3333    30       23.0000      146.1667  4254907  535.51%
 457221   119       24.0000    28       23.0000      146.1667  4267309  535.51%
 458344   133        cutoff             23.0000      146.1667  4279136  535.51%
 459468   133        cutoff             23.0000      146.1667  4290586  535.51%
 460598   120       25.5000    35       23.0000      146.1667  4301404  535.51%
Elapsed real time = 2190.18 sec. (tree size =  0.71 MB, solutions = 4)
 461715   121        cutoff             23.0000      146.1667  4312878  535.51%
 462832   124       24.0000    28       23.0000      146.1667  4325722  535.51%
 463936   123       25.1667    36       23.0000      146.1667  4338348  535.51%
 465046   141        cutoff             23.0000      146.1667  4351563  535.51%
 466183   128       30.0000    46       23.0000      146.1667  4362667  535.51%
 467327   128        cutoff             23.0000      146.1667  4374237  535.51%
 468473   127        cutoff             23.0000      146.1667  4385352  535.51%
 469608   126        cutoff             23.0000      146.1667  4396213  535.51%
 470724   120        cutoff             23.0000      146.1667  4409458  535.51%
 471842   123       28.0000    40       23.0000      146.1667  4422036  535.51%
Elapsed real time = 2229.28 sec. (tree size =  0.71 MB, solutions = 4)
 472961   128        cutoff             23.0000      146.1667  4435202  535.51%
 474095   118       25.0000    32       23.0000      146.1667  4446315  535.51%
 475219   110       27.0000    36       23.0000      146.1667  4458686  535.51%
 476361   147       25.5000    35       23.0000      146.1667  4471034  535.51%
 477432   129        cutoff             23.0000      146.1667  4484836  535.51%
 478553   124        cutoff             23.0000      146.1667  4497037  535.51%
 479657   126        cutoff             23.0000      146.1667  4509376  535.51%
 480757   122        cutoff             23.0000      146.1667  4521087  535.51%
 481882   125        cutoff             23.0000      146.1667  4532711  535.51%
 483010   124        cutoff             23.0000      146.1667  4545878  535.51%
Elapsed real time = 2267.95 sec. (tree size =  0.72 MB, solutions = 4)
 484144   130        cutoff             23.0000      146.1667  4557775  535.51%
 485252   118        cutoff             23.0000      146.1667  4569961  535.51%
 486348   116       26.5000    39       23.0000      146.1667  4583144  535.51%
 487449   112        cutoff             23.0000      146.1667  4596222  535.51%
 488558   120        cutoff             23.0000      146.1667  4608822  535.51%
 489678   115       24.3333    31       23.0000      146.1667  4620596  535.51%
 490782   123       24.0000    28       23.0000      146.1667  4632909  535.51%
 491899   116       24.5000    27       23.0000      146.1667  4644060  535.51%
 493003   113       26.0000    34       23.0000      146.1667  4656094  535.51%
 494155   124       24.0000    30       23.0000      146.1667  4666791  535.51%
Elapsed real time = 2307.47 sec. (tree size =  0.72 MB, solutions = 4)
 495314   128        cutoff             23.0000      146.1667  4676035  535.51%
 496469   118       24.0000    28       23.0000      146.1667  4685762  535.51%
 497620   120        cutoff             23.0000      146.1667  4696071  535.51%
 498781   124        cutoff             23.0000      146.1667  4705706  535.51%
 499932   113        cutoff             23.0000      146.1667  4715690  535.51%
 501081   109        cutoff             23.0000      146.1667  4726029  535.51%
 502228   130        cutoff             23.0000      146.1667  4736447  535.51%
 503372   136       24.5000    33       23.0000      146.1667  4746947  535.51%
 504503   117        cutoff             23.0000      146.1667  4756974  535.51%
 505648   122        cutoff             23.0000      146.1667  4767592  535.51%
Elapsed real time = 2346.17 sec. (tree size =  0.71 MB, solutions = 4)
 506785   122        cutoff             23.0000      146.1667  4778844  535.51%
 507915   118        cutoff             23.0000      146.1667  4790571  535.51%
 509063   120       24.0000    30       23.0000      146.1667  4801401  535.51%
 510181   111       26.0000    35       23.0000      146.1667  4813436  535.51%
 511315   113       24.5000    26       23.0000      146.1667  4824421  535.51%
 512429   109        cutoff             23.0000      146.1667  4835894  535.51%
 513563   171       25.5000    41       23.0000      146.1667  4847971  535.51%
 514681   173        cutoff             23.0000      146.1667  4859872  535.51%
 515788   169        cutoff             23.0000      146.1667  4871726  535.51%
 516928   160       24.0000    34       23.0000      146.1667  4881775  535.51%
Elapsed real time = 2385.57 sec. (tree size =  0.81 MB, solutions = 4)
 518037   166       28.0000    44       23.0000      146.1667  4893693  535.51%
 519142   171        cutoff             23.0000      146.1667  4905859  535.51%
 520215   152       29.2500    48       23.0000      146.1667  4918737  535.51%
 521324   161        cutoff             23.0000      146.1667  4931331  535.51%
 522428   157       24.0000    32       23.0000      146.1667  4943572  535.51%
 523535   159       24.0000    34       23.0000      146.1667  4955485  535.51%
 524656   159       27.0000    44       23.0000      146.1667  4966175  535.51%
 525773   159       26.0000    36       23.0000      146.1667  4977843  535.51%
 526866   155       24.5000    29       23.0000      146.1667  4990630  535.51%
 528021   154       24.0000    34       23.0000      146.1667  5001810  535.51%
Elapsed real time = 2425.11 sec. (tree size =  0.79 MB, solutions = 4)
 529179   151        cutoff             23.0000      146.1667  5012076  535.51%
 530271   150        cutoff             23.0000      146.1667  5024802  535.51%
 531415   159        cutoff             23.0000      146.1667  5036033  535.51%
 532560   151       24.3333    37       23.0000      146.1667  5047167  535.51%
