el algoritmo 2
limiteCortesClique 100
limiteCortesCiclo 100
limiteCortesIter 10
la cantidad de cortes que pasaron por parametros es mayor a la cantidad total de cliques que encontre
hago 250 cliques

el conjunto independiente: 
157
26
236
89
60
249
142
31
23
219
en total tiene 10 nodos.
TA TODO BIEN
hago 100 cliques
28 26 19  el contador 3
62 65 67 60 63  el contador 5
89 90 92 98 87 86 84  el contador 7
112 109 105  el contador 3
108 113 111 105 112  el contador 5
140 137 132  el contador 3
138 144 134 136 135  el contador 5
153 156 154 150 152  el contador 5
191 190 188  el contador 3
212 210 208  el contador 3
218 220 219 215 214  el contador 5
225 230 228 223 229  el contador 5
la cantidad de cortes que pasaron por parametros es mayor a la cantidad total de ciclos que encontre
Default row names c1, c2 ... being created.
son 100 cliques y 12 ciclos
el corte 100 empieza en 882
el rhs es 7
el corte 101 empieza en 889
el rhs es 5
el corte 102 empieza en 894
el rhs es 5
el corte 103 empieza en 899
el rhs es 5
el corte 104 empieza en 904
el rhs es 5
el corte 105 empieza en 909
el rhs es 5
el corte 106 empieza en 914
el rhs es 5
el corte 107 empieza en 919
el rhs es 3
el corte 108 empieza en 922
el rhs es 3
el corte 109 empieza en 925
el rhs es 3
el corte 110 empieza en 928
el rhs es 3
el corte 111 empieza en 931
el rhs es 3
creo todos los cortes
Clique table members: 15668.
MIP emphasis: balance optimality and feasibility.
MIP search method: traditional branch-and-cut.
Parallel mode: none, using 1 thread.
Root relaxation solution time =    0.06 sec.

        Nodes                                         Cuts/
   Node  Left     Objective  IInf  Best Integer    Best Bound    ItCnt     Gap

      0     0      125.0000   250                    125.0000      393         
el nodo en que voy a cortar es 0 agrego el corte 1
el nodo en que voy a cortar es 0 agrego el corte 2
el nodo en que voy a cortar es 0 agrego el corte 3
el nodo en que voy a cortar es 0 agrego el corte 4
el nodo en que voy a cortar es 0 agrego el corte 5
el nodo en que voy a cortar es 0 agrego el corte 6
el nodo en que voy a cortar es 0 agrego el corte 7
el nodo en que voy a cortar es 0 agrego el corte 8
el nodo en que voy a cortar es 0 agrego el corte 0
el nodo en que voy a cortar es 0 agrego el corte 49
      0     0      107.5000   215               UserPurge1: 8      502         
el nodo en que voy a cortar es 0 agrego el corte 50
el nodo en que voy a cortar es 0 agrego el corte 41
el nodo en que voy a cortar es 0 agrego el corte 70
el nodo en que voy a cortar es 0 agrego el corte 65
el nodo en que voy a cortar es 0 agrego el corte 31
el nodo en que voy a cortar es 0 agrego el corte 52
el nodo en que voy a cortar es 0 agrego el corte 21
el nodo en que voy a cortar es 0 agrego el corte 86
el nodo en que voy a cortar es 0 agrego el corte 24
el nodo en que voy a cortar es 0 agrego el corte 54
      0     0       94.0000   188               UserPurge1: 10      658         
el nodo en que voy a cortar es 0 agrego el corte 37
el nodo en que voy a cortar es 0 agrego el corte 71
el nodo en que voy a cortar es 0 agrego el corte 38
el nodo en que voy a cortar es 0 agrego el corte 23
el nodo en que voy a cortar es 0 agrego el corte 64
el nodo en que voy a cortar es 0 agrego el corte 59
el nodo en que voy a cortar es 0 agrego el corte 15
el nodo en que voy a cortar es 0 agrego el corte 66
el nodo en que voy a cortar es 0 agrego el corte 68
el nodo en que voy a cortar es 0 agrego el corte 27
      0     0       88.5000   177               UserPurge1: 8      717         
el nodo en que voy a cortar es 0 agrego el corte 87
el nodo en que voy a cortar es 0 agrego el corte 55
el nodo en que voy a cortar es 0 agrego el corte 81
el nodo en que voy a cortar es 0 agrego el corte 78
el nodo en que voy a cortar es 0 agrego el corte 67
el nodo en que voy a cortar es 0 agrego el corte 22
el nodo en que voy a cortar es 0 agrego el corte 40
el nodo en que voy a cortar es 0 agrego el corte 35
el nodo en que voy a cortar es 0 agrego el corte 42
el nodo en que voy a cortar es 0 agrego el corte 14
      0     0       86.5000   173               UserPurge1: 8      741         
el nodo en que voy a cortar es 0 agrego el corte 10
el nodo en que voy a cortar es 0 agrego el corte 111
el nodo en que voy a cortar es 0 agrego el corte 29
el nodo en que voy a cortar es 0 agrego el corte 107
el nodo en que voy a cortar es 0 agrego el corte 30
el nodo en que voy a cortar es 0 agrego el corte 48
el nodo en que voy a cortar es 0 agrego el corte 85
el nodo en que voy a cortar es 0 agrego el corte 46
el nodo en que voy a cortar es 0 agrego el corte 75
el nodo en que voy a cortar es 0 agrego el corte 92
      0     0       85.0000   170               UserPurge1: 10      790         
el nodo en que voy a cortar es 0 agrego el corte 63
el nodo en que voy a cortar es 0 agrego el corte 91
      0     0       84.7500   175               UserPurge1: 2      804         
el nodo en que voy a cortar es 0 agrego el corte 69
el nodo en que voy a cortar es 0 agrego el corte 88
el nodo en que voy a cortar es 0 agrego el corte 12
      0     0       84.7500   173               UserPurge1: 3      807         
      0     2       84.7500   172                     84.2500      807         
Elapsed real time =   0.80 sec. (tree size =  0.01 MB, solutions = 0)
el nodo en que voy a cortar es 0x1 agrego el corte 26
el nodo en que voy a cortar es 0x1 agrego el corte 53
el nodo en que voy a cortar es 0x1 agrego el corte 9
el nodo en que voy a cortar es 0x1 agrego el corte 54
el nodo en que voy a cortar es 0x1 agrego el corte 72
      3     5       12.0000    18                     84.2500     1396         
*     5     4      integral     0        8.0000       84.2500     1410  953.12%
*     7     4      integral     0        9.0000       84.2500     1432  836.11%
     12     4       10.0000    15        9.0000       84.2500     1539  836.11%
el nodo en que voy a cortar es 0x5 agrego el corte 18
     18     4       24.0000    44        9.0000       84.2500     1635  836.11%
     22     4       12.5000    20        9.0000       84.2500     1703  836.11%
     27     4       14.0000    23        9.0000       84.2500     1804  836.11%
     35     4       22.5000    41        9.0000       84.2500     1922  836.11%
     40     4       14.5000    24        9.0000       84.2500     2040  836.11%
*    55     4      integral     0       10.0000       84.2500     2393  742.50%
Elapsed real time =   4.60 sec. (tree size =  0.01 MB, solutions = 3)
     78     4       11.0000    17       10.0000       84.2500     2753  742.50%
el nodo en que voy a cortar es 0x6 agrego el corte 16
     93     4       14.5000    24       10.0000       84.2500     3233  742.50%
el nodo en que voy a cortar es 0x9 agrego el corte 77
    111     4       11.5000    18       10.0000       84.2500     3663  742.50%
    132     4       13.5000    22       10.0000       84.2500     4270  742.50%
    154     4       20.5000    37       10.0000       84.2500     4871  742.50%
el nodo en que voy a cortar es 0x1e agrego el corte 36
    177     3       16.0000    29       10.0000       84.2500     5427  742.50%
    196     4       25.5000    47       10.0000       84.2500     5962  742.50%
    219     4       13.5000    22       10.0000       84.2500     6681  742.50%
    247     4       17.0000    30       10.0000       84.2500     7342  742.50%
*   265     4      integral     0       11.0000       84.2500     7841  665.91%
Elapsed real time =  18.78 sec. (tree size =  0.01 MB, solutions = 4)
    286     4       21.5000    39       11.0000       84.2500     8352  665.91%
    309     3       47.5000    93       11.0000       84.2500     8824  665.91%
el nodo en que voy a cortar es 0x7 agrego el corte 58
el nodo en que voy a cortar es 0x7 agrego el corte 61
    328     4       23.5000    43       11.0000       84.2500     9617  665.91%
    350     4       12.5000    20       11.0000       84.2500    10297  665.91%
el nodo en que voy a cortar es 0x7 agrego el corte 57
    370     4       25.5000    47       11.0000       84.2500    10779  665.91%
    391     3       21.0000    39       11.0000       84.2500    11373  665.91%
el nodo en que voy a cortar es 0x15 agrego el corte 108
    410     4       23.0000    42       11.0000       84.2500    12059  665.91%
    433     4       25.5000    47       11.0000       84.2500    12679  665.91%
    456     4       21.5000    39       11.0000       84.2500    13298  665.91%
el nodo en que voy a cortar es 0x1e agrego el corte 82
el nodo en que voy a cortar es 0xb agrego el corte 39
    476     4       12.0000    19       11.0000       84.2500    13804  665.91%
Elapsed real time =  32.82 sec. (tree size =  0.01 MB, solutions = 4)
    500     4       21.5000    39       11.0000       84.2500    14408  665.91%
    522     3       45.0000    88       11.0000       84.2500    14911  665.91%
    543     4       23.5000    43       11.0000       84.2500    15790  665.91%
el nodo en que voy a cortar es 0x16 agrego el corte 93
el nodo en que voy a cortar es 0x16 agrego el corte 98
el nodo en que voy a cortar es 0x16 agrego el corte 96
el nodo en que voy a cortar es 0x16 agrego el corte 73
el nodo en que voy a cortar es 0x16 agrego el corte 84
    566     3       18.0000    33       11.0000       84.2500    16370  665.91%
el nodo en que voy a cortar es 0x20 agrego el corte 68
el nodo en que voy a cortar es 0x20 agrego el corte 15
el nodo en que voy a cortar es 0x20 agrego el corte 13
el nodo en que voy a cortar es 0x20 agrego el corte 56
    584     3       21.5000    40       11.0000       84.2500    16908  665.91%
el nodo en que voy a cortar es 0x12 agrego el corte 32
el nodo en que voy a cortar es 0x12 agrego el corte 49
    604     4       26.5000    49       11.0000       84.2500    17405  665.91%
el nodo en que voy a cortar es 0x12 agrego el corte 45
el nodo en que voy a cortar es 0x12 agrego el corte 8
el nodo en que voy a cortar es 0x12 agrego el corte 1
el nodo en que voy a cortar es 0x12 agrego el corte 28
el nodo en que voy a cortar es 0x12 agrego el corte 5
    627     4       22.5000    41       11.0000       84.2500    18107  665.91%
    650     4       18.5000    33       11.0000       84.2500    18586  665.91%
    668     3       43.0000    84       11.0000       84.2500    19028  665.91%
    689     4       24.0000    44       11.0000       84.2500    19743  665.91%
Elapsed real time =  46.88 sec. (tree size =  0.01 MB, solutions = 4)
    714     4       19.5000    35       11.0000       84.2500    20377  665.91%
    735     4       16.0000    27       11.0000       84.2500    21007  665.91%
    757     4       27.0000    50       11.0000       84.2500    21680  665.91%
    780     4       23.5000    43       11.0000       84.2500    22362  665.91%
el nodo en que voy a cortar es 0x20 agrego el corte 11
el nodo en que voy a cortar es 0x20 agrego el corte 51
el nodo en que voy a cortar es 0x20 agrego el corte 34
    804     4       13.0000    21       11.0000       84.2500    23108  665.91%
el nodo en que voy a cortar es 0x2c agrego el corte 17
    824     4       17.0000    29       11.0000       84.2500    23699  665.91%
    844     4       16.5000    28       11.0000       84.2500    24296  665.91%
    867     4       13.0000    21       11.0000       84.2500    24909  665.91%
el nodo en que voy a cortar es 0x1e agrego el corte 7
    889     3       20.5000    37       11.0000       84.2500    25587  665.91%
    910     4       26.0000    48       11.0000       84.2500    26357  665.91%
Elapsed real time =  60.86 sec. (tree size =  0.01 MB, solutions = 4)
    935     4       21.5000    39       11.0000       84.2500    27199  665.91%
    958     3       12.0000    18       11.0000       84.2500    27959  665.91%
    981     3       14.5000    26       11.0000       84.2500    28468  665.91%
   1000     3       18.5000    34       11.0000       84.2500    29067  665.91%
   1020     4       12.5000    19       11.0000       84.2500    29624  665.91%
   1041     4       25.0000    46       11.0000       84.2500    30319  665.91%
   1063     3        cutoff             11.0000       84.2500    31054  665.91%
   1084     3       13.0000    23       11.0000       84.2500    31532  665.91%
   1108     3       38.5000    75       11.0000       84.2500    32178  665.91%
   1129     3       17.5000    31       11.0000       84.2500    32975  665.91%
Elapsed real time =  75.06 sec. (tree size =  0.01 MB, solutions = 4)
   1147     4       24.5000    45       11.0000       84.2500    33506  665.91%
   1170     4       20.0000    36       11.0000       84.2500    34172  665.91%
   1190     3       20.5000    37       11.0000       84.2500    34582  665.91%
   1213     4       21.5000    39       11.0000       84.2500    35184  665.91%
   1233     4       24.0000    44       11.0000       84.2500    35705  665.91%
   1256     4       19.0000    34       11.0000       84.2500    36265  665.91%
   1279     4       22.5000    41       11.0000       84.2500    36874  665.91%
   1301     3       17.0000    31       11.0000       84.2500    37438  665.91%
   1323     4       13.0000    21       11.0000       84.2500    38187  665.91%
   1346     4       13.5000    22       11.0000       84.2500    38808  665.91%
Elapsed real time =  92.54 sec. (tree size =  0.01 MB, solutions = 4)
   1366     4       18.5000    33       11.0000       84.2500    39271  665.91%
   1387     3        cutoff             11.0000       84.2500    39826  665.91%
   1407     3       18.0000    33       11.0000       84.2500    40439  665.91%
   1429     4       21.5000    39       11.0000       84.2500    41127  665.91%
   1455     3       22.0000    40       11.0000       84.2500    41862  665.91%
   1480     3       16.0000    29       11.0000       84.2500    42350  665.91%
el nodo en que voy a cortar es 0x25 agrego el corte 3
   1503     3       15.5000    28       11.0000       84.2500    42866  665.91%
   1522     3       30.5000    61       11.0000       84.2500    43590  665.91%
   1547     3       20.5000    37       11.0000       84.2500    44443  665.91%
   1572     2        cutoff             11.0000       84.2500    44895  665.91%
Elapsed real time = 116.72 sec. (tree size =  0.01 MB, solutions = 4)
   1591     4       19.5000    35       11.0000       84.2500    45682  665.91%
   1611     3       14.5000    26       11.0000       84.2500    46232  665.91%
   1630     3       12.5000    22       11.0000       84.2500    46798  665.91%
   1651     3       17.5000    32       11.0000       84.2500    47490  665.91%
   1673     3       15.0000    27       11.0000       84.2500    48412  665.91%
   1695     3       18.5000    35       11.0000       84.2500    49319  665.91%
   1713     2       14.5000    28       11.0000       84.2500    49753  665.91%
el nodo en que voy a cortar es 0x2 agrego el corte 69
el nodo en que voy a cortar es 0x5 agrego el corte 99
el nodo en que voy a cortar es 0x6 agrego el corte 95
   1732     4       16.0000    27       11.0000       83.7500    50758  661.36%
   1753     4       26.0000    48       11.0000       83.7500    51391  661.36%
   1775     4       23.5000    43       11.0000       83.7500    52030  661.36%
Elapsed real time = 143.17 sec. (tree size =  0.01 MB, solutions = 4)
   1797     4       20.5000    37       11.0000       83.7500    52799  661.36%
el nodo en que voy a cortar es 0x1f agrego el corte 19
   1817     3       17.0000    30       11.0000       83.7500    53404  661.36%
   1838     4       15.5000    26       11.0000       83.7500    54145  661.36%
   1859     4       15.0000    25       11.0000       83.7500    54776  661.36%
el nodo en que voy a cortar es 0x14 agrego el corte 89
   1885     4       22.0000    40       11.0000       83.7500    55438  661.36%
   1911     3       16.5000    30       11.0000       83.7500    56259  661.36%
   1931     4       15.0000    25       11.0000       83.7500    56914  661.36%
   1956     4       26.0000    48       11.0000       83.7500    57547  661.36%
   1978     4       14.5000    24       11.0000       83.7500    58283  661.36%
el nodo en que voy a cortar es 0x1d agrego el corte 76
   2062     4       13.0000    21       11.0000       83.7500    60764  661.36%
Elapsed real time = 174.61 sec. (tree size =  0.01 MB, solutions = 4)
   2149     4       21.5000    39       11.0000       83.7500    63153  661.36%
   2236     4       13.5000    22       11.0000       83.7500    65962  661.36%
el nodo en que voy a cortar es 0xd agrego el corte 62
el nodo en que voy a cortar es 0x17 agrego el corte 74
   2323     4       18.5000    33       11.0000       83.7500    68378  661.36%
el nodo en que voy a cortar es 0xb agrego el corte 97
el nodo en que voy a cortar es 0xc agrego el corte 90
   2410     4       28.5000    53       11.0000       83.7500    71091  661.36%
   2495     4       29.5000    55       11.0000       83.7500    73457  661.36%
   2584     4       17.5000    30       11.0000       83.7500    76005  661.36%
   2671     4       22.0000    40       11.0000       83.7500    78739  661.36%
   2763     4       15.5000    26       11.0000       83.7500    81686  661.36%
   2848     4       24.5000    45       11.0000       83.7500    84248  661.36%
   2941     3       19.5000    35       11.0000       83.7500    86578  661.36%
Elapsed real time = 268.36 sec. (tree size =  0.01 MB, solutions = 4)
   3022     4       19.0000    34       11.0000       83.7500    89071  661.36%
   3113     4       22.5000    41       11.0000       83.7500    92157  661.36%
   3207     4       21.5000    39       11.0000       83.7500    94481  661.36%
   3289     4       12.5000    20       11.0000       83.7500    97121  661.36%
   3367     4       12.5000    20       11.0000       83.7500    99543  661.36%
   3454     3       20.0000    37       11.0000       83.7500   101694  661.36%
   3536     3       21.0000    38       11.0000       83.7500   103983  661.36%
   3628     4       12.0000    19       11.0000       83.7500   106702  661.36%
   3703     3        cutoff             11.0000       83.7500   109059  661.36%
   3793     3       18.0000    33       11.0000       83.7500   111812  661.36%
Elapsed real time = 361.30 sec. (tree size =  0.01 MB, solutions = 4)
   3869     3       12.0000    21       11.0000       83.7500   114039  661.36%
   3945     3       22.5000    48       11.0000       83.7500   117161  661.36%
   4029     3       21.0000    38       11.0000       83.2500   120046  656.82%
   4114     4       24.5000    45       11.0000       83.2500   122501  656.82%
el nodo en que voy a cortar es 0xb agrego el corte 44
   4201     4       13.0000    23       11.0000       83.2500   125097  656.82%
   4290     3       22.0000    40       11.0000       83.2500   127956  656.82%
   4388     4       20.5000    37       11.0000       83.2500   130040  656.82%
   4483     4       12.5000    19       11.0000       83.2500   132460  656.82%
   4566     4       15.0000    25       11.0000       83.2500   134499  656.82%
   4662     4       22.0000    40       11.0000       83.2500   136643  656.82%
Elapsed real time = 452.37 sec. (tree size =  0.01 MB, solutions = 4)
   4750     3       18.5000    34       11.0000       83.2500   139120  656.82%
   4834     3       33.0000    64       11.0000       83.2500   141112  656.82%
   4912     3       19.5000    36       11.0000       83.2500   143456  656.82%
   4988     3       14.5000    26       11.0000       83.2500   146490  656.82%
   5067     4       25.5000    47       11.0000       82.7500   149825  652.27%
   5152     4       13.5000    22       11.0000       82.7500   152106  652.27%
el nodo en que voy a cortar es 0x19 agrego el corte 47
   5239     4       23.0000    42       11.0000       82.7500   154730  652.27%
   5319     4       15.5000    26       11.0000       82.7500   157408  652.27%
   5403     3       18.0000    32       11.0000       82.7500   159848  652.27%
   5485     4       22.5000    41       11.0000       82.7500   162171  652.27%
Elapsed real time = 542.68 sec. (tree size =  0.01 MB, solutions = 4)
   5574     4       25.5000    47       11.0000       82.7500   164755  652.27%
   5667     3       17.5000    31       11.0000       82.7500   167076  652.27%
   5761     3       16.0000    29       11.0000       82.7500   169446  652.27%
el nodo en que voy a cortar es 0x13 agrego el corte 79
   5850     4       22.5000    43       11.0000       82.7500   171832  652.27%
el nodo en que voy a cortar es 0x1d agrego el corte 60
el nodo en que voy a cortar es 0x1d agrego el corte 43
el nodo en que voy a cortar es 0x1d agrego el corte 25
   5946     3       16.5000    30       11.0000       82.7500   174170  652.27%
   6038     3       36.5000    71       11.0000       82.7500   176412  652.27%
   6135     4       24.2500    46       11.0000       82.7500   178918  652.27%
   6221     3       16.0000    29       11.0000       82.7500   181243  652.27%
   6300     3       30.5000    61       11.0000       82.7500   183624  652.27%
   6378     3       19.0000    35       11.0000       82.7500   186376  652.27%
Elapsed real time = 631.70 sec. (tree size =  0.01 MB, solutions = 4)
   6464     3       51.0000   100       11.0000       82.2500   189748  647.73%
   6556     4       14.0000    23       11.0000       82.2500   192980  647.73%
   6644     4       12.5000    20       11.0000       82.2500   195460  647.73%
   6733     4       22.0000    40       11.0000       82.2500   198327  647.73%
   6819     4       14.0000    23       11.0000       82.2500   200798  647.73%
   6906     4       24.5000    45       11.0000       82.2500   203362  647.73%
   6993     3       14.0000    25       11.0000       82.2500   205867  647.73%
   7082     3       17.0000    32       11.0000       82.2500   208480  647.73%
   7168     3        cutoff             11.0000       82.2500   211007  647.73%
   7248     4       27.0000    50       11.0000       82.2500   213463  647.73%
Elapsed real time = 720.58 sec. (tree size =  0.01 MB, solutions = 4)
   7334     4       28.0000    52       11.0000       82.2500   216091  647.73%
   7427     4       23.0000    42       11.0000       82.2500   218973  647.73%
   7516     3       17.0000    31       11.0000       82.2500   221404  647.73%
el nodo en que voy a cortar es 0x20 agrego el corte 80
   7606     4       12.5000    20       11.0000       82.2500   224126  647.73%
   7694     3       17.0000    30       11.0000       82.2500   226543  647.73%
   7782     4       21.5000    39       11.0000       82.2500   229025  647.73%
   7867     4       22.5000    41       11.0000       82.2500   231482  647.73%
   7952     3       12.5000    22       11.0000       82.2500   233822  647.73%
   8035     4       23.0000    42       11.0000       82.2500   235675  647.73%
   8124     4       23.5000    43       11.0000       82.2500   238078  647.73%
Elapsed real time = 809.95 sec. (tree size =  0.01 MB, solutions = 4)
   8223     3       19.0000    35       11.0000       82.2500   240451  647.73%
   8306     4       19.0000    34       11.0000       82.2500   242926  647.73%
   8385     3       13.0000    23       11.0000       82.2500   245975  647.73%
   8473     4       20.5000    37       11.0000       81.7500   248986  643.18%
   8565     4       14.0000    23       11.0000       81.7500   251386  643.18%
   8660     3       16.0000    29       11.0000       81.7500   253767  643.18%
   8742     4       15.5000    26       11.0000       81.7500   255780  643.18%
   8836     4       24.5000    45       11.0000       81.7500   258241  643.18%
   8935     4       24.5000    45       11.0000       81.7500   260496  643.18%
   9025     4       25.5000    47       11.0000       81.7500   262714  643.18%
Elapsed real time = 894.62 sec. (tree size =  0.01 MB, solutions = 4)
   9115     4       21.5000    39       11.0000       81.7500   265142  643.18%
   9206     4       18.0000    32       11.0000       81.7500   267256  643.18%
   9301     3        cutoff             11.0000       81.7500   269433  643.18%
   9395     3       16.5000    30       11.0000       81.7500   271687  643.18%
   9484     4       20.5000    37       11.0000       81.7500   274118  643.18%
   9569     4       23.5000    43       11.0000       81.7500   276044  643.18%
   9670     3       16.5000    30       11.0000       81.7500   278239  643.18%
   9772     4       17.0000    30       11.0000       81.7500   280635  643.18%
   9859     3       16.0000    29       11.0000       81.7500   282566  643.18%
   9942     3       17.0000    31       11.0000       81.7500   284421  643.18%
Elapsed real time = 976.66 sec. (tree size =  0.01 MB, solutions = 4)
  10022     3       20.0000    38       11.0000       81.7500   287010  643.18%
el nodo en que voy a cortar es 0x7 agrego el corte 109
  10105     4       26.0000    48       11.0000       81.2500   289959  638.64%
  10194     4       17.0000    29       11.0000       81.2500   292564  638.64%
  10279     4       27.5000    51       11.0000       81.2500   295074  638.64%
  10362     4       27.0000    50       11.0000       81.2500   297304  638.64%
el nodo en que voy a cortar es 0x13 agrego el corte 94
* 10425     3      integral     0       12.0000       81.2500   299023  577.08%
  10514     4       14.0000    23       12.0000       81.2500   301764  577.08%
  10596     4       16.5000    28       12.0000       81.2500   304543  577.08%
  10682     4       22.5000    41       12.0000       81.2500   306844  577.08%
  10765     4       14.5000    24       12.0000       81.2500   309610  577.08%
Elapsed real time = 1061.07 sec. (tree size =  0.01 MB, solutions = 5)
  10848     4       28.5000    53       12.0000       81.2500   312334  577.08%
  10937     4       27.0000    50       12.0000       81.2500   314804  577.08%
  11026     4       14.0000    23       12.0000       81.2500   317436  577.08%
  11121     3       21.0000    39       12.0000       81.2500   320469  577.08%
  11210     4       22.5000    41       12.0000       81.2500   323405  577.08%
  11294     4       24.0000    44       12.0000       81.2500   326116  577.08%
  11382     4       13.5000    22       12.0000       81.2500   328987  577.08%
  11465     3       38.5000    75       12.0000       81.2500   331187  577.08%
  11541     3       16.0000    29       12.0000       81.2500   333776  577.08%
  11619     3       33.0000    64       12.0000       81.2500   336136  577.08%
Elapsed real time = 1149.42 sec. (tree size =  0.01 MB, solutions = 5)
  11697     3       19.0000    35       12.0000       81.2500   338569  577.08%
  11779     3       18.5000    35       12.0000       81.2500   341639  577.08%
el nodo en que voy a cortar es 0xa agrego el corte 83
  11860     4       27.0000    50       12.0000       80.7500   344463  572.92%
  11954     4       23.5000    43       12.0000       80.7500   347024  572.92%
  12043     3       14.5000    26       12.0000       80.7500   349450  572.92%
  12129     3        cutoff             12.0000       80.7500   351857  572.92%
  12210     4       24.5000    45       12.0000       80.7500   354014  572.92%
  12295     3       20.0000    37       12.0000       80.7500   356253  572.92%
  12378     3       19.0000    35       12.0000       80.7500   358444  572.92%
  12452     3       16.0000    29       12.0000       80.7500   360678  572.92%
Elapsed real time = 1234.12 sec. (tree size =  0.01 MB, solutions = 5)
  12535     3       18.0000    34       12.0000       80.7500   363723  572.92%
el nodo en que voy a cortar es 0x9 agrego el corte 104
  12614     4       25.0000    46       12.0000       80.2500   366920  568.75%
el nodo en que voy a cortar es 0x10 agrego el corte 110
  12706     4       29.0000    54       12.0000       80.2500   369999  568.75%
  12797     3       21.5000    40       12.0000       80.2500   373127  568.75%
  12883     4       21.0000    38       12.0000       80.2500   375912  568.75%
  12961     3       21.0000    38       12.0000       80.2500   378798  568.75%
  13047     3       20.5000    40       12.0000       80.2500   381633  568.75%
  13129     4       25.0000    46       12.0000       80.2500   384306  568.75%
  13208     4       15.0000    25       12.0000       80.2500   387117  568.75%
  13288     4       21.5000    39       12.0000       80.2500   389766  568.75%
Elapsed real time = 1323.16 sec. (tree size =  0.01 MB, solutions = 5)
  13366     3       29.0000    56       12.0000       80.2500   392382  568.75%
  13440     3       22.5000    43       12.0000       80.2500   395800  568.75%
  13518     3        cutoff             12.0000       79.7500   399018  564.58%
  13603     4       14.0000    23       12.0000       79.7500   401972  564.58%
  13689     4       21.5000    39       12.0000       79.7500   405095  564.58%
  13770     4       23.5000    45       12.0000       79.7500   408083  564.58%
  13860     3       20.0000    36       12.0000       79.7500   411508  564.58%
  13944     4       22.5000    41       12.0000       79.7500   414250  564.58%
  14025     3       18.5000    34       12.0000       79.7500   417016  564.58%
  14113     4       23.0000    42       12.0000       79.7500   420016  564.58%
Elapsed real time = 1410.89 sec. (tree size =  0.01 MB, solutions = 5)
  14199     3       19.5000    36       12.0000       79.7500   422725  564.58%
  14282     4       13.5000    22       12.0000       79.7500   425230  564.58%
  14366     3       18.0000    33       12.0000       79.7500   428076  564.58%
  14454     4       22.0000    40       12.0000       79.7500   431304  564.58%
  14535     3       18.5000    34       12.0000       79.7500   433997  564.58%
  14620     4       13.5000    22       12.0000       79.7500   437106  564.58%
  14696     3       15.0000    27       12.0000       79.7500   439626  564.58%
  14771     3       26.0000    50       12.0000       79.7500   442367  564.58%
  14858     2       19.0000    36       12.0000       79.7500   445865  564.58%
  14937     4       14.0000    23       12.0000       79.2500   448456  560.42%
Elapsed real time = 1481.75 sec. (tree size =  0.01 MB, solutions = 5)
  15026     3       18.0000    33       12.0000       79.2500   450852  560.42%
  15117     3       19.0000    35       12.0000       79.2500   453497  560.42%
  15205     4       20.0000    36       12.0000       79.2500   455905  560.42%
  15291     3       24.0000    45       12.0000       79.2500   459028  560.42%
  15378     4       14.5000    24       12.0000       79.2500   461448  560.42%
  15466     4       14.5000    24       12.0000       79.2500   463801  560.42%
  15553     4       14.5000    24       12.0000       79.2500   466455  560.42%
  15640     4       14.5000    24       12.0000       79.2500   469021  560.42%
  15722     4       21.0000    38       12.0000       79.2500   471400  560.42%
  15795     3       16.0000    29       12.0000       79.2500   473605  560.42%
Elapsed real time = 1532.57 sec. (tree size =  0.01 MB, solutions = 5)
  15874     3       22.5000    43       12.0000       79.2500   476397  560.42%
  15965     4       17.0000    29       12.0000       78.7500   479739  556.25%
  16053     4       24.0000    44       12.0000       78.7500   482798  556.25%
  16135     4       14.0000    23       12.0000       78.7500   485516  556.25%
  16224     3       16.0000    29       12.0000       78.7500   488294  556.25%
  16305     4       28.5000    53       12.0000       78.7500   490760  556.25%
  16391     4       15.5000    26       12.0000       78.7500   493629  556.25%
  16480     4       24.5000    45       12.0000       78.7500   496290  556.25%
  16566     4       14.5000    24       12.0000       78.7500   499300  556.25%
  16650     4       20.0000    36       12.0000       78.7500   501855  556.25%
Elapsed real time = 1586.22 sec. (tree size =  0.01 MB, solutions = 5)
  16737     3       16.5000    30       12.0000       78.7500   504568  556.25%
  16824     3       14.5000    26       12.0000       78.7500   507213  556.25%
  16904     4       24.0000    44       12.0000       78.7500   510120  556.25%
  16988     3       20.5000    37       12.0000       78.7500   513125  556.25%
  17062     3        cutoff             12.0000       78.7500   515215  556.25%
  17140     3       16.5000    30       12.0000       78.7500   518006  556.25%
  17212     3       21.7500    45       12.0000       78.7500   521529  556.25%
  17280     4       26.0000    48       12.0000       78.2500   524778  552.08%
  17369     4       25.0000    46       12.0000       78.2500   527738  552.08%
  17455     3       21.0000    39       12.0000       78.2500   529749  552.08%
Elapsed real time = 1669.84 sec. (tree size =  0.01 MB, solutions = 5)
  17539     3       41.0000    82       12.0000       78.2500   531648  552.08%
  17622     4       24.5000    45       12.0000       78.2500   533972  552.08%
  17711     4       20.0000    36       12.0000       78.2500   536705  552.08%
  17792     3       31.5000    63       12.0000       78.2500   538871  552.08%
  17876     3       15.0000    27       12.0000       78.2500   541847  552.08%
  17958     4       24.5000    45       12.0000       77.7500   544675  547.92%
  18044     3       21.0000    39       12.0000       77.7500   547138  547.92%
  18129     4       21.0000    38       12.0000       77.7500   549485  547.92%
  18213     4       24.0000    44       12.0000       77.7500   551860  547.92%
  18303     3       41.0000    82       12.0000       77.7500   554195  547.92%
Elapsed real time = 1748.09 sec. (tree size =  0.01 MB, solutions = 5)
  18386     3       20.0000    37       12.0000       77.7500   556776  547.92%
  18473     3       20.5000    38       12.0000       77.7500   559021  547.92%
  18557     3       21.0000    39       12.0000       77.7500   561391  547.92%
  18630     3       15.0000    27       12.0000       77.7500   563982  547.92%
  18715     3       21.0000    38       12.0000       77.2500   567518  543.75%
  18798     4       16.0000    27       12.0000       77.2500   570061  543.75%
  18886     4       23.5000    43       12.0000       77.2500   572931  543.75%
  18973     4       25.5000    47       12.0000       77.2500   575464  543.75%
  19066     4       14.0000    23       12.0000       77.2500   578390  543.75%
  19150     4       14.0000    23       12.0000       77.2500   581155  543.75%
Elapsed real time = 1799.62 sec. (tree size =  0.01 MB, solutions = 5)
  19235     4       21.5000    39       12.0000       77.2500   583770  543.75%
  19317     4       21.0000    38       12.0000       77.2500   586398  543.75%
  19398     3       21.5000    39       12.0000       77.2500   589606  543.75%
  19483     4       22.0000    40       12.0000       77.2500   592367  543.75%
  19563     3       20.5000    38       12.0000       77.2500   595264  543.75%
  19637     3       17.5000    32       12.0000       77.2500   597730  543.75%
  19717     2       15.5000    30       12.0000       77.2500   601305  543.75%
  19800     3       20.5000    38       12.0000       76.7500   604265  539.58%
  19887     3       47.0000    92       12.0000       76.7500   606335  539.58%
  19976     4       29.0000    54       12.0000       76.7500   609051  539.58%
Elapsed real time = 1851.86 sec. (tree size =  0.01 MB, solutions = 5)
  20063     4       28.0000    52       12.0000       76.7500   611418  539.58%
  20151     4       23.5000    43       12.0000       76.7500   613854  539.58%
  20238     4       16.0000    27       12.0000       76.7500   616699  539.58%
  20330     4       21.5000    39       12.0000       76.7500   619509  539.58%
  20409     3       19.5000    36       12.0000       76.7500   621904  539.58%
  20492     4       14.0000    23       12.0000       76.7500   624465  539.58%
  20581     3       18.5000    34       12.0000       76.7500   626840  539.58%
  20665     3       15.5000    28       12.0000       76.7500   629180  539.58%
  20740     3       16.5000    30       12.0000       76.7500   632006  539.58%
  20831     3       45.0000    88       12.0000       76.2500   635687  535.42%
Elapsed real time = 1903.28 sec. (tree size =  0.01 MB, solutions = 5)
  20924     4       22.0000    40       12.0000       76.2500   639146  535.42%
  21003     3       17.5000    32       12.0000       76.2500   642023  535.42%
  21084     3       22.5000    42       12.0000       76.2500   644596  535.42%
  21166     3       22.0000    41       12.0000       76.2500   647272  535.42%
  21243     3       16.5000    30       12.0000       76.2500   649491  535.42%
  21321     3       34.5000    67       12.0000       76.2500   651720  535.42%
  21394     3       13.0000    23       12.0000       76.2500   654665  535.42%
  21479     2       18.0000    34       12.0000       76.2500   658426  535.42%
  21558     4       26.5000    49       12.0000       75.7500   661279  531.25%
  21648     4       20.0000    36       12.0000       75.7500   663883  531.25%
Elapsed real time = 1956.55 sec. (tree size =  0.01 MB, solutions = 5)
  21728     3       19.0000    35       12.0000       75.7500   665968  531.25%
  21809     4       24.5000    45       12.0000       75.7500   668632  531.25%
  21895     3       21.5000    40       12.0000       75.7500   671275  531.25%
  21989     4       20.0000    36       12.0000       75.7500   673784  531.25%
  22077     3       20.5000    38       12.0000       75.7500   676190  531.25%
  22166     4       22.0000    40       12.0000       75.7500   678740  531.25%
  22258     4       25.5000    47       12.0000       75.7500   681313  531.25%
  22349     3       21.5000    40       12.0000       75.7500   683735  531.25%
  22432     4       13.5000    22       12.0000       75.7500   686337  531.25%
  22505     3       20.5000    37       12.0000       75.7500   688639  531.25%
Elapsed real time = 2010.46 sec. (tree size =  0.01 MB, solutions = 5)
  22582     3       17.5000    32       12.0000       75.7500   691014  531.25%
  22655     2       17.3333    33       12.0000       75.7500   694539  531.25%
  22733     4       14.5000    24       12.0000       75.2500   697305  527.08%
  22815     4       27.5000    51       12.0000       75.2500   699910  527.08%
  22904     4       28.0000    52       12.0000       75.2500   702760  527.08%
  22989     4       26.0000    48       12.0000       75.2500   705363  527.08%
  23081     4       14.5000    24       12.0000       75.2500   708666  527.08%
  23167     4       28.0000    52       12.0000       75.2500   711415  527.08%
  23261     4       24.5000    45       12.0000       75.2500   714169  527.08%
  23348     4       23.5000    43       12.0000       75.2500   716477  527.08%
Elapsed real time = 2098.29 sec. (tree size =  0.01 MB, solutions = 5)
  23437     4       13.5000    22       12.0000       75.2500   719533  527.08%
  23520     3       20.0000    37       12.0000       75.2500   721944  527.08%
  23604     3       19.0000    35       12.0000       75.2500   724449  527.08%
  23677     3       29.0000    56       12.0000       75.2500   726628  527.08%
  23757     3       15.5000    28       12.0000       75.2500   729759  527.08%
  23836     3        cutoff             12.0000       74.7500   732486  522.92%
  23919     4       25.5000    47       12.0000       74.7500   734978  522.92%
  24008     4       21.5000    39       12.0000       74.7500   737534  522.92%
  24090     4       14.0000    23       12.0000       74.7500   739983  522.92%
  24183     3       19.5000    35       12.0000       74.7500   742876  522.92%
Elapsed real time = 2184.65 sec. (tree size =  0.01 MB, solutions = 5)
  24267     4       23.5000    43       12.0000       74.7500   745479  522.92%
  24352     3       38.0000    74       12.0000       74.7500   747968  522.92%
  24434     3       22.0000    41       12.0000       74.7500   750505  522.92%
  24508     3       16.0000    29       12.0000       74.7500   752734  522.92%
  24587     3       25.0000    48       12.0000       74.7500   755412  522.92%
  24671     3       17.5000    32       12.0000       74.2500   758767  518.75%
  24754     4       25.0000    46       12.0000       74.2500   761001  518.75%
  24839     4       25.0000    46       12.0000       74.2500   763452  518.75%
  24923     3       18.5000    33       12.0000       74.2500   765626  518.75%
  25008     3       17.0000    31       12.0000       74.2500   767988  518.75%
Elapsed real time = 2267.45 sec. (tree size =  0.01 MB, solutions = 5)
  25079     4       23.5000    43       12.0000       74.2500   770061  518.75%
  25155     3       20.0000    37       12.0000       74.2500   772554  518.75%
  25237     3       23.0000    44       12.0000       74.2500   775260  518.75%
  25319     4       20.5000    37       12.0000       73.7500   778122  514.58%
  25397     3       18.0000    33       12.0000       73.7500   780441  514.58%
  25484     3       40.5000    79       12.0000       73.7500   783081  514.58%
  25567     3       19.5000    35       12.0000       73.7500   785871  514.58%
  25648     3       16.5000    30       12.0000       73.7500   788514  514.58%
  25736     3       20.0000    37       12.0000       73.7500   791257  514.58%
  25808     3       29.0000    56       12.0000       73.7500   793336  514.58%
Elapsed real time = 2320.77 sec. (tree size =  0.01 MB, solutions = 5)
  25895     3       20.0000    38       12.0000       73.7500   796679  514.58%
  25980     3        cutoff             12.0000       73.2500   799464  510.42%
  26069     4       15.0000    25       12.0000       73.2500   802512  510.42%
  26157     3       19.0000    35       12.0000       73.2500   805392  510.42%
  26244     3        cutoff             12.0000       73.2500   808087  510.42%
  26327     4       24.5000    45       12.0000       73.2500   810985  510.42%
  26412     3       21.0000    38       12.0000       73.2500   813668  510.42%
  26496     4       20.5000    37       12.0000       73.2500   816225  510.42%
  26581     3       18.0000    33       12.0000       73.2500   818927  510.42%
  26653     3       28.0000    54       12.0000       73.2500   821105  510.42%
Elapsed real time = 2411.88 sec. (tree size =  0.01 MB, solutions = 5)
  26735     2       18.0000    34       12.0000       73.2500   824441  510.42%
  26823     4       13.7500    24       12.0000       72.7500   827437  506.25%
  26909     3       19.0000    34       12.0000       72.7500   829812  506.25%
  26986     3       20.0000    37       12.0000       72.7500   832388  506.25%
  27061     3       15.5000    28       12.0000       72.7500   834870  506.25%
  27136     3       23.5000    45       12.0000       72.7500   837552  506.25%
  27213     4       15.0000    25       12.0000       72.2500   840801  502.08%
  27294     4       17.0000    29       12.0000       72.2500   843422  502.08%
  27383     4       24.0000    44       12.0000       72.2500   845954  502.08%
  27466     4       23.5000    43       12.0000       72.2500   849134  502.08%
Elapsed real time = 2470.40 sec. (tree size =  0.01 MB, solutions = 5)
  27555     3       41.5000    81       12.0000       72.2500   851888  502.08%
  27641     3       21.5000    39       12.0000       72.2500   854876  502.08%
  27719     4       24.5000    45       12.0000       72.2500   857389  502.08%
  27814     3       36.5000    71       12.0000       72.2500   860033  502.08%
  27888     3       19.0000    35       12.0000       72.2500   862411  502.08%
  27968     4       20.0000    36       12.0000       72.2500   865106  502.08%
  28039     3       18.0000    33       12.0000       72.2500   867947  502.08%
  28123     2       15.0000    29       12.0000       72.2500   871392  502.08%
  28210     3        cutoff             12.0000       71.7500   874498  497.92%
  28294     4       15.0000    25       12.0000       71.7500   877235  497.92%
Elapsed real time = 2525.10 sec. (tree size =  0.01 MB, solutions = 5)
  28382     4       13.5000    22       12.0000       71.7500   879708  497.92%
  28460     3       17.0000    31       12.0000       71.7500   881910  497.92%
  28544     4       15.0000    25       12.0000       71.7500   884767  497.92%
  28630     3       20.0000    37       12.0000       71.7500   886935  497.92%
  28715     3       19.5000    36       12.0000       71.7500   889702  497.92%
  28794     4       22.5000    41       12.0000       71.7500   892312  497.92%
  28883     4       22.5000    41       12.0000       71.7500   894871  497.92%
  28953     3       20.5000    38       12.0000       71.7500   897408  497.92%
  29028     3       25.5000    49       12.0000       71.7500   900524  497.92%
  29116     4       27.5000    51       12.0000       71.2500   904405  493.75%
Elapsed real time = 2579.05 sec. (tree size =  0.01 MB, solutions = 5)
  29208     3       17.5000    32       12.0000       71.2500   907241  493.75%
  29296     3       19.5000    36       12.0000       71.2500   909905  493.75%
  29379     4       25.5000    47       12.0000       71.2500   912390  493.75%
  29460     3       20.5000    38       12.0000       71.2500   914521  493.75%
  29546     3       14.0000    25       12.0000       71.2500   916656  493.75%
  29628     3       20.0000    37       12.0000       71.2500   918627  493.75%
  29719     3       13.5000    24       12.0000       71.2500   920914  493.75%
  29803     3       15.5000    28       12.0000       71.2500   922906  493.75%
  29880     3       17.0000    31       12.0000       71.2500   925452  493.75%
  29964     4       21.5000    39       12.0000       70.7500   928824  489.58%
Elapsed real time = 2630.70 sec. (tree size =  0.01 MB, solutions = 5)
  30048     3       22.0000    41       12.0000       70.7500   931367  489.58%
  30125     4       14.0000    23       12.0000       70.7500   933781  489.58%
  30201     3       33.0000    64       12.0000       70.7500   936253  489.58%
  30284     3       15.5000    28       12.0000       70.7500   939113  489.58%
  30368     3       21.0000    41       12.0000       70.2500   941980  485.42%
  30453     4       14.0000    23       12.0000       70.2500   944961  485.42%
  30538     4       23.5000    43       12.0000       70.2500   947657  485.42%
  30620     3       19.0000    35       12.0000       70.2500   950264  485.42%
  30708     4       20.5000    37       12.0000       70.2500   952882  485.42%
  30793     3       20.0000    37       12.0000       70.2500   955653  485.42%
Elapsed real time = 2683.90 sec. (tree size =  0.01 MB, solutions = 5)
  30871     4       23.0000    42       12.0000       70.2500   958294  485.42%
  30957     3       17.0000    31       12.0000       70.2500   960841  485.42%
  31041     3       17.0000    31       12.0000       70.2500   963477  485.42%
  31119     3       19.0000    35       12.0000       70.2500   966221  485.42%
  31193     3       17.0000    31       12.0000       70.2500   969504  485.42%
  31276     4       23.5000    43       12.0000       69.7500   973115  481.25%
  31356     3       17.5000    32       12.0000       69.7500   975197  481.25%
  31446     4       23.5000    43       12.0000       69.7500   978238  481.25%
  31530     3       15.0000    27       12.0000       69.7500   980664  481.25%
  31613     4       21.0000    38       12.0000       69.7500   983291  481.25%
Elapsed real time = 2751.69 sec. (tree size =  0.01 MB, solutions = 5)
  31692     3       19.5000    36       12.0000       69.7500   985644  481.25%
  31765     3       26.5000    51       12.0000       69.7500   988343  481.25%
  31859     4       28.0000    52       12.0000       69.2500   991837  477.08%
  31959     4       22.0000    40       12.0000       69.2500   995121  477.08%
  32052     3       16.0000    29       12.0000       69.2500   997860  477.08%
  32131     3       16.0000    29       12.0000       69.2500  1000571  477.08%
  32210     3       15.0000    27       12.0000       69.2500  1003337  477.08%
  32288     3       16.5000    30       12.0000       69.2500  1005951  477.08%
  32369     2       17.0000    32       12.0000       69.2500  1009466  477.08%
  32453     3        cutoff             12.0000       68.7500  1012627  472.92%
Elapsed real time = 2841.56 sec. (tree size =  0.01 MB, solutions = 5)
  32546     4       14.0000    23       12.0000       68.7500  1015744  472.92%
  32634     3       19.0000    35       12.0000       68.7500  1018153  472.92%
  32729     4       21.5000    39       12.0000       68.7500  1021183  472.92%
  32813     3       20.0000    37       12.0000       68.7500  1023596  472.92%
  32889     4       24.0000    44       12.0000       68.7500  1026470  472.92%
  32975     4       21.5000    39       12.0000       68.7500  1029398  472.92%
  33054     3       20.0000    37       12.0000       68.7500  1031778  472.92%
  33135     3       27.5000    53       12.0000       68.7500  1034567  472.92%
  33218     3       19.5000    42       12.0000       68.7500  1038467  472.92%
  33305     3       17.0000    31       12.0000       68.2500  1041515  468.75%
Elapsed real time = 2933.32 sec. (tree size =  0.01 MB, solutions = 5)
  33390     4       15.5000    26       12.0000       68.2500  1044339  468.75%
  33479     4       24.5000    45       12.0000       68.2500  1046929  468.75%
  33567     4       23.0000    42       12.0000       68.2500  1049379  468.75%
  33654     4       25.0000    46       12.0000       68.2500  1051912  468.75%
  33744     4       26.0000    48       12.0000       68.2500  1054355  468.75%
  33832     4       24.0000    44       12.0000       68.2500  1057286  468.75%
  33913     4       25.5000    47       12.0000       68.2500  1060107  468.75%
  33996     4       14.0000    23       12.0000       68.2500  1062743  468.75%
  34082     3       18.0000    33       12.0000       68.2500  1064869  468.75%
  34161     3       38.5000    75       12.0000       68.2500  1067340  468.75%
Elapsed real time = 3022.12 sec. (tree size =  0.01 MB, solutions = 5)
  34245     3       18.5000    34       12.0000       68.2500  1070370  468.75%
  34329     3       34.5000    67       12.0000       68.2500  1072843  468.75%
  34407     3       18.0000    33       12.0000       68.2500  1075063  468.75%
  34489     3       16.0000    29       12.0000       68.2500  1077978  468.75%
  34573     4       25.0000    46       12.0000       67.7500  1081472  464.58%
  34649     3       18.0000    33       12.0000       67.7500  1084269  464.58%
  34721     2        cutoff             12.0000       67.7500  1086928  464.58%
  34802     3       14.5000    30       12.0000       67.7500  1091041  464.58%
  34877     4       25.0000    46       12.0000       67.2500  1093969  460.42%
  34957     4       25.0000    46       12.0000       67.2500  1096973  460.42%
Elapsed real time = 3114.89 sec. (tree size =  0.01 MB, solutions = 5)
  35042     4       22.0000    40       12.0000       67.2500  1099764  460.42%
  35118     3       22.0000    41       12.0000       67.2500  1102286  460.42%
  35197     3       13.5000    24       12.0000       67.2500  1105667  460.42%
  35281     2       13.5000    26       12.0000       67.2500  1109128  460.42%
  35356     3       18.0000    33       12.0000       66.7500  1112254  456.25%
  35434     3       17.0000    31       12.0000       66.7500  1115420  456.25%
  35509     3       17.0000    31       12.0000       66.7500  1118270  456.25%
  35586     4       24.2500    46       12.0000       66.2500  1122072  452.08%
  35674     4       14.5000    24       12.0000       66.2500  1125038  452.08%
  35766     4       21.5000    39       12.0000       66.2500  1127808  452.08%
Elapsed real time = 3208.35 sec. (tree size =  0.01 MB, solutions = 5)
  35851     4       23.5000    43       12.0000       66.2500  1130345  452.08%
  35926     4       26.0000    48       12.0000       66.2500  1132692  452.08%
  36008     4       22.5000    41       12.0000       66.2500  1135214  452.08%
  36085     3       16.5000    30       12.0000       66.2500  1137591  452.08%
  36165     3       17.5000    32       12.0000       66.2500  1140480  452.08%
  36245     2       17.0000    32       12.0000       66.2500  1144234  452.08%
  36317     3       13.5000    24       12.0000       65.7500  1147290  447.92%
  36401     3       21.5000    41       12.0000       65.7500  1150328  447.92%
  36479     4       21.5000    39       12.0000       65.2500  1153128  443.75%
  36566     3       18.5000    34       12.0000       65.2500  1155619  443.75%
Elapsed real time = 3300.44 sec. (tree size =  0.01 MB, solutions = 5)
  36645     4       23.0000    42       12.0000       65.2500  1157971  443.75%
  36718     4       22.0000    40       12.0000       65.2500  1160334  443.75%
  36795     3       29.7500    60       12.0000       65.2500  1162737  443.75%
  36877     2       17.0000    33       12.0000       65.2500  1166055  443.75%
  36956     4       21.5000    39       12.0000       64.7500  1169193  439.58%
  37033     4       22.5000    41       12.0000       64.7500  1171819  439.58%
  37109     3       18.5000    34       12.0000       64.7500  1174966  439.58%
  37189     3       42.0000    82       12.0000       64.2500  1178349  435.42%
el nodo en que voy a cortar es 0x2c agrego el corte 106
  37270     4       15.5000    26       12.0000       64.2500  1181253  435.42%
  37349     3       20.5000    37       12.0000       64.2500  1184235  435.42%
Elapsed real time = 3392.55 sec. (tree size =  0.01 MB, solutions = 5)
  37428     4       23.0000    42       12.0000       64.2500  1186709  435.42%
  37511     4       23.0000    42       12.0000       64.2500  1189577  435.42%
  37592     3       31.0000    60       12.0000       64.2500  1191987  435.42%
  37668     3       24.0000    46       12.0000       64.2500  1194854  435.42%
  37750     4       22.0000    40       12.0000       63.7500  1198173  431.25%
el nodo en que voy a cortar es 0x2e agrego el corte 105
  37836     4       23.5000    43       12.0000       63.7500  1201163  431.25%
  37918     2        cutoff             12.0000       63.7500  1203856  431.25%
  37998     3       13.5000    24       12.0000       63.7500  1206792  431.25%
  38081     3       36.5000    71       12.0000       63.7500  1209371  431.25%
  38154     3       32.5000    63       12.0000       63.7500  1211847  431.25%
Elapsed real time = 3485.35 sec. (tree size =  0.01 MB, solutions = 5)
  38231     3       28.5000    55       12.0000       63.7500  1214151  431.25%
  38312     3       19.5000    37       12.0000       63.7500  1217762  431.25%
  38394     3       40.0000    78       12.0000       63.2500  1220820  427.08%
  38475     4       20.0000    36       12.0000       63.2500  1223662  427.08%
  38553     3       19.0000    35       12.0000       63.2500  1226179  427.08%
  38633     3       18.0000    33       12.0000       63.2500  1228890  427.08%
  38714     3       27.0000    52       12.0000       63.2500  1231753  427.08%
  38798     3       17.5000    32       12.0000       62.7500  1235282  422.92%
  38868     3       30.5000    59       12.0000       62.7500  1238522  422.92%
  38946     2       19.5000    37       12.0000       62.7500  1242100  422.92%
Elapsed real time = 3579.71 sec. (tree size =  0.01 MB, solutions = 5)
  39025     4       24.0000    44       12.0000       62.2500  1244463  418.75%
  39109     4       23.0000    42       12.0000       62.2500  1246865  418.75%

User cuts applied:  86

Root node processing (before b&c):
  Real time             =    0.79
Sequential b&c:
  Real time             = 3599.21
                          -------
Total (root+branch&cut) = 3600.00 sec.
Datos de la resolucion: 	12	3600
