el algoritmo 3
limiteCortesClique 40
limiteCortesCiclo 10
limiteCortesIter 50
la cantidad de cortes que pasaron por parametros es mayor a la cantidad total de cliques que encontre
hago 250 cliques

el conjunto independiente: 
157
26
236
89
60
249
142
31
23
219
en total tiene 10 nodos.
TA TODO BIEN
hago 40 cliques
28 26 19  el contador 3
62 65 67 60 63  el contador 5
89 90 92 98 87 86 84  el contador 7
112 109 105  el contador 3
108 113 111 105 112  el contador 5
140 137 132  el contador 3
138 144 134 136 135  el contador 5
153 156 154 150 152  el contador 5
191 190 188  el contador 3
212 210 208  el contador 3
218 220 219 215 214  el contador 5
225 230 228 223 229  el contador 5
Default row names c1, c2 ... being created.
son 40 cliques y 12 ciclos
el corte 40 empieza en 369
el rhs es 7
el corte 41 empieza en 376
el rhs es 5
el corte 42 empieza en 381
el rhs es 5
el corte 43 empieza en 386
el rhs es 5
el corte 44 empieza en 391
el rhs es 5
el corte 45 empieza en 396
el rhs es 5
el corte 46 empieza en 401
el rhs es 5
el corte 47 empieza en 406
el rhs es 3
el corte 48 empieza en 409
el rhs es 3
el corte 49 empieza en 412
el rhs es 3
el corte 50 empieza en 415
el rhs es 3
el corte 51 empieza en 418
el rhs es 3
creo todos los cortes
Clique table members: 15668.
MIP emphasis: balance optimality and feasibility.
MIP search method: traditional branch-and-cut.
Parallel mode: none, using 1 thread.
Root relaxation solution time =    0.04 sec.

        Nodes                                         Cuts/
   Node  Left     Objective  IInf  Best Integer    Best Bound    ItCnt     Gap

      0     0      125.0000   250                    125.0000      393         
el nodo en que voy a cortar es 0 agrego el corte 1
el nodo en que voy a cortar es 0 agrego el corte 2
el nodo en que voy a cortar es 0 agrego el corte 3
el nodo en que voy a cortar es 0 agrego el corte 4
el nodo en que voy a cortar es 0 agrego el corte 5
el nodo en que voy a cortar es 0 agrego el corte 6
el nodo en que voy a cortar es 0 agrego el corte 7
el nodo en que voy a cortar es 0 agrego el corte 8
el nodo en que voy a cortar es 0 agrego el corte 0
el nodo en que voy a cortar es 0 agrego el corte 36
el nodo en que voy a cortar es 0 agrego el corte 25
el nodo en que voy a cortar es 0 agrego el corte 27
el nodo en que voy a cortar es 0 agrego el corte 28
el nodo en que voy a cortar es 0 agrego el corte 29
el nodo en que voy a cortar es 0 agrego el corte 30
el nodo en que voy a cortar es 0 agrego el corte 31
el nodo en que voy a cortar es 0 agrego el corte 32
el nodo en que voy a cortar es 0 agrego el corte 33
el nodo en que voy a cortar es 0 agrego el corte 34
el nodo en que voy a cortar es 0 agrego el corte 35
el nodo en que voy a cortar es 0 agrego el corte 26
el nodo en que voy a cortar es 0 agrego el corte 37
el nodo en que voy a cortar es 0 agrego el corte 38
el nodo en que voy a cortar es 0 agrego el corte 39
el nodo en que voy a cortar es 0 agrego el corte 24
el nodo en que voy a cortar es 0 agrego el corte 9
el nodo en que voy a cortar es 0 agrego el corte 10
el nodo en que voy a cortar es 0 agrego el corte 11
el nodo en que voy a cortar es 0 agrego el corte 12
el nodo en que voy a cortar es 0 agrego el corte 13
el nodo en que voy a cortar es 0 agrego el corte 14
el nodo en que voy a cortar es 0 agrego el corte 15
el nodo en que voy a cortar es 0 agrego el corte 17
el nodo en que voy a cortar es 0 agrego el corte 18
el nodo en que voy a cortar es 0 agrego el corte 19
el nodo en que voy a cortar es 0 agrego el corte 20
el nodo en que voy a cortar es 0 agrego el corte 21
el nodo en que voy a cortar es 0 agrego el corte 22
el nodo en que voy a cortar es 0 agrego el corte 23
el nodo en que voy a cortar es 0 agrego el corte 16
el nodo en que voy a cortar es 0 agrego el corte 51
el nodo en que voy a cortar es 0 agrego el corte 50
el nodo en que voy a cortar es 0 agrego el corte 49
el nodo en que voy a cortar es 0 agrego el corte 48
el nodo en que voy a cortar es 0 agrego el corte 47
el nodo en que voy a cortar es 0 agrego el corte 46
el nodo en que voy a cortar es 0 agrego el corte 45
el nodo en que voy a cortar es 0 agrego el corte 44
el nodo en que voy a cortar es 0 agrego el corte 43
el nodo en que voy a cortar es 0 agrego el corte 42
      0     0       96.0000   192               UserPurge1: 44      636         
      0     2       96.0000   192                     96.0000      636         
Elapsed real time =   0.41 sec. (tree size =  0.01 MB, solutions = 0)
      3     5       15.5000    25                     96.0000     1169         
*     4     4      integral     0        8.0000       96.0000     1193     --- 
     10     4       12.0000    19        8.0000       96.0000     1234     --- 
*    12     4      integral     0        9.0000       96.0000     1254  966.67%
     17     4       14.0000    23        9.0000       96.0000     1368  966.67%
     23     4       12.5000    20        9.0000       96.0000     1470  966.67%
     30     4       27.5000    51        9.0000       96.0000     1588  966.67%
     35     4       14.0000    23        9.0000       96.0000     1705  966.67%
     40     4       12.5000    20        9.0000       96.0000     1796  966.67%
     64     4       23.0000    42        9.0000       96.0000     2296  966.67%
Elapsed real time =   3.05 sec. (tree size =  0.01 MB, solutions = 2)
     89     4       19.0000    34        9.0000       96.0000     2766  966.67%
    114     3       14.7500    26        9.0000       96.0000     3151  966.67%
    132     4       12.5000    20        9.0000       96.0000     3676  966.67%
    154     4       11.5000    18        9.0000       96.0000     4176  966.67%
    180     3       16.5000    29        9.0000       96.0000     4630  966.67%
    205     4       25.0000    46        9.0000       96.0000     4991  966.67%
    229     4       12.5000    20        9.0000       96.0000     5476  966.67%
    257     4       10.0000    15        9.0000       96.0000     5889  966.67%
    285     4       24.5000    45        9.0000       96.0000     6405  966.67%
    309     4       20.5000    37        9.0000       96.0000     6955  966.67%
Elapsed real time =  11.58 sec. (tree size =  0.01 MB, solutions = 2)
    336     3       15.5000    28        9.0000       96.0000     7350  966.67%
    358     5       14.0000    22        9.0000       96.0000     7768  966.67%
*   361     4      integral     0       10.0000       96.0000     7842  860.00%
    382     4       27.0000    50       10.0000       96.0000     8420  860.00%
    405     4       14.0000    23       10.0000       96.0000     9149  860.00%
    430     4       19.0000    34       10.0000       96.0000     9735  860.00%
    453     4       23.5000    43       10.0000       96.0000    10309  860.00%
    477     4       19.5000    35       10.0000       96.0000    10887  860.00%
    500     3       14.5000    26       10.0000       96.0000    11217  860.00%
    523     3       18.0000    33       10.0000       96.0000    11785  860.00%
Elapsed real time =  19.79 sec. (tree size =  0.01 MB, solutions = 3)
    545     4       13.5000    22       10.0000       96.0000    12384  860.00%
    567     3       12.5000    22       10.0000       96.0000    12772  860.00%
    589     4       11.5000    18       10.0000       96.0000    13404  860.00%
    612     3       13.5000    24       10.0000       96.0000    13855  860.00%
    636     4       15.5000    26       10.0000       96.0000    14600  860.00%
    658     4       21.5000    39       10.0000       96.0000    15107  860.00%
    683     3       16.0000    29       10.0000       96.0000    15532  860.00%
    700     3       12.5000    22       10.0000       96.0000    15964  860.00%
    723     4       21.0000    38       10.0000       96.0000    16686  860.00%
    747     3       17.0000    30       10.0000       96.0000    17228  860.00%
Elapsed real time =  28.72 sec. (tree size =  0.01 MB, solutions = 3)
    772     4       21.5000    39       10.0000       96.0000    17766  860.00%
    801     4       17.0000    30       10.0000       96.0000    18314  860.00%
    823     4       22.0000    40       10.0000       96.0000    18846  860.00%
    850     3       13.0000    23       10.0000       96.0000    19314  860.00%
    873     4       21.0000    38       10.0000       96.0000    20032  860.00%
    897     3       15.5000    28       10.0000       96.0000    20593  860.00%
    917     4       21.5000    39       10.0000       96.0000    21139  860.00%
    941     3       16.5000    29       10.0000       96.0000    21544  860.00%
    963     4       21.0000    38       10.0000       96.0000    22094  860.00%
    989     3       20.0000    37       10.0000       96.0000    22613  860.00%
Elapsed real time =  37.76 sec. (tree size =  0.01 MB, solutions = 3)
   1009     4       12.5000    20       10.0000       96.0000    22985  860.00%
   1036     3       20.0000    36       10.0000       96.0000    23555  860.00%
   1063     4       13.0000    21       10.0000       96.0000    24145  860.00%
   1089     4       20.5000    37       10.0000       96.0000    24709  860.00%
   1113     3       13.0000    23       10.0000       96.0000    25094  860.00%
   1135     4       11.5000    18       10.0000       96.0000    25779  860.00%
   1157     4       11.5000    18       10.0000       96.0000    26222  860.00%
   1181     4       21.0000    38       10.0000       96.0000    26705  860.00%
   1205     3       37.5000    73       10.0000       96.0000    27139  860.00%
   1231     3       12.5000    22       10.0000       96.0000    27732  860.00%
Elapsed real time =  46.76 sec. (tree size =  0.01 MB, solutions = 3)
   1252     3       17.5000    32       10.0000       96.0000    28329  860.00%
   1275     4       11.5000    18       10.0000       96.0000    28945  860.00%
   1297     3       36.0000    70       10.0000       96.0000    29370  860.00%
   1319     4       21.5000    39       10.0000       96.0000    30009  860.00%
   1343     3       17.5000    31       10.0000       96.0000    30565  860.00%
   1357     3       12.0000    21       10.0000       96.0000    30802  860.00%
   1380     4       19.5000    35       10.0000       96.0000    31444  860.00%
   1402     3       34.5000    67       10.0000       96.0000    31738  860.00%
   1429     4       18.5000    33       10.0000       96.0000    32327  860.00%
   1449     3       16.5000    30       10.0000       96.0000    32626  860.00%
Elapsed real time =  55.79 sec. (tree size =  0.01 MB, solutions = 3)
   1477     3       12.5000    22       10.0000       96.0000    33122  860.00%
   1500     3       31.5000    61       10.0000       96.0000    33631  860.00%
   1526     3       14.0000    25       10.0000       96.0000    34218  860.00%
   1551     3       16.5000    29       10.0000       96.0000    34822  860.00%
   1570     3       29.5000    57       10.0000       96.0000    35226  860.00%
   1589     3       16.5000    30       10.0000       96.0000    35762  860.00%
   1609     3       14.5000    26       10.0000       96.0000    36508  860.00%
   1630     3       11.5000    20       10.0000       96.0000    37238  860.00%
   1652     3       19.5000    37       10.0000       96.0000    38004  860.00%
   1679     2       15.5000    30       10.0000       96.0000    38721  860.00%
Elapsed real time =  64.81 sec. (tree size =  0.01 MB, solutions = 3)
   1695     4       14.5000    24       10.0000       95.0000    39484  850.00%
   1717     4       28.0000    52       10.0000       95.0000    40011  850.00%
   1739     4       25.0000    46       10.0000       95.0000    40565  850.00%
   1761     4       13.5000    22       10.0000       95.0000    41192  850.00%
   1783     3       18.0000    32       10.0000       95.0000    41714  850.00%
   1808     4       26.5000    49       10.0000       95.0000    42358  850.00%
   1830     4       23.0000    42       10.0000       95.0000    42875  850.00%
   1858     3       17.5000    32       10.0000       95.0000    43550  850.00%
   1880     4       27.5000    51       10.0000       95.0000    44158  850.00%
   1904     4       24.0000    44       10.0000       95.0000    44753  850.00%
Elapsed real time =  73.97 sec. (tree size =  0.01 MB, solutions = 3)
   1931     4       19.5000    35       10.0000       95.0000    45295  850.00%
   1954     4       16.0000    27       10.0000       95.0000    45801  850.00%
   1977     4       27.0000    50       10.0000       95.0000    46255  850.00%
   2000     4       23.5000    43       10.0000       95.0000    46838  850.00%
   2025     4       12.0000    19       10.0000       95.0000    47483  850.00%
   2053     3       58.5000   115       10.0000       95.0000    47912  850.00%
   2073     4       15.0000    25       10.0000       95.0000    48443  850.00%
   2096     4       17.5000    30       10.0000       95.0000    48903  850.00%
   2117     4       12.0000    19       10.0000       95.0000    49366  850.00%
   2212     3       16.0000    29       10.0000       95.0000    51371  850.00%
Elapsed real time =  85.12 sec. (tree size =  0.01 MB, solutions = 3)
   2299     3       13.5000    24       10.0000       95.0000    53236  850.00%
   2378     4       15.0000    25       10.0000       95.0000    55303  850.00%
   2469     4       14.5000    24       10.0000       95.0000    57566  850.00%
   2551     4       19.5000    35       10.0000       95.0000    59552  850.00%
   2629     4       14.5000    24       10.0000       95.0000    61708  850.00%
*  2711     3      integral     0       11.0000       95.0000    63612  763.64%
   2796     4       21.0000    38       11.0000       95.0000    66015  763.64%
   2890     4       13.5000    22       11.0000       95.0000    68413  763.64%
   2980     4       14.5000    24       11.0000       95.0000    70319  763.64%
   3071     4       33.0000    62       11.0000       95.0000    72483  763.64%
Elapsed real time = 119.62 sec. (tree size =  0.01 MB, solutions = 4)
   3158     4       20.5000    37       11.0000       95.0000    74944  763.64%
   3252     4       12.5000    20       11.0000       95.0000    77062  763.64%
   3339     4       16.0000    27       11.0000       95.0000    79439  763.64%
   3428     4       15.5000    26       11.0000       95.0000    81744  763.64%
   3516     4       23.5000    43       11.0000       95.0000    83826  763.64%
   3609     4       12.5000    20       11.0000       95.0000    86023  763.64%
   3698     4       15.5000    26       11.0000       95.0000    88168  763.64%
   3786     4       17.0000    29       11.0000       95.0000    90607  763.64%
   3877     3       22.0000    41       11.0000       95.0000    92924  763.64%
   3967     4       13.5000    22       11.0000       95.0000    95205  763.64%
Elapsed real time = 154.61 sec. (tree size =  0.01 MB, solutions = 4)
   4056     3       14.5000    26       11.0000       95.0000    97322  763.64%
   4150     4       21.5000    39       11.0000       95.0000    99717  763.64%
   4244     4       20.5000    37       11.0000       95.0000   102329  763.64%
   4335     4       25.0000    46       11.0000       95.0000   104725  763.64%
   4433     4       19.0000    34       11.0000       95.0000   107105  763.64%
   4527     4       20.0000    36       11.0000       95.0000   109654  763.64%
   4620     3       16.0000    29       11.0000       95.0000   111858  763.64%
   4720     4       18.5000    33       11.0000       95.0000   114154  763.64%
   4806     4       13.0000    21       11.0000       95.0000   116186  763.64%
   4894     4       13.5000    22       11.0000       95.0000   118324  763.64%
Elapsed real time = 190.33 sec. (tree size =  0.01 MB, solutions = 4)
   4982     3       16.5000    30       11.0000       95.0000   120435  763.64%
   5066     3       13.5000    24       11.0000       95.0000   122366  763.64%
   5145     3       17.0000    31       11.0000       95.0000   124455  763.64%
   5232     3       20.0000    38       11.0000       95.0000   126521  763.64%
   5311     4       15.5000    26       11.0000       94.5000   129024  759.09%
   5394     4       28.5000    53       11.0000       94.5000   131057  759.09%
   5485     4       14.5000    24       11.0000       94.5000   133232  759.09%
   5579     4       15.0000    25       11.0000       94.5000   135640  759.09%
   5676     4       26.5000    49       11.0000       94.5000   138279  759.09%
   5767     4       23.0000    42       11.0000       94.5000   140481  759.09%
Elapsed real time = 225.79 sec. (tree size =  0.01 MB, solutions = 4)
   5860     3       14.5000    26       11.0000       94.5000   142680  759.09%
   5953     3       15.5000    28       11.0000       94.5000   145034  759.09%
   6045     4       14.5000    24       11.0000       94.5000   147129  759.09%
   6136     4       13.0000    21       11.0000       94.5000   149122  759.09%
   6224     4       14.5000    24       11.0000       94.5000   151469  759.09%
   6317     4       13.0000    21       11.0000       94.5000   153599  759.09%
   6416     3       17.5000    32       11.0000       94.5000   155790  759.09%
   6500     4       19.5000    35       11.0000       94.5000   157774  759.09%
   6601     3       21.0000    39       11.0000       94.5000   159810  759.09%
   6684     4       26.0000    48       11.0000       94.5000   161720  759.09%
Elapsed real time = 260.42 sec. (tree size =  0.01 MB, solutions = 4)
   6782     3       36.5000    71       11.0000       94.5000   163968  759.09%
   6864     3       18.0000    33       11.0000       94.5000   166182  759.09%
   6951     3       18.0000    34       11.0000       94.5000   168267  759.09%
   7041     4       12.0000    19       11.0000       94.0000   170685  754.55%
   7135     4       24.0000    44       11.0000       94.0000   172886  754.55%
   7226     4       25.5000    47       11.0000       94.0000   175179  754.55%
   7315     3       17.5000    32       11.0000       94.0000   177442  754.55%
   7412     3       19.0000    35       11.0000       94.0000   179973  754.55%
   7505     4       22.5000    41       11.0000       94.0000   182170  754.55%
   7596     4       13.5000    22       11.0000       94.0000   184635  754.55%
Elapsed real time = 295.03 sec. (tree size =  0.01 MB, solutions = 4)
   7688     4       14.5000    24       11.0000       94.0000   186696  754.55%
*  7716     3      integral     0       12.0000       94.0000   187357  683.33%
   7795     4       20.5000    37       12.0000       94.0000   189069  683.33%
   7870     3       33.5000    65       12.0000       94.0000   190737  683.33%
   7957     2       22.0000    42       12.0000       94.0000   193516  683.33%
   8042     4       28.0000    52       12.0000       93.5000   195939  679.17%
   8137     4       26.5000    49       12.0000       93.5000   198101  679.17%
   8220     3       21.5000    40       12.0000       93.5000   200141  679.17%
   8308     4       20.7500    39       12.0000       93.5000   202161  679.17%
   8401     4       15.0000    25       12.0000       93.5000   204180  679.17%
Elapsed real time = 327.41 sec. (tree size =  0.01 MB, solutions = 5)
   8496     3       21.0000    39       12.0000       93.5000   206456  679.17%
   8579     3       41.5000    81       12.0000       93.5000   208212  679.17%
   8662     3       17.5000    32       12.0000       93.5000   210210  679.17%
   8745     3       19.0000    35       12.0000       93.5000   212531  679.17%
   8831     3       24.5000    47       12.0000       93.5000   215216  679.17%
   8920     3       19.0000    35       12.0000       93.0000   217669  675.00%
   9013     4       14.5000    24       12.0000       93.0000   220333  675.00%
   9100     4       16.5000    28       12.0000       93.0000   222813  675.00%
   9187     4       22.0000    40       12.0000       93.0000   225214  675.00%
   9273     3       14.0000    25       12.0000       93.0000   227451  675.00%
Elapsed real time = 362.51 sec. (tree size =  0.01 MB, solutions = 5)
   9371     4       23.5000    43       12.0000       93.0000   229936  675.00%
   9463     3       20.0000    37       12.0000       93.0000   232582  675.00%
   9554     4       13.0000    21       12.0000       93.0000   234933  675.00%
   9650     4       21.5000    39       12.0000       93.0000   237638  675.00%
   9745     4       22.0000    40       12.0000       93.0000   240056  675.00%
   9829     4       22.5000    41       12.0000       93.0000   242032  675.00%
   9916     3       35.0000    68       12.0000       93.0000   244371  675.00%
   9991     3       27.5000    53       12.0000       93.0000   246796  675.00%
  10078     3       16.5000    30       12.0000       92.5000   249764  670.83%
  10172     3       23.0000    42       12.0000       92.5000   252413  670.83%
Elapsed real time = 397.76 sec. (tree size =  0.01 MB, solutions = 5)
  10266     4       24.5000    45       12.0000       92.5000   254581  670.83%
  10364     4       28.0000    52       12.0000       92.5000   256821  670.83%
  10452     4       23.5000    43       12.0000       92.5000   258856  670.83%
  10544     4       23.0000    42       12.0000       92.5000   261153  670.83%
  10633     3        cutoff             12.0000       92.5000   263230  670.83%
  10725     3       15.0000    27       12.0000       92.5000   265284  670.83%
  10814     3       42.0000    82       12.0000       92.5000   267260  670.83%
  10895     4       22.5000    41       12.0000       92.5000   269225  670.83%
  10977     3       22.5000    42       12.0000       92.5000   271135  670.83%
  11061     3       27.5000    53       12.0000       92.5000   273440  670.83%
Elapsed real time = 432.07 sec. (tree size =  0.01 MB, solutions = 5)
  11148     3       19.5000    35       12.0000       92.0000   276031  666.67%
  11239     3       19.5000    36       12.0000       92.0000   278396  666.67%
  11323     3       18.5000    34       12.0000       92.0000   280407  666.67%
  11410     4       23.5000    43       12.0000       92.0000   282817  666.67%
  11500     3       17.0000    31       12.0000       92.0000   285176  666.67%
  11582     4       22.5000    41       12.0000       92.0000   287425  666.67%
  11666     4       23.0000    42       12.0000       92.0000   289457  666.67%
  11741     3       19.5000    36       12.0000       92.0000   291481  666.67%
  11824     3       15.0000    27       12.0000       92.0000   294073  666.67%
  11915     3       18.5000    34       12.0000       91.5000   296335  662.50%
Elapsed real time = 467.33 sec. (tree size =  0.01 MB, solutions = 5)
  12006     4       18.5000    33       12.0000       91.5000   298847  662.50%
  12100     3       18.5000    34       12.0000       91.5000   301179  662.50%
  12188     4       14.0000    23       12.0000       91.5000   303932  662.50%
  12279     4       14.5000    24       12.0000       91.5000   306155  662.50%
  12367     3       25.5000    47       12.0000       91.5000   308347  662.50%
  12450     4       26.0000    48       12.0000       91.5000   310153  662.50%
  12539     3       15.5000    28       12.0000       91.5000   312423  662.50%
  12635     4       16.0000    27       12.0000       91.5000   315068  662.50%
  12733     3       19.5000    35       12.0000       91.5000   317423  662.50%
  12832     4       22.0000    40       12.0000       91.5000   319799  662.50%
Elapsed real time = 501.96 sec. (tree size =  0.01 MB, solutions = 5)
  12923     3        cutoff             12.0000       91.5000   322259  662.50%
  13002     3       16.5000    30       12.0000       91.5000   324278  662.50%
  13081     3       32.5000    63       12.0000       91.5000   326311  662.50%
  13171     3       20.5000    39       12.0000       91.5000   329013  662.50%
  13255     3       44.5000    87       12.0000       91.0000   331471  658.33%
  13335     3       22.0000    41       12.0000       91.0000   333923  658.33%
  13409     3       19.0000    35       12.0000       91.0000   336069  658.33%
  13488     3       18.5000    34       12.0000       91.0000   338550  658.33%
  13561     3       17.0000    31       12.0000       91.0000   340860  658.33%
  13648     2       19.0000    37       12.0000       91.0000   343545  658.33%
Elapsed real time = 537.79 sec. (tree size =  0.01 MB, solutions = 5)
  13737     3       23.0000    43       12.0000       90.5000   346252  654.17%
  13833     4       17.0000    29       12.0000       90.5000   348703  654.17%
  13929     4       13.5000    22       12.0000       90.5000   351341  654.17%
  14016     4       16.5000    28       12.0000       90.5000   353576  654.17%
  14106     3       49.0000    96       12.0000       90.5000   355587  654.17%
  14193     4       26.5000    49       12.0000       90.5000   358000  654.17%
  14283     3       19.0000    35       12.0000       90.5000   360240  654.17%
  14372     4       13.0000    21       12.0000       90.5000   362480  654.17%
  14459     3       20.5000    38       12.0000       90.5000   364434  654.17%
  14549     3       18.5000    34       12.0000       90.5000   366522  654.17%
Elapsed real time = 573.60 sec. (tree size =  0.01 MB, solutions = 5)
  14641     3       18.5000    34       12.0000       90.5000   368628  654.17%
  14726     4       13.5000    22       12.0000       90.5000   370634  654.17%
  14820     4       22.5000    41       12.0000       90.5000   373002  654.17%
  14902     3       14.0000    25       12.0000       90.5000   374975  654.17%
  14990     3       14.0000    25       12.0000       90.5000   377553  654.17%
  15076     4       31.0000    58       12.0000       90.0000   380090  650.00%
  15159     4       17.5000    30       12.0000       90.0000   382523  650.00%
  15245     4       14.5000    24       12.0000       90.0000   384753  650.00%
  15329     4       26.5000    49       12.0000       90.0000   386832  650.00%
  15422     3       48.0000    94       12.0000       90.0000   389046  650.00%
Elapsed real time = 609.91 sec. (tree size =  0.01 MB, solutions = 5)
  15508     3       25.0000    47       12.0000       90.0000   391291  650.00%
  15600     3       20.5000    38       12.0000       90.0000   393418  650.00%
  15691     3       18.5000    34       12.0000       90.0000   395920  650.00%
  15774     3       40.0000    78       12.0000       90.0000   397879  650.00%
  15849     3       19.0000    35       12.0000       90.0000   400245  650.00%
  15935     3       25.5000    49       12.0000       90.0000   402977  650.00%
  16025     4       22.5000    41       12.0000       89.5000   405694  645.83%
  16118     4       14.5000    24       12.0000       89.5000   408276  645.83%
  16203     4       29.0000    54       12.0000       89.5000   410592  645.83%
  16292     4       23.0000    42       12.0000       89.5000   412944  645.83%
Elapsed real time = 647.63 sec. (tree size =  0.01 MB, solutions = 5)
  16375     4       13.5000    22       12.0000       89.5000   415125  645.83%
  16464     4       25.5000    47       12.0000       89.5000   417614  645.83%
  16553     4       14.0000    23       12.0000       89.5000   419913  645.83%
  16645     4       24.5000    45       12.0000       89.5000   422409  645.83%
  16732     4       22.0000    40       12.0000       89.5000   424831  645.83%
  16812     4       23.0000    42       12.0000       89.5000   427167  645.83%
  16899     3       35.5000    69       12.0000       89.5000   429513  645.83%
  16980     3       30.5000    59       12.0000       89.5000   431844  645.83%
  17069     2       18.5000    35       12.0000       89.5000   434967  645.83%
  17160     3       19.0000    35       12.0000       89.0000   437854  641.67%
Elapsed real time = 683.97 sec. (tree size =  0.01 MB, solutions = 5)
  17250     4       16.0000    27       12.0000       89.0000   440358  641.67%
  17335     3       21.5000    39       12.0000       89.0000   442452  641.67%
  17416     4       22.0000    40       12.0000       89.0000   444610  641.67%
  17505     4       25.5000    47       12.0000       89.0000   447055  641.67%
  17588     3       35.0000    68       12.0000       89.0000   449230  641.67%
  17666     3       19.0000    35       12.0000       89.0000   451872  641.67%
  17746     2       18.0000    34       12.0000       89.0000   454543  641.67%
  17833     3       24.5000    46       12.0000       88.5000   456878  637.50%
  17920     4       23.0000    42       12.0000       88.5000   459201  637.50%
  18014     3       22.0000    40       12.0000       88.5000   461476  637.50%
Elapsed real time = 720.47 sec. (tree size =  0.01 MB, solutions = 5)
  18100     3       19.5000    36       12.0000       88.5000   463541  637.50%
  18188     4       22.0000    40       12.0000       88.5000   466089  637.50%
  18264     3       18.0000    33       12.0000       88.5000   467916  637.50%
  18343     3       18.0000    33       12.0000       88.5000   469937  637.50%
  18434     3       21.0000    40       12.0000       88.5000   472658  637.50%
  18520     4       14.0000    23       12.0000       88.0000   475394  633.33%
  18615     4       22.0000    40       12.0000       88.0000   478126  633.33%
  18710     4       14.0000    23       12.0000       88.0000   480569  633.33%
  18802     4       14.5000    24       12.0000       88.0000   482883  633.33%
  18896     4       30.5000    57       12.0000       88.0000   485220  633.33%
Elapsed real time = 756.64 sec. (tree size =  0.01 MB, solutions = 5)
  18988     4       22.5000    41       12.0000       88.0000   487634  633.33%
  19084     4       28.0000    52       12.0000       88.0000   489831  633.33%
  19179     3       20.5000    38       12.0000       88.0000   492361  633.33%
  19275     4       20.0000    36       12.0000       88.0000   494571  633.33%
  19377     3       20.5000    38       12.0000       88.0000   497356  633.33%
  19472     4       20.5000    37       12.0000       88.0000   499653  633.33%
  19562     4       14.5000    24       12.0000       88.0000   501929  633.33%
  19651     3       21.0000    39       12.0000       88.0000   503874  633.33%
  19740     3       22.0000    41       12.0000       88.0000   506088  633.33%
  19829     3       21.0000    38       12.0000       88.0000   508199  633.33%
Elapsed real time = 792.58 sec. (tree size =  0.01 MB, solutions = 5)
  19914     3       31.0000    60       12.0000       88.0000   510484  633.33%
  20005     4       29.5000    55       12.0000       87.5000   513711  629.17%
  20105     3       20.0000    37       12.0000       87.5000   516222  629.17%
  20198     4       20.0000    36       12.0000       87.5000   518506  629.17%
  20275     4       13.5000    22       12.0000       87.5000   520737  629.17%
  20369     4       28.0000    52       12.0000       87.5000   522919  629.17%
  20465     4       28.0000    52       12.0000       87.5000   525242  629.17%
  20568     3       18.0000    33       12.0000       87.5000   527742  629.17%
  20653     3       20.5000    38       12.0000       87.5000   529941  629.17%
  20743     3       20.0000    37       12.0000       87.5000   532064  629.17%
Elapsed real time = 828.64 sec. (tree size =  0.01 MB, solutions = 5)
  20825     3       19.5000    36       12.0000       87.5000   534341  629.17%
  20903     3       15.0000    27       12.0000       87.5000   536817  629.17%
  20999     4       26.0000    48       12.0000       87.0000   539834  625.00%
  21095     4       25.5000    47       12.0000       87.0000   542268  625.00%
  21188     4       21.5000    39       12.0000       87.0000   544397  625.00%
  21278     4       16.0000    27       12.0000       87.0000   547056  625.00%
  21372     4       22.5000    41       12.0000       87.0000   549405  625.00%
  21458     4       14.5000    24       12.0000       87.0000   551518  625.00%
  21552     3        cutoff             12.0000       87.0000   553721  625.00%
  21639     3       22.0000    41       12.0000       87.0000   555824  625.00%
Elapsed real time = 864.88 sec. (tree size =  0.01 MB, solutions = 5)
  21727     4       22.5000    41       12.0000       87.0000   558090  625.00%
  21817     4       14.5000    24       12.0000       87.0000   560268  625.00%
  21915     3       15.0000    27       12.0000       87.0000   562452  625.00%
  21992     3       29.5000    57       12.0000       87.0000   564380  625.00%
  22079     3       48.5000    95       12.0000       86.5000   567060  620.83%
  22166     3       22.5000    42       12.0000       86.5000   569744  620.83%
  22265     3       16.0000    29       12.0000       86.5000   572281  620.83%
  22359     3       20.0000    36       12.0000       86.5000   574876  620.83%
  22452     4       13.5000    22       12.0000       86.5000   577290  620.83%
  22549     3       17.5000    32       12.0000       86.5000   579580  620.83%
Elapsed real time = 901.13 sec. (tree size =  0.01 MB, solutions = 5)
  22634     3       21.5000    39       12.0000       86.5000   581728  620.83%
  22718     4       14.0000    23       12.0000       86.5000   583751  620.83%
  22804     3       18.0000    33       12.0000       86.5000   585521  620.83%
  22891     4       13.5000    22       12.0000       86.5000   587847  620.83%
  22973     3       13.5000    24       12.0000       86.5000   590108  620.83%
  23061     4       14.0000    23       12.0000       86.0000   593081  616.67%
  23151     3       21.5000    39       12.0000       86.0000   595175  616.67%
  23240     4       14.5000    24       12.0000       86.0000   597802  616.67%
  23338     3       22.0000    41       12.0000       86.0000   600227  616.67%
  23426     4       14.0000    23       12.0000       86.0000   602776  616.67%
Elapsed real time = 937.32 sec. (tree size =  0.01 MB, solutions = 5)
  23518     3       46.0000    90       12.0000       86.0000   604992  616.67%
  23614     4       13.5000    22       12.0000       86.0000   607646  616.67%
  23703     3       18.5000    34       12.0000       86.0000   609860  616.67%
  23789     4       15.0000    25       12.0000       86.0000   612153  616.67%
  23876     3       19.5000    36       12.0000       86.0000   614204  616.67%
  23961     4       20.0000    36       12.0000       86.0000   616321  616.67%
  24042     3       14.5000    26       12.0000       86.0000   618074  616.67%
  24124     3       27.0000    52       12.0000       86.0000   620688  616.67%
  24211     3       22.0000    40       12.0000       85.5000   623633  612.50%
  24294     3        cutoff             12.0000       85.5000   626046  612.50%
Elapsed real time = 973.22 sec. (tree size =  0.01 MB, solutions = 5)
  24384     3       44.0000    86       12.0000       85.5000   628205  612.50%
  24476     4       16.0000    27       12.0000       85.5000   630702  612.50%
  24561     4       24.0000    44       12.0000       85.5000   632857  612.50%
  24645     3       19.0000    35       12.0000       85.5000   634605  612.50%
  24723     3       35.5000    69       12.0000       85.5000   636552  612.50%
  24799     3       29.0000    56       12.0000       85.5000   638765  612.50%
  24882     4       25.0000    46       12.0000       85.0000   641455  608.33%
  24967     3       24.5000    46       12.0000       85.0000   643476  608.33%
  25060     4       28.5000    53       12.0000       85.0000   645578  608.33%
  25156     4       27.0000    50       12.0000       85.0000   647914  608.33%
Elapsed real time = 1009.01 sec. (tree size =  0.01 MB, solutions = 5)
  25250     4       25.0000    46       12.0000       85.0000   650670  608.33%
  25340     4       28.0000    52       12.0000       85.0000   653161  608.33%
  25428     4       23.5000    43       12.0000       85.0000   655276  608.33%
  25514     3       22.5000    41       12.0000       85.0000   657438  608.33%
  25598     4       25.5000    47       12.0000       85.0000   659607  608.33%
  25688     3       21.5000    39       12.0000       85.0000   661878  608.33%
  25773     4       24.0000    44       12.0000       85.0000   663946  608.33%
  25855     3       30.5000    59       12.0000       85.0000   666370  608.33%
  25943     3       48.0000    94       12.0000       84.5000   669595  604.17%
  26029     4       28.0000    52       12.0000       84.5000   671845  604.17%
Elapsed real time = 1046.13 sec. (tree size =  0.01 MB, solutions = 5)
  26117     3       17.5000    32       12.0000       84.5000   674272  604.17%
  26209     4       24.0000    44       12.0000       84.5000   676725  604.17%
  26299     4       23.5000    43       12.0000       84.5000   679128  604.17%
  26389     4       22.0000    40       12.0000       84.5000   681471  604.17%
  26467     3       36.5000    71       12.0000       84.5000   683356  604.17%
  26544     3       19.0000    35       12.0000       84.5000   685621  604.17%
  26635     3       14.0000    25       12.0000       84.5000   688582  604.17%
  26720     4       15.0000    25       12.0000       84.0000   691118  600.00%
  26811     4       14.0000    23       12.0000       84.0000   693181  600.00%
  26901     4       15.5000    26       12.0000       84.0000   695625  600.00%
Elapsed real time = 1082.50 sec. (tree size =  0.01 MB, solutions = 5)
  26983     4       23.5000    43       12.0000       84.0000   697489  600.00%
  27069     3       20.0000    37       12.0000       84.0000   699573  600.00%
  27159     4       14.5000    24       12.0000       84.0000   701896  600.00%
  27249     4       22.5000    41       12.0000       84.0000   704179  600.00%
  27328     3       18.5000    34       12.0000       84.0000   706130  600.00%
  27414     3       14.5000    26       12.0000       84.0000   709107  600.00%
  27500     3       18.0000    33       12.0000       83.5000   711405  595.83%
  27587     3       46.0000    90       12.0000       83.5000   713681  595.83%
  27672     4       26.5000    49       12.0000       83.5000   716244  595.83%
  27757     3       17.5000    32       12.0000       83.5000   718357  595.83%
Elapsed real time = 1118.78 sec. (tree size =  0.01 MB, solutions = 5)
  27846     4       22.7500    43       12.0000       83.5000   720990  595.83%
  27926     3       19.5000    36       12.0000       83.5000   722835  595.83%
  28010     3       16.7500    33       12.0000       83.5000   725209  595.83%
  28101     3       16.0000    29       12.0000       83.5000   727954  595.83%
  28190     3       46.0000    90       12.0000       83.0000   730607  591.67%
  28276     4       24.0000    44       12.0000       83.0000   733308  591.67%
  28365     4       24.5000    45       12.0000       83.0000   735763  591.67%
  28454     3       42.5000    83       12.0000       83.0000   737895  591.67%
  28542     3       21.0000    39       12.0000       83.0000   740423  591.67%
  28618     3       18.5000    34       12.0000       83.0000   742281  591.67%
Elapsed real time = 1155.18 sec. (tree size =  0.01 MB, solutions = 5)
  28694     3       22.5000    42       12.0000       83.0000   744416  591.67%
  28774     3       24.0000    46       12.0000       83.0000   747090  591.67%
  28856     4       22.0000    40       12.0000       82.5000   749960  587.50%
  28940     4       24.0000    44       12.0000       82.5000   752213  587.50%
  29013     4       14.0000    23       12.0000       82.5000   754792  587.50%
  29091     3       17.5000    32       12.0000       82.5000   757302  587.50%
  29177     3       21.5000    40       12.0000       82.0000   760311  583.33%
  29257     3       18.0000    33       12.0000       82.0000   762340  583.33%
  29343     4       28.0000    52       12.0000       82.0000   764880  583.33%
  29436     4       13.5000    21       12.0000       82.0000   767868  583.33%
Elapsed real time = 1191.86 sec. (tree size =  0.01 MB, solutions = 5)
  29523     3       20.0000    37       12.0000       82.0000   770077  583.33%
  29610     3       18.5000    34       12.0000       82.0000   772642  583.33%
  29693     3       20.0000    37       12.0000       82.0000   775051  583.33%
  29777     3       23.5000    45       12.0000       82.0000   777543  583.33%
  29867     4       23.5000    43       12.0000       81.5000   780750  579.17%
  29948     4       26.0000    48       12.0000       81.5000   783104  579.17%
  30042     3       19.5000    36       12.0000       81.5000   785467  579.17%
  30130     3       20.5000    38       12.0000       81.5000   787675  579.17%
  30209     4       23.0000    42       12.0000       81.5000   789638  579.17%
  30292     3       21.0000    39       12.0000       81.5000   791837  579.17%
Elapsed real time = 1227.61 sec. (tree size =  0.01 MB, solutions = 5)
  30373     3       14.0000    25       12.0000       81.5000   793916  579.17%
  30457     4       14.5000    24       12.0000       81.0000   796787  575.00%
  30541     3       40.5000    79       12.0000       81.0000   798883  575.00%
  30617     3       33.5000    65       12.0000       81.0000   801127  575.00%
  30706     2       19.0000    37       12.0000       81.0000   803685  575.00%
  30795     3       21.5000    40       12.0000       80.5000   806580  570.83%
  30884     3       20.0000    37       12.0000       80.5000   809102  570.83%
  30977     4       21.5000    39       12.0000       80.5000   811743  570.83%
  31060     3       23.0000    43       12.0000       80.5000   814250  570.83%
  31144     3       40.5000    79       12.0000       80.5000   816542  570.83%
Elapsed real time = 1263.36 sec. (tree size =  0.01 MB, solutions = 5)
  31229     3       18.0000    33       12.0000       80.5000   818522  570.83%
  31309     4       23.0000    42       12.0000       80.5000   820671  570.83%
  31394     3       31.5000    61       12.0000       80.5000   822985  570.83%
  31479     3       15.0000    27       12.0000       80.5000   826487  570.83%
  31562     4       22.5000    41       12.0000       80.0000   828917  566.67%
  31639     3       14.5000    26       12.0000       80.0000   831101  566.67%
  31724     3       21.5000    41       12.0000       80.0000   834175  566.67%
  31811     3       20.0000    37       12.0000       79.5000   836497  562.50%
  31903     4       24.0000    44       12.0000       79.5000   838734  562.50%
  31991     4       24.5000    45       12.0000       79.5000   841135  562.50%
Elapsed real time = 1299.62 sec. (tree size =  0.01 MB, solutions = 5)
  32076     4       21.5000    39       12.0000       79.5000   843397  562.50%
  32153     3       20.5000    38       12.0000       79.5000   845489  562.50%
  32236     3       15.0000    27       12.0000       79.5000   848098  562.50%
  32326     3       21.0000    38       12.0000       79.0000   850533  558.33%
  32422     3       17.5000    32       12.0000       79.0000   852824  558.33%
  32503     4       24.5000    45       12.0000       79.0000   854859  558.33%
  32586     4       21.5000    39       12.0000       79.0000   856689  558.33%
  32673     4       21.5000    39       12.0000       79.0000   859176  558.33%
  32755     3       19.0000    35       12.0000       79.0000   861444  558.33%
  32829     3       17.0000    31       12.0000       79.0000   863492  558.33%
Elapsed real time = 1335.02 sec. (tree size =  0.01 MB, solutions = 5)
  32917     4       22.5000    41       12.0000       78.5000   866422  554.17%
  33008     3       48.0000    94       12.0000       78.5000   868789  554.17%
  33100     3       47.0000    92       12.0000       78.5000   871132  554.17%
  33191     3       23.0000    43       12.0000       78.5000   873717  554.17%
  33274     4       25.0000    46       12.0000       78.5000   876227  554.17%
  33367     3       42.0000    82       12.0000       78.5000   878735  554.17%
  33454     4       13.5000    21       12.0000       78.5000   881003  554.17%
  33543     4       24.0000    44       12.0000       78.5000   883474  554.17%
  33633     3       35.5000    69       12.0000       78.5000   885745  554.17%
  33714     3       17.0000    31       12.0000       78.5000   887893  554.17%
Elapsed real time = 1370.83 sec. (tree size =  0.01 MB, solutions = 5)
  33792     3       16.0000    29       12.0000       78.5000   890080  554.17%
  33882     3       20.5000    38       12.0000       78.0000   893185  550.00%
  33970     3       19.5000    36       12.0000       78.0000   895486  550.00%
  34052     3       40.0000    78       12.0000       78.0000   897656  550.00%
  34128     3       19.0000    35       12.0000       78.0000   899484  550.00%
  34207     3       18.0000    33       12.0000       78.0000   901733  550.00%
  34290     4       23.5000    43       12.0000       77.5000   904293  545.83%
  34372     3       17.0000    31       12.0000       77.5000   906486  545.83%
  34455     3       37.5000    73       12.0000       77.5000   908775  545.83%
  34535     3       20.5000    38       12.0000       77.5000   910861  545.83%
Elapsed real time = 1406.70 sec. (tree size =  0.01 MB, solutions = 5)
  34621     3       23.5000    45       12.0000       77.5000   913124  545.83%
  34710     4       15.5000    26       12.0000       77.0000   916034  541.67%
  34784     3       14.5000    26       12.0000       77.0000   917674  541.67%
  34877     4       22.5000    41       12.0000       77.0000   920156  541.67%
  34968     3       20.0000    37       12.0000       77.0000   922288  541.67%
  35051     3       20.0000    37       12.0000       77.0000   924463  541.67%
  35135     3       24.0000    46       12.0000       77.0000   927178  541.67%
  35229     4       25.0000    46       12.0000       76.5000   929969  537.50%
  35315     3       22.0000    40       12.0000       76.5000   932364  537.50%
  35408     4       25.0000    46       12.0000       76.5000   935037  537.50%
Elapsed real time = 1442.85 sec. (tree size =  0.01 MB, solutions = 5)
  35495     3       37.0000    72       12.0000       76.5000   937527  537.50%
  35572     3       17.0000    31       12.0000       76.5000   939850  537.50%
  35660     3       20.5000    39       12.0000       76.5000   942570  537.50%
  35742     4       15.0000    25       12.0000       76.0000   945121  533.33%
  35828     4       21.5000    39       12.0000       76.0000   947262  533.33%
  35919     3       21.0000    39       12.0000       76.0000   949505  533.33%
  36001     3       15.0000    27       12.0000       76.0000   951538  533.33%
  36085     3       21.0000    39       12.0000       76.0000   953811  533.33%
  36164     3       16.0000    29       12.0000       76.0000   955952  533.33%
  36254     3       24.0000    46       12.0000       76.0000   958114  533.33%
Elapsed real time = 1478.20 sec. (tree size =  0.01 MB, solutions = 5)
  36337     3       19.5000    36       12.0000       75.5000   960358  529.17%
  36419     3       19.5000    35       12.0000       75.5000   962524  529.17%
  36496     3       35.5000    69       12.0000       75.5000   964442  529.17%
  36584     3       25.0000    48       12.0000       75.5000   966862  529.17%
  36668     4       13.5000    22       12.0000       75.0000   969127  525.00%
  36758     4       21.5000    39       12.0000       75.0000   971150  525.00%
  36846     4       13.5000    22       12.0000       75.0000   973280  525.00%
  36939     4       22.5000    41       12.0000       75.0000   975380  525.00%
  37030     4       21.0000    38       12.0000       75.0000   977428  525.00%
  37109     4       23.0000    42       12.0000       75.0000   979739  525.00%
Elapsed real time = 1513.51 sec. (tree size =  0.01 MB, solutions = 5)
  37196     2        cutoff             12.0000       75.0000   982020  525.00%
  37285     3       23.5000    44       12.0000       74.5000   984939  520.83%
  37377     3       43.5000    85       12.0000       74.5000   986916  520.83%
  37462     3       20.5000    38       12.0000       74.5000   989031  520.83%
  37539     3       37.0000    72       12.0000       74.5000   990735  520.83%
  37626     3       28.0000    54       12.0000       74.5000   993060  520.83%
  37716     4       13.5000    22       12.0000       74.0000   995620  516.67%
  37805     4       22.5000    41       12.0000       74.0000   998063  516.67%
  37885     4       21.5000    39       12.0000       74.0000  1000131  516.67%
  37968     4       19.5000    35       12.0000       74.0000  1002652  516.67%
Elapsed real time = 1549.42 sec. (tree size =  0.01 MB, solutions = 5)
  38044     2        cutoff             12.0000       74.0000  1005267  516.67%
  38130     2       18.0000    34       12.0000       74.0000  1008151  516.67%
  38217     3       16.5000    30       12.0000       73.5000  1010684  512.50%
  38298     4       14.0000    23       12.0000       73.5000  1012770  512.50%
  38394     3       20.5000    37       12.0000       73.5000  1015095  512.50%
  38483     4       23.0000    42       12.0000       73.5000  1017156  512.50%
  38565     3       19.0000    35       12.0000       73.5000  1019556  512.50%
  38654     3       16.0000    29       12.0000       73.0000  1022532  508.33%
  38738     4       15.0000    25       12.0000       73.0000  1024605  508.33%
  38823     3       15.5000    28       12.0000       73.0000  1026677  508.33%
Elapsed real time = 1585.14 sec. (tree size =  0.01 MB, solutions = 5)
  38897     3       16.5000    30       12.0000       73.0000  1028625  508.33%
  38983     3       28.5000    55       12.0000       73.0000  1031094  508.33%
  39075     4       23.0000    42       12.0000       72.5000  1034009  504.17%
  39173     4       23.5000    43       12.0000       72.5000  1036333  504.17%
  39263     3       20.0000    37       12.0000       72.5000  1038669  504.17%
  39342     3       21.5000    40       12.0000       72.5000  1041021  504.17%
  39431     3       24.0000    46       12.0000       72.5000  1043557  504.17%
  39513     3       15.5000    28       12.0000       72.0000  1045884  500.00%
  39594     3       17.5000    32       12.0000       72.0000  1048419  500.00%
  39682     3       20.5000    38       12.0000       71.5000  1050838  495.83%
Elapsed real time = 1620.83 sec. (tree size =  0.01 MB, solutions = 5)
  39774     3       21.5000    40       12.0000       71.5000  1053399  495.83%
  39855     3       18.0000    33       12.0000       71.5000  1055421  495.83%
  39933     3       19.0000    35       12.0000       71.5000  1057683  495.83%
  40023     3       21.5000    41       12.0000       71.5000  1060500  495.83%
  40108     3       20.5000    38       12.0000       71.0000  1062762  491.67%
  40208     4       22.0000    40       12.0000       71.0000  1065411  491.67%
  40294     4       15.0000    25       12.0000       71.0000  1067684  491.67%
  40382     4       21.0000    38       12.0000       71.0000  1069976  491.67%
  40465     4       21.5000    39       12.0000       71.0000  1071951  491.67%
  40549     3       16.0000    29       12.0000       71.0000  1074339  491.67%
Elapsed real time = 1658.84 sec. (tree size =  0.01 MB, solutions = 5)
  40633     3       15.5000    28       12.0000       71.0000  1077290  491.67%
  40719     4       26.0000    48       12.0000       70.5000  1079658  487.50%
  40810     3       38.0000    74       12.0000       70.5000  1082113  487.50%
  40888     3       20.5000    38       12.0000       70.5000  1084180  487.50%
  40971     3       23.0000    44       12.0000       70.5000  1086839  487.50%
  41051     3       21.0000    39       12.0000       70.0000  1089345  483.33%
  41137     3       19.0000    35       12.0000       70.0000  1091822  483.33%
  41214     4       23.5000    43       12.0000       70.0000  1094045  483.33%
  41300     3       15.0000    27       12.0000       70.0000  1096386  483.33%
  41382     3       15.5000    28       12.0000       70.0000  1099142  483.33%
Elapsed real time = 1702.82 sec. (tree size =  0.01 MB, solutions = 5)
  41458     3       18.5000    33       12.0000       69.5000  1101486  479.17%
  41532     3       20.5000    37       12.0000       69.5000  1103345  479.17%
  41612     3       22.5000    43       12.0000       69.5000  1105852  479.17%
  41694     3       19.0000    35       12.0000       69.0000  1108694  475.00%
  41780     3       21.5000    39       12.0000       69.0000  1111109  475.00%
  41859     3       16.0000    29       12.0000       69.0000  1113744  475.00%
  41947     4       23.0000    42       12.0000       68.5000  1116459  470.83%
  42027     3       21.0000    39       12.0000       68.5000  1118704  470.83%
  42116     3       42.0000    82       12.0000       68.0000  1121641  466.67%
  42207     3       21.5000    40       12.0000       68.0000  1124109  466.67%
Elapsed real time = 1747.00 sec. (tree size =  0.01 MB, solutions = 5)
  42286     3       22.5000    42       12.0000       68.0000  1126014  466.67%
  42362     3       32.0000    62       12.0000       68.0000  1128065  466.67%
  42450     3       13.5000    24       12.0000       68.0000  1130893  466.67%
  42539     4       22.0000    40       12.0000       67.5000  1133477  462.50%
  42630     3       20.5000    38       12.0000       67.5000  1135865  462.50%
  42709     3       33.0000    64       12.0000       67.5000  1138020  462.50%
  42798     3       23.0000    44       12.0000       67.5000  1140954  462.50%
  42877     3       27.7500    55       12.0000       67.0000  1143755  458.33%
  42963     3       33.0000    64       12.0000       67.0000  1146361  458.33%
  43049     2       21.0000    40       12.0000       67.0000  1149470  458.33%
Elapsed real time = 1793.94 sec. (tree size =  0.01 MB, solutions = 5)
  43134     3       15.5000    28       12.0000       66.5000  1152559  454.17%
  43219     3       17.5000    32       12.0000       66.0000  1155131  450.00%
  43297     3       19.0000    35       12.0000       66.0000  1157561  450.00%
  43384     3       38.0000    74       12.0000       65.5000  1160403  445.83%
  43464     3       15.5000    28       12.0000       65.5000  1163127  445.83%
  43559     3       20.0000    37       12.0000       65.0000  1165923  441.67%
  43636     3       21.0000    39       12.0000       65.0000  1167955  441.67%
  43718     3       15.0000    27       12.0000       65.0000  1170222  441.67%
  43801     3       36.0000    70       12.0000       64.5000  1173051  437.50%
  43884     3       27.0000    52       12.0000       64.5000  1175956  437.50%
Elapsed real time = 1841.46 sec. (tree size =  0.01 MB, solutions = 5)
  43968     3       19.5000    36       12.0000       64.0000  1178662  433.33%
  44050     3       22.0000    41       12.0000       64.0000  1180731  433.33%
  44128     3       17.0000    31       12.0000       64.0000  1182979  433.33%
  44215     3       34.0000    66       12.0000       64.0000  1185719  433.33%
  44306     2       20.5000    40       12.0000       64.0000  1188774  433.33%
  44388     3       30.0000    58       12.0000       63.5000  1191749  429.17%
  44478     4       24.5000    45       12.0000       63.0000  1194844  425.00%
  44566     4       24.2500    46       12.0000       63.0000  1196981  425.00%
  44649     3       16.0000    29       12.0000       63.0000  1198830  425.00%
  44730     3       16.0000    29       12.0000       63.0000  1201181  425.00%
Elapsed real time = 1890.25 sec. (tree size =  0.01 MB, solutions = 5)
  44808     3       24.0000    46       12.0000       63.0000  1203711  425.00%
  44890     3       17.0000    31       12.0000       62.5000  1206626  420.83%
  44974     3       13.5000    24       12.0000       62.5000  1209461  420.83%
  45055     4       21.0000    38       12.0000       62.0000  1211908  416.67%
  45143     3       17.0000    31       12.0000       62.0000  1214715  416.67%
  45231     3       19.0000    35       12.0000       61.5000  1217585  412.50%
  45325     4       25.0000    46       12.0000       61.5000  1220061  412.50%
  45410     3       20.0000    36       12.0000       61.5000  1222156  412.50%
  45492     3       20.0000    37       12.0000       61.5000  1224262  412.50%
  45577     3       20.0000    37       12.0000       61.5000  1226823  412.50%
Elapsed real time = 1939.49 sec. (tree size =  0.01 MB, solutions = 5)
  45665     2       19.0000    37       12.0000       61.5000  1229467  412.50%
  45743     3       19.0000    35       12.0000       61.0000  1231879  408.33%
  45830     2       18.0000    35       12.0000       61.0000  1234674  408.33%
  45907     3       18.0000    33       12.0000       60.5000  1237124  404.17%
  45991     4       23.7500    45       12.0000       60.0000  1239557  400.00%
  46072     3       13.5000    24       12.0000       60.0000  1241867  400.00%
  46155     3       23.0000    44       12.0000       60.0000  1244589  400.00%
  46241     4       23.5000    43       12.0000       59.5000  1247818  395.83%
  46325     3       28.0000    54       12.0000       59.5000  1250559  395.83%
  46412     3       15.5000    28       12.0000       59.0000  1253772  391.67%
Elapsed real time = 1987.86 sec. (tree size =  0.01 MB, solutions = 5)
  46493     3       28.0000    54       12.0000       59.0000  1256359  391.67%
  46576     3       34.0000    66       12.0000       58.5000  1258556  387.50%
  46659     3       13.5000    27       12.0000       58.5000  1261046  387.50%
  46742     3       27.5000    53       12.0000       58.0000  1263727  383.33%
  46828     4       21.5000    39       12.0000       57.5000  1266529  379.17%
  46910     3       15.5000    28       12.0000       57.5000  1268622  379.17%
  46988     3       27.0000    52       12.0000       57.5000  1271345  379.17%
  47071     3       17.5000    32       12.0000       57.0000  1274515  375.00%
  47157     2       57.0000   114       12.0000       56.5000  1277169  370.83%
  47234     3       16.0000    29       12.0000       56.5000  1279493  370.83%
Elapsed real time = 2035.76 sec. (tree size =  0.01 MB, solutions = 5)
  47322     3       19.0000    35       12.0000       56.0000  1282365  366.67%
  47403     3       13.5000    24       12.0000       56.0000  1285128  366.67%
  47488     3       14.0000    25       12.0000       55.5000  1287613  362.50%
  47581     3       19.0000    36       12.0000       55.5000  1290575  362.50%
  47661     3       17.5000    32       12.0000       55.0000  1293415  358.33%
  47745     2       13.0000    22       12.0000       55.0000  1296081  358.33%
  47830     3       19.5000    36       12.0000       54.5000  1299188  354.17%
  47915     3       14.5000    26       12.0000       54.5000  1302064  354.17%
  48000     3       15.0000    27       12.0000       54.0000  1305159  350.00%
  48085     3       25.5000    49       12.0000       53.5000  1308100  345.83%
Elapsed real time = 2083.81 sec. (tree size =  0.01 MB, solutions = 5)
  48167     3       27.0000    52       12.0000       53.0000  1310859  341.67%
  48254     3       23.0000    44       12.0000       52.5000  1314104  337.50%
  48346     3       21.0000    40       12.0000       52.0000  1317176  333.33%
  48432     3       20.0000    38       12.0000       52.0000  1320011  333.33%
  48519     3       30.0000    58       12.0000       51.0000  1322535  325.00%
  48607     3       16.0000    29       12.0000       51.0000  1325866  325.00%
  48692     3       15.5000    28       12.0000       51.0000  1328853  325.00%
  48780     2       16.5000    32       12.0000       51.0000  1331373  325.00%
  48870     3       31.0000    60       12.0000       50.5000  1334244  320.83%
  48962     3       26.5000    51       12.0000       50.0000  1337324  316.67%
Elapsed real time = 2131.12 sec. (tree size =  0.01 MB, solutions = 5)
  49050     3       22.5000    43       12.0000       49.5000  1340606  312.50%
  49133     3       25.0000    48       12.0000       49.0000  1343641  308.33%
  49223     3       23.5000    45       12.0000       48.5000  1346627  304.17%
  49312     2       16.0000    31       12.0000       48.0000  1349579  300.00%
  49408     3       20.5000    39       12.0000       47.0000  1352690  291.67%
  49495     3       23.0000    44       12.0000       46.0000  1355544  283.33%
  49581     2       13.5000    26       12.0000       45.5000  1357935  279.17%
  49674     3       26.0000    50       12.0000       44.5000  1360740  270.83%
  49767     3       21.5000    41       12.0000       44.0000  1363922  266.67%
  49853     3       23.5000    45       12.0000       43.0000  1366479  258.33%
Elapsed real time = 2179.73 sec. (tree size =  0.01 MB, solutions = 5)
  49944     3       26.0000    50       12.0000       42.5000  1369268  254.17%
  50033     3       14.0000    25       12.0000       42.0000  1372102  250.00%
  50122     3       21.5000    41       12.0000       41.0000  1374707  241.67%
  50208     3       22.5000    43       12.0000       40.0000  1377257  233.33%
  50290     2       20.5000    40       12.0000       39.5000  1379548  229.17%
  50369     2       13.0000    25       12.0000       38.0000  1382261  216.67%
  50463     3       24.0000    46       12.0000       36.5000  1385045  204.17%
  50545     3       24.5000    47       12.0000       35.5000  1387556  195.83%
  50626     3       14.5000    26       12.0000       33.5000  1390409  179.17%
  50714     2       16.0000    31       12.0000       31.5000  1393455  162.50%
Elapsed real time = 2228.77 sec. (tree size =  0.01 MB, solutions = 5)
  50793     2       24.0000    48       12.0000       23.5000  1396104   95.83%

User cuts applied:  38

Root node processing (before b&c):
  Real time             =    0.41
Sequential b&c:
  Real time             = 2236.12
                          -------
Total (root+branch&cut) = 2236.53 sec.
Datos de la resolucion: 	12	2236.53
